1. Combos 15m


PS C:\Users\Emmanuel\Documents\vp_swing> python bt_portfolio.py 5ers --tf 15m -r 0.5 -c 100000 --cost-r 0.05 --weekly

====================================================================================================
  BACKTEST 5ers -- $100,000 -- hebdo -- COST -0.05R/trade
====================================================================================================

  Loading XAUUSD [15m]... 23755 bars, 314 days
  ----------------------------------------------------------------------------------------------------
  XAUUSD [15m] -- 2 strats @ 0.50%
  Trades: 429  PF: 1.20  WR: 55%  DD: -4.2%  Rend: +24%  M+: 8/13
  Duree avg: 7.1h  Multi-day (>=24h): 30 (7.0%)  Weekend cross: 20 (4.7%)

                   Strat     n    WR     PF        PnL
           IDX_TREND_DAY   125   51%  1.26 $   +9,705
            ALL_BB_TIGHT   304   57%  1.18 $  +13,889

      Mois        PnL
   2025-05 $   +1,749
   2025-06 $   +5,440
   2025-07 $      -27
   2025-08 $     -151
   2025-09 $     +619
   2025-10 $   +4,452
   2025-11 $   +2,272
   2025-12 $   +1,436
   2026-01 $   +9,494
   2026-02 $   +1,526
   2026-03 $     -107
   2026-04 $   -2,457
   2026-05 $     -652

  Loading DAX40 [15m]... 23140 bars, 305 days
  ----------------------------------------------------------------------------------------------------
  DAX40 [15m] -- 3 strats @ 0.50%
  Trades: 717  PF: 1.15  WR: 70%  DD: -4.7%  Rend: +15%  M+: 10/12
  Duree avg: 1.8h  Multi-day (>=24h): 1 (0.1%)  Weekend cross: 1 (0.1%)

                   Strat     n    WR     PF        PnL
              ALL_MOM_10   285   67%  1.17 $   +4,946
             ALL_FIB_618   158   56%  1.13 $   +5,036
          ALL_ELDER_BULL   274   81%  1.17 $   +4,895

      Mois        PnL
   2025-05 $     +655
   2025-06 $     -323
   2025-07 $   +3,073
   2025-08 $   -1,266
   2025-09 $   +1,324
   2025-10 $   +3,592
   2025-11 $   +1,461
   2025-12 $     +352
   2026-01 $   +2,784
   2026-02 $     +591
   2026-03 $     +548
   2026-04 $   +2,087

  Loading SP500 [15m]... 23633 bars, 314 days
  ----------------------------------------------------------------------------------------------------
  SP500 [15m] -- 6 strats @ 0.50%
  Trades: 1,389  PF: 1.14  WR: 63%  DD: -8.2%  Rend: +39%  M+: 10/13
  Duree avg: 3.5h  Multi-day (>=24h): 14 (1.0%)  Weekend cross: 4 (0.3%)

                   Strat     n    WR     PF        PnL
                TOK_TRIX   176   74%  1.18 $   +3,629
        ALL_MACD_STD_SIG   282   57%  1.20 $  +14,532
        ALL_PIVOT_BOUNCE   257   67%  0.93 $   -2,115
            ALL_MACD_ADX   277   51%  1.15 $  +12,364
             ALL_MTF_BRK   300   62%  1.07 $   +5,143
                TOK_2BAR    97   88%  1.74 $   +5,196

      Mois        PnL
   2025-05 $   +1,387
   2025-06 $   +2,978
   2025-07 $   +2,437
   2025-08 $     -631
   2025-09 $   -3,192
   2025-10 $  +10,541
   2025-11 $     -303
   2025-12 $   +4,413
   2026-01 $   +3,790
   2026-02 $   +5,035
   2026-03 $   +9,245
   2026-04 $   +2,567
   2026-05 $     +484

  Loading NAS100 [15m]... 23643 bars, 314 days
  ----------------------------------------------------------------------------------------------------
  NAS100 [15m] -- 5 strats @ 0.50%
  Trades: 1,031  PF: 1.24  WR: 73%  DD: -8.3%  Rend: +42%  M+: 10/13
  Duree avg: 4.4h  Multi-day (>=24h): 12 (1.2%)  Weekend cross: 6 (0.6%)

                   Strat     n    WR     PF        PnL
         ALL_AROON_CROSS   276   82%  1.22 $   +6,927
            ALL_LR_BREAK   278   70%  1.29 $  +16,032
        ALL_MACD_STD_SIG   284   57%  1.18 $  +14,038
               ALL_MSTAR   106   87%  1.63 $   +5,347
                TOK_2BAR    87   87%  1.00 $      +10

      Mois        PnL
   2025-05 $   +1,845
   2025-06 $   +4,136
   2025-07 $   +7,420
   2025-08 $      +61
   2025-09 $   -3,615
   2025-10 $   +7,036
   2025-11 $     -414
   2025-12 $   +7,504
   2026-01 $   +7,510
   2026-02 $  +11,868
   2026-03 $     +508
   2026-04 $   -2,142
   2026-05 $     +638

  Loading US30 [15m]... 23636 bars, 314 days
  ----------------------------------------------------------------------------------------------------
  US30 [15m] -- 3 strats @ 0.50%
  Trades: 702  PF: 1.28  WR: 67%  DD: -4.4%  Rend: +42%  M+: 9/13
  Duree avg: 2.6h  Multi-day (>=24h): 0 (0.0%)  Weekend cross: 0 (0.0%)

                   Strat     n    WR     PF        PnL
            ALL_ADX_FAST   280   81%  1.14 $   +4,555
                 TOK_NR4   257   50%  1.36 $  +29,692
                TOK_TRIX   165   68%  1.23 $   +7,285

      Mois        PnL
   2025-05 $   +4,246
   2025-06 $   -1,539
   2025-07 $   +5,110
   2025-08 $   +3,372
   2025-09 $     -555
   2025-10 $  +12,876
   2025-11 $     +221
   2025-12 $   +6,503
   2026-01 $   +3,465
   2026-02 $     -366
   2026-03 $   +7,489
   2026-04 $   +1,636
   2026-05 $     -926

  Loading UK100 [15m]... 23019 bars, 301 days
  ----------------------------------------------------------------------------------------------------
  UK100 [15m] -- 1 strats @ 0.50%
  Trades: 167  PF: 1.18  WR: 81%  DD: -2.2%  Rend: +3%  M+: 8/13
  Duree avg: 2.3h  Multi-day (>=24h): 0 (0.0%)  Weekend cross: 0 (0.0%)

                   Strat     n    WR     PF        PnL
                TOK_TRIX   167   81%  1.18 $   +2,967

      Mois        PnL
   2025-05 $     -446
   2025-06 $   -1,343
   2025-07 $   +1,440
   2025-08 $      -22
   2025-09 $     +646
   2025-10 $     +120
   2025-11 $      -22
   2025-12 $     +365
   2026-01 $     +252
   2026-02 $     +264
   2026-03 $   +1,735
   2026-04 $     +521
   2026-05 $     -543

  Loading JPN225 [15m]... 23642 bars, 314 days
  ----------------------------------------------------------------------------------------------------
  JPN225 [15m] -- 3 strats @ 0.50%
  Trades: 764  PF: 1.16  WR: 65%  DD: -6.5%  Rend: +25%  M+: 9/13
  Duree avg: 4.6h  Multi-day (>=24h): 15 (2.0%)  Weekend cross: 5 (0.7%)

                   Strat     n    WR     PF        PnL
           ALL_3SOLDIERS   258   77%  1.20 $   +6,777
            ALL_FVG_BULL   284   61%  1.14 $   +9,135
                 TOK_BIG   222   56%  1.16 $   +9,073

      Mois        PnL
   2025-05 $   +4,004
   2025-06 $   +3,677
   2025-07 $   +1,611
   2025-08 $   +3,045
   2025-09 $   -5,150
   2025-10 $   +7,595
   2025-11 $   -1,351
   2025-12 $   -2,413
   2026-01 $   +2,362
   2026-02 $   +7,887
   2026-03 $   -2,623
   2026-04 $   +5,857
   2026-05 $     +482

  Loading XAGUSD [15m]... 23724 bars, 313 days
  ----------------------------------------------------------------------------------------------------
  XAGUSD [15m] -- 4 strats @ 0.50%
  Trades: 1,081  PF: 1.18  WR: 78%  DD: -5.8%  Rend: +25%  M+: 10/13
  Duree avg: 1.5h  Multi-day (>=24h): 1 (0.1%)  Weekend cross: 0 (0.0%)

                   Strat     n    WR     PF        PnL
              ALL_KC_BRK   288   76%  1.28 $  +11,577
            ALL_FVG_BULL   276   73%  1.13 $   +5,971
               TOK_STOCH   237   81%  1.17 $   +3,951
            ALL_STOCH_OB   280   81%  1.13 $   +3,675

      Mois        PnL
   2025-05 $   +2,314
   2025-06 $   +5,994
   2025-07 $     -165
   2025-08 $   +2,384
   2025-09 $      +99
   2025-10 $   +1,423
   2025-11 $   +3,686
   2025-12 $     -287
   2026-01 $   +3,924
   2026-02 $   +2,338
   2026-03 $     +801
   2026-04 $   +2,985
   2026-05 $     -323

====================================================================================================
  AGREGE -- 8 (sym,tf) units -- $100,000
====================================================================================================

+------------+--------+------+-----+------+----------+---------+----------+---------+---------+---------+
| Semaine    | Trades | Wins |  WR |   PF |      PnL |  Rend P |  Capital |    Rend |      DD |   MaxDD |
+------------+--------+------+-----+------+----------+---------+----------+---------+---------+---------+
| 2025-05-05 |    123 |   77 | 63% | 0.93 |  $-1,547 |  -1.55% |  $98,453 |   -1.5% |  -7.13% |  -7.13% |
| 2025-05-12 |    117 |   83 | 71% | 1.45 |  $+8,044 |  +8.17% | $106,496 |   +6.5% |  -5.60% |  -7.13% |
| 2025-05-19 |    126 |   86 | 68% | 1.03 |    $+611 |  +0.57% | $107,108 |   +7.1% |  -4.74% |  -7.13% |
| 2025-05-26 |    123 |   89 | 72% | 1.49 |  $+9,325 |  +8.71% | $116,432 |  +16.4% |  -3.15% |  -7.13% |
| 2025-06-02 |    114 |   79 | 69% | 1.32 |  $+6,464 |  +5.55% | $122,896 |  +22.9% |  -4.14% |  -7.13% |
| 2025-06-09 |    128 |   96 | 75% | 1.71 | $+15,240 | +12.40% | $138,136 |  +38.1% |  -2.62% |  -7.13% |
| 2025-06-16 |    123 |   79 | 64% | 0.98 |    $-520 |  -0.38% | $137,616 |  +37.6% |  -5.94% |  -7.13% |
| 2025-06-23 |    121 |   77 | 64% | 1.03 |    $+988 |  +0.72% | $138,604 |  +38.6% | -11.92% | -11.92% |
| 2025-06-30 |    122 |   84 | 69% | 1.15 |  $+4,332 |  +3.13% | $142,936 |  +42.9% |  -7.74% | -11.92% |
| 2025-07-07 |    127 |   86 | 68% | 1.19 |  $+5,570 |  +3.90% | $148,506 |  +48.5% | -10.00% | -11.92% |
| 2025-07-14 |    123 |   87 | 71% | 1.23 |  $+6,194 |  +4.17% | $154,700 |  +54.7% |  -3.69% | -11.92% |
| 2025-07-21 |    124 |   80 | 65% | 0.85 |  $-5,167 |  -3.34% | $149,533 |  +49.5% |  -9.14% | -11.92% |
| 2025-07-28 |    118 |   90 | 76% | 2.05 | $+21,202 | +14.18% | $170,735 |  +70.7% |  -4.95% | -11.92% |
| 2025-08-04 |    113 |   74 | 65% | 1.01 |    $+261 |  +0.15% | $170,996 |  +71.0% |  -5.00% | -11.92% |
| 2025-08-11 |    119 |   80 | 67% | 1.10 |  $+3,624 |  +2.12% | $174,620 |  +74.6% |  -4.19% | -11.92% |
| 2025-08-18 |    129 |   84 | 65% | 1.07 |  $+2,705 |  +1.55% | $177,325 |  +77.3% |  -4.57% | -11.92% |
| 2025-08-25 |    127 |   84 | 66% | 1.06 |  $+2,549 |  +1.44% | $179,874 |  +79.9% |  -5.05% | -11.92% |
| 2025-09-01 |    130 |   80 | 62% | 0.86 |  $-6,187 |  -3.44% | $173,687 |  +73.7% |  -7.85% | -11.92% |
| 2025-09-08 |    118 |   70 | 59% | 0.74 |  $-9,993 |  -5.75% | $163,695 |  +63.7% | -12.52% | -12.52% |
| 2025-09-15 |    117 |   82 | 70% | 1.48 | $+13,623 |  +8.32% | $177,318 |  +77.3% | -11.44% | -12.52% |
| 2025-09-22 |    129 |   73 | 57% | 0.67 | $-15,971 |  -9.01% | $161,347 |  +61.3% | -14.08% | -14.08% |
| 2025-09-29 |    118 |   94 | 80% | 2.22 | $+25,656 | +15.90% | $187,003 |  +87.0% | -12.27% | -14.08% |
| 2025-10-06 |    124 |   88 | 71% | 1.37 | $+11,837 |  +6.33% | $198,840 |  +98.8% |  -2.86% | -14.08% |
| 2025-10-13 |    119 |   83 | 70% | 1.29 | $+11,068 |  +5.57% | $209,908 | +109.9% |  -3.69% | -14.08% |
| 2025-10-20 |    120 |   88 | 73% | 1.39 | $+15,643 |  +7.45% | $225,551 | +125.6% |  -3.22% | -14.08% |
| 2025-10-27 |    127 |   92 | 72% | 1.69 | $+25,542 | +11.32% | $251,093 | +151.1% |  -3.45% | -14.08% |
| 2025-11-03 |    124 |   88 | 71% | 1.15 |  $+6,949 |  +2.77% | $258,042 | +158.0% |  -4.67% | -14.08% |
| 2025-11-10 |    118 |   78 | 66% | 0.96 |  $-1,886 |  -0.73% | $256,156 | +156.2% |  -5.73% | -14.08% |
| 2025-11-17 |    123 |   74 | 60% | 0.90 |  $-5,735 |  -2.24% | $250,421 | +150.4% |  -6.94% | -14.08% |
| 2025-11-24 |    115 |   81 | 70% | 1.27 | $+11,228 |  +4.48% | $261,649 | +161.6% |  -8.89% | -14.08% |
| 2025-12-01 |    121 |   89 | 74% | 1.45 | $+20,100 |  +7.68% | $281,750 | +181.7% |  -3.60% | -14.08% |
| 2025-12-08 |    112 |   79 | 71% | 1.29 | $+13,663 |  +4.85% | $295,413 | +195.4% |  -6.81% | -14.08% |
| 2025-12-15 |    113 |   78 | 69% | 1.16 |  $+7,835 |  +2.65% | $303,248 | +203.2% |  -3.30% | -14.08% |
| 2025-12-22 |    100 |   68 | 68% | 1.26 | $+11,950 |  +3.94% | $315,198 | +215.2% |  -3.60% | -14.08% |
| 2025-12-29 |    113 |   76 | 67% | 1.08 |  $+4,828 |  +1.53% | $320,026 | +220.0% |  -4.60% | -14.08% |
| 2026-01-05 |    127 |   89 | 70% | 1.43 | $+23,405 |  +7.31% | $343,431 | +243.4% |  -3.73% | -14.08% |
| 2026-01-12 |    125 |   92 | 74% | 1.58 | $+31,933 |  +9.30% | $375,363 | +275.4% |  -3.21% | -14.08% |
| 2026-01-19 |    117 |   80 | 68% | 1.17 | $+11,766 |  +3.13% | $387,129 | +287.1% |  -8.04% | -14.08% |
| 2026-01-26 |    123 |   85 | 69% | 1.08 |  $+5,889 |  +1.52% | $393,018 | +293.0% |  -6.15% | -14.08% |
| 2026-02-02 |    126 |  103 | 82% | 2.46 | $+70,672 | +17.98% | $463,691 | +363.7% |  -6.26% | -14.08% |
| 2026-02-09 |    112 |   78 | 70% | 1.21 | $+15,952 |  +3.44% | $479,642 | +379.6% |  -2.74% | -14.08% |
| 2026-02-16 |    130 |   88 | 68% | 1.09 |  $+9,487 |  +1.98% | $489,130 | +389.1% |  -7.39% | -14.08% |
| 2026-02-23 |    124 |   86 | 69% | 1.20 | $+18,779 |  +3.84% | $507,908 | +407.9% |  -3.98% | -14.08% |
| 2026-03-02 |    118 |   69 | 58% | 0.81 | $-23,767 |  -4.68% | $484,141 | +384.1% |  -6.57% | -14.08% |
| 2026-03-09 |    119 |   86 | 72% | 1.22 | $+19,240 |  +3.97% | $503,381 | +403.4% |  -6.91% | -14.08% |
| 2026-03-16 |    124 |   82 | 66% | 1.11 | $+11,954 |  +2.37% | $515,335 | +415.3% | -10.30% | -14.08% |
| 2026-03-23 |    125 |   86 | 69% | 1.13 | $+13,375 |  +2.60% | $528,710 | +428.7% |  -6.57% | -14.08% |
| 2026-03-30 |    108 |   78 | 72% | 1.64 | $+53,028 | +10.03% | $581,738 | +481.7% |  -2.98% | -14.08% |
| 2026-04-06 |    126 |   90 | 71% | 1.39 | $+41,792 |  +7.18% | $623,530 | +523.5% |  -3.42% | -14.08% |
| 2026-04-13 |    116 |   85 | 73% | 1.49 | $+51,369 |  +8.24% | $674,899 | +574.9% |  -3.14% | -14.08% |
| 2026-04-20 |    122 |   73 | 60% | 0.72 | $-45,713 |  -6.77% | $629,187 | +529.2% | -11.25% | -14.08% |
| 2026-04-27 |    120 |   78 | 65% | 0.95 |  $-7,028 |  -1.12% | $622,159 | +522.2% | -10.91% | -14.08% |
+------------+--------+------+-----+------+----------+---------+----------+---------+---------+---------+

  TOTAL: Trades 6,280  WR 69%  PF 1.18  MaxDD -14.08%  Rend +522.2%
  Duree avg: 3.3h  Multi-day (>=24h): 73 (1.2%)  Weekend cross (non-crypto): 36/6280 (0.6%)
  Semaine+ 41/52  Semaine- 11/52
  $100,000 -> $622,159

  BREAKDOWN par (sym, tf):
  Sym               TF      n   WR    PF          PnL
  DAX40            15m    717  70% 1.16      +28.6R
  JPN225           15m    764  65% 1.17      +46.4R
  NAS100           15m   1031  73% 1.24      +72.3R
  SP500            15m   1389  63% 1.14      +69.3R
  UK100            15m    167  81% 1.18       +6.0R
  US30             15m    702  67% 1.29      +71.0R
  XAGUSD           15m   1081  78% 1.19      +46.1R
  XAUUSD           15m    429  55% 1.21      +43.5R

====================================================================================================


2. TF 1h find winners


PS C:\Users\Emmanuel\Documents\vp_swing> python bt_portfolio.py 5ers --tf 1h -r 0.5 -c 100000 --cost-r 0.05 --weekly

====================================================================================================
  BACKTEST 5ers -- $100,000 -- hebdo -- COST -0.05R/trade
====================================================================================================

  Loading XAUUSD [1h]... 5941 bars, 314 days
  ----------------------------------------------------------------------------------------------------
  XAUUSD [1h] -- 3 strats @ 0.50%
  Trades: 730  PF: 1.20  WR: 53%  DD: -8.3%  Rend: +46%  M+: 12/13
  Duree avg: 34.3h  Multi-day (>=24h): 296 (40.5%)  Weekend cross: 117 (16.0%)

                   Strat     n    WR     PF        PnL
           ALL_HMA_CROSS   266   52%  1.31 $  +26,664
                 ALL_NR4   258   51%  1.12 $  +10,497
                ALL_TRIX   206   56%  1.14 $   +8,748

      Mois        PnL
   2025-05 $   +8,720
   2025-06 $   +1,257
   2025-07 $   +6,156
   2025-08 $   +7,404
   2025-09 $   +1,646
   2025-10 $   +4,751
   2025-11 $   +1,381
   2025-12 $   +5,465
   2026-01 $   +1,460
   2026-02 $   +3,605
   2026-03 $   +9,796
   2026-04 $   -7,592
   2026-05 $   +1,860

  Loading DAX40 [1h]... 5806 bars, 305 days
  ----------------------------------------------------------------------------------------------------
  DAX40 [1h] -- 5 strats @ 0.50%
  Trades: 661  PF: 1.23  WR: 59%  DD: -6.6%  Rend: +39%  M+: 7/12
  Duree avg: 18.8h  Multi-day (>=24h): 143 (21.6%)  Weekend cross: 68 (10.3%)

                   Strat     n    WR     PF        PnL
           ALL_MACD_HIST   247   53%  1.23 $  +16,627
                 BOS_FVG   189   57%  1.17 $   +8,734
         IDX_VWAP_BOUNCE    71   66%  1.15 $   +2,405
               TOK_STOCH    80   66%  1.47 $   +7,593
                TOK_TRIX    74   70%  1.25 $   +3,352

      Mois        PnL
   2025-05 $     -830
   2025-06 $   -1,237
   2025-07 $   +7,248
   2025-08 $      -93
   2025-09 $   -4,153
   2025-10 $  +14,508
   2025-11 $   +5,556
   2025-12 $   +4,498
   2026-01 $   +3,817
   2026-02 $     -156
   2026-03 $   +3,275
   2026-04 $   +6,279

  Loading SP500 [1h]... 5917 bars, 314 days
  ----------------------------------------------------------------------------------------------------
  SP500 [1h] -- 7 strats @ 0.50%
  Trades: 1,418  PF: 1.21  WR: 56%  DD: -11.7%  Rend: +86%  M+: 12/13
  Duree avg: 10.2h  Multi-day (>=24h): 112 (7.9%)  Weekend cross: 42 (3.0%)

                   Strat     n    WR     PF        PnL
            ALL_FVG_BULL   183   57%  1.10 $   +6,075
              ALL_HAMMER   236   54%  1.27 $  +11,180
           ALL_MACD_HIST   260   52%  1.29 $  +26,171
        ALL_PIVOT_BOUNCE   245   56%  1.22 $  +15,601
           ALL_STOCH_RSI   263   57%  1.18 $  +14,714
           IDX_3SOLDIERS   170   53%  1.14 $   +8,372
               TOK_STOCH    61   75%  1.37 $   +3,774

      Mois        PnL
   2025-05 $   +2,647
   2025-06 $  +11,716
   2025-07 $   -1,524
   2025-08 $   +3,633
   2025-09 $   +1,959
   2025-10 $   +5,012
   2025-11 $   +3,633
   2025-12 $  +20,542
   2026-01 $   +6,016
   2026-02 $  +18,781
   2026-03 $   +8,970
   2026-04 $   +3,997
   2026-05 $     +507

  Loading NAS100 [1h]... 5919 bars, 314 days
  ----------------------------------------------------------------------------------------------------
  NAS100 [1h] -- 1 strats @ 0.50%
  Trades: 68  PF: 1.28  WR: 54%  DD: -2.5%  Rend: +5%  M+: 7/12
  Duree avg: 8.9h  Multi-day (>=24h): 2 (2.9%)  Weekend cross: 1 (1.5%)

                   Strat     n    WR     PF        PnL
               TOK_STOCH    68   54%  1.28 $   +4,721

      Mois        PnL
   2025-05 $     -432
   2025-06 $     -857
   2025-07 $   +1,232
   2025-08 $   +1,153
   2025-09 $     -484
   2025-10 $   +1,794
   2025-11 $     -682
   2025-12 $     +681
   2026-01 $      +96
   2026-02 $      +96
   2026-03 $     -347
   2026-04 $   +2,470

  Loading US30 [1h]... 5918 bars, 314 days
  ----------------------------------------------------------------------------------------------------
  US30 [1h] -- 5 strats @ 0.50%
  Trades: 1,052  PF: 1.18  WR: 59%  DD: -6.7%  Rend: +51%  M+: 10/13
  Duree avg: 13.0h  Multi-day (>=24h): 126 (12.0%)  Weekend cross: 42 (4.0%)

                   Strat     n    WR     PF        PnL
            ALL_MACD_ADX   191   56%  1.13 $   +6,962
              ALL_MOM_10   249   56%  1.12 $   +8,786
           ALL_STOCH_RSI   257   54%  1.29 $  +21,829
           IDX_3SOLDIERS   178   55%  1.13 $   +6,475
                 TOK_NR4   177   79%  1.30 $   +6,885

      Mois        PnL
   2025-05 $   +1,325
   2025-06 $   -2,730
   2025-07 $   +9,483
   2025-08 $   +3,622
   2025-09 $   +5,289
   2025-10 $   +5,040
   2025-11 $   -1,990
   2025-12 $  +10,607
   2026-01 $     +725
   2026-02 $   +7,827
   2026-03 $  +14,039
   2026-04 $   -2,308
   2026-05 $       +6

  Loading UK100 [1h]... 5789 bars, 301 days
  ----------------------------------------------------------------------------------------------------
  UK100 [1h] -- 3 strats @ 0.50%
  Trades: 667  PF: 1.25  WR: 60%  DD: -10.6%  Rend: +45%  M+: 11/13
  Duree avg: 13.6h  Multi-day (>=24h): 78 (11.7%)  Weekend cross: 32 (4.8%)

                   Strat     n    WR     PF        PnL
               ALL_CMO_9   225   65%  1.30 $  +15,911
              ALL_HAMMER   231   51%  1.25 $  +18,860
           AVWAP_RECLAIM   211   63%  1.20 $  +10,132

      Mois        PnL
   2025-05 $   +4,754
   2025-06 $   +4,265
   2025-07 $  +14,797
   2025-08 $   +2,626
   2025-09 $   -2,850
   2025-10 $   -4,784
   2025-11 $   +1,142
   2025-12 $  +11,683
   2026-01 $   +2,926
   2026-02 $   +1,416
   2026-03 $   +2,079
   2026-04 $   +6,420
   2026-05 $     +431

  Loading JPN225 [1h]... 5915 bars, 314 days
  ----------------------------------------------------------------------------------------------------
  JPN225 [1h] -- 5 strats @ 0.50%
  Trades: 890  PF: 1.22  WR: 58%  DD: -6.1%  Rend: +53%  M+: 11/13
  Duree avg: 14.9h  Multi-day (>=24h): 130 (14.6%)  Weekend cross: 53 (6.0%)

                   Strat     n    WR     PF        PnL
             ALL_EMA_821   172   68%  1.33 $  +11,010
             ALL_EMA_921   169   67%  1.20 $   +7,281
            ALL_FVG_BULL   187   54%  1.28 $  +15,517
              ALL_MOM_10   258   50%  1.09 $   +7,844
               TOK_STOCH   104   52%  1.35 $  +11,316

      Mois        PnL
   2025-05 $   +5,572
   2025-06 $   +6,757
   2025-07 $   -2,089
   2025-08 $   +3,095
   2025-09 $     +771
   2025-10 $   +8,788
   2025-11 $   +8,505
   2025-12 $     -855
   2026-01 $   +4,619
   2026-02 $   +9,942
   2026-03 $   +5,646
   2026-04 $   +1,525
   2026-05 $     +693

  Loading XAGUSD [1h]... 5934 bars, 313 days
  ----------------------------------------------------------------------------------------------------
  XAGUSD [1h] -- 5 strats @ 0.50%
  Trades: 1,161  PF: 1.24  WR: 56%  DD: -14.6%  Rend: +94%  M+: 11/13
  Duree avg: 24.2h  Multi-day (>=24h): 321 (27.6%)  Weekend cross: 119 (10.2%)

                   Strat     n    WR     PF        PnL
                ALL_DC10   259   56%  1.09 $   +7,829
            ALL_DC10_EMA   259   56%  1.09 $   +8,304
            ALL_FVG_BULL   185   52%  1.69 $  +46,038
              ALL_KC_BRK   209   59%  1.29 $  +18,642
             ALL_MTF_BRK   249   57%  1.16 $  +12,909

      Mois        PnL
   2025-05 $   -2,717
   2025-06 $   +7,269
   2025-07 $   +4,465
   2025-08 $     +720
   2025-09 $  +14,762
   2025-10 $   +8,643
   2025-11 $   +7,864
   2025-12 $  +12,369
   2026-01 $  +45,892
   2026-02 $  +15,760
   2026-03 $   +6,415
   2026-04 $  -28,171
   2026-05 $     +450

====================================================================================================
  AGREGE -- 8 (sym,tf) units -- $100,000
====================================================================================================

+------------+--------+------+-----+------+-----------+---------+------------+----------+---------+---------+
| Semaine    | Trades | Wins |  WR |   PF |       PnL |  Rend P |    Capital |     Rend |      DD |   MaxDD |
+------------+--------+------+-----+------+-----------+---------+------------+----------+---------+---------+
| 2025-05-12 |     78 |   40 | 51% | 0.99 |     $-282 |  -0.28% |    $99,718 |    -0.3% |  -4.84% |  -4.84% |
| 2025-05-19 |    148 |   88 | 59% | 1.34 |  $+11,160 | +11.19% |   $110,877 |   +10.9% |  -6.52% |  -6.52% |
| 2025-05-26 |    128 |   72 | 56% | 1.19 |   $+6,434 |  +5.80% |   $117,312 |   +17.3% |  -4.24% |  -6.52% |
| 2025-06-02 |    136 |   84 | 62% | 1.47 |  $+15,458 | +13.18% |   $132,769 |   +32.8% |  -6.55% |  -6.55% |
| 2025-06-09 |    149 |   84 | 56% | 1.15 |   $+6,742 |  +5.08% |   $139,512 |   +39.5% |  -6.84% |  -6.84% |
| 2025-06-16 |    140 |   79 | 56% | 1.14 |   $+6,487 |  +4.65% |   $145,999 |   +46.0% |  -6.55% |  -6.84% |
| 2025-06-23 |    131 |   70 | 53% | 1.03 |   $+1,439 |  +0.99% |   $147,438 |   +47.4% |  -7.63% |  -7.63% |
| 2025-06-30 |    134 |   85 | 63% | 1.71 |  $+25,742 | +17.46% |   $173,180 |   +73.2% |  -7.76% |  -7.76% |
| 2025-07-07 |    147 |   81 | 55% | 1.14 |   $+8,097 |  +4.68% |   $181,277 |   +81.3% |  -4.93% |  -7.76% |
| 2025-07-14 |    125 |   72 | 58% | 1.24 |  $+11,981 |  +6.61% |   $193,259 |   +93.3% |  -5.14% |  -7.76% |
| 2025-07-21 |    136 |   76 | 56% | 1.17 |  $+10,516 |  +5.44% |   $203,775 |  +103.8% |  -7.64% |  -7.76% |
| 2025-07-28 |    123 |   68 | 55% | 1.19 |  $+11,311 |  +5.55% |   $215,085 |  +115.1% |  -6.52% |  -7.76% |
| 2025-08-04 |    133 |   84 | 63% | 1.53 |  $+32,266 | +15.00% |   $247,351 |  +147.4% |  -4.83% |  -7.76% |
| 2025-08-11 |    133 |   73 | 55% | 1.15 |  $+11,630 |  +4.70% |   $258,981 |  +159.0% |  -6.03% |  -7.76% |
| 2025-08-18 |    126 |   66 | 52% | 1.00 |     $-331 |  -0.13% |   $258,649 |  +158.6% |  -6.12% |  -7.76% |
| 2025-08-25 |    135 |   75 | 56% | 1.14 |  $+11,074 |  +4.28% |   $269,724 |  +169.7% |  -5.17% |  -7.76% |
| 2025-09-01 |    138 |   65 | 47% | 0.87 |  $-13,026 |  -4.83% |   $256,698 |  +156.7% | -12.08% | -12.08% |
| 2025-09-08 |    111 |   69 | 62% | 1.54 |  $+29,973 | +11.68% |   $286,671 |  +186.7% | -10.21% | -12.08% |
| 2025-09-15 |    133 |   76 | 57% | 1.22 |  $+19,089 |  +6.66% |   $305,760 |  +205.8% |  -3.69% | -12.08% |
| 2025-09-22 |    143 |   76 | 53% | 1.04 |   $+4,842 |  +1.58% |   $310,602 |  +210.6% |  -7.64% | -12.08% |
| 2025-09-29 |    120 |   61 | 51% | 1.00 |      $-54 |  -0.02% |   $310,548 |  +210.5% |  -8.78% | -12.08% |
| 2025-10-06 |    128 |   74 | 58% | 1.25 |  $+22,756 |  +7.33% |   $333,304 |  +233.3% |  -8.32% | -12.08% |
| 2025-10-13 |    140 |   93 | 66% | 1.78 |  $+71,940 | +21.58% |   $405,244 |  +305.2% |  -2.79% | -12.08% |
| 2025-10-20 |    108 |   54 | 50% | 0.90 |  $-11,346 |  -2.80% |   $393,897 |  +293.9% |  -9.85% | -12.08% |
| 2025-10-27 |    130 |   76 | 58% | 1.30 |  $+33,662 |  +8.55% |   $427,560 |  +327.6% |  -9.22% | -12.08% |
| 2025-11-03 |    135 |   71 | 53% | 1.00 |     $-402 |  -0.09% |   $427,158 |  +327.2% |  -7.24% | -12.08% |
| 2025-11-10 |    148 |   83 | 56% | 1.18 |  $+28,834 |  +6.75% |   $455,992 |  +356.0% |  -5.60% | -12.08% |
| 2025-11-17 |    119 |   61 | 51% | 0.95 |   $-6,567 |  -1.44% |   $449,424 |  +349.4% |  -6.10% | -12.08% |
| 2025-11-24 |    137 |   83 | 61% | 1.41 |  $+56,737 | +12.62% |   $506,161 |  +406.2% |  -5.59% | -12.08% |
| 2025-12-01 |    134 |   81 | 60% | 1.37 |  $+55,530 | +10.97% |   $561,691 |  +461.7% |  -4.08% | -12.08% |
| 2025-12-08 |    146 |   86 | 59% | 1.37 |  $+65,934 | +11.74% |   $627,625 |  +527.6% |  -3.58% | -12.08% |
| 2025-12-15 |    124 |   76 | 61% | 1.50 |  $+77,755 | +12.39% |   $705,380 |  +605.4% |  -6.23% | -12.08% |
| 2025-12-22 |    112 |   73 | 65% | 1.72 | $+113,816 | +16.14% |   $819,196 |  +719.2% |  -4.06% | -12.08% |
| 2025-12-29 |    109 |   67 | 61% | 1.42 |  $+76,602 |  +9.35% |   $895,798 |  +795.8% |  -3.05% | -12.08% |
| 2026-01-05 |    145 |   90 | 62% | 1.57 | $+154,051 | +17.20% | $1,049,850 |  +949.8% |  -4.09% | -12.08% |
| 2026-01-12 |    133 |   78 | 59% | 1.21 |  $+73,810 |  +7.03% | $1,123,660 | +1023.7% |  -8.15% | -12.08% |
| 2026-01-19 |    134 |   71 | 53% | 1.08 |  $+29,915 |  +2.66% | $1,153,575 | +1053.6% | -14.91% | -14.91% |
| 2026-01-26 |    123 |   75 | 61% | 1.54 | $+155,918 | +13.52% | $1,309,493 | +1209.5% |  -4.89% | -14.91% |
| 2026-02-02 |    132 |   83 | 63% | 1.61 | $+204,735 | +15.63% | $1,514,228 | +1414.2% |  -7.09% | -14.91% |
| 2026-02-09 |    119 |   71 | 60% | 1.30 | $+118,717 |  +7.84% | $1,632,945 | +1532.9% |  -4.62% | -14.91% |
| 2026-02-16 |    139 |   83 | 60% | 1.38 | $+181,663 | +11.12% | $1,814,609 | +1714.6% |  -6.75% | -14.91% |
| 2026-02-23 |    142 |   75 | 53% | 1.04 |  $+28,892 |  +1.59% | $1,843,501 | +1743.5% |  -6.24% | -14.91% |
| 2026-03-02 |    120 |   65 | 54% | 1.01 |   $+6,867 |  +0.37% | $1,850,367 | +1750.4% |  -7.40% | -14.91% |
| 2026-03-09 |    145 |   76 | 52% | 0.99 |   $-3,713 |  -0.20% | $1,846,654 | +1746.7% |  -8.91% | -14.91% |
| 2026-03-16 |    137 |   80 | 58% | 1.30 | $+170,330 |  +9.22% | $2,016,984 | +1917.0% |  -9.70% | -14.91% |
| 2026-03-23 |    118 |   66 | 56% | 1.16 |  $+88,934 |  +4.41% | $2,105,918 | +2005.9% |  -6.63% | -14.91% |
| 2026-03-30 |    122 |   76 | 62% | 1.53 | $+295,334 | +14.02% | $2,401,252 | +2301.3% |  -5.20% | -14.91% |
| 2026-04-06 |    117 |   55 | 47% | 0.68 | $-283,325 | -11.80% | $2,117,927 | +2017.9% | -13.89% | -14.91% |
| 2026-04-13 |    146 |   81 | 55% | 1.19 | $+136,213 |  +6.43% | $2,254,140 | +2154.1% | -17.58% | -17.58% |
| 2026-04-20 |    120 |   67 | 56% | 1.08 |  $+50,275 |  +2.23% | $2,304,416 | +2204.4% | -10.95% | -17.58% |
| 2026-04-27 |    138 |   78 | 57% | 1.18 | $+119,753 |  +5.20% | $2,424,169 | +2324.2% | -10.50% | -17.58% |
+------------+--------+------+-----+------+-----------+---------+------------+----------+---------+---------+

  TOTAL: Trades 6,647  WR 57%  PF 1.19  MaxDD -17.58%  Rend +2324.2%
  Duree avg: 17.5h  Multi-day (>=24h): 1208 (18.2%)  Weekend cross (non-crypto): 474/6647 (7.1%)
  Semaine+ 42/51  Semaine- 9/51
  $100,000 -> $2,424,169

  BREAKDOWN par (sym, tf):
  Sym               TF      n   WR    PF          PnL
  DAX40             1h    661  59% 1.23      +67.1R
  JPN225            1h    890  58% 1.23      +88.6R
  NAS100            1h     68  54% 1.28       +9.4R
  SP500             1h   1418  56% 1.21     +128.9R
  UK100             1h    667  60% 1.27      +76.5R
  US30              1h   1052  59% 1.19      +84.8R
  XAGUSD            1h   1161  56% 1.27     +145.4R
  XAUUSD            1h    730  53% 1.22      +77.8R

====================================================================================================