1. Avec recherche de combos (avant)

PS C:\Users\Emmanuel\Documents\vp_swing> python bt_portfolio.py pepperstone --tf 15m -r 0.5 -c 200 --cost-r 0.05 --weekly

====================================================================================================
  BACKTEST pepperstone — $200 — hebdo — COST -0.05R/trade
====================================================================================================

  Loading GBPUSD... 24871 bars, 315 days
  ----------------------------------------------------------------------------------------------------
  GBPUSD — 1 strats @ 0.50%
  Trades: 299  PF: 1.13  WR: 86%  DD: -2.9%  Rend: +3%  M+: 7/12
  Duree avg: 1.4h  Multi-day (>=24h): 0 (0.0%)  Weekend cross: 0 (0.0%)

                   Strat     n    WR     PF        PnL
          ALL_ELDER_BULL   299   86%  1.13 $       +6

      Mois        PnL
   2025-05 $       +1
   2025-06 $       -1
   2025-07 $       +0
   2025-08 $       -1
   2025-09 $       +0
   2025-10 $       +4
   2025-11 $       -0
   2025-12 $       +1
   2026-01 $       +2
   2026-02 $       -0
   2026-03 $       +1
   2026-04 $       -2

  Loading AUDUSD... 24872 bars, 315 days
  ----------------------------------------------------------------------------------------------------
  AUDUSD — 3 strats @ 0.50%
  Trades: 898  PF: 1.16  WR: 62%  DD: -6.8%  Rend: +25%  M+: 9/13
  Duree avg: 2.2h  Multi-day (>=24h): 7 (0.8%)  Weekend cross: 2 (0.2%)

                   Strat     n    WR     PF        PnL
           ALL_MACD_HIST   310   68%  1.36 $      +34
            ALL_FVG_BULL   291   65%  1.06 $       +4
               ALL_CMO_9   297   55%  1.08 $      +13

      Mois        PnL
   2025-04 $       -0
   2025-05 $       -0
   2025-06 $       -2
   2025-07 $      +10
   2025-08 $       +1
   2025-09 $       +8
   2025-10 $       +1
   2025-11 $       +2
   2025-12 $       +3
   2026-01 $      +15
   2026-02 $      +16
   2026-03 $       -8
   2026-04 $       +4

  Loading USDCAD... 24872 bars, 315 days
  ----------------------------------------------------------------------------------------------------
  USDCAD — 4 strats @ 0.50%
  Trades: 1,008  PF: 1.19  WR: 74%  DD: -5.9%  Rend: +28%  M+: 9/12
  Duree avg: 1.6h  Multi-day (>=24h): 3 (0.3%)  Weekend cross: 2 (0.2%)

                   Strat     n    WR     PF        PnL
         ALL_STOCH_PIVOT   220   88%  1.43 $      +13
            IDX_GAP_CONT   244   62%  1.21 $      +23
          ALL_ELDER_BEAR   293   72%  1.11 $      +10
               TOK_STOCH   251   76%  1.18 $      +11

      Mois        PnL
   2025-05 $       +7
   2025-06 $       -4
   2025-07 $       +2
   2025-08 $       +1
   2025-09 $      +13
   2025-10 $       +6
   2025-11 $       +9
   2025-12 $       +2
   2026-01 $       +7
   2026-02 $       -0
   2026-03 $      +15
   2026-04 $       -0

  Loading USDCHF... 24867 bars, 315 days
  ----------------------------------------------------------------------------------------------------
  USDCHF — 5 strats @ 0.50%
  Trades: 1,068  PF: 1.15  WR: 65%  DD: -6.4%  Rend: +31%  M+: 11/12
  Duree avg: 2.1h  Multi-day (>=24h): 3 (0.3%)  Weekend cross: 0 (0.0%)

                   Strat     n    WR     PF        PnL
              IDX_BB_REV   303   68%  1.16 $      +11
                 TOK_NR4   258   55%  1.14 $      +19
             ALL_FIB_618   161   93%  1.39 $       +6
         ALL_RSI_EXTREME   154   49%  1.15 $      +14
                TOK_TRIX   192   61%  1.12 $      +11

      Mois        PnL
   2025-05 $       +1
   2025-06 $      +10
   2025-07 $       +2
   2025-08 $       +4
   2025-09 $       +1
   2025-10 $       +6
   2025-11 $       +7
   2025-12 $      +11
   2026-01 $      +12
   2026-02 $      -12
   2026-03 $       +6
   2026-04 $      +13

  Loading USDJPY... 24861 bars, 315 days
  ----------------------------------------------------------------------------------------------------
  USDJPY — 2 strats @ 0.50%
  Trades: 362  PF: 1.16  WR: 59%  DD: -4.4%  Rend: +13%  M+: 10/12
  Duree avg: 5.3h  Multi-day (>=24h): 11 (3.0%)  Weekend cross: 4 (1.1%)

                   Strat     n    WR     PF        PnL
               ALL_MSTAR    80   70%  1.37 $      +10
              ALL_ENGULF   282   55%  1.12 $      +16

      Mois        PnL
   2025-05 $       -2
   2025-06 $       +3
   2025-07 $       +4
   2025-08 $       +0
   2025-09 $       +6
   2025-10 $       +2
   2025-11 $       +7
   2025-12 $       -4
   2026-01 $       +0
   2026-02 $       +2
   2026-03 $       +2
   2026-04 $       +6

  Loading NAS100... 23625 bars, 315 days
  ----------------------------------------------------------------------------------------------------
  NAS100 — 10 strats @ 0.50%
  Trades: 2,465  PF: 1.19  WR: 67%  DD: -10.3%  Rend: +125%  M+: 10/12
  Duree avg: 2.5h  Multi-day (>=24h): 10 (0.4%)  Weekend cross: 5 (0.2%)

                   Strat     n    WR     PF        PnL
         ALL_AROON_CROSS   276   71%  1.32 $      +22
            ALL_DC10_EMA   303   49%  1.26 $      +73
             ALL_EMA_821   275   54%  1.28 $      +63
            ALL_MACD_RSI   276   61%  1.14 $      +26
            ALL_LR_BREAK   275   91%  1.03 $       +2
             ALL_EMA_921   276   70%  1.17 $      +14
             ALL_ICHI_TK   210   86%  1.17 $       +9
                 TOK_NR4   257   70%  1.06 $       +8
                TOK_2BAR    82   76%  1.06 $       +2
            IDX_GAP_CONT   235   56%  1.17 $      +31

      Mois        PnL
   2025-05 $      +42
   2025-06 $      +20
   2025-07 $      +23
   2025-08 $       +6
   2025-09 $      -14
   2025-10 $      +29
   2025-11 $      +34
   2025-12 $      +33
   2026-01 $      +33
   2026-02 $      +46
   2026-03 $      -13
   2026-04 $      +10

  Loading US500... 23625 bars, 315 days
  ----------------------------------------------------------------------------------------------------
  US500 — 3 strats @ 0.50%
  Trades: 694  PF: 1.25  WR: 75%  DD: -6.0%  Rend: +26%  M+: 8/12
  Duree avg: 2.8h  Multi-day (>=24h): 3 (0.4%)  Weekend cross: 0 (0.0%)

                   Strat     n    WR     PF        PnL
        ALL_MACD_STD_SIG   284   64%  1.30 $      +36
               ALL_MSTAR   130   84%  1.32 $       +8
                 BOS_FVG   280   81%  1.11 $       +7

      Mois        PnL
   2025-05 $       +8
   2025-06 $       +2
   2025-07 $       -1
   2025-08 $       -1
   2025-09 $       +2
   2025-10 $      +16
   2025-11 $       -4
   2025-12 $       +9
   2026-01 $       +8
   2026-02 $       +7
   2026-03 $       +7
   2026-04 $       -2

  Loading US30... 23624 bars, 315 days
  ----------------------------------------------------------------------------------------------------
  US30 — 5 strats @ 0.50%
  Trades: 1,246  PF: 1.21  WR: 69%  DD: -8.2%  Rend: +38%  M+: 9/12
  Duree avg: 3.6h  Multi-day (>=24h): 4 (0.3%)  Weekend cross: 0 (0.0%)

                   Strat     n    WR     PF        PnL
         ALL_CMO_14_ZERO   286   65%  1.16 $      +10
                 ALL_NR4   301   65%  1.27 $      +36
               ALL_MSTAR   118   72%  1.10 $       +4
              ALL_MOM_14   286   65%  1.16 $      +10
                 TOK_NR4   255   83%  1.26 $      +15

      Mois        PnL
   2025-05 $       +8
   2025-06 $       -5
   2025-07 $       +9
   2025-08 $      +17
   2025-09 $       -2
   2025-10 $      +22
   2025-11 $       +9
   2025-12 $      +17
   2026-01 $       +5
   2026-02 $       +0
   2026-03 $      +11
   2026-04 $      -16

  Loading US2000... 23623 bars, 315 days
  ----------------------------------------------------------------------------------------------------
  US2000 — 2 strats @ 0.50%
  Trades: 535  PF: 1.06  WR: 77%  DD: -4.5%  Rend: +4%  M+: 7/12
  Duree avg: 2.6h  Multi-day (>=24h): 0 (0.0%)  Weekend cross: 0 (0.0%)

                   Strat     n    WR     PF        PnL
            ALL_LR_BREAK   277   78%  1.09 $       +6
                 TOK_NR4   258   76%  1.04 $       +3

      Mois        PnL
   2025-05 $       +3
   2025-06 $       -0
   2025-07 $       +2
   2025-08 $       +1
   2025-09 $       +6
   2025-10 $       -0
   2025-11 $       -0
   2025-12 $       +2
   2026-01 $       +2
   2026-02 $       +0
   2026-03 $       -1
   2026-04 $       -5

  Loading JPN225... 23622 bars, 315 days
  ----------------------------------------------------------------------------------------------------
  JPN225 — 2 strats @ 0.50%
  Trades: 534  PF: 1.13  WR: 66%  DD: -5.1%  Rend: +14%  M+: 7/12
  Duree avg: 2.2h  Multi-day (>=24h): 4 (0.7%)  Weekend cross: 3 (0.6%)

                   Strat     n    WR     PF        PnL
              ALL_ENGULF   250   52%  1.16 $      +22
           IDX_3SOLDIERS   284   79%  1.08 $       +5

      Mois        PnL
   2025-05 $       +6
   2025-06 $       -4
   2025-07 $      +10
   2025-08 $       +6
   2025-09 $       -2
   2025-10 $       +6
   2025-11 $       +4
   2025-12 $       +3
   2026-01 $       -3
   2026-02 $       -0
   2026-03 $       +6
   2026-04 $       -4

  Loading AUS200... 21395 bars, 309 days
  ----------------------------------------------------------------------------------------------------
  AUS200 — 5 strats @ 0.50%
  Trades: 1,077  PF: 1.30  WR: 69%  DD: -4.8%  Rend: +68%  M+: 12/12
  Duree avg: 2.6h  Multi-day (>=24h): 7 (0.6%)  Weekend cross: 6 (0.6%)

                   Strat     n    WR     PF        PnL
                TOK_2BAR   131   62%  1.41 $      +28
              ALL_DPO_14   286   72%  1.35 $      +38
               ALL_MSTAR   115   61%  1.34 $      +22
        ALL_PIVOT_BOUNCE   262   57%  1.22 $      +33
              ALL_MOM_10   283   84%  1.25 $      +15

      Mois        PnL
   2025-05 $       +9
   2025-06 $      +12
   2025-07 $      +10
   2025-08 $      +10
   2025-09 $      +10
   2025-10 $      +11
   2025-11 $       +2
   2025-12 $       +5
   2026-01 $      +10
   2026-02 $      +13
   2026-03 $      +15
   2026-04 $      +29

  Loading CHINAH... 13965 bars, 251 days
  ----------------------------------------------------------------------------------------------------
  CHINAH — 3 strats @ 0.50%
  Trades: 424  PF: 1.26  WR: 73%  DD: -4.8%  Rend: +15%  M+: 11/12
  Duree avg: 5.8h  Multi-day (>=24h): 23 (5.4%)  Weekend cross: 17 (4.0%)

                   Strat     n    WR     PF        PnL
         IDX_VWAP_BOUNCE    82   74%  1.54 $      +14
          ALL_KB_SQUEEZE    97   59%  1.26 $      +11
            ALL_STOCH_OB   245   79%  1.11 $       +6

      Mois        PnL
   2025-05 $       +0
   2025-06 $       -5
   2025-07 $       +1
   2025-08 $       +3
   2025-09 $       +1
   2025-10 $       +2
   2025-11 $       +4
   2025-12 $       +2
   2026-01 $       +6
   2026-02 $       +4
   2026-03 $       +6
   2026-04 $       +6

  Loading HK50... 15553 bars, 247 days
  ----------------------------------------------------------------------------------------------------
  HK50 — 3 strats @ 0.50%
  Trades: 441  PF: 1.30  WR: 65%  DD: -4.7%  Rend: +29%  M+: 9/12
  Duree avg: 6.1h  Multi-day (>=24h): 28 (6.3%)  Weekend cross: 25 (5.7%)

                   Strat     n    WR     PF        PnL
         IDX_VWAP_BOUNCE   107   53%  1.48 $      +35
           IDX_3SOLDIERS   238   68%  1.10 $       +9
          ALL_KB_SQUEEZE    96   71%  1.57 $      +14

      Mois        PnL
   2025-05 $       +1
   2025-06 $      +13
   2025-07 $      +10
   2025-08 $       -6
   2025-09 $       +6
   2025-10 $      +17
   2025-11 $       +8
   2025-12 $       -3
   2026-01 $       +7
   2026-02 $       +4
   2026-03 $       +5
   2026-04 $       -4

  Loading GER40... 20421 bars, 273 days
  ----------------------------------------------------------------------------------------------------
  GER40 — 7 strats @ 0.50%
  Trades: 1,811  PF: 1.11  WR: 68%  DD: -11.2%  Rend: +34%  M+: 8/12
  Duree avg: 3.7h  Multi-day (>=24h): 20 (1.1%)  Weekend cross: 12 (0.7%)

                   Strat     n    WR     PF        PnL
              TOK_FISHER   251   71%  1.31 $      +12
             ALL_EMA_513   259   61%  1.19 $      +22
            ALL_FISHER_9   265   71%  1.29 $      +12
           ALL_MACD_HIST   256   78%  0.95 $       -4
           ALL_HMA_CROSS   268   53%  1.03 $       +4
            ALL_LR_BREAK   253   78%  0.99 $       -1
      ALL_MACD_FAST_ZERO   259   61%  1.19 $      +22

      Mois        PnL
   2025-05 $       -6
   2025-06 $      +10
   2025-07 $       -5
   2025-08 $       +3
   2025-09 $       -6
   2025-10 $      +19
   2025-11 $      +11
   2025-12 $      +11
   2026-01 $       +5
   2026-02 $      +14
   2026-03 $      +20
   2026-04 $       -8

  Loading EUSTX50... 20300 bars, 273 days
  ----------------------------------------------------------------------------------------------------
  EUSTX50 — 8 strats @ 0.50%
  Trades: 1,795  PF: 1.18  WR: 69%  DD: -9.5%  Rend: +49%  M+: 8/12
  Duree avg: 2.3h  Multi-day (>=24h): 10 (0.6%)  Weekend cross: 4 (0.2%)

                   Strat     n    WR     PF        PnL
            ALL_PSAR_EMA   175   59%  1.29 $      +19
             ALL_ICHI_TK   176   62%  1.21 $      +17
        ALL_PIVOT_BOUNCE   223   61%  1.17 $      +18
            ALL_FISHER_9   265   69%  1.08 $       +4
           ALL_MACD_HIST   259   71%  1.12 $       +6
              ALL_KC_BRK   260   73%  1.12 $      +11
          ALL_SUPERTREND   182   59%  1.27 $      +19
            ALL_DOJI_REV   255   91%  1.10 $       +3

      Mois        PnL
   2025-05 $       -1
   2025-06 $       -0
   2025-07 $      +15
   2025-08 $      +19
   2025-09 $      -10
   2025-10 $      +15
   2025-11 $       -4
   2025-12 $       +1
   2026-01 $      +20
   2026-02 $      +21
   2026-03 $       +1
   2026-04 $      +20

  Loading UK100... 20191 bars, 254 days
  ----------------------------------------------------------------------------------------------------
  UK100 — 4 strats @ 0.50%
  Trades: 842  PF: 1.16  WR: 81%  DD: -4.3%  Rend: +13%  M+: 9/12
  Duree avg: 2.2h  Multi-day (>=24h): 2 (0.2%)  Weekend cross: 2 (0.2%)

                   Strat     n    WR     PF        PnL
            ALL_DOJI_REV   252   77%  1.25 $      +14
                 TOK_NR4   249   84%  1.02 $       +1
              ALL_CMO_14   241   78%  1.17 $       +8
               ALL_MSTAR   100   91%  1.20 $       +2

      Mois        PnL
   2025-05 $       +4
   2025-06 $       -4
   2025-07 $       +6
   2025-08 $       +0
   2025-09 $       +7
   2025-10 $       -1
   2025-11 $       +2
   2025-12 $       +2
   2026-01 $       -4
   2026-02 $       +6
   2026-03 $       +4
   2026-04 $       +2

  Loading SCI25... 20685 bars, 280 days
  ----------------------------------------------------------------------------------------------------
  SCI25 — 1 strats @ 0.50%
  Trades: 158  PF: 1.33  WR: 68%  DD: -3.0%  Rend: +6%  M+: 7/12
  Duree avg: 2.7h  Multi-day (>=24h): 3 (1.9%)  Weekend cross: 2 (1.3%)

                   Strat     n    WR     PF        PnL
             IDX_PREV_HL   158   68%  1.33 $      +12

      Mois        PnL
   2025-05 $       -0
   2025-06 $       +1
   2025-07 $       +1
   2025-08 $       +0
   2025-09 $       +8
   2025-10 $       -1
   2025-11 $       -3
   2025-12 $       +3
   2026-01 $       -0
   2026-02 $       +5
   2026-03 $       +1
   2026-04 $       -2

  Loading FRA40... 14211 bars, 255 days
  ----------------------------------------------------------------------------------------------------
  FRA40 — 1 strats @ 0.50%
  Trades: 247  PF: 1.17  WR: 57%  DD: -6.7%  Rend: +10%  M+: 9/12
  Duree avg: 5.2h  Multi-day (>=24h): 10 (4.0%)  Weekend cross: 5 (2.0%)

                   Strat     n    WR     PF        PnL
            ALL_STOCH_OB   247   57%  1.17 $      +20

      Mois        PnL
   2025-05 $       +3
   2025-06 $       -0
   2025-07 $       +6
   2025-08 $       -3
   2025-09 $       +1
   2025-10 $       -6
   2025-11 $       +3
   2025-12 $       +5
   2026-01 $       +7
   2026-02 $       +3
   2026-03 $       +1
   2026-04 $       +0

  Loading NETH25... 14208 bars, 255 days
  ----------------------------------------------------------------------------------------------------
  NETH25 — 1 strats @ 0.50%
  Trades: 252  PF: 1.22  WR: 60%  DD: -4.6%  Rend: +6%  M+: 8/12
  Duree avg: 1.2h  Multi-day (>=24h): 0 (0.0%)  Weekend cross: 0 (0.0%)

                   Strat     n    WR     PF        PnL
            ALL_FISHER_9   252   60%  1.22 $      +13

      Mois        PnL
   2025-05 $       -2
   2025-06 $       +3
   2025-07 $       +1
   2025-08 $       -1
   2025-09 $       +1
   2025-10 $       +6
   2025-11 $       +5
   2025-12 $       -0
   2026-01 $       +5
   2026-02 $       +2
   2026-03 $       -8
   2026-04 $       +2

  Loading SPA35... 12166 bars, 256 days
  ----------------------------------------------------------------------------------------------------
  SPA35 — 3 strats @ 0.50%
  Trades: 624  PF: 1.14  WR: 60%  DD: -6.9%  Rend: +21%  M+: 10/12
  Duree avg: 3.8h  Multi-day (>=24h): 18 (2.9%)  Weekend cross: 10 (1.6%)

                   Strat     n    WR     PF        PnL
             ALL_CCI_100   251   56%  1.13 $      +17
            ALL_PSAR_EMA   130   55%  1.12 $       +8
          ALL_ELDER_BULL   243   67%  1.17 $      +17

      Mois        PnL
   2025-05 $       +0
   2025-06 $       +5
   2025-07 $       +4
   2025-08 $      +13
   2025-09 $       +8
   2025-10 $      +11
   2025-11 $      -15
   2025-12 $       +8
   2026-01 $       -3
   2026-02 $       +4
   2026-03 $       +4
   2026-04 $       +2

  Loading SWI20... 14018 bars, 251 days
  ----------------------------------------------------------------------------------------------------
  SWI20 — 2 strats @ 0.50%
  Trades: 492  PF: 1.23  WR: 70%  DD: -5.0%  Rend: +17%  M+: 7/12
  Duree avg: 1.8h  Multi-day (>=24h): 3 (0.6%)  Weekend cross: 2 (0.4%)

                   Strat     n    WR     PF        PnL
                ALL_TRIX   245   76%  1.27 $      +12
               ALL_CMO_9   247   63%  1.22 $      +22

      Mois        PnL
   2025-05 $       +4
   2025-06 $       +8
   2025-07 $       -1
   2025-08 $       -6
   2025-09 $       +4
   2025-10 $       +1
   2025-11 $      +10
   2025-12 $       -4
   2026-01 $       -1
   2026-02 $       -1
   2026-03 $       +6
   2026-04 $      +14

====================================================================================================
  AGREGE — 21 instruments — $200
====================================================================================================

+------------+--------+------+-----+------+---------+---------+---------+-----------+---------+---------+
| Semaine    | Trades | Wins |  WR |   PF |     PnL |  Rend P | Capital |      Rend |      DD |   MaxDD |
+------------+--------+------+-----+------+---------+---------+---------+-----------+---------+---------+
| 2025-04-28 |     94 |   68 | 72% | 1.63 |    $+15 |  +7.49% |    $215 |     +7.5% |  -2.39% |  -2.39% |
| 2025-05-05 |    322 |  207 | 64% | 0.95 |     $-6 |  -2.64% |    $209 |     +4.7% |  -9.68% |  -9.68% |
| 2025-05-12 |    335 |  229 | 68% | 1.20 |    $+22 | +10.43% |    $231 |    +15.6% | -14.21% | -14.21% |
| 2025-05-19 |    341 |  239 | 70% | 1.34 |    $+40 | +17.10% |    $271 |    +35.3% |  -4.96% | -14.21% |
| 2025-05-26 |    334 |  234 | 70% | 1.25 |    $+33 | +12.27% |    $304 |    +51.9% |  -8.41% | -14.21% |
| 2025-06-02 |    334 |  224 | 67% | 1.05 |     $+8 |  +2.61% |    $312 |    +55.9% |  -8.82% | -14.21% |
| 2025-06-09 |    344 |  247 | 72% | 1.43 |    $+71 | +22.71% |    $383 |    +91.3% |  -6.26% | -14.21% |
| 2025-06-16 |    343 |  225 | 66% | 1.00 |     $+1 |  +0.24% |    $384 |    +91.8% |  -8.29% | -14.21% |
| 2025-06-23 |    342 |  227 | 66% | 0.96 |     $-9 |  -2.27% |    $375 |    +87.4% | -11.65% | -14.21% |
| 2025-06-30 |    331 |  241 | 73% | 1.40 |    $+69 | +18.52% |    $444 |   +122.1% |  -9.71% | -14.21% |
| 2025-07-07 |    345 |  232 | 67% | 0.99 |     $-2 |  -0.45% |    $442 |   +121.1% | -11.17% | -14.21% |
| 2025-07-14 |    335 |  226 | 67% | 1.18 |    $+39 |  +8.85% |    $481 |   +140.7% |  -4.90% | -14.21% |
| 2025-07-21 |    345 |  232 | 67% | 1.10 |    $+24 |  +5.02% |    $506 |   +152.8% |  -9.05% | -14.21% |
| 2025-07-28 |    328 |  236 | 72% | 1.47 |   $+113 | +22.38% |    $619 |   +209.3% |  -5.99% | -14.21% |
| 2025-08-04 |    330 |  220 | 67% | 1.11 |    $+33 |  +5.40% |    $652 |   +226.0% |  -8.97% | -14.21% |
| 2025-08-11 |    331 |  222 | 67% | 1.08 |    $+28 |  +4.31% |    $680 |   +240.1% |  -6.62% | -14.21% |
| 2025-08-18 |    344 |  246 | 72% | 1.33 |   $+111 | +16.35% |    $791 |   +295.7% |  -6.93% | -14.21% |
| 2025-08-25 |    330 |  230 | 70% | 1.18 |    $+78 |  +9.83% |    $869 |   +334.6% |  -6.14% | -14.21% |
| 2025-09-01 |    345 |  242 | 70% | 1.30 |   $+138 | +15.84% |  $1,007 |   +403.5% |  -5.84% | -14.21% |
| 2025-09-08 |    327 |  199 | 61% | 0.75 |   $-136 | -13.54% |    $871 |   +335.3% | -18.80% | -18.80% |
| 2025-09-15 |    326 |  235 | 72% | 1.40 |   $+170 | +19.50% |  $1,040 |   +420.1% | -15.01% | -18.80% |
| 2025-09-22 |    346 |  223 | 64% | 0.98 |    $-12 |  -1.17% |  $1,028 |   +414.1% |  -7.30% | -18.80% |
| 2025-09-29 |    337 |  239 | 71% | 1.26 |   $+137 | +13.28% |  $1,165 |   +482.3% |  -6.92% | -18.80% |
| 2025-10-06 |    330 |  223 | 68% | 1.17 |    $+98 |  +8.44% |  $1,263 |   +531.5% |  -5.19% | -18.80% |
| 2025-10-13 |    351 |  262 | 75% | 1.62 |   $+382 | +30.28% |  $1,645 |   +722.7% |  -3.49% | -18.80% |
| 2025-10-20 |    335 |  240 | 72% | 1.30 |   $+244 | +14.84% |  $1,890 |   +844.8% |  -3.63% | -18.80% |
| 2025-10-27 |    326 |  240 | 74% | 1.34 |   $+284 | +15.03% |  $2,174 |   +986.8% |  -5.60% | -18.80% |
| 2025-11-03 |    334 |  236 | 71% | 1.36 |   $+362 | +16.67% |  $2,536 |  +1168.1% |  -4.34% | -18.80% |
| 2025-11-10 |    327 |  232 | 71% | 1.32 |   $+364 | +14.35% |  $2,900 |  +1350.1% |  -6.55% | -18.80% |
| 2025-11-17 |    340 |  234 | 69% | 1.11 |   $+156 |  +5.38% |  $3,056 |  +1428.1% |  -7.16% | -18.80% |
| 2025-11-24 |    350 |  227 | 65% | 1.00 |     $+8 |  +0.25% |  $3,064 |  +1432.0% |  -9.42% | -18.80% |
| 2025-12-01 |    342 |  235 | 69% | 1.22 |   $+323 | +10.55% |  $3,387 |  +1593.5% |  -6.07% | -18.80% |
| 2025-12-08 |    344 |  244 | 71% | 1.27 |   $+441 | +13.01% |  $3,828 |  +1813.9% |  -5.01% | -18.80% |
| 2025-12-15 |    339 |  232 | 68% | 1.26 |   $+485 | +12.68% |  $4,313 |  +2056.6% |  -5.72% | -18.80% |
| 2025-12-22 |    239 |  166 | 69% | 1.13 |   $+200 |  +4.64% |  $4,513 |  +2156.6% |  -5.71% | -18.80% |
| 2025-12-29 |    292 |  205 | 70% | 1.44 |   $+774 | +17.15% |  $5,287 |  +2543.6% |  -5.55% | -18.80% |
| 2026-01-05 |    352 |  238 | 68% | 1.14 |   $+419 |  +7.92% |  $5,706 |  +2752.9% |  -8.28% | -18.80% |
| 2026-01-12 |    347 |  257 | 74% | 1.56 | $+1,536 | +26.92% |  $7,242 |  +3520.9% |  -3.99% | -18.80% |
| 2026-01-19 |    339 |  229 | 68% | 1.04 |   $+141 |  +1.94% |  $7,383 |  +3591.3% | -11.45% | -18.80% |
| 2026-01-26 |    337 |  232 | 69% | 1.09 |   $+333 |  +4.51% |  $7,716 |  +3757.8% |  -5.72% | -18.80% |
| 2026-02-02 |    351 |  248 | 71% | 1.40 | $+1,645 | +21.32% |  $9,361 |  +4580.3% |  -5.42% | -18.80% |
| 2026-02-09 |    328 |  218 | 66% | 1.07 |   $+336 |  +3.59% |  $9,697 |  +4748.4% | -10.15% | -18.80% |
| 2026-02-16 |    351 |  241 | 69% | 1.25 | $+1,236 | +12.75% | $10,933 |  +5366.6% |  -5.25% | -18.80% |
| 2026-02-23 |    345 |  247 | 72% | 1.29 | $+1,654 | +15.13% | $12,587 |  +6193.5% |  -5.20% | -18.80% |
| 2026-03-02 |    337 |  218 | 65% | 1.00 |    $-24 |  -0.19% | $12,563 |  +6181.6% | -10.68% | -18.80% |
| 2026-03-09 |    337 |  235 | 70% | 1.18 | $+1,169 |  +9.30% | $13,732 |  +6766.0% |  -6.64% | -18.80% |
| 2026-03-16 |    328 |  220 | 67% | 1.05 |   $+388 |  +2.83% | $14,120 |  +6960.0% |  -5.40% | -18.80% |
| 2026-03-23 |    337 |  235 | 70% | 1.19 | $+1,334 |  +9.45% | $15,454 |  +7626.9% |  -6.94% | -18.80% |
| 2026-03-30 |    302 |  207 | 69% | 1.33 | $+2,673 | +17.30% | $18,127 |  +8963.6% |  -6.47% | -18.80% |
| 2026-04-06 |    303 |  211 | 70% | 1.20 | $+1,622 |  +8.95% | $19,749 |  +9774.4% |  -7.44% | -18.80% |
| 2026-04-13 |    326 |  218 | 67% | 1.19 | $+1,892 |  +9.58% | $21,640 | +10720.2% |  -5.40% | -18.80% |
| 2026-04-20 |    329 |  207 | 63% | 0.89 | $-1,294 |  -5.98% | $20,346 | +10073.1% | -11.83% | -18.80% |
| 2026-04-27 |    185 |  120 | 65% | 1.18 | $+1,005 |  +4.94% | $21,351 | +10575.6% | -10.92% | -18.80% |
+------------+--------+------+-----+------+---------+---------+---------+-----------+---------+---------+

  TOTAL: Trades 17,272  WR 69%  PF 1.17  MaxDD -18.80%  Rend +10575.6%
  Duree avg: 2.9h  Multi-day (>=24h): 169 (1.0%)  Weekend cross (non-crypto): 101/17272 (0.6%)
  Semaine+ 46/53  Semaine- 7/53
  $200 -> $21,351

====================================================================================================


2. Avec strats WIN individuelles

PS C:\Users\Emmanuel\Documents\vp_swing> python bt_portfolio.py pepperstone --tf 15m -r 0.5 -c 200 --cost-r 0.05 --weekly
====================================================================================================
  BACKTEST pepperstone — $200 — hebdo — COST -0.05R/trade
====================================================================================================

  Loading AUDUSD... 24872 bars, 315 days
  ----------------------------------------------------------------------------------------------------
  AUDUSD — 4 strats @ 0.50%
  Trades: 990  PF: 1.15  WR: 60%  DD: -8.7%  Rend: +37%  M+: 9/12
  Duree avg: 2.0h  Multi-day (>=24h): 6 (0.6%)  Weekend cross: 4 (0.4%)

                   Strat     n    WR     PF        PnL
          ALL_CONSEC_REV   213   66%  1.15 $      +13
              ALL_ENGULF   276   56%  1.16 $      +24
            ALL_FVG_BULL   291   56%  1.14 $      +22
           ALL_PIVOT_BRK   210   62%  1.16 $      +15

      Mois        PnL
   2025-05 $      +10
   2025-06 $       +4
   2025-07 $       +6
   2025-08 $       -3
   2025-09 $       +3
   2025-10 $       +7
   2025-11 $      -12
   2025-12 $      +18
   2026-01 $       -0
   2026-02 $      +26
   2026-03 $      +13
   2026-04 $       +2

  Loading EURUSD... 24872 bars, 315 days
  ----------------------------------------------------------------------------------------------------
  EURUSD — 3 strats @ 0.50%
  Trades: 857  PF: 1.19  WR: 51%  DD: -12.1%  Rend: +51%  M+: 8/12
  Duree avg: 3.0h  Multi-day (>=24h): 5 (0.6%)  Weekend cross: 0 (0.0%)

                   Strat     n    WR     PF        PnL
        ALL_MACD_STD_SIG   294   50%  1.22 $      +42
            ALL_WILLR_14   305   52%  1.20 $      +38
               TOK_WILLR   258   51%  1.14 $      +23

      Mois        PnL
   2025-05 $       -7
   2025-06 $       +6
   2025-07 $      +17
   2025-08 $      +14
   2025-09 $       -7
   2025-10 $      +19
   2025-11 $      +14
   2025-12 $      +22
   2026-01 $       -8
   2026-02 $       -9
   2026-03 $      +40
   2026-04 $       +1

  Loading GBPUSD... 24871 bars, 315 days
  ----------------------------------------------------------------------------------------------------
  GBPUSD — 1 strats @ 0.50%
  Trades: 299  PF: 1.24  WR: 74%  DD: -5.1%  Rend: +10%  M+: 8/12
  Duree avg: 2.5h  Multi-day (>=24h): 1 (0.3%)  Weekend cross: 1 (0.3%)

                   Strat     n    WR     PF        PnL
          ALL_ELDER_BULL   299   74%  1.24 $      +20

      Mois        PnL
   2025-05 $       +4
   2025-06 $       +1
   2025-07 $       +2
   2025-08 $       -2
   2025-09 $       -3
   2025-10 $       +1
   2025-11 $       -2
   2025-12 $       +4
   2026-01 $       +6
   2026-02 $       +3
   2026-03 $       +7
   2026-04 $       -0

  Loading USDCAD... 24872 bars, 315 days
  ----------------------------------------------------------------------------------------------------
  USDCAD — 7 strats @ 0.50%
  Trades: 1,824  PF: 1.20  WR: 63%  DD: -11.9%  Rend: +97%  M+: 8/12
  Duree avg: 2.2h  Multi-day (>=24h): 4 (0.2%)  Weekend cross: 2 (0.1%)

                   Strat     n    WR     PF        PnL
             ALL_CCI_100   298   56%  1.16 $      +31
            ALL_MACD_DIV   278   71%  1.25 $      +31
            ALL_WILLR_14   302   62%  1.13 $      +23
            IDX_GAP_CONT   244   62%  1.21 $      +30
               TOK_STOCH   251   73%  1.28 $      +26
                TOK_TRIX   193   55%  1.32 $      +17
               TOK_WILLR   258   58%  1.22 $      +36

      Mois        PnL
   2025-05 $      +12
   2025-06 $      -17
   2025-07 $      +39
   2025-08 $      +33
   2025-09 $       -8
   2025-10 $      +35
   2025-11 $      +26
   2025-12 $       +7
   2026-01 $       +6
   2026-02 $       -8
   2026-03 $      +90
   2026-04 $      -21

  Loading USDCHF... 24867 bars, 315 days
  ----------------------------------------------------------------------------------------------------
  USDCHF — 1 strats @ 0.50%
  Trades: 161  PF: 1.27  WR: 64%  DD: -2.7%  Rend: +8%  M+: 9/12
  Duree avg: 2.3h  Multi-day (>=24h): 1 (0.6%)  Weekend cross: 1 (0.6%)

                   Strat     n    WR     PF        PnL
             ALL_FIB_618   161   64%  1.27 $      +17

      Mois        PnL
   2025-05 $       -2
   2025-06 $       +3
   2025-07 $       -1
   2025-08 $       +3
   2025-09 $       +1
   2025-10 $       +1
   2025-11 $       -2
   2025-12 $       +0
   2026-01 $       +4
   2026-02 $       +3
   2026-03 $       +4
   2026-04 $       +1

  Loading USDJPY... 24861 bars, 315 days
  ----------------------------------------------------------------------------------------------------
  USDJPY — 4 strats @ 0.50%
  Trades: 891  PF: 1.22  WR: 58%  DD: -7.0%  Rend: +52%  M+: 11/12
  Duree avg: 3.9h  Multi-day (>=24h): 11 (1.2%)  Weekend cross: 2 (0.2%)

                   Strat     n    WR     PF        PnL
            ALL_ADX_FAST   302   62%  1.19 $      +28
               ALL_MSTAR    80   54%  1.65 $      +30
        ALL_PIVOT_BOUNCE   276   51%  1.17 $      +29
                 TOK_BIG   233   61%  1.15 $      +17

      Mois        PnL
   2025-05 $       +9
   2025-06 $       +1
   2025-07 $       -3
   2025-08 $       +3
   2025-09 $       +7
   2025-10 $       +4
   2025-11 $      +10
   2025-12 $      +27
   2026-01 $       +2
   2026-02 $      +27
   2026-03 $       +7
   2026-04 $      +11

  Loading AUS200... 21395 bars, 309 days
  ----------------------------------------------------------------------------------------------------
  AUS200 — 16 strats @ 0.50%
  Trades: 3,982  PF: 1.34  WR: 62%  DD: -21.3%  Rend: +699%  M+: 12/12
  Duree avg: 5.7h  Multi-day (>=24h): 103 (2.6%)  Weekend cross: 43 (1.1%)

                   Strat     n    WR     PF        PnL
           ALL_ADX_RSI50   282   70%  1.39 $      +84
             ALL_CCI_100   276   55%  1.51 $     +161
         ALL_CCI_14_ZERO   283   64%  1.30 $      +80
              ALL_DPO_14   286   72%  1.44 $      +92
          ALL_ELDER_BULL   271   66%  1.20 $      +48
           ALL_HMA_CROSS   284   57%  1.25 $      +82
       ALL_MACD_FAST_SIG   293   53%  1.36 $     +129
           ALL_MACD_HIST   276   54%  1.40 $     +134
              ALL_RSI_50   283   70%  1.45 $      +93
         ALL_RSI_EXTREME   146   59%  1.31 $      +52
            ALL_WILLR_14   286   59%  1.36 $     +114
             ALL_WILLR_7   285   57%  1.27 $      +90
          IDX_CONSEC_REV   203   73%  1.47 $      +75
             IDX_RSI_REV   146   59%  1.31 $      +52
                TOK_2BAR   131   52%  1.23 $      +40
               TOK_WILLR   251   59%  1.24 $      +71

      Mois        PnL
   2025-05 $       +0
   2025-06 $      +37
   2025-07 $      +65
   2025-08 $       +6
   2025-09 $      +29
   2025-10 $      +73
   2025-11 $      +65
   2025-12 $     +147
   2026-01 $      +17
   2026-02 $     +162
   2026-03 $     +267
   2026-04 $     +529

  Loading EUSTX50... 20300 bars, 273 days
  ----------------------------------------------------------------------------------------------------
  EUSTX50 — 3 strats @ 0.50%
  Trades: 766  PF: 1.31  WR: 58%  DD: -6.4%  Rend: +67%  M+: 9/12
  Duree avg: 2.2h  Multi-day (>=24h): 0 (0.0%)  Weekend cross: 0 (0.0%)

                   Strat     n    WR     PF        PnL
            ALL_DOJI_REV   255   51%  1.52 $      +86
             ALL_EMA_921   252   67%  1.25 $      +28
           ALL_MACD_HIST   259   55%  1.12 $      +19

      Mois        PnL
   2025-05 $       -3
   2025-06 $       +1
   2025-07 $      +16
   2025-08 $      +14
   2025-09 $       +6
   2025-10 $      +25
   2025-11 $      +24
   2025-12 $       -1
   2026-01 $      +16
   2026-02 $       +8
   2026-03 $      +31
   2026-04 $       -3

  Loading FRA40... 14211 bars, 255 days
  ----------------------------------------------------------------------------------------------------
  FRA40 — 1 strats @ 0.50%
  Trades: 252  PF: 1.19  WR: 51%  DD: -5.9%  Rend: +13%  M+: 8/12
  Duree avg: 1.8h  Multi-day (>=24h): 2 (0.8%)  Weekend cross: 1 (0.4%)

                   Strat     n    WR     PF        PnL
           ALL_MACD_HIST   252   51%  1.19 $      +26

      Mois        PnL
   2025-05 $       -1
   2025-06 $       +3
   2025-07 $       +5
   2025-08 $       -4
   2025-09 $      +11
   2025-10 $       +1
   2025-11 $       -3
   2025-12 $       +5
   2026-01 $      +10
   2026-02 $       +4
   2026-03 $      -11
   2026-04 $       +6

  Loading JPN225... 23622 bars, 315 days
  ----------------------------------------------------------------------------------------------------
  JPN225 — 1 strats @ 0.50%
  Trades: 284  PF: 1.24  WR: 68%  DD: -8.0%  Rend: +12%  M+: 8/12
  Duree avg: 6.0h  Multi-day (>=24h): 13 (4.6%)  Weekend cross: 7 (2.5%)

                   Strat     n    WR     PF        PnL
                ALL_DC50   284   68%  1.24 $      +23

      Mois        PnL
   2025-05 $       +4
   2025-06 $       +8
   2025-07 $       -5
   2025-08 $       -6
   2025-09 $       -1
   2025-10 $       +6
   2025-11 $       -0
   2025-12 $       +1
   2026-01 $       +5
   2026-02 $       +3
   2026-03 $       +1
   2026-04 $       +8

  Loading NAS100... 23625 bars, 315 days
  ----------------------------------------------------------------------------------------------------
  NAS100 — 5 strats @ 0.50%
  Trades: 1,421  PF: 1.25  WR: 55%  DD: -13.1%  Rend: +151%  M+: 9/12
  Duree avg: 5.9h  Multi-day (>=24h): 25 (1.8%)  Weekend cross: 7 (0.5%)

                   Strat     n    WR     PF        PnL
         ALL_CCI_14_ZERO   292   50%  1.22 $      +59
             ALL_EMA_821   275   54%  1.29 $      +66
            ALL_LR_BREAK   275   61%  1.30 $      +63
        ALL_MACD_STD_SIG   281   53%  1.31 $      +77
                 ALL_NR4   298   57%  1.16 $      +38

      Mois        PnL
   2025-05 $      +36
   2025-06 $      +28
   2025-07 $      +12
   2025-08 $      +12
   2025-09 $       -6
   2025-10 $      +36
   2025-11 $       -2
   2025-12 $      +39
   2026-01 $      +77
   2026-02 $      +59
   2026-03 $      +46
   2026-04 $      -34

  Loading UK100... 20191 bars, 254 days
  ----------------------------------------------------------------------------------------------------
  UK100 — 9 strats @ 0.50%
  Trades: 2,100  PF: 1.23  WR: 59%  DD: -9.2%  Rend: +212%  M+: 11/12
  Duree avg: 3.9h  Multi-day (>=24h): 19 (0.9%)  Weekend cross: 9 (0.4%)

                   Strat     n    WR     PF        PnL
             ALL_CCI_100   252   67%  1.16 $      +29
              ALL_CMO_14   241   59%  1.23 $      +49
               ALL_CMO_9   251   55%  1.22 $      +56
            ALL_DOJI_REV   252   50%  1.44 $     +115
          ALL_ELDER_BULL   251   52%  1.13 $      +33
               ALL_MSTAR   100   56%  1.14 $      +13
                 ALL_NR4   252   68%  1.24 $      +42
           ALL_STOCH_RSI   252   57%  1.19 $      +43
                 TOK_NR4   249   68%  1.27 $      +45

      Mois        PnL
   2025-05 $      +10
   2025-06 $      +30
   2025-07 $      +64
   2025-08 $      +21
   2025-09 $      +13
   2025-10 $      +49
   2025-11 $      +69
   2025-12 $      +38
   2026-01 $       +5
   2026-02 $     +103
   2026-03 $       -3
   2026-04 $      +24

  Loading US30... 23624 bars, 315 days
  ----------------------------------------------------------------------------------------------------
  US30 — 4 strats @ 0.50%
  Trades: 957  PF: 1.26  WR: 58%  DD: -7.4%  Rend: +81%  M+: 10/12
  Duree avg: 3.6h  Multi-day (>=24h): 2 (0.2%)  Weekend cross: 0 (0.0%)

                   Strat     n    WR     PF        PnL
            ALL_ADX_FAST   283   66%  1.14 $      +21
               ALL_MSTAR   118   66%  1.14 $       +9
                 ALL_NR4   301   54%  1.27 $      +58
                 TOK_NR4   255   51%  1.38 $      +74

      Mois        PnL
   2025-05 $      +16
   2025-06 $       +6
   2025-07 $      +31
   2025-08 $      +14
   2025-09 $      -13
   2025-10 $      +60
   2025-11 $       +6
   2025-12 $      +27
   2026-01 $       +9
   2026-02 $      -14
   2026-03 $      +16
   2026-04 $       +3

  Loading US500... 23625 bars, 315 days
  ----------------------------------------------------------------------------------------------------
  US500 — 5 strats @ 0.50%
  Trades: 1,301  PF: 1.19  WR: 58%  DD: -9.1%  Rend: +65%  M+: 10/12
  Duree avg: 2.4h  Multi-day (>=24h): 4 (0.3%)  Weekend cross: 1 (0.1%)

                   Strat     n    WR     PF        PnL
                ALL_DC10   303   64%  1.14 $      +21
              ALL_ENGULF   249   57%  1.22 $      +32
            ALL_STOCH_OB   271   52%  1.20 $      +36
                 BOS_FVG   280   58%  1.24 $      +25
             IDX_PREV_HL   198   56%  1.14 $      +17

      Mois        PnL
   2025-05 $       -5
   2025-06 $      +11
   2025-07 $       +9
   2025-08 $       +8
   2025-09 $       +3
   2025-10 $      +14
   2025-11 $       +5
   2025-12 $      +24
   2026-01 $      +36
   2026-02 $      +29
   2026-03 $      +12
   2026-04 $      -18

  Loading GER40... 20421 bars, 273 days
  ----------------------------------------------------------------------------------------------------
  GER40 — 7 strats @ 0.50%
  Trades: 1,805  PF: 1.17  WR: 61%  DD: -22.9%  Rend: +90%  M+: 10/12
  Duree avg: 4.7h  Multi-day (>=24h): 37 (2.0%)  Weekend cross: 21 (1.2%)

                   Strat     n    WR     PF        PnL
           ALL_ADX_RSI50   258   60%  1.08 $      +13
         ALL_CMO_14_ZERO   258   55%  1.09 $      +16
             ALL_EMA_513   259   61%  1.19 $      +28
             ALL_EMA_821   251   70%  1.49 $      +56
      ALL_MACD_FAST_ZERO   259   61%  1.19 $      +28
              ALL_MOM_14   258   55%  1.09 $      +16
             ALL_MTF_BRK   262   67%  1.15 $      +20

      Mois        PnL
   2025-05 $      +11
   2025-06 $      +25
   2025-07 $      +14
   2025-08 $      +31
   2025-09 $      -37
   2025-10 $       +6
   2025-11 $      +28
   2025-12 $      +50
   2026-01 $       +3
   2026-02 $      +16
   2026-03 $      +63
   2026-04 $      -32

  Loading SPA35... 12166 bars, 256 days
  ----------------------------------------------------------------------------------------------------
  SPA35 — 1 strats @ 0.50%
  Trades: 146  PF: 1.14  WR: 60%  DD: -6.9%  Rend: +5%  M+: 7/12
  Duree avg: 5.1h  Multi-day (>=24h): 5 (3.4%)  Weekend cross: 5 (3.4%)

                   Strat     n    WR     PF        PnL
             ALL_ICHI_TK   146   60%  1.14 $      +10

      Mois        PnL
   2025-05 $       -5
   2025-06 $       +2
   2025-07 $       +4
   2025-08 $      +10
   2025-09 $       -7
   2025-10 $       -1
   2025-11 $       +4
   2025-12 $       -1
   2026-01 $       +2
   2026-02 $       +2
   2026-03 $       +2
   2026-04 $       -2

  Loading HK50... 15553 bars, 247 days
  ----------------------------------------------------------------------------------------------------
  HK50 — 2 strats @ 0.50%
  Trades: 405  PF: 1.13  WR: 60%  DD: -10.6%  Rend: +13%  M+: 9/12
  Duree avg: 6.1h  Multi-day (>=24h): 26 (6.4%)  Weekend cross: 25 (6.2%)

                   Strat     n    WR     PF        PnL
           ALL_3SOLDIERS   233   64%  1.18 $      +16
               IDX_ORB30   172   54%  1.09 $       +9

      Mois        PnL
   2025-05 $      -20
   2025-06 $       +9
   2025-07 $       +6
   2025-08 $       -6
   2025-09 $      +10
   2025-10 $       +7
   2025-11 $       +2
   2025-12 $       +7
   2026-01 $       +3
   2026-02 $       -1
   2026-03 $       +4
   2026-04 $       +5

  Loading US2000... 23623 bars, 315 days
  ----------------------------------------------------------------------------------------------------
  US2000 — 1 strats @ 0.50%
  Trades: 269  PF: 1.13  WR: 56%  DD: -4.3%  Rend: +9%  M+: 7/12
  Duree avg: 5.0h  Multi-day (>=24h): 3 (1.1%)  Weekend cross: 1 (0.4%)

                   Strat     n    WR     PF        PnL
             ALL_EMA_821   269   56%  1.13 $      +18

      Mois        PnL
   2025-05 $       +3
   2025-06 $       +6
   2025-07 $       -1
   2025-08 $       +5
   2025-09 $       -1
   2025-10 $       -7
   2025-11 $       +3
   2025-12 $       +5
   2026-01 $       -4
   2026-02 $       +6
   2026-03 $       +6
   2026-04 $       -3

  Loading CA60... 6757 bars, 252 days
  ----------------------------------------------------------------------------------------------------
  CA60 — 1 strats @ 0.50%
  Trades: 182  PF: 1.32  WR: 69%  DD: -4.0%  Rend: +11%  M+: 7/12
  Duree avg: 12.4h  Multi-day (>=24h): 23 (12.6%)  Weekend cross: 15 (8.2%)

                   Strat     n    WR     PF        PnL
           ALL_3SOLDIERS   182   69%  1.32 $      +21

      Mois        PnL
   2025-05 $       +6
   2025-06 $       -4
   2025-07 $       +5
   2025-08 $       +2
   2025-09 $       +1
   2025-10 $       -4
   2025-11 $      +12
   2025-12 $       +5
   2026-01 $       -1
   2026-02 $       +9
   2026-03 $       -5
   2026-04 $       -4

  Loading SWI20... 14018 bars, 251 days
  ----------------------------------------------------------------------------------------------------
  SWI20 — 2 strats @ 0.50%
  Trades: 496  PF: 1.21  WR: 51%  DD: -8.0%  Rend: +31%  M+: 8/12
  Duree avg: 5.1h  Multi-day (>=24h): 17 (3.4%)  Weekend cross: 9 (1.8%)

                   Strat     n    WR     PF        PnL
           ALL_MACD_HIST   248   50%  1.19 $      +29
            ALL_STOCH_OB   248   53%  1.23 $      +32

      Mois        PnL
   2025-05 $       -9
   2025-06 $      +17
   2025-07 $      +11
   2025-08 $      +11
   2025-09 $       +7
   2025-10 $       +4
   2025-11 $       +6
   2025-12 $       -4
   2026-01 $       -4
   2026-02 $       +1
   2026-03 $       -2
   2026-04 $      +23

====================================================================================================
  AGREGE — 20 instruments — $200
====================================================================================================

+------------+--------+------+-----+------+-----------+---------+------------+------------+---------+---------+
| Semaine    | Trades | Wins |  WR |   PF |       PnL |  Rend P |    Capital |       Rend |      DD |   MaxDD |
+------------+--------+------+-----+------+-----------+---------+------------+------------+---------+---------+
| 2025-04-28 |    122 |   67 | 55% | 1.01 |       $+1 |  +0.38% |       $201 |      +0.4% |  -7.08% |  -7.08% |
| 2025-05-05 |    362 |  208 | 57% | 1.07 |      $+11 |  +5.58% |       $212 |      +6.0% | -16.86% | -16.86% |
| 2025-05-12 |    368 |  200 | 54% | 0.98 |       $-4 |  -1.91% |       $208 |      +4.0% | -15.43% | -16.86% |
| 2025-05-19 |    382 |  224 | 59% | 1.13 |      $+27 | +12.86% |       $235 |     +17.3% | -17.63% | -17.63% |
| 2025-05-26 |    363 |  215 | 59% | 1.18 |      $+35 | +14.82% |       $269 |     +34.7% | -15.10% | -17.63% |
| 2025-06-02 |    357 |  233 | 65% | 1.55 |     $+108 | +39.96% |       $377 |     +88.6% |  -5.87% | -17.63% |
| 2025-06-09 |    385 |  235 | 61% | 1.25 |      $+93 | +24.58% |       $470 |    +134.9% | -12.96% | -17.63% |
| 2025-06-16 |    374 |  227 | 61% | 1.31 |     $+123 | +26.19% |       $593 |    +196.4% | -10.38% | -17.63% |
| 2025-06-23 |    379 |  204 | 54% | 0.95 |      $-27 |  -4.59% |       $566 |    +182.8% | -18.48% | -18.48% |
| 2025-06-30 |    377 |  249 | 66% | 1.54 |     $+278 | +49.12% |       $843 |    +321.7% | -18.78% | -18.78% |
| 2025-07-07 |    375 |  209 | 56% | 1.10 |      $+74 |  +8.75% |       $917 |    +358.7% | -22.76% | -22.76% |
| 2025-07-14 |    382 |  237 | 62% | 1.40 |     $+345 | +37.62% |     $1,262 |    +531.2% |  -5.95% | -22.76% |
| 2025-07-21 |    385 |  235 | 61% | 1.31 |     $+343 | +27.17% |     $1,605 |    +702.7% | -10.81% | -22.76% |
| 2025-07-28 |    366 |  225 | 61% | 1.32 |     $+430 | +26.78% |     $2,035 |    +917.7% |  -6.71% | -22.76% |
| 2025-08-04 |    374 |  217 | 58% | 1.14 |     $+264 | +12.96% |     $2,299 |   +1049.6% | -10.28% | -22.76% |
| 2025-08-11 |    382 |  221 | 58% | 1.17 |     $+366 | +15.93% |     $2,665 |   +1232.6% |  -9.41% | -22.76% |
| 2025-08-18 |    383 |  235 | 61% | 1.37 |     $+870 | +32.64% |     $3,535 |   +1667.6% | -11.30% | -22.76% |
| 2025-08-25 |    363 |  202 | 56% | 1.07 |     $+242 |  +6.84% |     $3,777 |   +1788.5% | -14.95% | -22.76% |
| 2025-09-01 |    378 |  210 | 56% | 1.05 |     $+174 |  +4.62% |     $3,951 |   +1875.7% | -12.13% | -22.76% |
| 2025-09-08 |    366 |  198 | 54% | 0.98 |      $-74 |  -1.86% |     $3,878 |   +1838.9% | -19.42% | -22.76% |
| 2025-09-15 |    364 |  212 | 58% | 1.12 |     $+436 | +11.24% |     $4,314 |   +2056.8% | -14.68% | -22.76% |
| 2025-09-22 |    369 |  175 | 47% | 0.82 |     $-721 | -16.71% |     $3,593 |   +1696.5% | -24.14% | -24.14% |
| 2025-09-29 |    380 |  229 | 60% | 1.28 |     $+834 | +23.21% |     $4,427 |   +2113.4% | -29.66% | -29.66% |
| 2025-10-06 |    363 |  223 | 61% | 1.32 |   $+1,216 | +27.47% |     $5,643 |   +2721.3% | -10.27% | -29.66% |
| 2025-10-13 |    384 |  252 | 66% | 1.62 |   $+3,128 | +55.43% |     $8,770 |   +4285.1% |  -3.89% | -29.66% |
| 2025-10-20 |    381 |  214 | 56% | 1.01 |      $+48 |  +0.55% |     $8,819 |   +4309.3% | -18.32% | -29.66% |
| 2025-10-27 |    381 |  243 | 64% | 1.50 |   $+3,614 | +40.98% |    $12,432 |   +6116.2% | -22.58% | -29.66% |
| 2025-11-03 |    381 |  245 | 64% | 1.50 |   $+5,249 | +42.22% |    $17,681 |   +8740.6% |  -5.98% | -29.66% |
| 2025-11-10 |    383 |  224 | 58% | 1.21 |   $+3,091 | +17.48% |    $20,772 |  +10286.2% |  -8.22% | -29.66% |
| 2025-11-17 |    374 |  214 | 57% | 1.13 |   $+2,433 | +11.71% |    $23,205 |  +11502.5% | -12.87% | -29.66% |
| 2025-11-24 |    396 |  222 | 56% | 1.03 |     $+543 |  +2.34% |    $23,748 |  +11773.8% | -10.14% | -29.66% |
| 2025-12-01 |    380 |  245 | 64% | 1.46 |   $+9,184 | +38.67% |    $32,932 |  +16365.9% |  -6.20% | -29.66% |
| 2025-12-08 |    383 |  237 | 62% | 1.40 |  $+11,004 | +33.42% |    $43,936 |  +21867.9% |  -9.71% | -29.66% |
| 2025-12-15 |    391 |  266 | 68% | 1.79 |  $+26,778 | +60.95% |    $70,714 |  +35257.0% |  -6.22% | -29.66% |
| 2025-12-22 |    272 |  166 | 61% | 1.32 |  $+13,336 | +18.86% |    $84,050 |  +41925.2% |  -5.57% | -29.66% |
| 2025-12-29 |    311 |  178 | 57% | 1.13 |   $+7,692 |  +9.15% |    $91,743 |  +45771.3% | -12.25% | -29.66% |
| 2026-01-05 |    403 |  212 | 53% | 0.91 |   $-7,492 |  -8.17% |    $84,251 |  +42025.3% | -21.61% | -29.66% |
| 2026-01-12 |    387 |  246 | 64% | 1.43 |  $+31,458 | +37.34% |   $115,709 |  +57754.3% | -19.11% | -29.66% |
| 2026-01-19 |    365 |  184 | 50% | 0.81 |  $-17,743 | -15.33% |    $97,965 |  +48882.6% | -28.84% | -29.66% |
| 2026-01-26 |    380 |  246 | 65% | 1.48 |  $+39,538 | +40.36% |   $137,503 |  +68651.7% | -21.64% | -29.66% |
| 2026-02-02 |    399 |  242 | 61% | 1.23 |  $+29,528 | +21.47% |   $167,032 |  +83415.8% | -10.54% | -29.66% |
| 2026-02-09 |    383 |  227 | 59% | 1.26 |  $+39,400 | +23.59% |   $206,431 | +103115.6% |  -9.14% | -29.66% |
| 2026-02-16 |    396 |  249 | 63% | 1.38 |  $+70,947 | +34.37% |   $277,378 | +138588.8% |  -8.07% | -29.66% |
| 2026-02-23 |    389 |  239 | 61% | 1.27 |  $+67,880 | +24.47% |   $345,258 | +172528.9% |  -8.57% | -29.66% |
| 2026-03-02 |    385 |  233 | 61% | 1.30 |  $+90,672 | +26.26% |   $435,929 | +217864.6% |  -9.21% | -29.66% |
| 2026-03-09 |    374 |  240 | 64% | 1.48 | $+181,001 | +41.52% |   $616,930 | +308365.1% |  -8.36% | -29.66% |
| 2026-03-16 |    389 |  228 | 59% | 1.22 | $+130,956 | +21.23% |   $747,887 | +373843.3% | -10.03% | -29.66% |
| 2026-03-23 |    382 |  223 | 58% | 1.14 |  $+94,009 | +12.57% |   $841,896 | +420847.9% | -12.71% | -29.66% |
| 2026-03-30 |    333 |  217 | 65% | 1.57 | $+364,106 | +43.25% | $1,206,002 | +602901.1% | -14.33% | -29.66% |
| 2026-04-06 |    331 |  209 | 63% | 1.36 | $+339,786 | +28.17% | $1,545,788 | +772793.9% |  -7.59% | -29.66% |
| 2026-04-13 |    374 |  212 | 57% | 1.08 | $+113,484 |  +7.34% | $1,659,271 | +829535.7% | -10.64% | -29.66% |
| 2026-04-20 |    376 |  206 | 55% | 0.96 |  $-69,081 |  -4.16% | $1,590,191 | +794995.4% | -17.02% | -29.66% |
| 2026-04-27 |    226 |  121 | 54% | 1.08 |  $+67,336 |  +4.23% | $1,657,527 | +828663.4% | -14.11% | -29.66% |
+------------+--------+------+-----+------+-----------+---------+------------+------------+---------+---------+

  TOTAL: Trades 19,388  WR 59%  PF 1.19  MaxDD -29.66%  Rend +828663.4%
  Duree avg: 4.2h  Multi-day (>=24h): 307 (1.6%)  Weekend cross (non-crypto): 154/19388 (0.8%)
  Semaine+ 46/53  Semaine- 7/53
  $200 -> $1,657,527

====================================================================================================