1. Combos 15m


PS C:\Users\Emmanuel\Documents\vp_swing> python bt_portfolio.py ftmo --tf 15m -r 0.5 -c 50000 --cost-r 0.05 --weekly

====================================================================================================
  BACKTEST FTMO -- $50,000 -- hebdo -- COST -0.05R/trade
====================================================================================================

  Loading XAUUSD [15m]... 23662 bars, 313 days
  ----------------------------------------------------------------------------------------------------
  XAUUSD [15m] -- 3 strats @ 0.50%
  Trades: 700  PF: 1.21  WR: 62%  DD: -6.4%  Rend: +35%  M+: 11/13
  Duree avg: 4.9h  Multi-day (>=24h): 32 (4.6%)  Weekend cross: 21 (3.0%)

                   Strat     n    WR     PF        PnL
            ALL_MACD_RSI   280   69%  1.17 $   +4,620
                 BOS_FVG   292   62%  1.15 $   +5,102
           IDX_TREND_DAY   128   48%  1.36 $   +7,700

      Mois        PnL
   2025-05 $      +47
   2025-06 $   +3,194
   2025-07 $     +401
   2025-08 $   -1,104
   2025-09 $   +1,858
   2025-10 $   +3,799
   2025-11 $     +927
   2025-12 $   +2,065
   2026-01 $   +5,483
   2026-02 $     +366
   2026-03 $   +2,014
   2026-04 $   -2,013
   2026-05 $     +384

  Loading GER40.cash [15m]... 23028 bars, 305 days
  ----------------------------------------------------------------------------------------------------
  GER40.cash [15m] -- 2 strats @ 0.50%
  Trades: 462  PF: 1.32  WR: 69%  DD: -4.3%  Rend: +16%  M+: 8/12
  Duree avg: 1.8h  Multi-day (>=24h): 0 (0.0%)  Weekend cross: 0 (0.0%)

                   Strat     n    WR     PF        PnL
             ALL_CCI_100   281   70%  1.36 $   +4,856
                TOK_TRIX   181   68%  1.28 $   +3,041

      Mois        PnL
   2025-05 $     +501
   2025-06 $   +1,458
   2025-07 $   +2,116
   2025-08 $   +1,592
   2025-09 $   +1,362
   2025-10 $   -1,201
   2025-11 $     +637
   2025-12 $     -374
   2026-01 $     +644
   2026-02 $     -464
   2026-03 $   +1,862
   2026-04 $     -237

  Loading US500.cash [15m]... 23626 bars, 314 days
  ----------------------------------------------------------------------------------------------------
  US500.cash [15m] -- 6 strats @ 0.50%
  Trades: 1,474  PF: 1.18  WR: 68%  DD: -8.0%  Rend: +48%  M+: 9/13
  Duree avg: 3.6h  Multi-day (>=24h): 8 (0.5%)  Weekend cross: 3 (0.2%)

                   Strat     n    WR     PF        PnL
        ALL_MACD_STD_SIG   282   59%  1.31 $  +11,483
              ALL_ENGULF   285   67%  1.16 $   +4,883
        ALL_PIVOT_BOUNCE   259   72%  0.99 $     -280
                ALL_TRIX   277   69%  1.13 $   +2,450
            ALL_FVG_BULL   280   68%  1.11 $   +1,963
                TOK_2BAR    91   89%  2.15 $   +3,386

      Mois        PnL
   2025-05 $     +486
   2025-06 $   +3,245
   2025-07 $      -74
   2025-08 $   +2,165
   2025-09 $   +1,267
   2025-10 $   +4,938
   2025-11 $      -90
   2025-12 $   +1,889
   2026-01 $   +5,099
   2026-02 $   +1,772
   2026-03 $   +7,869
   2026-04 $   -4,293
   2026-05 $     -390

  Loading US100.cash [15m]... 23627 bars, 314 days
  ----------------------------------------------------------------------------------------------------
  US100.cash [15m] -- 7 strats @ 0.50%
  Trades: 1,599  PF: 1.20  WR: 74%  DD: -5.6%  Rend: +57%  M+: 11/13
  Duree avg: 3.6h  Multi-day (>=24h): 11 (0.7%)  Weekend cross: 4 (0.3%)

                   Strat     n    WR     PF        PnL
         ALL_AROON_CROSS   277   83%  1.36 $   +5,757
            ALL_LR_BREAK   277   71%  1.36 $  +10,333
            ALL_MACD_RSI   275   60%  1.12 $   +4,592
               ALL_MSTAR   103   85%  1.41 $   +2,067
                TOK_2BAR    87   79%  1.30 $   +1,774
            ALL_FVG_BULL   284   89%  0.93 $     -717
                 ALL_NR4   296   63%  1.13 $   +4,734

      Mois        PnL
   2025-05 $   +3,225
   2025-06 $   +2,189
   2025-07 $   +3,590
   2025-08 $   +2,003
   2025-09 $   -1,282
   2025-10 $   +2,918
   2025-11 $   +2,947
   2025-12 $   +2,006
   2026-01 $   +5,472
   2026-02 $   +4,730
   2026-03 $   -1,657
   2026-04 $   +1,868
   2026-05 $     +532

  Loading US30.cash [15m]... 23622 bars, 314 days
  ----------------------------------------------------------------------------------------------------
  US30.cash [15m] -- 3 strats @ 0.50%
  Trades: 707  PF: 1.12  WR: 73%  DD: -5.3%  Rend: +13%  M+: 10/13
  Duree avg: 3.7h  Multi-day (>=24h): 2 (0.3%)  Weekend cross: 0 (0.0%)

                   Strat     n    WR     PF        PnL
                 TOK_NR4   256   81%  1.12 $   +1,670
                TOK_TRIX   163   69%  1.21 $   +2,991
              ALL_MOM_10   288   67%  1.07 $   +1,904

      Mois        PnL
   2025-05 $     +804
   2025-06 $   -1,464
   2025-07 $     +637
   2025-08 $     +484
   2025-09 $     +236
   2025-10 $      -88
   2025-11 $   +1,642
   2025-12 $   +2,489
   2026-01 $      +55
   2026-02 $   +1,487
   2026-03 $   +2,201
   2026-04 $   -2,078
   2026-05 $     +161

  Loading AUS200.cash [15m]... 21141 bars, 308 days
  ----------------------------------------------------------------------------------------------------
  AUS200.cash [15m] -- 7 strats @ 0.50%
  Trades: 1,798  PF: 1.35  WR: 69%  DD: -9.4%  Rend: +115%  M+: 10/13
  Duree avg: 3.0h  Multi-day (>=24h): 17 (0.9%)  Weekend cross: 10 (0.6%)

                   Strat     n    WR     PF        PnL
             ALL_RSI_DIV   271   69%  1.43 $   +9,665
            ALL_MACD_DIV   263   68%  1.44 $   +9,690
              ALL_CMO_14   252   72%  1.31 $   +7,794
            ALL_STOCH_OB   267   69%  1.36 $   +5,288
            ALL_WILLR_14   285   72%  1.41 $  +11,135
          ALL_CONSEC_REV   176   67%  1.14 $   +2,976
              ALL_MOM_10   284   65%  1.32 $  +10,715

      Mois        PnL
   2025-05 $     -930
   2025-06 $   +2,621
   2025-07 $   +5,786
   2025-08 $     +910
   2025-09 $     +820
   2025-10 $   +4,348
   2025-11 $     -125
   2025-12 $   +6,588
   2026-01 $   +9,079
   2026-02 $   +4,120
   2026-03 $   +4,745
   2026-04 $  +19,952
   2026-05 $     -650

  Loading HK50.cash [15m]... 15504 bars, 246 days
  ----------------------------------------------------------------------------------------------------
  HK50.cash [15m] -- 1 strats @ 0.50%
  Trades: 174  PF: 1.18  WR: 74%  DD: -5.8%  Rend: +5%  M+: 8/12
  Duree avg: 4.2h  Multi-day (>=24h): 4 (2.3%)  Weekend cross: 4 (2.3%)

                   Strat     n    WR     PF        PnL
             ALL_ICHI_TK   174   74%  1.18 $   +2,345

      Mois        PnL
   2025-05 $     +487
   2025-06 $     +682
   2025-07 $     +652
   2025-08 $      -49
   2025-09 $     +190
   2025-10 $     +466
   2025-11 $     +191
   2025-12 $     +913
   2026-01 $     -636
   2026-02 $   -1,561
   2026-03 $   +1,126
   2026-04 $     -117

  Loading UK100.cash [15m]... 22968 bars, 301 days
  ----------------------------------------------------------------------------------------------------
  UK100.cash [15m] -- 3 strats @ 0.50%
  Trades: 724  PF: 1.16  WR: 80%  DD: -5.6%  Rend: +12%  M+: 9/13
  Duree avg: 2.1h  Multi-day (>=24h): 0 (0.0%)  Weekend cross: 0 (0.0%)

                   Strat     n    WR     PF        PnL
              ALL_HAMMER   281   81%  1.34 $   +5,021
            ALL_LR_BREAK   276   74%  1.06 $   +1,096
                TOK_TRIX   167   87%  1.00 $      -22

      Mois        PnL
   2025-05 $   -1,174
   2025-06 $     -294
   2025-07 $   +2,297
   2025-08 $     +146
   2025-09 $   +1,352
   2025-10 $     -455
   2025-11 $      +26
   2025-12 $   +2,212
   2026-01 $   -1,018
   2026-02 $     +479
   2026-03 $   +1,533
   2026-04 $     +546
   2026-05 $     +444

  Loading US2000.cash [15m]... 23621 bars, 314 days
  ----------------------------------------------------------------------------------------------------
  US2000.cash [15m] -- 1 strats @ 0.50%
  Trades: 107  PF: 1.10  WR: 86%  DD: -2.4%  Rend: +1%  M+: 9/13
  Duree avg: 2.6h  Multi-day (>=24h): 3 (2.8%)  Weekend cross: 3 (2.8%)

                   Strat     n    WR     PF        PnL
               ALL_MSTAR   107   86%  1.10 $     +415

      Mois        PnL
   2025-05 $      +87
   2025-06 $      +87
   2025-07 $     +188
   2025-08 $      +87
   2025-09 $      -77
   2025-10 $      +37
   2025-11 $     +354
   2025-12 $     +664
   2026-01 $      +85
   2026-02 $     -935
   2026-03 $     +304
   2026-04 $     -200
   2026-05 $     -266

  Loading XAGUSD [15m]... 23658 bars, 313 days
  ----------------------------------------------------------------------------------------------------
  XAGUSD [15m] -- 4 strats @ 0.50%
  Trades: 1,070  PF: 1.20  WR: 68%  DD: -6.2%  Rend: +37%  M+: 11/13
  Duree avg: 1.5h  Multi-day (>=24h): 1 (0.1%)  Weekend cross: 1 (0.1%)

                   Strat     n    WR     PF        PnL
                 ALL_NR4   301   62%  1.26 $   +7,483
                TOK_TRIX   199   65%  1.23 $   +5,149
         ALL_AROON_CROSS   280   65%  1.21 $   +4,975
            ALL_ADX_FAST   290   80%  1.04 $     +840

      Mois        PnL
   2025-05 $   +1,225
   2025-06 $   +3,049
   2025-07 $   +2,244
   2025-08 $     +738
   2025-09 $   +5,906
   2025-10 $     -856
   2025-11 $   +1,795
   2025-12 $     -137
   2026-01 $   +2,482
   2026-02 $      +37
   2026-03 $   +1,685
   2026-04 $     +191
   2026-05 $      +89

====================================================================================================
  AGREGE -- 10 (sym,tf) units -- $50,000
====================================================================================================

+------------+--------+------+-----+------+----------+---------+----------+----------+---------+---------+
| Semaine    | Trades | Wins |  WR |   PF |      PnL |  Rend P |  Capital |     Rend |      DD |   MaxDD |
+------------+--------+------+-----+------+----------+---------+----------+----------+---------+---------+
| 2025-05-05 |    164 |  112 | 68% | 1.10 |  $+1,213 |  +2.43% |  $51,213 |    +2.4% |  -6.64% |  -6.64% |
| 2025-05-12 |    168 |  110 | 65% | 1.04 |    $+661 |  +1.29% |  $51,874 |    +3.7% |  -7.14% |  -7.14% |
| 2025-05-19 |    171 |  112 | 65% | 0.98 |    $-298 |  -0.57% |  $51,576 |    +3.2% |  -5.40% |  -7.14% |
| 2025-05-26 |    162 |  119 | 73% | 1.29 |  $+3,266 |  +6.33% |  $54,842 |    +9.7% |  -6.80% |  -7.14% |
| 2025-06-02 |    161 |  116 | 72% | 1.50 |  $+5,461 |  +9.96% |  $60,303 |   +20.6% |  -2.94% |  -7.14% |
| 2025-06-09 |    181 |  133 | 73% | 1.47 |  $+7,311 | +12.12% |  $67,614 |   +35.2% |  -2.78% |  -7.14% |
| 2025-06-16 |    171 |  121 | 71% | 1.19 |  $+3,280 |  +4.85% |  $70,894 |   +41.8% |  -5.26% |  -7.14% |
| 2025-06-23 |    171 |  118 | 69% | 0.98 |    $-411 |  -0.58% |  $70,483 |   +41.0% |  -8.41% |  -8.41% |
| 2025-06-30 |    171 |  125 | 73% | 1.67 | $+11,368 | +16.13% |  $81,852 |   +63.7% |  -7.19% |  -8.41% |
| 2025-07-07 |    176 |  121 | 69% | 1.23 |  $+4,946 |  +6.04% |  $86,798 |   +73.6% |  -6.41% |  -8.41% |
| 2025-07-14 |    166 |  125 | 75% | 1.60 | $+11,059 | +12.74% |  $97,857 |   +95.7% |  -2.82% |  -8.41% |
| 2025-07-21 |    169 |  117 | 69% | 1.12 |  $+2,954 |  +3.02% | $100,811 |  +101.6% |  -4.33% |  -8.41% |
| 2025-07-28 |    165 |  113 | 68% | 1.06 |  $+1,396 |  +1.39% | $102,207 |  +104.4% |  -6.78% |  -8.41% |
| 2025-08-04 |    169 |  108 | 64% | 0.71 |  $-8,741 |  -8.55% |  $93,466 |   +86.9% | -10.37% | -10.37% |
| 2025-08-11 |    170 |  122 | 72% | 1.31 |  $+7,074 |  +7.57% | $100,539 |  +101.1% |  -9.95% | -10.37% |
| 2025-08-18 |    167 |  116 | 69% | 1.32 |  $+7,570 |  +7.53% | $108,110 |  +116.2% |  -4.86% | -10.37% |
| 2025-08-25 |    176 |  123 | 70% | 1.15 |  $+4,589 |  +4.24% | $112,698 |  +125.4% |  -5.34% | -10.37% |
| 2025-09-01 |    174 |  122 | 70% | 1.14 |  $+4,324 |  +3.84% | $117,022 |  +134.0% |  -6.08% | -10.37% |
| 2025-09-08 |    165 |  119 | 72% | 1.27 |  $+7,047 |  +6.02% | $124,069 |  +148.1% |  -5.21% | -10.37% |
| 2025-09-15 |    170 |  125 | 74% | 1.69 | $+19,455 | +15.68% | $143,524 |  +187.0% |  -4.23% | -10.37% |
| 2025-09-22 |    175 |  110 | 63% | 0.75 | $-11,404 |  -7.95% | $132,120 |  +164.2% | -11.03% | -11.03% |
| 2025-09-29 |    179 |  131 | 73% | 1.25 |  $+8,417 |  +6.37% | $140,537 |  +181.1% | -13.20% | -13.20% |
| 2025-10-06 |    176 |  131 | 74% | 1.35 | $+11,172 |  +7.95% | $151,708 |  +203.4% |  -4.87% | -13.20% |
| 2025-10-13 |    174 |  121 | 70% | 1.22 |  $+7,719 |  +5.09% | $159,428 |  +218.9% |  -5.41% | -13.20% |
| 2025-10-20 |    165 |  109 | 66% | 0.99 |    $-392 |  -0.25% | $159,036 |  +218.1% |  -3.99% | -13.20% |
| 2025-10-27 |    180 |  137 | 76% | 1.57 | $+19,761 | +12.43% | $178,797 |  +257.6% |  -4.03% | -13.20% |
| 2025-11-03 |    178 |  133 | 75% | 1.40 | $+16,410 |  +9.18% | $195,207 |  +290.4% |  -3.36% | -13.20% |
| 2025-11-10 |    176 |  122 | 69% | 1.05 |  $+2,299 |  +1.18% | $197,505 |  +295.0% |  -6.41% | -13.20% |
| 2025-11-17 |    176 |  111 | 63% | 0.87 |  $-6,953 |  -3.52% | $190,552 |  +281.1% |  -9.49% | -13.20% |
| 2025-11-24 |    172 |  122 | 71% | 1.18 |  $+8,428 |  +4.42% | $198,980 |  +298.0% |  -5.81% | -13.20% |
| 2025-12-01 |    170 |  125 | 74% | 1.58 | $+22,961 | +11.54% | $221,940 |  +343.9% |  -5.25% | -13.20% |
| 2025-12-08 |    168 |  118 | 70% | 1.01 |    $+524 |  +0.24% | $222,464 |  +344.9% |  -4.93% | -13.20% |
| 2025-12-15 |    165 |  128 | 78% | 1.61 | $+23,868 | +10.73% | $246,333 |  +392.7% |  -4.40% | -13.20% |
| 2025-12-22 |    136 |  101 | 74% | 1.89 | $+36,687 | +14.89% | $283,019 |  +466.0% |  -2.89% | -13.20% |
| 2025-12-29 |    152 |  107 | 70% | 1.07 |  $+3,781 |  +1.34% | $286,801 |  +473.6% |  -5.81% | -13.20% |
| 2026-01-05 |    177 |  132 | 75% | 1.68 | $+42,792 | +14.92% | $329,592 |  +559.2% |  -3.32% | -13.20% |
| 2026-01-12 |    169 |  127 | 75% | 1.48 | $+29,968 |  +9.09% | $359,561 |  +619.1% |  -3.46% | -13.20% |
| 2026-01-19 |    167 |  113 | 68% | 1.11 |  $+9,048 |  +2.52% | $368,609 |  +637.2% |  -8.02% | -13.20% |
| 2026-01-26 |    170 |  125 | 74% | 1.35 | $+29,368 |  +7.97% | $397,977 |  +696.0% |  -3.52% | -13.20% |
| 2026-02-02 |    183 |  130 | 71% | 1.15 | $+15,771 |  +3.96% | $413,748 |  +727.5% |  -8.43% | -13.20% |
| 2026-02-09 |    165 |  103 | 62% | 0.75 | $-30,884 |  -7.46% | $382,864 |  +665.7% | -10.53% | -13.20% |
| 2026-02-16 |    180 |  131 | 73% | 1.48 | $+44,184 | +11.54% | $427,048 |  +754.1% | -11.77% | -13.20% |
| 2026-02-23 |    172 |  126 | 73% | 1.32 | $+30,829 |  +7.22% | $457,877 |  +815.8% |  -5.05% | -13.20% |
| 2026-03-02 |    165 |   98 | 59% | 0.73 | $-39,022 |  -8.52% | $418,855 |  +737.7% | -10.14% | -13.20% |
| 2026-03-09 |    174 |  139 | 80% | 1.92 | $+71,613 | +17.10% | $490,468 |  +880.9% |  -9.37% | -13.20% |
| 2026-03-16 |    173 |  125 | 72% | 1.33 | $+37,412 |  +7.63% | $527,880 |  +955.8% |  -2.81% | -13.20% |
| 2026-03-23 |    169 |  115 | 68% | 1.11 | $+14,846 |  +2.81% | $542,725 |  +985.5% |  -9.62% | -13.20% |
| 2026-03-30 |    147 |  105 | 71% | 1.59 | $+68,864 | +12.69% | $611,590 | +1123.2% |  -4.96% | -13.20% |
| 2026-04-06 |    161 |  118 | 73% | 1.22 | $+31,098 |  +5.08% | $642,687 | +1185.4% |  -4.99% | -13.20% |
| 2026-04-13 |    167 |  126 | 75% | 1.37 | $+52,650 |  +8.19% | $695,337 | +1290.7% |  -3.59% | -13.20% |
| 2026-04-20 |    174 |  115 | 66% | 0.87 | $-22,843 |  -3.29% | $672,494 | +1245.0% |  -7.61% | -13.20% |
| 2026-04-27 |    173 |  120 | 69% | 1.14 | $+25,457 |  +3.79% | $697,952 | +1295.9% |  -5.79% | -13.20% |
+------------+--------+------+-----+------+----------+---------+----------+----------+---------+---------+

  TOTAL: Trades 8,815  WR 71%  PF 1.22  MaxDD -13.20%  Rend +1295.9%
  Duree avg: 3.1h  Multi-day (>=24h): 78 (0.9%)  Weekend cross (non-crypto): 46/8815 (0.5%)
  Semaine+ 43/52  Semaine- 9/52
  $50,000 -> $697,952

  BREAKDOWN par (sym, tf):
  Sym               TF      n   WR    PF          PnL
  AUS200.cash      15m   1798  69% 1.31     +157.8R
  GER40.cash       15m    462  69% 1.34      +29.9R
  HK50.cash        15m    174  74% 1.19       +9.4R
  UK100.cash       15m    724  80% 1.16      +23.7R
  US100.cash       15m   1599  74% 1.21      +92.2R
  US2000.cash      15m    107  86% 1.10       +1.7R
  US30.cash        15m    707  73% 1.13      +25.6R
  US500.cash       15m   1474  68% 1.19      +80.4R
  XAGUSD           15m   1070  68% 1.21      +64.8R
  XAUUSD           15m    700  62% 1.22      +61.7R

====================================================================================================

2. TF 1h find winners

PS C:\Users\Emmanuel\Documents\vp_swing> python bt_portfolio.py ftmo --tf 1h -r 0.5 -c 50000 --cost-r 0.05 --weekly

====================================================================================================
  BACKTEST FTMO -- $50,000 -- hebdo -- COST -0.05R/trade
====================================================================================================

  Loading XAUUSD [1h]... 5919 bars, 313 days
  ----------------------------------------------------------------------------------------------------
  XAUUSD [1h] -- 1 strats @ 0.50%
  Trades: 265  PF: 1.27  WR: 51%  DD: -5.7%  Rend: +21%  M+: 9/13
  Duree avg: 43.1h  Multi-day (>=24h): 126 (47.5%)  Weekend cross: 50 (18.9%)

                   Strat     n    WR     PF        PnL
           ALL_HMA_CROSS   265   51%  1.27 $  +10,316

      Mois        PnL
   2025-05 $   +1,864
   2025-06 $     +114
   2025-07 $   +1,679
   2025-08 $   +3,929
   2025-09 $     +712
   2025-10 $     +794
   2025-11 $   -2,031
   2025-12 $   +2,134
   2026-01 $   -1,640
   2026-02 $     -611
   2026-03 $   +3,145
   2026-04 $     -156
   2026-05 $     +385

  Loading GER40.cash [1h]... 5758 bars, 305 days
  ----------------------------------------------------------------------------------------------------
  GER40.cash [1h] -- 6 strats @ 0.50%
  Trades: 1,176  PF: 1.21  WR: 60%  DD: -9.4%  Rend: +68%  M+: 10/12
  Duree avg: 16.3h  Multi-day (>=24h): 211 (17.9%)  Weekend cross: 91 (7.7%)

                   Strat     n    WR     PF        PnL
               ALL_CMO_9   228   51%  1.18 $   +6,655
          ALL_ELDER_BEAR   215   58%  1.24 $   +7,375
          ALL_INSIDE_BRK   201   61%  1.16 $   +4,301
           ALL_STOCH_RSI   246   51%  1.13 $   +5,236
                 BOS_FVG   186   84%  1.41 $   +4,120
          IDX_CONSEC_REV   100   57%  1.46 $   +6,500

      Mois        PnL
   2025-05 $   +1,601
   2025-06 $   +3,553
   2025-07 $   +3,718
   2025-08 $     -681
   2025-09 $     +660
   2025-10 $   +6,074
   2025-11 $   -1,601
   2025-12 $      +91
   2026-01 $   +7,389
   2026-02 $   +2,093
   2026-03 $   +8,657
   2026-04 $   +2,634

  Loading US500.cash [1h]... 5912 bars, 314 days
  ----------------------------------------------------------------------------------------------------
  US500.cash [1h] -- 6 strats @ 0.50%
  Trades: 1,183  PF: 1.18  WR: 59%  DD: -9.4%  Rend: +50%  M+: 12/13
  Duree avg: 10.4h  Multi-day (>=24h): 99 (8.4%)  Weekend cross: 33 (2.8%)

                   Strat     n    WR     PF        PnL
            ALL_FVG_BULL   185   56%  1.10 $   +2,703
              ALL_HAMMER   238   51%  1.21 $   +3,997
            ALL_MACD_RSI   192   69%  1.12 $   +2,463
        ALL_PIVOT_BOUNCE   245   56%  1.20 $   +6,798
           ALL_STOCH_RSI   262   58%  1.20 $   +7,505
               TOK_STOCH    61   75%  1.35 $   +1,676

      Mois        PnL
   2025-05 $   +1,899
   2025-06 $   +3,789
   2025-07 $   -1,750
   2025-08 $   +1,416
   2025-09 $   +2,118
   2025-10 $   +2,368
   2025-11 $   +2,105
   2025-12 $   +6,381
   2026-01 $   +1,438
   2026-02 $   +2,723
   2026-03 $   +1,577
   2026-04 $     +948
   2026-05 $     +132

  Loading US30.cash [1h]... 5910 bars, 314 days
  ----------------------------------------------------------------------------------------------------
  US30.cash [1h] -- 7 strats @ 0.50%
  Trades: 1,284  PF: 1.19  WR: 56%  DD: -23.6%  Rend: +73%  M+: 8/13
  Duree avg: 16.8h  Multi-day (>=24h): 231 (18.0%)  Weekend cross: 83 (6.5%)

                   Strat     n    WR     PF        PnL
           ALL_3SOLDIERS   143   56%  1.49 $   +8,427
              ALL_CMO_14   183   55%  1.10 $   +2,949
               ALL_CMO_9   240   59%  1.31 $  +10,596
              ALL_DPO_14   210   52%  1.18 $   +6,217
             ALL_ICHI_TK    68   69%  1.15 $   +1,172
            ALL_MACD_ADX   191   55%  1.10 $   +3,061
              ALL_MOM_10   249   55%  1.10 $   +4,066

      Mois        PnL
   2025-05 $   +2,249
   2025-06 $   -1,203
   2025-07 $  +11,237
   2025-08 $   +9,800
   2025-09 $   -4,588
   2025-10 $   -1,520
   2025-11 $   -8,259
   2025-12 $   +4,374
   2026-01 $   +6,749
   2026-02 $   +7,331
   2026-03 $   +6,530
   2026-04 $   +4,186
   2026-05 $     -396

  Loading AUS200.cash [1h]... 5667 bars, 308 days
  ----------------------------------------------------------------------------------------------------
  AUS200.cash [1h] -- 7 strats @ 0.50%
  Trades: 1,724  PF: 1.31  WR: 63%  DD: -8.2%  Rend: +122%  M+: 9/13
  Duree avg: 18.0h  Multi-day (>=24h): 286 (16.6%)  Weekend cross: 121 (7.0%)

                   Strat     n    WR     PF        PnL
            ALL_BB_TIGHT   263   52%  1.35 $  +15,551
            ALL_FISHER_9   278   67%  1.42 $  +13,069
            ALL_MACD_ADX   168   55%  1.14 $   +3,651
        ALL_PIVOT_BOUNCE   258   62%  1.20 $   +4,818
            ALL_WILLR_14   256   56%  1.24 $   +6,736
             ALL_WILLR_7   266   80%  1.30 $   +5,349
              TOK_FISHER   235   68%  1.46 $  +11,875

      Mois        PnL
   2025-05 $   +2,919
   2025-06 $   -1,223
   2025-07 $   +3,037
   2025-08 $     -682
   2025-09 $   +3,992
   2025-10 $   +2,665
   2025-11 $   +6,965
   2025-12 $   +4,982
   2026-01 $   -1,113
   2026-02 $   +9,699
   2026-03 $  +15,387
   2026-04 $  +15,263
   2026-05 $     -843

  Loading HK50.cash [1h]... 4120 bars, 246 days
  ----------------------------------------------------------------------------------------------------
  HK50.cash [1h] -- 2 strats @ 0.50%
  Trades: 296  PF: 1.40  WR: 68%  DD: -4.7%  Rend: +22%  M+: 7/12
  Duree avg: 17.6h  Multi-day (>=24h): 60 (20.3%)  Weekend cross: 24 (8.1%)

                   Strat     n    WR     PF        PnL
                ALL_DC50   135   68%  1.24 $   +3,021
                 BOS_FVG   161   68%  1.53 $   +7,841

      Mois        PnL
   2025-05 $     -400
   2025-06 $       +1
   2025-07 $     -202
   2025-08 $   +1,444
   2025-09 $   +2,239
   2025-10 $     -203
   2025-11 $   +3,461
   2025-12 $   +1,217
   2026-01 $   +2,802
   2026-02 $     -259
   2026-03 $     +842
   2026-04 $      -78

  Loading UK100.cash [1h]... 5742 bars, 301 days
  ----------------------------------------------------------------------------------------------------
  UK100.cash [1h] -- 5 strats @ 0.50%
  Trades: 1,074  PF: 1.28  WR: 61%  DD: -10.1%  Rend: +87%  M+: 11/13
  Duree avg: 16.8h  Multi-day (>=24h): 188 (17.5%)  Weekend cross: 80 (7.4%)

                   Strat     n    WR     PF        PnL
              ALL_HAMMER   231   52%  1.26 $  +10,992
            ALL_MACD_DIV   187   60%  1.35 $  +10,015
            ALL_STOCH_OB   208   62%  1.12 $   +3,643
           AVWAP_RECLAIM   205   74%  1.23 $   +4,486
              IDX_BB_REV   243   60%  1.41 $  +14,439

      Mois        PnL
   2025-05 $   +3,248
   2025-06 $   +6,260
   2025-07 $   +5,615
   2025-08 $   +6,186
   2025-09 $     +684
   2025-10 $   -3,390
   2025-11 $     +604
   2025-12 $   +9,780
   2026-01 $   +1,151
   2026-02 $      -17
   2026-03 $   +6,231
   2026-04 $   +6,712
   2026-05 $     +511

  Loading US2000.cash [1h]... 5909 bars, 314 days
  ----------------------------------------------------------------------------------------------------
  US2000.cash [1h] -- 5 strats @ 0.50%
  Trades: 619  PF: 1.27  WR: 57%  DD: -8.4%  Rend: +46%  M+: 9/13
  Duree avg: 14.4h  Multi-day (>=24h): 74 (12.0%)  Weekend cross: 32 (5.2%)

                   Strat     n    WR     PF        PnL
             ALL_ICHI_TK    78   54%  1.31 $   +3,495
           AVWAP_RECLAIM   181   54%  1.26 $   +6,797
         IDX_VWAP_BOUNCE   100   52%  1.31 $   +4,561
                 TOK_NR4   187   66%  1.15 $   +2,920
               TOK_STOCH    73   51%  1.47 $   +5,074

      Mois        PnL
   2025-05 $   -1,250
   2025-06 $   +4,551
   2025-07 $   -2,381
   2025-08 $   +5,530
   2025-09 $   +1,629
   2025-10 $   +3,663
   2025-11 $     -687
   2025-12 $   +1,790
   2026-01 $   +3,234
   2026-02 $   -2,193
   2026-03 $   +5,557
   2026-04 $   +3,090
   2026-05 $     +314

  Loading XAGUSD [1h]... 5919 bars, 313 days
  ----------------------------------------------------------------------------------------------------
  XAGUSD [1h] -- 2 strats @ 0.50%
  Trades: 326  PF: 1.19  WR: 60%  DD: -4.5%  Rend: +14%  M+: 7/13
  Duree avg: 22.9h  Multi-day (>=24h): 91 (27.9%)  Weekend cross: 31 (9.5%)

                   Strat     n    WR     PF        PnL
             ALL_MTF_BRK   254   61%  1.16 $   +4,375
                TOK_TRIX    72   54%  1.30 $   +2,727

      Mois        PnL
   2025-05 $     -995
   2025-06 $   +1,533
   2025-07 $     -705
   2025-08 $     -687
   2025-09 $     -110
   2025-10 $   +2,229
   2025-11 $   +1,270
   2025-12 $   +1,051
   2026-01 $   +2,649
   2026-02 $     +720
   2026-03 $     +684
   2026-04 $     -528
   2026-05 $       -7

  Loading EU50.cash [1h]... 3541 bars, 253 days
  ----------------------------------------------------------------------------------------------------
  EU50.cash [1h] -- 3 strats @ 0.50%
  Trades: 389  PF: 1.19  WR: 57%  DD: -5.4%  Rend: +14%  M+: 7/12
  Duree avg: 14.5h  Multi-day (>=24h): 68 (17.5%)  Weekend cross: 28 (7.2%)

                   Strat     n    WR     PF        PnL
          ALL_CONSEC_REV    63   57%  1.17 $   +1,309
              ALL_HAMMER   177   52%  1.27 $   +3,209
           ALL_PIVOT_BRK   149   62%  1.15 $   +2,431

      Mois        PnL
   2025-05 $   +1,580
   2025-06 $     +205
   2025-07 $   +2,066
   2025-08 $     -353
   2025-09 $   -1,499
   2025-10 $   +1,389
   2025-11 $      -68
   2025-12 $   +1,440
   2026-01 $     -228
   2026-02 $     -555
   2026-03 $   +1,183
   2026-04 $   +1,789

  Loading JP225.cash [1h]... 5912 bars, 314 days
  ----------------------------------------------------------------------------------------------------
  JP225.cash [1h] -- 5 strats @ 0.50%
  Trades: 982  PF: 1.21  WR: 64%  DD: -6.5%  Rend: +49%  M+: 12/13
  Duree avg: 10.8h  Multi-day (>=24h): 94 (9.6%)  Weekend cross: 44 (4.5%)

                   Strat     n    WR     PF        PnL
             ALL_EMA_821   173   69%  1.36 $   +6,104
             ALL_EMA_921   169   68%  1.24 $   +4,391
            ALL_FVG_BULL   187   53%  1.25 $   +7,279
              ALL_MOM_10   258   50%  1.09 $   +3,867
                 BOS_FVG   195   86%  1.30 $   +3,067

      Mois        PnL
   2025-05 $   +2,879
   2025-06 $   +4,880
   2025-07 $     -935
   2025-08 $   +2,446
   2025-09 $     +849
   2025-10 $   +3,415
   2025-11 $   +2,601
   2025-12 $     +431
   2026-01 $   +3,746
   2026-02 $   +2,385
   2026-03 $   +1,586
   2026-04 $     +209
   2026-05 $     +214

====================================================================================================
  AGREGE -- 11 (sym,tf) units -- $50,000
====================================================================================================

+------------+--------+------+-----+------+-----------+---------+------------+----------+---------+---------+
| Semaine    | Trades | Wins |  WR |   PF |       PnL |  Rend P |    Capital |     Rend |      DD |   MaxDD |
+------------+--------+------+-----+------+-----------+---------+------------+----------+---------+---------+
| 2025-05-12 |     83 |   45 | 54% | 0.90 |     $-945 |  -1.89% |    $49,055 |    -1.9% |  -4.67% |  -4.67% |
| 2025-05-19 |    195 |  116 | 59% | 1.14 |   $+2,850 |  +5.81% |    $51,905 |    +3.8% |  -6.34% |  -6.34% |
| 2025-05-26 |    189 |  127 | 67% | 1.74 |  $+12,579 | +24.23% |    $64,483 |   +29.0% |  -3.76% |  -6.34% |
| 2025-06-02 |    183 |  117 | 64% | 1.43 |   $+9,987 | +15.49% |    $74,470 |   +48.9% |  -5.45% |  -6.34% |
| 2025-06-09 |    206 |  123 | 60% | 1.21 |   $+6,628 |  +8.90% |    $81,098 |   +62.2% |  -4.58% |  -6.34% |
| 2025-06-16 |    202 |  123 | 61% | 1.30 |   $+9,960 | +12.28% |    $91,057 |   +82.1% |  -7.07% |  -7.07% |
| 2025-06-23 |    184 |  110 | 60% | 1.24 |   $+8,844 |  +9.71% |    $99,901 |   +99.8% |  -5.14% |  -7.07% |
| 2025-06-30 |    175 |  103 | 59% | 1.17 |   $+6,306 |  +6.31% |   $106,207 |  +112.4% |  -7.36% |  -7.36% |
| 2025-07-07 |    198 |  119 | 60% | 1.18 |   $+8,495 |  +8.00% |   $114,702 |  +129.4% |  -8.47% |  -8.47% |
| 2025-07-14 |    180 |  106 | 59% | 1.25 |  $+11,234 |  +9.79% |   $125,936 |  +151.9% |  -4.19% |  -8.47% |
| 2025-07-21 |    183 |  111 | 61% | 1.25 |  $+12,127 |  +9.63% |   $138,063 |  +176.1% |  -3.61% |  -8.47% |
| 2025-07-28 |    180 |  102 | 57% | 1.02 |   $+1,425 |  +1.03% |   $139,488 |  +179.0% | -10.68% | -10.68% |
| 2025-08-04 |    166 |  102 | 61% | 1.36 |  $+16,450 | +11.79% |   $155,938 |  +211.9% | -10.73% | -10.73% |
| 2025-08-11 |    203 |  130 | 64% | 1.51 |  $+30,422 | +19.51% |   $186,361 |  +272.7% |  -4.72% | -10.73% |
| 2025-08-18 |    181 |  111 | 61% | 1.38 |  $+25,264 | +13.56% |   $211,625 |  +323.2% |  -3.85% | -10.73% |
| 2025-08-25 |    178 |  108 | 61% | 1.29 |  $+22,074 | +10.43% |   $233,698 |  +367.4% |  -3.69% | -10.73% |
| 2025-09-01 |    208 |  113 | 54% | 0.99 |     $-891 |  -0.38% |   $232,808 |  +365.6% |  -9.57% | -10.73% |
| 2025-09-08 |    175 |  115 | 66% | 1.61 |  $+43,519 | +18.69% |   $276,327 |  +452.7% |  -5.90% | -10.73% |
| 2025-09-15 |    176 |   98 | 56% | 0.97 |   $-3,271 |  -1.18% |   $273,056 |  +446.1% |  -5.92% | -10.73% |
| 2025-09-22 |    202 |  106 | 52% | 0.89 |  $-14,936 |  -5.47% |   $258,120 |  +416.2% | -12.48% | -12.48% |
| 2025-09-29 |    181 |  108 | 60% | 1.21 |  $+20,307 |  +7.87% |   $278,427 |  +456.9% | -12.41% | -12.48% |
| 2025-10-06 |    182 |  107 | 59% | 1.15 |  $+16,051 |  +5.76% |   $294,477 |  +489.0% |  -9.19% | -12.48% |
| 2025-10-13 |    189 |  132 | 70% | 1.92 |  $+87,692 | +29.78% |   $382,170 |  +664.3% |  -4.83% | -12.48% |
| 2025-10-20 |    175 |   87 | 50% | 0.76 |  $-38,562 | -10.09% |   $343,608 |  +587.2% | -15.45% | -15.45% |
| 2025-10-27 |    201 |  113 | 56% | 1.04 |   $+5,955 |  +1.73% |   $349,563 |  +599.1% | -17.07% | -17.07% |
| 2025-11-03 |    205 |  119 | 58% | 1.12 |  $+18,682 |  +5.34% |   $368,245 |  +636.5% | -13.56% | -17.07% |
| 2025-11-10 |    194 |  100 | 52% | 0.83 |  $-29,033 |  -7.88% |   $339,212 |  +578.4% | -15.73% | -17.07% |
| 2025-11-17 |    179 |  103 | 58% | 1.09 |  $+11,911 |  +3.51% |   $351,123 |  +602.2% | -14.69% | -17.07% |
| 2025-11-24 |    182 |  103 | 57% | 1.03 |   $+4,252 |  +1.21% |   $355,374 |  +610.7% | -13.28% | -17.07% |
| 2025-12-01 |    186 |  119 | 64% | 1.39 |  $+49,626 | +13.96% |   $405,000 |  +710.0% |  -9.68% | -17.07% |
| 2025-12-08 |    220 |  141 | 64% | 1.60 |  $+97,704 | +24.12% |   $502,703 |  +905.4% |  -4.55% | -17.07% |
| 2025-12-15 |    188 |  118 | 63% | 1.33 |  $+60,194 | +11.97% |   $562,897 | +1025.8% |  -3.08% | -17.07% |
| 2025-12-22 |    117 |   74 | 63% | 1.48 |  $+60,670 | +10.78% |   $623,568 | +1147.1% |  -2.31% | -17.07% |
| 2025-12-29 |    147 |   89 | 61% | 1.24 |  $+44,782 |  +7.18% |   $668,349 | +1236.7% |  -4.14% | -17.07% |
| 2026-01-05 |    188 |  101 | 54% | 0.98 |   $-5,663 |  -0.85% |   $662,687 | +1225.4% |  -6.03% | -17.07% |
| 2026-01-12 |    191 |  124 | 65% | 1.45 | $+114,459 | +17.27% |   $777,146 | +1454.3% |  -4.87% | -17.07% |
| 2026-01-19 |    171 |   98 | 57% | 1.06 |  $+16,573 |  +2.13% |   $793,718 | +1487.4% |  -9.71% | -17.07% |
| 2026-01-26 |    193 |  121 | 63% | 1.45 | $+138,293 | +17.42% |   $932,011 | +1764.0% |  -4.66% | -17.07% |
| 2026-02-02 |    198 |  136 | 69% | 1.78 | $+248,777 | +26.69% | $1,180,788 | +2261.6% |  -3.77% | -17.07% |
| 2026-02-09 |    168 |  105 | 62% | 1.32 | $+125,175 | +10.60% | $1,305,964 | +2511.9% |  -7.33% | -17.07% |
| 2026-02-16 |    196 |  122 | 62% | 1.29 | $+153,224 | +11.73% | $1,459,188 | +2818.4% |  -5.40% | -17.07% |
| 2026-02-23 |    205 |   99 | 48% | 0.70 | $-232,539 | -15.94% | $1,226,649 | +2353.3% | -20.45% | -20.45% |
| 2026-03-02 |    188 |  121 | 64% | 1.39 | $+178,880 | +14.58% | $1,405,529 | +2711.1% | -22.06% | -22.06% |
| 2026-03-09 |    179 |  105 | 59% | 1.14 |  $+80,228 |  +5.71% | $1,485,757 | +2871.5% |  -8.95% | -22.06% |
| 2026-03-16 |    202 |  127 | 63% | 1.44 | $+253,501 | +17.06% | $1,739,257 | +3378.5% |  -4.87% | -22.06% |
| 2026-03-23 |    165 |  112 | 68% | 1.69 | $+348,087 | +20.01% | $2,087,345 | +4074.7% |  -3.13% | -22.06% |
| 2026-03-30 |    172 |  116 | 67% | 1.71 | $+454,431 | +21.77% | $2,541,776 | +4983.6% |  -3.77% | -22.06% |
| 2026-04-06 |    142 |   83 | 58% | 1.12 |  $+93,366 |  +3.67% | $2,635,142 | +5170.3% |  -8.43% | -22.06% |
| 2026-04-13 |    202 |  121 | 60% | 1.19 | $+213,107 |  +8.09% | $2,848,250 | +5596.5% |  -7.64% | -22.06% |
| 2026-04-20 |    174 |  105 | 60% | 1.24 | $+238,254 |  +8.36% | $3,086,503 | +6073.0% |  -5.13% | -22.06% |
| 2026-04-27 |    191 |  112 | 59% | 1.40 | $+424,176 | +13.74% | $3,510,680 | +6921.4% |  -4.55% | -22.06% |
+------------+--------+------+-----+------+-----------+---------+------------+----------+---------+---------+

  TOTAL: Trades 9,318  WR 60%  PF 1.27  MaxDD -22.06%  Rend +6921.4%
  Duree avg: 16.2h  Multi-day (>=24h): 1528 (16.4%)  Weekend cross (non-crypto): 617/9318 (6.6%)
  Semaine+ 43/51  Semaine- 8/51
  $50,000 -> $3,510,680

  BREAKDOWN par (sym, tf):
  Sym               TF      n   WR    PF          PnL
  AUS200.cash       1h   1724  63% 1.27     +163.9R
  EU50.cash         1h    389  57% 1.20      +26.7R
  GER40.cash        1h   1176  60% 1.22     +108.3R
  HK50.cash         1h    296  68% 1.41      +40.1R
  JP225.cash        1h    982  64% 1.23      +83.5R
  UK100.cash        1h   1074  61% 1.30     +129.5R
  US2000.cash       1h    619  57% 1.28      +77.4R
  US30.cash         1h   1284  56% 1.20     +115.3R
  US500.cash        1h   1183  59% 1.18      +84.1R
  XAGUSD            1h    326  60% 1.20      +27.4R
  XAUUSD            1h    265  51% 1.28      +38.3R

====================================================================================================