2026-04-28 02:15:01 | ~ AUS200.cash 00:00 C=8699.30 ATR=5.30 0pos $45,814
2026-04-28 02:15:01 | >>> SELL AUS200.cash ALL_MACD_DIV SHORT 2.40lots @ 8699.30 SL=8709.90 TP=0.00 <<<
2026-04-28 02:15:01 |     OK #145365827 fill=8699.30
2026-04-28 02:15:01 |     Cap=$45,814 Risk=$18 (0.0%)
2026-04-28 02:15:01 | >>> SELL AUS200.cash ALL_MOM_10 SHORT 2.40lots @ 8699.30 SL=8709.90 TP=8691.35 <<<
2026-04-28 02:15:02 |     OK #145365830 fill=8699.30
2026-04-28 02:15:02 |     Cap=$45,814 Risk=$18 (0.0%)
2026-04-28 02:15:02 | >>> SELL AUS200.cash ALL_RSI_DIV SHORT 2.20lots @ 8698.30 SL=8709.90 TP=0.00 <<<
2026-04-28 02:15:02 |     OK #145365833 fill=8698.30
2026-04-28 02:15:02 |     Cap=$45,814 Risk=$18 (0.0%)
2026-04-28 02:15:03 | ~ US2000.cash 00:00 C=2797.01 ATR=1.95 0pos $45,814
2026-04-28 02:15:05 | ~ XAUUSD 00:00 C=4697.74 ATR=3.54 0pos $45,814
2026-04-28 02:15:05 | >>> BUY XAUUSD BOS_FVG LONG 0.02lots @ 4698.12 SL=4688.90 TP=4704.81 <<<
2026-04-28 02:15:05 |     OK #145365854 fill=4698.12
2026-04-28 02:15:05 |     Cap=$45,814 Risk=$18 (0.0%)
2026-04-28 02:15:06 | ~ US500.cash 00:00 C=7189.67 ATR=3.57 0pos $45,814
2026-04-28 02:15:07 | ~ US100.cash 00:00 C=27367.15 ATR=19.21 1pos $45,814
2026-04-28 02:15:07 | ~ US30.cash 00:00 C=49266.51 ATR=22.29 0pos $45,814
2026-04-28 02:15:08 | ~ UK100.cash 00:00 C=10330.90 ATR=5.34 0pos $45,814
2026-04-28 02:15:08 | >>> SELL UK100.cash ALL_LR_BREAK SHORT 0.80lots @ 10327.40 SL=10344.26 TP=10325.56 <<<
2026-04-28 02:15:09 |     OK #145365880 fill=10327.40
2026-04-28 02:15:09 |     Cap=$45,814 Risk=$18 (0.0%)
2026-04-28 02:16:02 | ~ GER40.cash 00:00 C=24159.51 ATR=14.27 0pos $45,814
2026-04-28 02:30:01 | ~ XAUUSD 00:15 C=4694.85 ATR=3.54 1pos $45,820
2026-04-28 02:30:01 | ~ GER40.cash 00:15 C=24125.51 ATR=14.27 0pos $45,820
2026-04-28 02:30:02 | ~ US500.cash 00:15 C=7183.97 ATR=3.57 0pos $45,820
2026-04-28 02:30:02 | >>> SELL US500.cash ALL_MACD_STD_SIG SHORT 1.71lots @ 7183.97 SL=7194.68 TP=7173.26 <<<
2026-04-28 02:30:02 |     OK #145368224 fill=7183.97
2026-04-28 02:30:02 |     Cap=$45,820 Risk=$18 (0.0%)
2026-04-28 02:30:02 | >>> SELL US500.cash TOK_2BAR SHORT 2.05lots @ 7183.97 SL=7192.89 TP=7181.29 <<<
2026-04-28 02:30:02 |     OK #145368225 fill=7183.97
2026-04-28 02:30:02 |     Cap=$45,820 Risk=$18 (0.0%)
2026-04-28 02:30:03 | ~ US100.cash 00:15 C=27329.95 ATR=19.21 0pos $45,820
2026-04-28 02:30:03 | >>> SELL US100.cash TOK_2BAR SHORT 0.38lots @ 27329.95 SL=27377.98 TP=27310.74 <<<
2026-04-28 02:30:03 |     OK #145368227 fill=27329.95
2026-04-28 02:30:03 |     Cap=$45,820 Risk=$18 (0.0%)
2026-04-28 02:30:03 | ~ US30.cash 00:15 C=49252.01 ATR=22.29 0pos $45,820
2026-04-28 02:30:04 | ~ AUS200.cash 00:15 C=8695.00 ATR=5.30 3pos $45,820
2026-04-28 02:30:04 | TRAIL ACTIVE AUS200.cash ALL_MACD_DIV short best=8695.00
2026-04-28 02:30:04 | TRAIL AUS200.cash ALL_MACD_DIV SL 8709.90->8696.59
2026-04-28 02:30:04 |     Modify SL #145365827 failed: 10016
2026-04-28 02:30:04 | TRAIL ACTIVE AUS200.cash ALL_RSI_DIV short best=8695.00
2026-04-28 02:30:04 | TRAIL AUS200.cash ALL_RSI_DIV SL 8709.90->8696.59
2026-04-28 02:30:04 |     Modify SL #145365833 failed: 10016
2026-04-28 02:30:05 | ~ UK100.cash 00:15 C=10327.30 ATR=5.34 1pos $45,820
2026-04-28 02:30:05 | ~ US2000.cash 00:15 C=2795.50 ATR=1.95 0pos $45,820
2026-04-28 02:45:02 | ~ US2000.cash 00:30 C=2796.23 ATR=1.95 0pos $45,820
2026-04-28 02:45:03 | ~ XAUUSD 00:30 C=4693.51 ATR=3.54 1pos $45,820
2026-04-28 02:45:04 | ~ GER40.cash 00:30 C=24135.01 ATR=14.27 0pos $45,820
2026-04-28 02:45:04 | ~ US500.cash 00:30 C=7184.93 ATR=3.57 2pos $45,820
2026-04-28 02:45:04 | ~ US100.cash 00:30 C=27340.45 ATR=19.21 1pos $45,820
2026-04-28 02:45:05 | ~ US30.cash 00:30 C=49246.11 ATR=22.29 0pos $45,820
2026-04-28 02:45:05 | >>> SELL US30.cash ALL_MOM_10 SHORT 0.33lots @ 49246.11 SL=49301.84 TP=49212.67 <<<
2026-04-28 02:45:05 |     OK #145369641 fill=49246.11
2026-04-28 02:45:05 |     Cap=$45,820 Risk=$18 (0.0%)
2026-04-28 02:45:06 | ~ UK100.cash 00:30 C=10334.80 ATR=5.34 1pos $45,820
2026-04-28 02:45:19 | ~ AUS200.cash 00:30 C=8705.80 ATR=5.30 3pos $45,820
2026-04-28 02:45:19 | TRAIL AUS200.cash ALL_MACD_DIV SL 8709.90->8696.59
2026-04-28 02:45:19 |     Modify SL #145365827 failed: 10016
2026-04-28 02:45:19 | TRAIL AUS200.cash ALL_RSI_DIV SL 8709.90->8696.59
2026-04-28 02:45:19 |     Modify SL #145365833 failed: 10016
2026-04-28 03:00:01 | ~ UK100.cash 00:45 C=10332.90 ATR=5.34 1pos $45,759
2026-04-28 03:00:01 | >>> SELL UK100.cash ALL_HAMMER SHORT 0.92lots @ 10334.20 SL=10348.93 TP=0.00 <<<
2026-04-28 03:00:02 |     OK #145371412 fill=10334.20
2026-04-28 03:00:02 |     Cap=$45,759 Risk=$18 (0.0%)
2026-04-28 03:00:02 | ~ US2000.cash 00:45 C=2794.95 ATR=1.95 0pos $45,759
2026-04-28 03:00:04 | ~ XAUUSD 00:45 C=4690.40 ATR=3.54 1pos $45,759
2026-04-28 03:00:04 | ~ GER40.cash 00:45 C=24131.21 ATR=14.27 0pos $45,759
2026-04-28 03:00:05 | ~ US500.cash 00:45 C=7182.68 ATR=3.57 2pos $45,759
2026-04-28 03:00:05 | >>> SELL US500.cash ALL_ENGULF SHORT 3.62lots @ 7182.98 SL=7188.03 TP=7179.11 <<<
2026-04-28 03:00:05 |     OK #145371523 fill=7182.98
2026-04-28 03:00:05 |     Cap=$45,759 Risk=$18 (0.0%)
2026-04-28 03:00:06 | ~ US100.cash 00:45 C=27333.43 ATR=19.21 1pos $45,759
2026-04-28 03:00:06 | >>> SELL US100.cash ALL_NR4 SHORT 0.51lots @ 27335.73 SL=27371.86 TP=27304.61 <<<
2026-04-28 03:00:06 |     OK #145371537 fill=27335.73
2026-04-28 03:00:06 |     Cap=$45,759 Risk=$18 (0.0%)
2026-04-28 03:00:06 | ~ US30.cash 00:45 C=49220.61 ATR=22.29 1pos $45,759
2026-04-28 03:00:07 | ~ AUS200.cash 00:45 C=8711.00 ATR=5.30 0pos $45,759
2026-04-28 03:00:07 | TRAIL cleanup #145365827 AUS200.cash ALL_MACD_DIV (fermee)
2026-04-28 03:00:07 | TRAIL cleanup #145365833 AUS200.cash ALL_RSI_DIV (fermee)
2026-04-28 03:15:01 | ~ US100.cash 01:00 C=27326.25 ATR=19.21 2pos $45,746
2026-04-28 03:15:01 | ~ US30.cash 01:00 C=49236.71 ATR=22.29 1pos $45,746
2026-04-28 03:15:03 | ~ UK100.cash 01:00 C=10334.80 ATR=5.34 2pos $45,746
2026-04-28 03:15:03 | ~ US2000.cash 01:00 C=2795.54 ATR=1.95 0pos $45,746
2026-04-28 03:15:05 | ~ XAUUSD 01:00 C=4687.85 ATR=3.54 0pos $45,746
2026-04-28 03:15:05 | ~ GER40.cash 01:00 C=24125.01 ATR=14.27 0pos $45,746
2026-04-28 03:15:06 | ~ US500.cash 01:00 C=7182.88 ATR=3.57 2pos $45,746
2026-04-28 03:15:07 | ~ AUS200.cash 01:00 C=8711.50 ATR=5.30 0pos $45,746
2026-04-28 03:20:02 | ~ HK50.cash 18:45 C=25857.28 ATR=31.42 0pos $45,746
2026-04-28 03:30:01 | ~ US30.cash 01:15 C=49242.71 ATR=22.29 1pos $45,728
2026-04-28 03:30:01 | ~ AUS200.cash 01:15 C=8722.80 ATR=5.30 0pos $45,728
2026-04-28 03:30:02 | ~ HK50.cash 01:15 C=25706.90 ATR=21.94 0pos $45,728
2026-04-28 03:30:02 | >>> SELL HK50.cash ALL_ICHI_TK SHORT 3.98lots @ 25732.68 SL=25772.72 TP=25673.99 <<<
2026-04-28 03:30:02 |     OK #145377012 fill=25732.68
2026-04-28 03:30:02 |     Cap=$45,728 Risk=$18 (0.0%)
2026-04-28 03:30:03 | ~ UK100.cash 01:15 C=10340.50 ATR=5.34 1pos $45,728
2026-04-28 03:30:03 | BE_TP cleanup #145365880 UK100.cash ALL_LR_BREAK (fermee)
2026-04-28 03:30:03 | ~ US2000.cash 01:15 C=2796.44 ATR=1.95 0pos $45,728
2026-04-28 03:30:05 | ~ XAUUSD 01:15 C=4687.41 ATR=3.54 0pos $45,728
2026-04-28 03:30:05 | ~ GER40.cash 01:15 C=24144.51 ATR=14.27 0pos $45,728
2026-04-28 03:30:06 | ~ US500.cash 01:15 C=7184.48 ATR=3.57 2pos $45,728
2026-04-28 03:30:06 | >>> SELL US500.cash ALL_TRIX SHORT 2.64lots @ 7184.68 SL=7191.62 TP=0.00 <<<
2026-04-28 03:30:06 |     OK #145377019 fill=7184.68
2026-04-28 03:30:06 |     Cap=$45,728 Risk=$18 (0.0%)
2026-04-28 03:30:06 | ~ US100.cash 01:15 C=27335.55 ATR=19.21 2pos $45,728
2026-04-28 03:45:00 | ~ GER40.cash 01:30 C=24147.51 ATR=14.27 0pos $45,666
2026-04-28 03:45:01 | ~ US500.cash 01:30 C=7186.88 ATR=3.57 2pos $45,666
2026-04-28 03:45:01 | ~ US100.cash 01:30 C=27344.43 ATR=19.21 2pos $45,666
2026-04-28 03:45:02 | ~ US30.cash 01:30 C=49262.71 ATR=22.29 1pos $45,666
2026-04-28 03:45:02 | ~ AUS200.cash 01:30 C=8732.10 ATR=5.30 0pos $45,666
2026-04-28 03:45:03 | ~ HK50.cash 01:30 C=25832.48 ATR=21.94 0pos $45,666
2026-04-28 03:45:03 | ~ US2000.cash 01:30 C=2797.25 ATR=1.95 0pos $45,666
2026-04-28 03:45:05 | ~ XAUUSD 01:30 C=4687.08 ATR=3.54 0pos $45,666
2026-04-28 03:45:07 | ~ UK100.cash 01:30 C=10345.20 ATR=5.34 0pos $45,666
2026-04-28 03:45:07 | TRAIL cleanup #145371412 UK100.cash ALL_HAMMER (fermee)
2026-04-28 04:00:01 | ~ XAUUSD 01:45 C=4670.44 ATR=3.54 0pos $45,692
2026-04-28 04:00:02 | ~ GER40.cash 01:45 C=24122.51 ATR=14.27 0pos $45,692
2026-04-28 04:00:02 | >>> SELL GER40.cash ALL_CCI_100 SHORT 0.36lots @ 24122.01 SL=24165.31 TP=0.00 <<<
2026-04-28 04:00:02 |     OK #145385228 fill=24122.01
2026-04-28 04:00:02 |     Cap=$45,692 Risk=$18 (0.0%)
2026-04-28 04:00:03 | ~ US500.cash 01:45 C=7177.57 ATR=3.57 2pos $45,692
2026-04-28 04:00:03 | TRAIL ACTIVE US500.cash ALL_TRIX short best=7177.57
2026-04-28 04:00:03 | TRAIL US500.cash ALL_TRIX SL 7191.62->7178.64
2026-04-28 04:00:03 | ~ US100.cash 01:45 C=27286.55 ATR=19.21 0pos $45,692
2026-04-28 04:00:04 | ~ US30.cash 01:45 C=49226.51 ATR=22.29 1pos $45,692
2026-04-28 04:00:04 | ~ AUS200.cash 01:45 C=8715.10 ATR=5.30 0pos $45,692
2026-04-28 04:00:04 | ~ HK50.cash 01:45 C=25821.18 ATR=21.94 0pos $45,692
2026-04-28 04:00:05 | ~ UK100.cash 01:45 C=10336.90 ATR=5.34 0pos $45,692
2026-04-28 04:00:05 | ~ US2000.cash 01:45 C=2793.11 ATR=1.95 0pos $45,692
2026-04-28 04:15:00 | ~ HK50.cash 02:00 C=25861.28 ATR=21.94 0pos $45,707
2026-04-28 04:15:03 | ~ XAUUSD 02:00 C=4677.23 ATR=3.54 0pos $45,707
2026-04-28 04:15:03 | ~ GER40.cash 02:00 C=24132.51 ATR=14.27 1pos $45,707
2026-04-28 04:15:04 | ~ US500.cash 02:00 C=7179.08 ATR=3.57 1pos $45,707
2026-04-28 04:15:04 | TRAIL cleanup #145377019 US500.cash ALL_TRIX (fermee)
2026-04-28 04:15:04 | ~ US100.cash 02:00 C=27296.55 ATR=19.21 0pos $45,707
2026-04-28 04:15:04 | >>> SELL US100.cash ALL_LR_BREAK SHORT 0.32lots @ 27296.95 SL=27354.19 TP=27258.12 <<<
2026-04-28 04:15:04 |     OK #145389168 fill=27296.95
2026-04-28 04:15:04 |     Cap=$45,707 Risk=$18 (0.0%)
2026-04-28 04:15:05 | ~ AUS200.cash 02:00 C=8723.20 ATR=5.30 0pos $45,707
2026-04-28 04:15:06 | ~ US2000.cash 02:00 C=2793.54 ATR=1.95 0pos $45,707
2026-04-28 04:15:10 | ~ UK100.cash 02:00 C=10341.10 ATR=5.34 0pos $45,707
2026-04-28 04:15:13 | ~ US30.cash 02:00 C=49231.11 ATR=22.29 1pos $45,707
2026-04-28 04:15:13 | >>> SELL US30.cash TOK_TRIX SHORT 0.68lots @ 49231.11 SL=49257.86 TP=49214.39 <<<
2026-04-28 04:15:14 |     OK #145389198 fill=49231.11
2026-04-28 04:15:14 |     Cap=$45,707 Risk=$18 (0.0%)
2026-04-28 04:30:01 | ~ UK100.cash 02:15 C=10342.20 ATR=5.34 0pos $45,707
2026-04-28 04:30:01 | ~ US2000.cash 02:15 C=2793.84 ATR=1.95 0pos $45,707
2026-04-28 04:30:02 | ~ XAUUSD 02:15 C=4675.30 ATR=3.54 0pos $45,707
2026-04-28 04:30:03 | ~ GER40.cash 02:15 C=24138.01 ATR=14.27 1pos $45,707
2026-04-28 04:30:03 | ~ US500.cash 02:15 C=7179.18 ATR=3.57 1pos $45,707
2026-04-28 04:30:04 | ~ US100.cash 02:15 C=27295.45 ATR=19.21 1pos $45,707
2026-04-28 04:30:04 | ~ US30.cash 02:15 C=49235.21 ATR=22.29 2pos $45,707
2026-04-28 04:30:05 | ~ HK50.cash 02:15 C=25794.85 ATR=21.94 0pos $45,707
2026-04-28 04:30:08 | ~ AUS200.cash 02:15 C=8723.50 ATR=5.30 0pos $45,707
2026-04-28 04:45:01 | ~ US100.cash 02:30 C=27272.95 ATR=19.21 1pos $45,707
2026-04-28 04:45:01 | >>> SELL US100.cash ALL_AROON_CROSS SHORT 0.32lots @ 27272.65 SL=27330.59 TP=0.00 <<<
2026-04-28 04:45:02 |     OK #145392748 fill=27272.65
2026-04-28 04:45:02 |     Cap=$45,707 Risk=$18 (0.0%)
2026-04-28 04:45:03 | ~ HK50.cash 02:30 C=25755.85 ATR=21.94 0pos $45,707
2026-04-28 04:45:04 | ~ UK100.cash 02:30 C=10334.60 ATR=5.34 0pos $45,707
2026-04-28 04:45:04 | ~ US2000.cash 02:30 C=2792.34 ATR=1.95 0pos $45,707
2026-04-28 04:45:05 | ~ XAUUSD 02:30 C=4670.71 ATR=3.54 0pos $45,707
2026-04-28 04:45:06 | ~ GER40.cash 02:30 C=24120.61 ATR=14.27 1pos $45,707
2026-04-28 04:45:06 | ~ US500.cash 02:30 C=7175.98 ATR=3.57 1pos $45,707
2026-04-28 04:45:07 | ~ US30.cash 02:30 C=49225.71 ATR=22.29 2pos $45,707
2026-04-28 04:45:29 | ~ AUS200.cash 02:30 C=8718.00 ATR=5.30 0pos $45,707
2026-04-28 05:00:01 | ~ HK50.cash 02:45 C=25732.35 ATR=21.94 0pos $45,720
2026-04-28 05:00:02 | ~ US2000.cash 02:45 C=2791.93 ATR=1.95 0pos $45,720
2026-04-28 05:00:04 | ~ XAUUSD 02:45 C=4668.93 ATR=3.54 0pos $45,720
2026-04-28 05:00:04 | ~ GER40.cash 02:45 C=24119.51 ATR=14.27 1pos $45,720
2026-04-28 05:00:05 | ~ US500.cash 02:45 C=7174.73 ATR=3.57 1pos $45,720
2026-04-28 05:00:05 | ~ US100.cash 02:45 C=27259.75 ATR=19.21 1pos $45,720
2026-04-28 05:00:05 | TRAIL ACTIVE US100.cash ALL_AROON_CROSS short best=27259.75
2026-04-28 05:00:05 | TRAIL US100.cash ALL_AROON_CROSS SL 27330.59->27265.51
2026-04-28 05:00:06 | ~ US30.cash 02:45 C=49227.61 ATR=22.29 2pos $45,720
2026-04-28 05:00:07 | ~ UK100.cash 02:45 C=10332.30 ATR=5.34 0pos $45,720
2026-04-28 05:00:19 | ~ AUS200.cash 02:45 C=8713.10 ATR=5.30 0pos $45,720
2026-04-28 05:15:01 | ~ US100.cash 03:00 C=27273.65 ATR=19.21 0pos $45,722
2026-04-28 05:15:01 | TRAIL cleanup #145392748 US100.cash ALL_AROON_CROSS (fermee)
2026-04-28 05:15:02 | ~ HK50.cash 03:00 C=25752.40 ATR=21.94 0pos $45,722
2026-04-28 05:15:03 | ~ UK100.cash 03:00 C=10335.00 ATR=5.34 0pos $45,722
2026-04-28 05:15:03 | ~ US2000.cash 03:00 C=2792.84 ATR=1.95 0pos $45,722
2026-04-28 05:15:05 | ~ XAUUSD 03:00 C=4672.75 ATR=3.54 0pos $45,722
2026-04-28 05:15:06 | ~ US500.cash 03:00 C=7177.18 ATR=3.57 1pos $45,722
2026-04-28 05:15:07 | ~ US30.cash 03:00 C=49244.61 ATR=22.29 2pos $45,722
2026-04-28 05:15:10 | ~ GER40.cash 03:00 C=24128.61 ATR=14.27 1pos $45,722
2026-04-28 05:15:21 | ~ AUS200.cash 03:00 C=8716.70 ATR=5.30 0pos $45,722
2026-04-28 05:30:00 | ~ GER40.cash 03:15 C=24140.31 ATR=14.27 1pos $45,722
2026-04-28 05:30:01 | ~ US500.cash 03:15 C=7179.18 ATR=3.57 1pos $45,722
2026-04-28 05:30:01 | ~ US100.cash 03:15 C=27285.18 ATR=19.21 0pos $45,722
2026-04-28 05:30:02 | ~ US30.cash 03:15 C=49245.71 ATR=22.29 2pos $45,722
2026-04-28 05:30:02 | ~ AUS200.cash 03:15 C=8716.70 ATR=5.30 0pos $45,722
2026-04-28 05:30:03 | ~ HK50.cash 03:15 C=25782.20 ATR=21.94 0pos $45,722
2026-04-28 05:30:03 | ~ UK100.cash 03:15 C=10336.00 ATR=5.34 0pos $45,722
2026-04-28 05:30:04 | ~ US2000.cash 03:15 C=2793.95 ATR=1.95 0pos $45,722
2026-04-28 05:30:05 | ~ XAUUSD 03:15 C=4674.70 ATR=3.54 0pos $45,722
2026-04-28 05:45:01 | ~ HK50.cash 03:30 C=25747.70 ATR=21.94 0pos $45,703
2026-04-28 05:45:03 | ~ XAUUSD 03:30 C=4671.81 ATR=3.54 0pos $45,703
2026-04-28 05:45:04 | ~ US100.cash 03:30 C=27286.68 ATR=19.21 0pos $45,703
2026-04-28 05:45:05 | ~ US30.cash 03:30 C=49243.71 ATR=22.29 1pos $45,703
2026-04-28 05:45:06 | ~ US2000.cash 03:30 C=2794.05 ATR=1.95 0pos $45,703
2026-04-28 05:45:08 | ~ GER40.cash 03:30 C=24138.21 ATR=14.27 1pos $45,703
2026-04-28 05:45:08 | ~ US500.cash 03:30 C=7179.18 ATR=3.57 1pos $45,703
2026-04-28 05:45:09 | ~ AUS200.cash 03:30 C=8720.70 ATR=5.30 0pos $45,703
2026-04-28 05:45:10 | ~ UK100.cash 03:30 C=10339.10 ATR=5.34 0pos $45,703
2026-04-28 06:00:01 | ~ GER40.cash 03:45 C=24138.31 ATR=14.27 1pos $45,703
2026-04-28 06:00:01 | ~ US500.cash 03:45 C=7176.98 ATR=3.57 1pos $45,703
2026-04-28 06:00:02 | ~ US100.cash 03:45 C=27275.58 ATR=19.21 0pos $45,703
2026-04-28 06:00:02 | >>> SELL US100.cash ALL_MSTAR SHORT 0.40lots @ 27277.83 SL=27323.61 TP=27261.17 <<<
2026-04-28 06:00:02 |     OK #145402034 fill=27277.83
2026-04-28 06:00:02 |     Cap=$45,703 Risk=$18 (0.0%)
2026-04-28 06:00:02 | ~ US30.cash 03:45 C=49240.21 ATR=22.29 1pos $45,703
2026-04-28 06:00:04 | ~ UK100.cash 03:45 C=10340.90 ATR=5.34 0pos $45,703
2026-04-28 06:00:04 | ~ US2000.cash 03:45 C=2792.75 ATR=1.95 0pos $45,703
2026-04-28 06:00:05 | ~ XAUUSD 03:45 C=4670.74 ATR=3.54 0pos $45,703
2026-04-28 06:00:07 | ~ AUS200.cash 03:45 C=8718.70 ATR=5.30 0pos $45,703
2026-04-28 06:15:01 | ~ XAUUSD 04:00 C=4669.60 ATR=3.54 0pos $45,703
2026-04-28 06:15:02 | ~ GER40.cash 04:00 C=24141.11 ATR=14.27 1pos $45,703
2026-04-28 06:15:02 | ~ US500.cash 04:00 C=7178.68 ATR=3.57 1pos $45,703
2026-04-28 06:15:03 | ~ US100.cash 04:00 C=27289.15 ATR=19.21 1pos $45,703
2026-04-28 06:15:03 | ~ AUS200.cash 04:00 C=8717.50 ATR=5.30 0pos $45,703
2026-04-28 06:15:16 | ~ US2000.cash 04:00 C=2793.15 ATR=1.95 0pos $45,703
2026-04-28 06:15:19 | ~ US30.cash 04:00 C=49228.51 ATR=22.29 1pos $45,703
2026-04-28 06:15:20 | ~ UK100.cash 04:00 C=10340.00 ATR=5.34 0pos $45,703
2026-04-28 06:30:01 | ~ US2000.cash 04:15 C=2793.75 ATR=1.95 0pos $45,703
2026-04-28 06:30:03 | ~ XAUUSD 04:15 C=4667.23 ATR=3.54 0pos $45,703
2026-04-28 06:30:03 | ~ GER40.cash 04:15 C=24147.51 ATR=14.27 1pos $45,703
2026-04-28 06:30:04 | ~ US500.cash 04:15 C=7179.38 ATR=3.57 1pos $45,703
2026-04-28 06:30:04 | ~ US100.cash 04:15 C=27292.68 ATR=19.21 1pos $45,703
2026-04-28 06:30:04 | ~ US30.cash 04:15 C=49232.71 ATR=22.29 1pos $45,703
2026-04-28 06:30:05 | ~ AUS200.cash 04:15 C=8712.10 ATR=5.30 0pos $45,703
2026-04-28 06:30:09 | ~ UK100.cash 04:15 C=10340.10 ATR=5.34 0pos $45,703
2026-04-28 06:45:01 | ~ US100.cash 04:30 C=27300.48 ATR=19.21 1pos $45,685
2026-04-28 06:45:02 | ~ US30.cash 04:30 C=49245.71 ATR=22.29 1pos $45,685
2026-04-28 06:45:03 | ~ US2000.cash 04:30 C=2794.65 ATR=1.95 0pos $45,685
2026-04-28 06:45:05 | ~ XAUUSD 04:30 C=4669.61 ATR=3.54 0pos $45,685
2026-04-28 06:45:05 | ~ GER40.cash 04:30 C=24162.71 ATR=14.27 0pos $45,685
2026-04-28 06:45:05 | TRAIL cleanup #145385228 GER40.cash ALL_CCI_100 (fermee)
2026-04-28 06:45:06 | ~ US500.cash 04:30 C=7181.18 ATR=3.57 1pos $45,685
2026-04-28 06:45:08 | ~ UK100.cash 04:30 C=10339.10 ATR=5.34 0pos $45,685
2026-04-28 06:45:12 | ~ AUS200.cash 04:30 C=8715.50 ATR=5.30 0pos $45,685