PS C:\Users\Emmanuel\Documents\vp_swing> python bt_portfolio.py ftmo --tf 15m -r 0.05 -c 50000 --weekly

==========================================================================================
  BACKTEST FTMO — $50,000
==========================================================================================

  Loading XAUUSD... 23550 bars, 312 days
------------------------------------------------------------------------------------------
  XAUUSD — 9 strats @ 0.05%
------------------------------------------------------------------------------------------
  Trades: 1,727 | PF: 1.60 | WR: 76% | DD: -1.0% | Rend: +14% | M+: 13/13
  Capital: $56,755

                   Strat     n    WR     PF        PnL
            ALL_MACD_RSI   219   79%  1.65 $     +766
           IDX_TREND_DAY   122   80%  1.73 $     +491
            ALL_BB_TIGHT   227   78%  1.65 $     +843
           IDX_3SOLDIERS   218   75%  1.30 $     +427
          ALL_ELDER_BEAR   174   80%  1.72 $     +654
            ALL_ROC_ZERO   180   74%  1.45 $     +553
              ALL_KC_BRK   234   73%  1.61 $   +1,049
           ALL_MACD_HIST   119   64%  1.80 $     +923
              IDX_KC_BRK   234   73%  1.61 $   +1,049

      Mois        PnL
   2025-04 $     +227
   2025-05 $     +181
   2025-06 $     +693
   2025-07 $     +273
   2025-08 $     +237
   2025-09 $   +1,081
   2025-10 $     +220
   2025-11 $     +875
   2025-12 $     +177
   2026-01 $     +989
   2026-02 $     +912
   2026-03 $     +599
   2026-04 $     +289

  Loading GER40.cash... 22843 bars, 303 days
------------------------------------------------------------------------------------------
  GER40.cash — 7 strats @ 0.05%
------------------------------------------------------------------------------------------
  Trades: 1,192 | PF: 1.43 | WR: 73% | DD: -0.6% | Rend: +7% | M+: 10/13
  Capital: $53,563

                   Strat     n    WR     PF        PnL
               ALL_MSTAR    51   67%  1.37 $     +148
             ALL_CCI_100   201   85%  1.93 $     +743
                ALL_TRIX   229   78%  1.61 $     +806
          ALL_KB_SQUEEZE   137   70%  1.18 $     +192
             IDX_RSI_REV   126   28%  1.23 $     +543
          ALL_ELDER_BULL   214   84%  1.88 $     +776
           ALL_3SOLDIERS   234   75%  1.24 $     +356

      Mois        PnL
   2025-04 $     +235
   2025-05 $     +410
   2025-06 $     +224
   2025-07 $     +488
   2025-08 $     +211
   2025-09 $     +206
   2025-10 $      +19
   2025-11 $     +377
   2025-12 $       -7
   2026-01 $     -159
   2026-02 $     +155
   2026-03 $   +1,441
   2026-04 $      -37

  Loading US500.cash... 23514 bars, 313 days
------------------------------------------------------------------------------------------
  US500.cash — 8 strats @ 0.05%
------------------------------------------------------------------------------------------
  Trades: 1,329 | PF: 1.57 | WR: 69% | DD: -1.2% | Rend: +13% | M+: 13/13
  Capital: $56,277

                   Strat     n    WR     PF        PnL
               ALL_MSTAR    72   74%  1.39 $     +196
                 TOK_BIG    97   54%  1.55 $     +650
             ALL_EMA_921   220   80%  2.11 $   +1,392
              IDX_ENGULF   174   73%  1.81 $   +1,008
             ALL_MTF_BRK   226   70%  1.42 $     +745
         ALL_CMO_14_ZERO   201   61%  1.61 $   +1,253
          ALL_ELDER_BULL   144   79%  1.45 $     +366
            ALL_MACD_ADX   195   56%  1.30 $     +668

      Mois        PnL
   2025-04 $      +30
   2025-05 $     +802
   2025-06 $     +317
   2025-07 $     +390
   2025-08 $     +222
   2025-09 $     +513
   2025-10 $     +625
   2025-11 $     +260
   2025-12 $     +200
   2026-01 $   +1,110
   2026-02 $     +677
   2026-03 $   +1,089
   2026-04 $      +44

  Loading US100.cash... 23515 bars, 313 days
------------------------------------------------------------------------------------------
  US100.cash — 8 strats @ 0.05%
------------------------------------------------------------------------------------------
  Trades: 1,312 | PF: 1.40 | WR: 71% | DD: -1.1% | Rend: +8% | M+: 11/13
  Capital: $53,978

                   Strat     n    WR     PF        PnL
                      D8    34   94%  1.34 $      +17
               ALL_MSTAR    72   88%  1.72 $     +168
                TOK_TRIX   131   66%  1.55 $     +646
             ALL_EMA_821   225   73%  1.37 $     +609
             ALL_ICHI_TK   179   70%  1.12 $     +169
            ALL_DC10_EMA   255   70%  1.36 $     +730
           IDX_3SOLDIERS   210   68%  1.41 $     +721
              ALL_RSI_50   206   67%  1.53 $     +917

      Mois        PnL
   2025-04 $      +64
   2025-05 $     +457
   2025-06 $     +427
   2025-07 $     +378
   2025-08 $     +106
   2025-09 $     -293
   2025-10 $     +740
   2025-11 $     -131
   2025-12 $     +321
   2026-01 $   +1,091
   2026-02 $     +478
   2026-03 $     +246
   2026-04 $      +94

  Loading US30.cash... 23510 bars, 313 days
------------------------------------------------------------------------------------------
  US30.cash — 4 strats @ 0.05%
------------------------------------------------------------------------------------------
  Trades: 598 | PF: 1.45 | WR: 70% | DD: -0.6% | Rend: +4% | M+: 10/13
  Capital: $52,141

                   Strat     n    WR     PF        PnL
                TOK_2BAR    58   95%  1.52 $      +40
          ALL_KB_SQUEEZE   159   60%  1.57 $     +915
                NY_ELDER   232   73%  1.22 $     +373
                TOK_TRIX   149   65%  1.61 $     +812

      Mois        PnL
   2025-04 $       -3
   2025-05 $      +78
   2025-06 $     +153
   2025-07 $      +63
   2025-08 $     +247
   2025-09 $     +683
   2025-10 $     +172
   2025-11 $      +86
   2025-12 $      -60
   2026-01 $     +196
   2026-02 $     +196
   2026-03 $     +536
   2026-04 $     -206

  Loading JP225.cash... 23523 bars, 313 days
------------------------------------------------------------------------------------------
  JP225.cash — 2 strats @ 0.05%
------------------------------------------------------------------------------------------
  Trades: 293 | PF: 1.38 | WR: 75% | DD: -0.4% | Rend: +1% | M+: 9/13
  Capital: $50,715

                   Strat     n    WR     PF        PnL
            ALL_PSAR_EMA   188   78%  1.48 $     +512
               ALL_MSTAR   105   71%  1.24 $     +202

      Mois        PnL
   2025-04 $      -17
   2025-05 $      +25
   2025-06 $     +132
   2025-07 $     +173
   2025-08 $      +55
   2025-09 $      +73
   2025-10 $      +68
   2025-11 $      -37
   2025-12 $      -39
   2026-01 $     +146
   2026-02 $     -111
   2026-03 $     +200
   2026-04 $      +47

==========================================================================================
  AGREGE — 6 instruments — compte unique $50,000
==========================================================================================

     Semaine  Trades   Wins    WR     PF        PnL      Capital  Rend cum   DD per   MaxDD
  -----------------------------------------------------------------------------------------
  2025-04-21      76     55   72%  1.26 $     +134 $     50,134     +0.3%   -0.27%  -0.27%
  2025-04-28     129     98   76%  1.86 $     +675 $     50,809     +1.6%   -0.42%  -0.42%
  2025-05-05     132     97   73%  1.64 $     +574 $     51,383     +2.8%   -0.43%  -0.43%
  2025-05-12     123     83   67%  1.44 $     +467 $     51,850     +3.7%   -0.48%  -0.48%
  2025-05-19     123     86   70%  1.24 $     +230 $     52,079     +4.2%   -0.65%  -0.65%
  2025-05-26     115     79   69%  1.40 $     +379 $     52,458     +4.9%   -0.62%  -0.65%
  2025-06-02     126    106   84%  2.65 $     +870 $     53,328     +6.7%   -0.48%  -0.65%
  2025-06-09     130     97   75%  2.10 $     +976 $     54,304     +8.6%   -0.32%  -0.65%
  2025-06-16     146     94   64%  0.95 $      -67 $     54,237     +8.5%   -0.68%  -0.68%
  2025-06-23     122     83   68%  1.29 $     +305 $     54,543     +9.1%   -0.94%  -0.94%
  2025-06-30     122     75   61%  0.94 $      -80 $     54,462     +8.9%   -1.18%  -1.18%
  2025-07-07     145    106   73%  1.86 $     +925 $     55,387    +10.8%   -1.06%  -1.18%
  2025-07-14     130     90   69%  1.61 $     +679 $     56,066    +12.1%   -0.47%  -1.18%
  2025-07-21     131     91   69%  1.36 $     +412 $     56,478    +13.0%   -0.64%  -1.18%
  2025-07-28     122     83   68%  1.04 $      +43 $     56,520    +13.0%   -0.45%  -1.18%
  2025-08-04     124     85   69%  1.11 $     +122 $     56,642    +13.3%   -0.45%  -1.18%
  2025-08-11     137     93   68%  1.09 $     +106 $     56,749    +13.5%   -0.52%  -1.18%
  2025-08-18     129     99   77%  1.95 $     +812 $     57,561    +15.1%   -0.34%  -1.18%
  2025-08-25     136     97   71%  1.40 $     +437 $     57,998    +16.0%   -0.60%  -1.18%
  2025-09-01     123     76   62%  0.99 $       -8 $     57,990    +16.0%   -0.86%  -1.18%
  2025-09-08     122     83   68%  1.05 $      +62 $     58,052    +16.1%   -1.21%  -1.21%
  2025-09-15     129     99   77%  2.69 $   +1,495 $     59,547    +19.1%   -0.47%  -1.21%
  2025-09-22     124     89   72%  1.46 $     +480 $     60,027    +20.1%   -0.45%  -1.21%
  2025-09-29     140    114   81%  2.41 $   +1,107 $     61,134    +22.3%   -0.32%  -1.21%
  2025-10-06     114     85   75%  1.51 $     +454 $     61,588    +23.2%   -0.56%  -1.21%
  2025-10-13     112     74   66%  1.22 $     +256 $     61,844    +23.7%   -0.39%  -1.21%
  2025-10-20     114     82   72%  1.13 $     +161 $     62,006    +24.0%   -0.75%  -1.21%
  2025-10-27     123     95   77%  1.66 $     +574 $     62,579    +25.2%   -0.75%  -1.21%
  2025-11-03     134    102   76%  1.42 $     +424 $     63,004    +26.0%   -0.34%  -1.21%
  2025-11-10     130     92   71%  1.40 $     +486 $     63,489    +27.0%   -0.67%  -1.21%
  2025-11-17     134     97   72%  1.31 $     +362 $     63,852    +27.7%   -0.45%  -1.21%
  2025-11-24     134    104   78%  1.58 $     +613 $     64,465    +28.9%   -0.25%  -1.21%
  2025-12-01     130     83   64%  0.88 $     -177 $     64,288    +28.6%   -0.90%  -1.21%
  2025-12-08     119     76   64%  1.16 $     +220 $     64,509    +29.0%   -0.98%  -1.21%
  2025-12-15     115     84   73%  1.08 $      +75 $     64,584    +29.2%   -0.64%  -1.21%
  2025-12-22     128     95   74%  1.67 $     +720 $     65,303    +30.6%   -0.44%  -1.21%
  2025-12-29     100     72   72%  1.52 $     +478 $     65,781    +31.6%   -0.72%  -1.21%
  2026-01-05     136    109   80%  2.27 $   +1,137 $     66,918    +33.8%   -0.36%  -1.21%
  2026-01-12     118     81   69%  1.05 $      +59 $     66,976    +34.0%   -0.46%  -1.21%
  2026-01-19     121     91   75%  1.83 $     +841 $     67,818    +35.6%   -0.36%  -1.21%
  2026-01-26     134    109   81%  3.15 $   +1,848 $     69,665    +39.3%   -0.30%  -1.21%
  2026-02-02     127    101   80%  2.38 $   +1,253 $     70,918    +41.8%   -0.16%  -1.21%
  2026-02-09     125     91   73%  1.39 $     +455 $     71,373    +42.7%   -0.35%  -1.21%
  2026-02-16     118     79   67%  1.20 $     +280 $     71,653    +43.3%   -0.39%  -1.21%
  2026-02-23     135    103   76%  1.74 $     +962 $     72,615    +45.2%   -0.41%  -1.21%
  2026-03-02     129    104   81%  2.48 $   +1,354 $     73,969    +47.9%   -0.29%  -1.21%
  2026-03-09     134    106   79%  2.01 $   +1,050 $     75,020    +50.0%   -0.56%  -1.21%
  2026-03-16     132     96   73%  2.15 $   +1,566 $     76,586    +53.2%   -0.25%  -1.21%
  2026-03-23     128     95   74%  1.96 $   +1,234 $     77,820    +55.6%   -0.89%  -1.21%
  2026-03-30     108     77   71%  1.56 $     +707 $     78,527    +57.1%   -0.36%  -1.21%
  2026-04-06      93     60   65%  0.93 $     -104 $     78,423    +56.8%   -0.97%  -1.21%
  2026-04-13      90     56   62%  0.76 $     -315 $     78,108    +56.2%   -0.97%  -1.21%
  -------------------------------------------------------------------------------------
  Trades: 6,451 | WR: 72% | PF: 1.50 | Max DD: -1.21% | Rend: +56.2% | M+: 46/52
  Capital: $50,000 -> $78,108 (+56.2%)

==========================================================================================