
==========================================================================================
  BACKTEST 5ers — $100,000 (temps reel, pas de pkl)
==========================================================================================

  Loading XAUUSD... 69956 bars, 313 days
------------------------------------------------------------------------------------------
  XAUUSD — 9 strats @ 0.05%
------------------------------------------------------------------------------------------
  Trades: 1,619 | PF: 1.49 | WR: 71% | DD: -0.8% | Rend: +12% | M+: 12/13
  Capital: $111,931

                   Strat     n    WR     PF        PnL
         IDX_VWAP_BOUNCE   231   65%  1.50 $   +2,133
            ALL_BB_TIGHT   249   70%  1.36 $   +1,402
               PO3_SWEEP   100   72%  1.92 $   +1,348
            ALL_FVG_BULL   257   72%  1.59 $   +2,247
              TOK_FISHER   163   59%  1.31 $   +1,085
                      D8    45   47%  1.74 $     +920
            ALL_STOCH_OB   188   78%  1.50 $   +1,114
             ALL_FIB_618   205   79%  1.40 $     +905
           ALL_PIVOT_BRK   181   82%  1.47 $     +778

      Mois        PnL
   2025-04 $     +543
   2025-05 $     +773
   2025-06 $      +83
   2025-07 $      +92
   2025-08 $   +1,519
   2025-09 $   +1,007
   2025-10 $   +1,203
   2025-11 $   +1,205
   2025-12 $     +776
   2026-01 $   +1,690
   2026-02 $   +2,561
   2026-03 $     +798
   2026-04 $     -319

==========================================================================================
EXIT=0
