
==========================================================================================
  BACKTEST 5ers — $100,000
==========================================================================================

  Loading XAUUSD... 23659 bars, 313 days
------------------------------------------------------------------------------------------
  XAUUSD — 13 strats @ 0.01%
------------------------------------------------------------------------------------------
  Trades: 2,233 | PF: 1.71 | WR: 78% | DD: -0.2% | Rend: +4% | M+: 13/13
  Capital: $103,547

                   Strat     n    WR     PF        PnL
           ALL_PIVOT_BRK   156   97%  3.20 $      +88
            ALL_MACD_RSI   209   80%  1.79 $     +330
           IDX_TREND_DAY   109   83%  2.14 $     +221
           IDX_3SOLDIERS   219   71%  1.66 $     +424
              IDX_KC_BRK   223   82%  1.65 $     +263
           ALL_MACD_HIST   118   62%  1.61 $     +281
            ALL_BB_TIGHT   230   80%  1.68 $     +324
          ALL_ELDER_BEAR   158   85%  1.92 $     +215
          ALL_SUPERTREND   115   71%  1.23 $      +77
              ALL_KC_BRK   223   82%  1.65 $     +263
               TOK_STOCH   122   66%  2.25 $     +521
         IDX_VWAP_BOUNCE   141   70%  1.30 $     +129
            ALL_FVG_BULL   210   73%  1.72 $     +411

      Mois        PnL
   2025-04 $     +104
   2025-05 $     +213
   2025-06 $     +230
   2025-07 $      +88
   2025-08 $     +243
   2025-09 $     +587
   2025-10 $     +263
   2025-11 $     +473
   2025-12 $     +228
   2026-01 $     +325
   2026-02 $     +298
   2026-03 $     +274
   2026-04 $     +221

  Loading DAX40... 22975 bars, 301 days
------------------------------------------------------------------------------------------
  DAX40 — 2 strats @ 0.01%
------------------------------------------------------------------------------------------
  Trades: 304 | PF: 1.75 | WR: 75% | DD: -0.1% | Rend: +1% | M+: 12/13
  Capital: $100,573

                   Strat     n    WR     PF        PnL
               ALL_MSTAR    48   79%  2.94 $     +194
                ALL_TRIX   256   74%  1.57 $     +379

      Mois        PnL
   2025-04 $      +13
   2025-05 $      +30
   2025-06 $       +9
   2025-07 $      -23
   2025-08 $      +53
   2025-09 $      +21
   2025-10 $       +8
   2025-11 $      +53
   2025-12 $      +10
   2026-01 $     +167
   2026-02 $      +53
   2026-03 $     +170
   2026-04 $       +9

  Loading NAS100... 23547 bars, 313 days
------------------------------------------------------------------------------------------
  NAS100 — 5 strats @ 0.01%
------------------------------------------------------------------------------------------
  Trades: 807 | PF: 1.51 | WR: 73% | DD: -0.1% | Rend: +1% | M+: 13/13
  Capital: $101,127

                   Strat     n    WR     PF        PnL
                      D8    33   97%  3.20 $      +22
             ALL_EMA_921   218   74%  1.77 $     +432
             ALL_ICHI_TK   189   74%  1.35 $     +175
            ALL_DC10_EMA   249   71%  1.58 $     +421
               ALL_CMO_9   118   66%  1.19 $      +77

      Mois        PnL
   2025-04 $     +102
   2025-05 $      +53
   2025-06 $      +82
   2025-07 $      +90
   2025-08 $      +13
   2025-09 $       +2
   2025-10 $     +159
   2025-11 $      +60
   2025-12 $      +74
   2026-01 $     +212
   2026-02 $     +165
   2026-03 $      +63
   2026-04 $      +52

  Loading SP500... 23537 bars, 313 days
------------------------------------------------------------------------------------------
  SP500 — 4 strats @ 0.01%
------------------------------------------------------------------------------------------
  Trades: 604 | PF: 1.85 | WR: 74% | DD: -0.1% | Rend: +1% | M+: 12/13
  Capital: $101,350

                   Strat     n    WR     PF        PnL
                 TOK_BIG   107   55%  1.85 $     +408
             ALL_EMA_921   209   81%  2.66 $     +650
               ALL_MSTAR    88   74%  1.41 $      +95
          ALL_ELDER_BULL   200   76%  1.41 $     +196

      Mois        PnL
   2025-04 $       -6
   2025-05 $      +36
   2025-06 $     +154
   2025-07 $      +91
   2025-08 $      +99
   2025-09 $     +157
   2025-10 $     +211
   2025-11 $      +64
   2025-12 $     +103
   2026-01 $      +38
   2026-02 $     +117
   2026-03 $     +198
   2026-04 $      +88

==========================================================================================
  AGREGE — 4 instruments — compte unique $100,000
==========================================================================================

      Mois  Trades   Wins    WR     PF        PnL      Capital  Rend cum  DD mois   MaxDD
  ---------------------------------------------------------------------------------------
   2025-04     203    154   76%  1.43 $     +213 $    100,216     +0.2%   -0.07%  -0.07%
   2025-05     334    241   72%  1.36 $     +333 $    100,548     +0.5%   -0.14%  -0.14%
   2025-06     337    258   77%  1.60 $     +477 $    101,016     +1.0%   -0.11%  -0.14%
   2025-07     349    248   71%  1.24 $     +248 $    101,283     +1.3%   -0.13%  -0.14%
   2025-08     341    256   75%  1.48 $     +412 $    101,689     +1.7%   -0.15%  -0.15%
   2025-09     339    259   76%  1.95 $     +775 $    102,536     +2.5%   -0.14%  -0.15%
   2025-10     336    270   80%  1.96 $     +652 $    103,122     +3.1%   -0.09%  -0.15%
   2025-11     327    257   79%  1.91 $     +661 $    103,801     +3.8%   -0.09%  -0.15%
   2025-12     328    244   74%  1.49 $     +425 $    104,278     +4.3%   -0.10%  -0.15%
   2026-01     312    242   78%  2.05 $     +765 $    105,048     +5.0%   -0.09%  -0.15%
   2026-02     303    237   78%  1.94 $     +655 $    105,631     +5.6%   -0.08%  -0.15%
   2026-03     346    262   76%  1.82 $     +733 $    106,468     +6.5%   -0.11%  -0.15%
   2026-04      93     72   77%  2.85 $     +384 $    106,734     +6.7%   -0.10%  -0.15%
  -------------------------------------------------------------------------------------
  Trades: 3,948 | WR: 76% | PF: 1.69 | Max DD: -0.15% | Rend: +6.7% | M+: 13/13
  Capital: $100,000 -> $106,734 (+6.7%)

==========================================================================================
EXIT=0
