
==========================================================================================
  BACKTEST 5ers — $5,000
==========================================================================================

  Loading XAUUSD... 23659 bars, 313 days
------------------------------------------------------------------------------------------
  XAUUSD — 13 strats @ 1.00%
------------------------------------------------------------------------------------------
  Trades: 2,233 | PF: 1.80 | WR: 78% | DD: -16.4% | Rend: +2,625% | M+: 13/13
  Capital: $136,249

                   Strat     n    WR     PF        PnL
           ALL_PIVOT_BRK   156   97% 16.01 $   +3,938
            ALL_MACD_RSI   209   80%  1.90 $  +12,427
           IDX_TREND_DAY   109   83%  1.50 $   +4,135
           IDX_3SOLDIERS   219   71%  1.92 $  +17,061
              IDX_KC_BRK   223   82%  2.03 $  +11,670
           ALL_MACD_HIST   118   62%  1.58 $   +9,811
            ALL_BB_TIGHT   230   80%  1.58 $   +8,917
          ALL_ELDER_BEAR   158   85%  2.08 $   +8,233
          ALL_SUPERTREND   115   71%  1.93 $   +7,011
              ALL_KC_BRK   223   82%  2.03 $  +11,670
               TOK_STOCH   122   66%  2.94 $  +29,111
         IDX_VWAP_BOUNCE   141   70%  0.99 $     -143
            ALL_FVG_BULL   210   73%  1.36 $   +7,409

      Mois        PnL
   2025-04 $     +507
   2025-05 $   +1,175
   2025-06 $   +1,620
   2025-07 $     +682
   2025-08 $   +2,291
   2025-09 $   +8,476
   2025-10 $   +5,640
   2025-11 $  +14,339
   2025-12 $   +9,006
   2026-01 $  +17,013
   2026-02 $  +20,815
   2026-03 $  +25,080
   2026-04 $  +24,606

  Loading DAX40... 22975 bars, 301 days
------------------------------------------------------------------------------------------
  DAX40 — 2 strats @ 1.00%
------------------------------------------------------------------------------------------
  Trades: 304 | PF: 1.86 | WR: 75% | DD: -5.7% | Rend: +75% | M+: 12/13
  Capital: $8,747

                   Strat     n    WR     PF        PnL
               ALL_MSTAR    48   79%  3.10 $   +1,249
                ALL_TRIX   256   74%  1.66 $   +2,498

      Mois        PnL
   2025-04 $      +63
   2025-05 $     +154
   2025-06 $      +43
   2025-07 $     -122
   2025-08 $     +273
   2025-09 $     +110
   2025-10 $      +39
   2025-11 $     +299
   2025-12 $      +54
   2026-01 $   +1,051
   2026-02 $     +372
   2026-03 $   +1,332
   2026-04 $      +79

  Loading NAS100... 23547 bars, 313 days
------------------------------------------------------------------------------------------
  NAS100 — 5 strats @ 1.00%
------------------------------------------------------------------------------------------
  Trades: 807 | PF: 1.52 | WR: 73% | DD: -9.3% | Rend: +193% | M+: 12/13
  Capital: $14,674

                   Strat     n    WR     PF        PnL
                      D8    33   97%  3.63 $     +183
             ALL_EMA_921   218   74%  1.85 $   +3,991
             ALL_ICHI_TK   189   74%  1.44 $   +1,792
            ALL_DC10_EMA   249   71%  1.49 $   +3,124
               ALL_CMO_9   118   66%  1.18 $     +584

      Mois        PnL
   2025-04 $     +528
   2025-05 $     +280
   2025-06 $     +460
   2025-07 $     +562
   2025-08 $      +72
   2025-09 $      -11
   2025-10 $   +1,156
   2025-11 $     +460
   2025-12 $     +618
   2026-01 $   +2,082
   2026-02 $   +1,956
   2026-03 $     +790
   2026-04 $     +722

  Loading SP500... 23537 bars, 313 days
------------------------------------------------------------------------------------------
  SP500 — 4 strats @ 1.00%
------------------------------------------------------------------------------------------
  Trades: 604 | PF: 1.93 | WR: 74% | DD: -7.8% | Rend: +269% | M+: 12/13
  Capital: $18,462

                   Strat     n    WR     PF        PnL
                 TOK_BIG   107   55%  1.99 $   +4,363
             ALL_EMA_921   209   81%  2.83 $   +6,425
               ALL_MSTAR    88   74%  1.32 $     +731
          ALL_ELDER_BULL   200   76%  1.45 $   +1,943

      Mois        PnL
   2025-04 $      -37
   2025-05 $     +171
   2025-06 $     +833
   2025-07 $     +551
   2025-08 $     +658
   2025-09 $   +1,186
   2025-10 $   +1,921
   2025-11 $     +653
   2025-12 $   +1,156
   2026-01 $     +422
   2026-02 $   +1,491
   2026-03 $   +2,942
   2026-04 $   +1,515

==========================================================================================
  AGREGE — 4 instruments — compte unique $5,000
==========================================================================================

      Mois  Trades   Wins    WR     PF        PnL      Capital  Rend cum  DD mois   MaxDD
  ---------------------------------------------------------------------------------------
   2025-04     203    154   76%  1.41 $   +1,120 $      6,144    +22.9%   -7.00%  -7.00%
   2025-05     334    241   72%  1.30 $   +2,200 $      8,338    +66.8%  -13.15% -13.15%
   2025-06     337    258   77%  1.55 $   +4,743 $     12,974   +159.5%  -11.12% -13.15%
   2025-07     349    248   71%  1.22 $   +3,323 $     16,577   +231.5%  -12.25% -13.15%
   2025-08     341    256   75%  1.46 $   +7,644 $     24,185   +383.7%  -14.80% -14.80%
   2025-09     339    259   76%  1.94 $  +25,769 $     53,567   +971.3%  -13.10% -14.80%
   2025-10     336    270   80%  1.84 $  +42,136 $     93,006  +1760.1%   -8.71% -14.80%
   2025-11     327    257   79%  1.79 $  +78,376 $    174,962  +3399.2%   -8.69% -14.80%
   2025-12     328    244   74%  1.50 $  +80,120 $    269,976  +5299.5%   -9.59% -14.80%
   2026-01     312    242   78%  2.16 $ +261,626 $    545,985 +10819.7%   -8.85% -14.80%
   2026-02     303    237   78%  1.85 $ +404,493 $    927,471 +18449.4%   -7.89% -14.80%
   2026-03     346    262   76%  1.81 $ +874,157 $  1,985,040 +39600.8%  -10.29% -14.80%
   2026-04      93     72   77%  2.63 $ +716,144 $  2,506,852 +50037.0%   -9.87% -14.80%
  -------------------------------------------------------------------------------------
  Trades: 3,948 | WR: 76% | PF: 1.96 | Max DD: -14.80% | Rend: +50037.0% | M+: 13/13
  Capital: $5,000 -> $2,506,852 (+50037.0%)

==========================================================================================
