
==========================================================================================
  BACKTEST 5ers — $100,000
==========================================================================================

  Loading XAUUSD... 70025 bars, 313 days
------------------------------------------------------------------------------------------
  XAUUSD — 8 strats @ 0.05%
------------------------------------------------------------------------------------------
  Trades: 1,547 | PF: 1.50 | WR: 70% | DD: -0.7% | Rend: +11% | M+: 13/13
  Capital: $111,450

                   Strat     n    WR     PF        PnL
         IDX_VWAP_BOUNCE   218   65%  1.49 $   +1,977
            ALL_FVG_BULL   271   71%  1.53 $   +2,196
               PO3_SWEEP   103   74%  2.10 $   +1,548
           ALL_PIVOT_BRK   191   86%  1.52 $     +736
                      D8    46   48%  1.82 $   +1,029
             IDX_PREV_HL   176   74%  1.40 $     +947
            ALL_BB_TIGHT   302   71%  1.42 $   +1,937
               IDX_ORB30   240   58%  1.30 $   +1,080

      Mois        PnL
   2025-04 $     +675
   2025-05 $     +581
   2025-06 $     +159
   2025-07 $     +960
   2025-08 $   +1,381
   2025-09 $     +340
   2025-10 $   +1,001
   2025-11 $   +1,200
   2025-12 $   +1,191
   2026-01 $   +1,996
   2026-02 $   +1,114
   2026-03 $     +772
   2026-04 $      +80

  Loading JPN225... 69653 bars, 313 days
------------------------------------------------------------------------------------------
  JPN225 — 3 strats @ 0.05%
------------------------------------------------------------------------------------------
  Trades: 734 | PF: 1.59 | WR: 79% | DD: -0.6% | Rend: +5% | M+: 11/13
  Capital: $104,647

                   Strat     n    WR     PF        PnL
                 ALL_NR4   304   78%  1.44 $   +1,498
         ALL_STOCH_PIVOT   175   79%  1.88 $   +1,626
                 TOK_NR4   255   80%  1.57 $   +1,523

      Mois        PnL
   2025-04 $     +333
   2025-05 $     +188
   2025-06 $     +380
   2025-07 $     -145
   2025-08 $     +228
   2025-09 $     +509
   2025-10 $   +1,108
   2025-11 $     +604
   2025-12 $     +542
   2026-01 $     -102
   2026-02 $     +191
   2026-03 $     +681
   2026-04 $     +131

  Loading DAX40... 68126 bars, 301 days
------------------------------------------------------------------------------------------
  DAX40 — 9 strats @ 0.05%
------------------------------------------------------------------------------------------
  Trades: 1,876 | PF: 1.70 | WR: 74% | DD: -0.7% | Rend: +19% | M+: 13/13
  Capital: $118,770

                   Strat     n    WR     PF        PnL
           ALL_MACD_HIST   191   71%  2.11 $   +3,347
         ALL_CCI_20_ZERO   265   82%  1.88 $   +2,211
          ALL_ELDER_BULL   202   78%  1.87 $   +2,122
           IDX_TREND_DAY   228   65%  1.24 $   +1,050
             ALL_FIB_618   210   77%  1.65 $   +1,752
             ALL_RSI_DIV   197   59%  1.73 $   +3,172
              TOK_FISHER   174   78%  1.94 $   +1,947
               TOK_STOCH   214   74%  1.53 $   +1,619
              IDX_ENGULF   195   79%  1.69 $   +1,550

      Mois        PnL
   2025-04 $     +444
   2025-05 $   +3,288
   2025-06 $     +764
   2025-07 $   +1,137
   2025-08 $     +728
   2025-09 $   +3,455
   2025-10 $      +37
   2025-11 $   +1,671
   2025-12 $     +740
   2026-01 $   +1,579
   2026-02 $     +577
   2026-03 $   +3,999
   2026-04 $     +353

  Loading NAS100... 69659 bars, 313 days
------------------------------------------------------------------------------------------
  NAS100 — 8 strats @ 0.05%
------------------------------------------------------------------------------------------
  Trades: 1,850 | PF: 1.39 | WR: 67% | DD: -1.4% | Rend: +13% | M+: 13/13
  Capital: $112,578

                   Strat     n    WR     PF        PnL
                      D8    35   60%  2.23 $     +922
           ALL_STOCH_RSI   245   63%  1.43 $   +2,106
               LON_STOCH   251   63%  1.40 $   +1,978
             ALL_CCI_100   268   59%  1.24 $   +1,429
             ALL_WILLR_7   264   69%  1.46 $   +2,029
              ALL_RSI_50   273   75%  1.41 $   +1,503
            ALL_DOJI_REV   242   68%  1.28 $   +1,176
           ALL_ADX_RSI50   272   75%  1.39 $   +1,436

      Mois        PnL
   2025-04 $   +1,054
   2025-05 $   +1,448
   2025-06 $     +487
   2025-07 $   +2,504
   2025-08 $   +2,232
   2025-09 $     +292
   2025-10 $     +310
   2025-11 $      +16
   2025-12 $   +1,439
   2026-01 $     +467
   2026-02 $   +1,004
   2026-03 $   +1,136
   2026-04 $     +190

  Loading SP500... 69642 bars, 313 days
------------------------------------------------------------------------------------------
  SP500 — 6 strats @ 0.05%
------------------------------------------------------------------------------------------
  Trades: 1,483 | PF: 1.49 | WR: 66% | DD: -0.8% | Rend: +13% | M+: 12/13
  Capital: $113,001

                   Strat     n    WR     PF        PnL
              TOK_FISHER   234   61%  1.55 $   +2,693
          IDX_CONSEC_REV   253   68%  1.72 $   +3,153
             IDX_RSI_REV   254   72%  1.47 $   +1,794
              ALL_ENGULF   229   66%  1.35 $   +1,453
              ALL_HAMMER   259   59%  1.37 $   +2,114
         ALL_RSI_EXTREME   254   72%  1.47 $   +1,794

      Mois        PnL
   2025-04 $   +1,415
   2025-05 $     +925
   2025-06 $   +1,428
   2025-07 $     +530
   2025-08 $   +1,783
   2025-09 $     +356
   2025-10 $     +639
   2025-11 $   +1,899
   2025-12 $   +1,082
   2026-01 $     -279
   2026-02 $      +49
   2026-03 $   +2,429
   2026-04 $     +746

  Loading UK100... 67687 bars, 298 days
------------------------------------------------------------------------------------------
  UK100 — 3 strats @ 0.05%
------------------------------------------------------------------------------------------
  Trades: 788 | PF: 1.51 | WR: 83% | DD: -0.3% | Rend: +4% | M+: 12/13
  Capital: $103,510

                   Strat     n    WR     PF        PnL
           ALL_MACD_HIST   286   90%  1.53 $     +758
            IDX_LATE_REV   240   76%  1.56 $   +1,644
          ALL_CONSEC_REV   262   81%  1.44 $   +1,108

      Mois        PnL
   2025-04 $     +455
   2025-05 $      +35
   2025-06 $     +200
   2025-07 $     +237
   2025-08 $       +4
   2025-09 $     +120
   2025-10 $     +545
   2025-11 $     +665
   2025-12 $     +620
   2026-01 $      +70
   2026-02 $     +427
   2026-03 $     +147
   2026-04 $      -13

==========================================================================================
  AGREGE — 6 instruments — compte unique $100,000
==========================================================================================

      Mois  Trades   Wins    WR     PF        PnL      Capital  Rend cum  DD mois   MaxDD
  ---------------------------------------------------------------------------------------
   2025-04     516    377   73%  1.64 $   +4,448 $    104,704     +4.7%   -0.77%  -0.77%
   2025-05     708    511   72%  1.65 $   +6,847 $    111,233    +11.2%   -0.66%  -0.77%
   2025-06     689    484   70%  1.33 $   +3,762 $    114,954    +15.0%   -0.67%  -0.77%
   2025-07     749    526   70%  1.46 $   +5,930 $    121,229    +21.2%   -1.32%  -1.32%
   2025-08     693    503   73%  1.64 $   +7,536 $    127,994    +28.0%   -0.94%  -1.32%
   2025-09     701    479   68%  1.44 $   +6,254 $    134,103    +34.1%   -1.24%  -1.32%
   2025-10     737    507   69%  1.31 $   +4,796 $    139,706    +39.7%   -1.04%  -1.32%
   2025-11     677    499   74%  1.64 $   +8,123 $    149,409    +49.4%   -0.58%  -1.32%
   2025-12     685    513   75%  1.61 $   +7,899 $    156,803    +56.8%   -0.71%  -1.32%
   2026-01     680    471   69%  1.33 $   +5,344 $    161,627    +61.6%   -0.96%  -1.32%
   2026-02     615    454   74%  1.39 $   +5,010 $    168,760    +68.8%   -0.91%  -1.32%
   2026-03     724    517   71%  1.79 $  +14,058 $    181,331    +81.3%   -0.83%  -1.32%
   2026-04     104     81   78%  2.14 $   +2,375 $    182,381    +82.4%   -0.20%  -1.32%
  -------------------------------------------------------------------------------------
  Trades: 8,278 | WR: 72% | PF: 1.52 | Max DD: -1.32% | Rend: +82.4% | M+: 13/13
  Capital: $100,000 -> $182,381 (+82.4%)

==========================================================================================
EXIT=0
