
==========================================================================================
  BACKTEST FTMO — $100,000
==========================================================================================

  Loading XAUUSD... 23566 bars, 313 days
------------------------------------------------------------------------------------------
  XAUUSD — 9 strats @ 0.01%
------------------------------------------------------------------------------------------
  Trades: 1,782 | PF: 0.96 | WR: 76% | DD: -0.4% | Rend: -0% | M+: 6/13
  Capital: $99,822

                   Strat     n    WR     PF        PnL
            ALL_MACD_RSI   219   79%  0.92 $      -36
           IDX_TREND_DAY   118   81%  1.13 $      +28
            ALL_BB_TIGHT   214   80%  1.13 $      +53
           IDX_3SOLDIERS   218   78%  0.87 $      -62
          ALL_ELDER_BEAR   196   80%  0.85 $      -59
            ALL_ROC_ZERO   194   75%  1.07 $      +32
              ALL_KC_BRK   230   74%  1.00 $       +0
           ALL_MACD_HIST   163   64%  0.77 $     -134
              IDX_KC_BRK   230   74%  1.00 $       +0

      Mois        PnL
   2025-04 $      -39
   2025-05 $     -181
   2025-06 $      +62
   2025-07 $     -146
   2025-08 $      -44
   2025-09 $      +83
   2025-10 $      -41
   2025-11 $     +137
   2025-12 $     -106
   2026-01 $      +54
   2026-02 $      +36
   2026-03 $      -14
   2026-04 $      +20

  Loading GER40.cash... 22863 bars, 302 days
------------------------------------------------------------------------------------------
  GER40.cash — 7 strats @ 0.01%
------------------------------------------------------------------------------------------
  Trades: 1,219 | PF: 1.02 | WR: 74% | DD: -0.3% | Rend: +0% | M+: 8/13
  Capital: $100,074

                   Strat     n    WR     PF        PnL
               ALL_MSTAR    52   71%  1.12 $      +18
             ALL_CCI_100   217   87%  1.44 $     +127
                ALL_TRIX   228   78%  0.96 $      -19
          ALL_KB_SQUEEZE   132   72%  1.03 $      +13
             IDX_RSI_REV   141   30%  0.88 $     -120
          ALL_ELDER_BULL   218   85%  1.28 $      +91
           ALL_3SOLDIERS   231   77%  0.93 $      -36

      Mois        PnL
   2025-04 $      +15
   2025-05 $      +36
   2025-06 $       +5
   2025-07 $      +10
   2025-08 $      -56
   2025-09 $      -15
   2025-10 $      -42
   2025-11 $      +25
   2025-12 $      -63
   2026-01 $      -36
   2026-02 $      +14
   2026-03 $     +143
   2026-04 $      +36

  Loading US500.cash... 23530 bars, 314 days
------------------------------------------------------------------------------------------
  US500.cash — 8 strats @ 0.01%
------------------------------------------------------------------------------------------
  Trades: 1,331 | PF: 1.05 | WR: 68% | DD: -0.3% | Rend: +0% | M+: 7/13
  Capital: $100,230

                   Strat     n    WR     PF        PnL
               ALL_MSTAR    77   73%  1.33 $      +70
                 TOK_BIG    97   56%  1.67 $     +290
             ALL_EMA_921   212   78%  1.09 $      +40
              IDX_ENGULF   179   72%  0.75 $     -128
             ALL_MTF_BRK   221   72%  0.92 $      -50
         ALL_CMO_14_ZERO   208   61%  0.75 $     -207
          ALL_ELDER_BULL   147   76%  0.81 $      -68
            ALL_MACD_ADX   190   57%  1.35 $     +283

      Mois        PnL
   2025-04 $      -12
   2025-05 $      +54
   2025-06 $      -29
   2025-07 $      +30
   2025-08 $      -35
   2025-09 $      -18
   2025-10 $     +185
   2025-11 $      +38
   2025-12 $      -87
   2026-01 $      +11
   2026-02 $      +57
   2026-03 $      +64
   2026-04 $      -29

  Loading US100.cash... 23531 bars, 314 days
