
==========================================================================================
  BACKTEST FTMO — $100,000
==========================================================================================

  Loading XAUUSD... 23566 bars, 313 days
------------------------------------------------------------------------------------------
  XAUUSD — 9 strats @ 0.01%
------------------------------------------------------------------------------------------
  Trades: 1,742 | PF: 1.68 | WR: 76% | DD: -0.2% | Rend: +3% | M+: 13/13
  Capital: $102,842

                   Strat     n    WR     PF        PnL
            ALL_MACD_RSI   222   79%  1.68 $     +322
           IDX_TREND_DAY   118   81%  1.98 $     +220
            ALL_BB_TIGHT   215   80%  1.85 $     +363
           IDX_3SOLDIERS   218   78%  1.59 $     +294
          ALL_ELDER_BEAR   187   79%  1.73 $     +280
            ALL_ROC_ZERO   192   75%  1.53 $     +258
              ALL_KC_BRK   231   74%  1.65 $     +396
           ALL_MACD_HIST   128   63%  1.66 $     +313
              IDX_KC_BRK   231   74%  1.65 $     +396

      Mois        PnL
   2025-04 $     +128
   2025-05 $      +80
   2025-06 $     +275
   2025-07 $      +87
   2025-08 $     +102
   2025-09 $     +419
   2025-10 $      +85
   2025-11 $     +392
   2025-12 $     +237
   2026-01 $     +339
   2026-02 $     +350
   2026-03 $     +274
   2026-04 $      +74

  Loading GER40.cash... 22863 bars, 302 days
------------------------------------------------------------------------------------------
  GER40.cash — 7 strats @ 0.01%
------------------------------------------------------------------------------------------
  Trades: 1,176 | PF: 1.53 | WR: 74% | DD: -0.1% | Rend: +2% | M+: 13/13
  Capital: $101,625

                   Strat     n    WR     PF        PnL
               ALL_MSTAR    52   71%  1.64 $      +96
             ALL_CCI_100   202   86%  2.04 $     +303
                ALL_TRIX   229   77%  1.59 $     +311
          ALL_KB_SQUEEZE   130   72%  1.41 $     +151
             IDX_RSI_REV   127   30%  1.25 $     +223
          ALL_ELDER_BULL   205   85%  2.10 $     +343
           ALL_3SOLDIERS   231   77%  1.37 $     +199

      Mois        PnL
   2025-04 $      +91
   2025-05 $     +163
   2025-06 $      +92
   2025-07 $     +180
   2025-08 $      +83
   2025-09 $      +89
   2025-10 $      +14
   2025-11 $     +152
   2025-12 $      +20
   2026-01 $      +60
   2026-02 $     +124
   2026-03 $     +527
   2026-04 $      +31

  Loading US500.cash... 23530 bars, 314 days
------------------------------------------------------------------------------------------
  US500.cash — 8 strats @ 0.01%
------------------------------------------------------------------------------------------
  Trades: 1,320 | PF: 1.63 | WR: 69% | DD: -0.2% | Rend: +3% | M+: 13/13
  Capital: $102,637

                   Strat     n    WR     PF        PnL
               ALL_MSTAR    76   74%  1.40 $      +81
                 TOK_BIG    95   56%  1.68 $     +291
             ALL_EMA_921   215   79%  2.08 $     +504
              IDX_ENGULF   175   71%  1.66 $     +343
             ALL_MTF_BRK   224   72%  1.64 $     +406
         ALL_CMO_14_ZERO   207   60%  1.71 $     +591
          ALL_ELDER_BULL   141   77%  1.35 $     +117
            ALL_MACD_ADX   187   58%  1.39 $     +304

      Mois        PnL
   2025-04 $     +197
   2025-05 $     +320
   2025-06 $     +125
   2025-07 $     +147
   2025-08 $      +87
   2025-09 $     +200
   2025-10 $     +291
   2025-11 $     +212
   2025-12 $     +159
   2026-01 $     +275
   2026-02 $     +251
   2026-03 $     +351
   2026-04 $      +22

  Loading US100.cash... 23531 bars, 314 days
------------------------------------------------------------------------------------------
  US100.cash — 8 strats @ 0.01%
------------------------------------------------------------------------------------------
  Trades: 1,313 | PF: 1.58 | WR: 72% | DD: -0.2% | Rend: +2% | M+: 11/13
  Capital: $102,148

                   Strat     n    WR     PF        PnL
                      D8    33   97%  2.67 $      +17
               ALL_MSTAR    75   88%  1.88 $      +80
                TOK_TRIX   127   69%  2.09 $     +430
             ALL_EMA_821   225   74%  1.61 $     +361
             ALL_ICHI_TK   186   70%  1.18 $     +100
            ALL_DC10_EMA   253   70%  1.46 $     +346
           IDX_3SOLDIERS   209   70%  1.63 $     +388
              ALL_RSI_50   205   66%  1.60 $     +426

      Mois        PnL
   2025-04 $     +134
   2025-05 $     +183
   2025-06 $     +170
   2025-07 $     +172
   2025-08 $      +42
   2025-09 $     -115
   2025-10 $     +331
   2025-11 $      -22
   2025-12 $     +413
   2026-01 $     +391
   2026-02 $     +278
   2026-03 $     +124
   2026-04 $      +46

  Loading US30.cash... 23526 bars, 314 days
------------------------------------------------------------------------------------------
  US30.cash — 4 strats @ 0.01%
------------------------------------------------------------------------------------------
  Trades: 595 | PF: 1.61 | WR: 70% | DD: -0.1% | Rend: +1% | M+: 13/13
  Capital: $101,097

                   Strat     n    WR     PF        PnL
                TOK_2BAR    52   96%  2.08 $      +22
          ALL_KB_SQUEEZE   157   61%  1.64 $     +395
                NY_ELDER   230   75%  1.54 $     +312
                TOK_TRIX   156   63%  1.64 $     +369

      Mois        PnL
   2025-04 $      +46
   2025-05 $      +32
   2025-06 $      +61
   2025-07 $      +21
   2025-08 $      +98
   2025-09 $     +270
   2025-10 $      +70
   2025-11 $      +78
   2025-12 $      +82
   2026-01 $      +22
   2026-02 $     +123
   2026-03 $     +190
   2026-04 $       +6

  Loading JP225.cash... 23539 bars, 314 days
------------------------------------------------------------------------------------------
  JP225.cash — 2 strats @ 0.01%
------------------------------------------------------------------------------------------
  Trades: 269 | PF: 1.90 | WR: 79% | DD: -0.1% | Rend: +1% | M+: 11/13
  Capital: $100,511

                   Strat     n    WR     PF        PnL
            ALL_PSAR_EMA   183   81%  2.01 $     +355
               ALL_MSTAR    86   74%  1.71 $     +156

      Mois        PnL
   2025-04 $       -6
   2025-05 $      +10
   2025-06 $      +53
   2025-07 $     +110
   2025-08 $      +22
   2025-09 $      +29
   2025-10 $      +28
   2025-11 $      -13
   2025-12 $      +11
   2026-01 $     +116
   2026-02 $      +39
   2026-03 $      +75
   2026-04 $      +38

==========================================================================================
  AGREGE — 6 instruments — compte unique $100,000
==========================================================================================

      Mois  Trades   Wins    WR     PF        PnL      Capital  Rend cum  DD mois   MaxDD
  ---------------------------------------------------------------------------------------
   2025-04     328    243   74%  1.69 $     +591 $    100,578     +0.6%   -0.08%  -0.08%
   2025-05     532    376   71%  1.50 $     +793 $    101,350     +1.3%   -0.13%  -0.13%
   2025-06     553    399   72%  1.50 $     +787 $    102,240     +2.2%   -0.19%  -0.19%
   2025-07     590    401   68%  1.38 $     +731 $    102,907     +2.9%   -0.21%  -0.21%
   2025-08     549    388   71%  1.27 $     +445 $    103,471     +3.5%   -0.12%  -0.21%
   2025-09     550    389   71%  1.55 $     +919 $    104,305     +4.3%   -0.24%  -0.24%
   2025-10     546    409   75%  1.59 $     +849 $    105,147     +5.1%   -0.11%  -0.24%
   2025-11     524    395   75%  1.61 $     +832 $    106,139     +6.1%   -0.11%  -0.24%
   2025-12     520    369   71%  1.60 $     +968 $    107,165     +7.2%   -0.19%  -0.24%
   2026-01     506    384   76%  1.97 $   +1,273 $    108,352     +8.4%   -0.13%  -0.24%
   2026-02     502    388   77%  2.00 $   +1,245 $    109,572     +9.6%   -0.06%  -0.24%
   2026-03     576    432   75%  2.05 $   +1,669 $    111,148    +11.1%   -0.18%  -0.24%
   2026-04     139     99   71%  1.59 $     +237 $    111,340    +11.3%   -0.15%  -0.24%
  -------------------------------------------------------------------------------------
  Trades: 6,415 | WR: 73% | PF: 1.62 | Max DD: -0.24% | Rend: +11.3% | M+: 13/13
  Capital: $100,000 -> $111,340 (+11.3%)

==========================================================================================
EXIT=0
