
==========================================================================================
  BACKTEST FTMO — $100,000
==========================================================================================

  Loading XAUUSD... 69755 bars, 312 days
------------------------------------------------------------------------------------------
  XAUUSD — 9 strats @ 0.05%
------------------------------------------------------------------------------------------
  Trades: 1,814 | PF: 1.53 | WR: 72% | DD: -0.9% | Rend: +15% | M+: 13/13
  Capital: $114,520

                   Strat     n    WR     PF        PnL
               PO3_SWEEP   102   70%  2.41 $   +2,286
               ALL_MSTAR   124   76%  1.72 $   +1,123
             IDX_PREV_HL   177   69%  1.50 $   +1,468
            ALL_STOCH_OB   183   78%  1.47 $   +1,032
            ALL_BB_TIGHT   283   72%  1.54 $   +2,255
         IDX_VWAP_BOUNCE   224   63%  1.51 $   +2,206
            ALL_FVG_BULL   261   77%  1.64 $   +2,068
          ALL_KB_SQUEEZE   224   76%  1.17 $     +493
            ALL_MACD_RSI   236   65%  1.37 $   +1,589

      Mois        PnL
   2025-04 $     +670
   2025-05 $     +403
   2025-06 $     +621
   2025-07 $   +1,001
   2025-08 $   +1,809
   2025-09 $     +619
   2025-10 $   +1,255
   2025-11 $   +1,375
   2025-12 $   +1,191
   2026-01 $   +1,317
   2026-02 $   +2,475
   2026-03 $   +1,181
   2026-04 $     +603

  Loading GER40.cash... 67802 bars, 301 days
------------------------------------------------------------------------------------------
  GER40.cash — 10 strats @ 0.05%
------------------------------------------------------------------------------------------
  Trades: 2,067 | PF: 1.84 | WR: 68% | DD: -0.7% | Rend: +32% | M+: 13/13
  Capital: $131,592

                   Strat     n    WR     PF        PnL
           ALL_MACD_HIST   194   76%  2.13 $   +2,965
             ALL_FIB_618   214   69%  1.55 $   +2,122
             ALL_RSI_DIV   202   60%  1.85 $   +3,910
              IDX_ENGULF   205   65%  2.10 $   +4,493
              TOK_FISHER   190   72%  2.20 $   +3,665
          ALL_ELDER_BULL   233   78%  1.86 $   +2,526
               TOK_STOCH   204   73%  1.65 $   +2,029
              ALL_ENGULF   205   65%  2.10 $   +4,493
            ALL_MACD_DIV   199   61%  1.74 $   +3,349
            ALL_PSAR_EMA   221   64%  1.45 $   +2,040

      Mois        PnL
   2025-04 $     +649
   2025-05 $   +3,173
   2025-06 $   +1,688
   2025-07 $   +1,657
   2025-08 $   +3,550
   2025-09 $   +6,942
   2025-10 $     +994
   2025-11 $   +1,485
   2025-12 $   +1,657
   2026-01 $   +2,134
   2026-02 $   +1,135
   2026-03 $   +6,373
   2026-04 $     +156

  Loading US500.cash... 69641 bars, 313 days
------------------------------------------------------------------------------------------
  US500.cash — 4 strats @ 0.05%
------------------------------------------------------------------------------------------
  Trades: 1,016 | PF: 1.61 | WR: 70% | DD: -0.6% | Rend: +10% | M+: 12/13
  Capital: $109,854

                   Strat     n    WR     PF        PnL
              TOK_FISHER   230   58%  1.76 $   +3,776
         ALL_RSI_EXTREME   261   71%  1.47 $   +1,863
          IDX_CONSEC_REV   249   73%  1.63 $   +2,222
          ALL_ELDER_BULL   276   75%  1.55 $   +1,993

      Mois        PnL
   2025-04 $     +614
   2025-05 $     +151
   2025-06 $     +157
   2025-07 $   +1,248
   2025-08 $   +1,386
   2025-09 $     +908
   2025-10 $     +830
   2025-11 $   +1,414
   2025-12 $     +734
   2026-01 $      +81
   2026-02 $      -66
   2026-03 $   +1,660
   2026-04 $     +738

  Loading US100.cash... 69643 bars, 313 days
------------------------------------------------------------------------------------------
  US100.cash — 6 strats @ 0.05%
------------------------------------------------------------------------------------------
  Trades: 1,363 | PF: 1.49 | WR: 73% | DD: -0.6% | Rend: +10% | M+: 13/13
  Capital: $109,607

                   Strat     n    WR     PF        PnL
                      D8    34   59%  2.11 $     +822
           ALL_HMA_CROSS   295   74%  1.64 $   +2,572
           ALL_STOCH_RSI   229   62%  1.45 $   +2,031
               LON_STOCH   251   62%  1.35 $   +1,778
           ALL_ADX_RSI50   277   82%  1.46 $   +1,215
              ALL_RSI_50   277   82%  1.44 $   +1,189

      Mois        PnL
   2025-04 $   +1,705
   2025-05 $     +600
   2025-06 $     +352
   2025-07 $   +1,545
   2025-08 $   +1,485
   2025-09 $     +134
   2025-10 $     +331
   2025-11 $     +130
   2025-12 $     +640
   2026-01 $     +859
   2026-02 $     +500
   2026-03 $   +1,003
   2026-04 $     +322

  Loading US30.cash... 69636 bars, 313 days
------------------------------------------------------------------------------------------
  US30.cash — 3 strats @ 0.05%
------------------------------------------------------------------------------------------
  Trades: 701 | PF: 1.51 | WR: 72% | DD: -0.5% | Rend: +5% | M+: 13/13
  Capital: $105,075

                   Strat     n    WR     PF        PnL
           ALL_MACD_HIST   292   79%  1.55 $   +1,752
             ALL_FIB_618   246   70%  1.50 $   +1,871
               ALL_MSTAR   163   64%  1.48 $   +1,452

      Mois        PnL
   2025-04 $     +764
   2025-05 $     +421
   2025-06 $     +462
   2025-07 $   +1,113
   2025-08 $     +247
   2025-09 $       +6
   2025-10 $     +515
   2025-11 $     +234
   2025-12 $     +179
   2026-01 $      +52
   2026-02 $     +448
   2026-03 $     +543
   2026-04 $      +91

==========================================================================================
  AGREGE — 5 instruments — compte unique $100,000
==========================================================================================

      Mois  Trades   Wins    WR     PF        PnL      Capital  Rend cum  DD mois   MaxDD
  ---------------------------------------------------------------------------------------
   2025-04     443    324   73%  1.72 $   +4,473 $    105,004     +5.0%   -0.72%  -0.72%
   2025-05     599    418   70%  1.51 $   +4,980 $    109,407     +9.4%   -0.72%  -0.72%
   2025-06     573    397   69%  1.36 $   +3,535 $    113,370    +13.4%   -1.03%  -1.03%
   2025-07     626    445   71%  1.70 $   +7,403 $    120,830    +20.8%   -0.60%  -1.03%
   2025-08     592    414   70%  1.89 $  +10,036 $    131,091    +31.1%   -0.50%  -1.03%
   2025-09     590    403   68%  1.83 $  +10,406 $    140,737    +40.7%   -1.05%  -1.05%
   2025-10     630    431   68%  1.36 $   +5,201 $    146,584    +46.6%   -0.67%  -1.05%
   2025-11     567    406   72%  1.52 $   +6,283 $    152,305    +52.3%   -0.49%  -1.05%
   2025-12     562    410   73%  1.52 $   +6,104 $    159,364    +59.4%   -0.53%  -1.05%
   2026-01     573    396   69%  1.44 $   +6,235 $    164,481    +64.5%   -0.87%  -1.05%
   2026-02     531    391   74%  1.57 $   +6,662 $    172,349    +72.3%   -0.83%  -1.05%
   2026-03     586    410   70%  2.02 $  +16,101 $    187,515    +87.5%   -0.38%  -1.05%
   2026-04      89     73   82%  3.23 $   +3,212 $    190,629    +90.6%   -0.18%  -1.05%
  -------------------------------------------------------------------------------------
  Trades: 6,961 | WR: 71% | PF: 1.64 | Max DD: -1.05% | Rend: +90.6% | M+: 13/13
  Capital: $100,000 -> $190,629 (+90.6%)

==========================================================================================
EXIT=0
