
==========================================================================================
  BACKTEST FTMO — $100,000
==========================================================================================

  Loading XAUUSD... 23566 bars, 313 days
------------------------------------------------------------------------------------------
  XAUUSD — 9 strats @ 0.01%
------------------------------------------------------------------------------------------
  Trades: 1,742 | PF: 1.68 | WR: 76% | DD: -0.2% | Rend: +3% | M+: 13/13
  Capital: $102,842

                   Strat     n    WR     PF        PnL
            ALL_MACD_RSI   222   79%  1.68 $     +322
           IDX_TREND_DAY   118   81%  1.98 $     +220
            ALL_BB_TIGHT   215   80%  1.85 $     +363
           IDX_3SOLDIERS   218   78%  1.59 $     +294
          ALL_ELDER_BEAR   187   79%  1.73 $     +280
              ALL_MOM_10   192   75%  1.53 $     +258
              ALL_KC_BRK   231   74%  1.65 $     +396
           ALL_MACD_HIST   128   63%  1.66 $     +313
              IDX_KC_BRK   231   74%  1.65 $     +396

      Mois        PnL
   2025-04 $     +128
   2025-05 $      +80
   2025-06 $     +275
   2025-07 $      +87
   2025-08 $     +102
   2025-09 $     +419
   2025-10 $      +85
   2025-11 $     +392
   2025-12 $     +237
   2026-01 $     +339
   2026-02 $     +350
   2026-03 $     +274
   2026-04 $    -------------------------------------------------------------------------------------------------------------------------------------------------
  GER40.cash — 7 strats @ 0.01%
------------------------------------------------------------------------------------------
  Trades: 1,176 | PF: 1.53 | WR: 74% | DD: -0.1% | Rend: +2% | M+: 13/13
  Capital: $101,625

                   Strat     n    WR     PF        PnL
               ALL_MSTAR    52   71%  1.64 $      +96
             ALL_CCI_100   202   86%  2.04 $     +303
                ALL_TRIX   229   77%  1.59 $     +311
          ALL_KB_SQUEEZE   130   72%  1.41 $     +151
         ALL_RSI_EXTREME   127   30%  1.25 $     +223
          ALL_ELDER_BULL   205   85%  2.10 $     +343
           ALL_3SOLDIERS   231   77%  1.37 $     +199

      Mois        PnL
   2025-04 $      +91
   2025-05 $     +163
   2025-06 $      +92
   2025-07 $     +180
   2025-08 $      +83
   2025-09 $      +89
   2025-10 $      +14
   2025-11 $     +152
   2025-12 $      +20
   2026-01 $      +60
   2026-02 $     +124
   2026-03 $     +527
   2026-04 $      +31

  Loading US500.cash... 23530 bars, 314 days
------------------------------------------------------------------------------------------
  US500.cash — 7 strats @ 0.01%
------------------------------------------------------------------------------------------
  Trades: 1,238 | PF: 1.69 | WR: 69% | DD: -0.2% | Rend: +3% | M+: 13/13
  Capital: $102,726

                   Strat     n    WR     PF        PnL
               ALL_MSTAR    84   75%  1.50 $     +106
             ALL_EMA_921   225   79%  2.20 $     +572
          ALL_ELDER_BULL   158   76%  1.33 $     +127
                 TOK_BIG   102   55%  1.62 $     +291
              ALL_MOM_14   213   61%  1.73 $     +618
             ALL_MTF_BRK   243   72%  1.56 $     +393
         ALL_CMO_14_ZERO   213   61%  1.73 $     +618

      Mois        PnL
   2025-04 $     +208
   2025-05 $     +316
   2025-06 $     +278
   2025-07 $     +301
   2025-08 $      +29
   2025-09 $      +29
   2025-10 $     +190
   2025-11 $     +102
   2025-12 $     +218
   2026-01 $     +365
   2026-02 $     +336
   2026-03 $     +300
   2026-04 $  ---------------------------------------------------------------------------------------------------------------------------------------------------
  US100.cash — 8 strats @ 0.01%
------------------------------------------------------------------------------------------
  Trades: 1,313 | PF: 1.58 | WR: 72% | DD: -0.2% | Rend: +2% | M+: 11/13
  Capital: $102,148

                   Strat     n    WR     PF        PnL
                      D8    33   97%  2.67 $      +17
               ALL_MSTAR    75   88%  1.88 $      +80
                TOK_TRIX   127   69%  2.09 $     +430
             ALL_EMA_821   225   74%  1.61 $     +361
             ALL_ICHI_TK   186   70%  1.18 $     +100
            ALL_DC10_EMA   253   70%  1.46 $     +346
           IDX_3SOLDIERS   209   70%  1.63 $     +388
              ALL_RSI_50   205   66%  1.60 $     +426

      Mois        PnL
   2025-04 $     +134
   2025-05 $     +183
   2025-06 $     +170
   2025-07 $     +172
   2025-08 $      +42
   2025-09 $     -115
   2025-10 $     +331
   2025-11 $     ------------------------------------------------------------------------------------------
  US30.cash — 3 strats @ 0.01%
------------------------------------------------------------------------------------------------------------------------------------
  US30.cash — 4 strats @ 0.01%
------------------------------------------------------------------------------------------
  Trades: 595 | PF: 1.61 | WR: 70% | DD: -0.1% | Rend: +1% | M+: 13/13
  Capital: $101,097

                   Strat     n    WR     PF        PnL
                TOK_2BAR    52   96%  2.08 $      +22
          ALL_KB_SQUEEZE   157   61%  1.64 $     +395
                NY_ELDER   230   75%  1.54 $     +312
                TOK_TRIX   156   63%  1.64 $     +369

      Mois        PnL
   2025-04 $      +46
   2025-05 $      +32
   2025-06 $      +61
   2025-07 $      +21
   2025-08 $      +98
   2025-------------------------------------------------------------------------------------------
  JP225.cash — 3 strats @ 0.01%
------------------------------------------------------------------------------------------
  Tra------------------------------------------------------------------------------------------
  JP225.cash — 3 strats @ 0.01%
------------------------------------------------------------------------------------------
  Trades: 457 | PF: 1.88 | WR: 79% | DD: -0.1% | Rend: +1% | M+: 11/13
  Capital: $100,843

                   Strat     n    WR     PF        PnL
            ALL_PSAR_EMA   183   81%  2.01 $     +355
          ALL_SUPERTREND   188   80%  1.87 $     +331
               ALL_MSTAR    86   74%  1.71 $     +157

      Mois        PnL
   2025-04 $       +1
   2025-05 $      +28
   2025-06 $      +71
   2025-07 $     +168
   2025-08 $      +15
   2025-09 $      +59
   2025-10 $      +31
   2025-11 $       -0
   2025-12 $       -4
   2026-01 $     +178
   2026-02 $      +93
   2026-03 $     +134
   2026-04 $      +70

==========================================================================================
  AGREGE — 6 instruments — compte unique $100,000
==========================================================================================

      Mois  Trades   Wins    WR     PF        PnL      Capital  Rend cum  DD mois   MaxDD
  ---------------------------------------------------------------------------------------
   2025-04     322    241   75%  1.75 $     +610 $    100,596     +0.6%   -0.08%  -0.08%
   2025-05     548    394   72%  1.52 $     +808 $    101,383     +1.4%   -0.13%  -0.14%
   2025-06     564    416   74%  1.64 $     +961 $    102,447     +2.4%   -0.14%  -0.14%
   2025-07     600    412   69%  1.49 $     +949 $    103,332     +3.3%   -0.25%  -0.25%
   2025-08     552    387   70%  1.22 $     +380 $    103,834     +3.8%   -0.13%  -0.25%
   2025-09     560    390   70%  1.44 $     +777 $    104,528     +4.5%   -0.19%  -0.25%
   2025-10     554    412   74%  1.50 $     +748 $    105,263     +5.3%   -0.13%  -0.25%
   2025-11     528    395   75%  1.52 $     +732 $    106,161     +6.2%   -0.10%  -0.25%
   2025-12     530    377   71%  1.62 $   +1,014 $    107,259     +7.3%   -0.20%  -0.25%
   2026-01     521    398   76%  2.08 $   +1,436 $    108,556     +8.6%   -0.11%  -0.25%
   2026-02     512    402   79%  2.16 $   +1,398 $    109,896     +9.9%   -0.09%  -0.25%
   2026-03     584    437   75%  2.04 $   +1,684 $    111,532    +11.5%   -0.19%  -0.25%
   2026-04     146    107   73%  1.79 $     +306 $    111,803    +11.8%   -0.16%  -0.25%
  -------------------------------------------------------------------------------------
  Trades: 6,521 | WR: 73% | PF: 1.64 | Max DD: -0.25% | Rend: +11.8% | M+: 13/13
  Capital: $100,000 -> $111,803 (+11.8%)

==========================================================================================
EXIT=0
