
==========================================================================================
  BACKTEST FTMO — $100,000
==========================================================================================

  Loading XAUUSD... 23566 bars, 313 days
------------------------------------------------------------------------------------------
  XAUUSD — 9 strats @ 0.05%
------------------------------------------------------------------------------------------
  Trades: 1,742 | PF: 1.68 | WR: 76% | DD: -1.0% | Rend: +15% | M+: 13/13
  Capital: $115,000

                   Strat     n    WR     PF        PnL
            ALL_MACD_RSI   222   79%  1.69 $   +1,708
           IDX_TREND_DAY   118   81%  1.95 $   +1,131
            ALL_BB_TIGHT   215   80%  1.86 $   +1,922
           IDX_3SOLDIERS   218   78%  1.60 $   +1,548
          ALL_ELDER_BEAR   187   79%  1.74 $   +1,485
            ALL_ROC_ZERO   192   75%  1.55 $   +1,386
              ALL_KC_BRK   231   74%  1.65 $   +2,092
           ALL_MACD_HIST   128   63%  1.65 $   +1,637
              IDX_KC_BRK   231   74%  1.65 $   +2,092

      Mois        PnL
   2025-04 $     +639
   2025-05 $     +400
   2025-06 $   +1,390
   2025-07 $     +439
   2025-08 $     +523
   2025-09 $   +2,166
   2025-10 $     +442
   2025-11 $   +2,066
   2025-12 $   +1,259
   2026-01 $   +1,831
   2026-02 $   +1,914
   2026-03 $   +1,518
   2026-04 $     +412

  Loading GER40.cash... 22863 bars, 302 days
------------------------------------------------------------------------------------------
  GER40.cash — 7 strats @ 0.05%
------------------------------------------------------------------------------------------
  Trades: 1,176 | PF: 1.53 | WR: 74% | DD: -0.5% | Rend: +8% | M+: 13/13
  Capital: $108,381

                   Strat     n    WR     PF        PnL
               ALL_MSTAR    52   71%  1.66 $     +507
             ALL_CCI_100   202   86%  2.04 $   +1,565
                ALL_TRIX   229   77%  1.60 $   +1,613
          ALL_KB_SQUEEZE   130   72%  1.41 $     +780
             IDX_RSI_REV   127   30%  1.25 $   +1,134
          ALL_ELDER_BULL   205   85%  2.10 $   +1,766
           ALL_3SOLDIERS   231   77%  1.37 $   +1,015

      Mois        PnL
   2025-04 $     +457
   2025-05 $     +819
   2025-06 $     +467
   2025-07 $     +912
   2025-08 $     +422
   2025-09 $     +457
   2025-10 $      +69
   2025-11 $     +781
   2025-12 $     +104
   2026-01 $     +310
   2026-02 $     +642
   2026-03 $   +2,773
   2026-04 $     +167

  Loading US500.cash... 23530 bars, 314 days
------------------------------------------------------------------------------------------
  US500.cash — 8 strats @ 0.05%
------------------------------------------------------------------------------------------
  Trades: 1,320 | PF: 1.63 | WR: 69% | DD: -1.2% | Rend: +14% | M+: 13/13
  Capital: $113,867

                   Strat     n    WR     PF        PnL
               ALL_MSTAR    76   74%  1.39 $     +422
                 TOK_BIG    95   56%  1.69 $   +1,545
             ALL_EMA_921   215   79%  2.10 $   +2,670
              IDX_ENGULF   175   71%  1.65 $   +1,776
             ALL_MTF_BRK   224   72%  1.64 $   +2,128
         ALL_CMO_14_ZERO   207   60%  1.71 $   +3,099
          ALL_ELDER_BULL   141   77%  1.35 $     +619
            ALL_MACD_ADX   187   58%  1.39 $   +1,607

      Mois        PnL
   2025-04 $     +986
   2025-05 $   +1,618
   2025-06 $     +639
   2025-07 $     +751
   2025-08 $     +449
   2025-09 $   +1,035
   2025-10 $   +1,528
   2025-11 $   +1,123
   2025-12 $     +846
   2026-01 $   +1,475
   2026-02 $   +1,364
   2026-03 $   +1,930
   2026-04 $     +123

  Loading US100.cash... 23531 bars, 314 days
------------------------------------------------------------------------------------------
  US100.cash — 8 strats @ 0.05%
------------------------------------------------------------------------------------------
  Trades: 1,313 | PF: 1.58 | WR: 72% | DD: -1.1% | Rend: +11% | M+: 11/13
  Capital: $111,185

                   Strat     n    WR     PF        PnL
                      D8    33   97%  2.70 $      +88
               ALL_MSTAR    75   88%  1.88 $     +417
                TOK_TRIX   127   69%  2.11 $   +2,259
             ALL_EMA_821   225   74%  1.60 $   +1,875
             ALL_ICHI_TK   186   70%  1.19 $     +543
            ALL_DC10_EMA   253   70%  1.45 $   +1,787
           IDX_3SOLDIERS   209   70%  1.63 $   +2,025
              ALL_RSI_50   205   66%  1.60 $   +2,192

      Mois        PnL
   2025-04 $     +671
   2025-05 $     +922
   2025-06 $     +859
   2025-07 $     +881
   2025-08 $     +213
   2025-09 $     -589
   2025-10 $   +1,705
   2025-11 $     -115
   2025-12 $   +2,152
   2026-01 $   +2,071
   2026-02 $   +1,494
   2026-03 $     +671
   2026-04 $     +249

  Loading US30.cash... 23526 bars, 314 days
------------------------------------------------------------------------------------------
  US30.cash — 4 strats @ 0.05%
------------------------------------------------------------------------------------------
  Trades: 595 | PF: 1.61 | WR: 70% | DD: -0.6% | Rend: +6% | M+: 13/13
  Capital: $105,602

                   Strat     n    WR     PF        PnL
                TOK_2BAR    52   96%  2.07 $     +110
          ALL_KB_SQUEEZE   157   61%  1.64 $   +2,010
                NY_ELDER   230   75%  1.53 $   +1,586
                TOK_TRIX   156   63%  1.65 $   +1,895

      Mois        PnL
   2025-04 $     +229
   2025-05 $     +158
   2025-06 $     +306
   2025-07 $     +105
   2025-08 $     +495
   2025-09 $   +1,369
   2025-10 $     +357
   2025-11 $     +399
   2025-12 $     +420
   2026-01 $     +111
   2026-02 $     +636
   2026-03 $     +987
   2026-04 $      +30

  Loading JP225.cash... 23539 bars, 314 days
------------------------------------------------------------------------------------------
  JP225.cash — 2 strats @ 0.05%
------------------------------------------------------------------------------------------
  Trades: 269 | PF: 1.90 | WR: 79% | DD: -0.3% | Rend: +3% | M+: 11/13
  Capital: $102,581

                   Strat     n    WR     PF        PnL
            ALL_PSAR_EMA   183   81%  2.01 $   +1,791
               ALL_MSTAR    86   74%  1.71 $     +789

      Mois        PnL
   2025-04 $      -29
   2025-05 $      +50
   2025-06 $     +265
   2025-07 $     +552
   2025-08 $     +111
   2025-09 $     +146
   2025-10 $     +139
   2025-11 $      -64
   2025-12 $      +55
   2026-01 $     +586
   2026-02 $     +196
   2026-03 $     +381
   2026-04 $     +194

==========================================================================================
  AGREGE — 6 instruments — compte unique $100,000
==========================================================================================

      Mois  Trades   Wins    WR     PF        PnL      Capital  Rend cum  DD mois   MaxDD
  ---------------------------------------------------------------------------------------
   2025-04     328    243   74%  1.69 $   +2,984 $    102,915     +2.9%   -0.41%  -0.42%
   2025-05     532    376   71%  1.50 $   +4,106 $    106,906     +6.9%   -0.65%  -0.65%
   2025-06     553    399   72%  1.50 $   +4,205 $    111,671    +11.7%   -0.94%  -0.94%
   2025-07     590    401   68%  1.38 $   +4,022 $    115,344    +15.3%   -1.06%  -1.06%
   2025-08     549    388   71%  1.27 $   +2,512 $    118,533    +18.5%   -0.59%  -1.06%
   2025-09     550    389   71%  1.55 $   +5,318 $    123,372    +23.4%   -1.21%  -1.21%
   2025-10     546    409   75%  1.59 $   +5,084 $    128,423    +28.4%   -0.56%  -1.21%
   2025-11     524    395   75%  1.61 $   +5,148 $    134,584    +34.6%   -0.54%  -1.21%
   2025-12     520    369   71%  1.60 $   +6,172 $    141,181    +41.2%   -0.95%  -1.21%
   2026-01     506    384   76%  1.97 $   +8,495 $    149,150    +49.1%   -0.63%  -1.21%
   2026-02     502    388   77%  2.00 $   +8,688 $    157,726    +57.7%   -0.32%  -1.21%
   2026-03     576    432   75%  2.05 $  +12,282 $    169,365    +69.4%   -0.89%  -1.21%
   2026-04     139     99   71%  1.59 $   +1,807 $    170,825    +70.8%   -0.73%  -1.21%
  -------------------------------------------------------------------------------------
  Trades: 6,415 | WR: 73% | PF: 1.64 | Max DD: -1.21% | Rend: +70.8% | M+: 13/13
  Capital: $100,000 -> $170,825 (+70.8%)

==========================================================================================
EXIT=0
