
==========================================================================================
  BACKTEST FTMO — $100,000
==========================================================================================

  Loading XAUUSD... 23570 bars, 313 days
------------------------------------------------------------------------------------------
  XAUUSD — 9 strats @ 0.01%
------------------------------------------------------------------------------------------
  Trades: 1,735 | PF: 1.70 | WR: 76% | DD: -0.2% | Rend: +3% | M+: 13/13
  Capital: $102,894

                   Strat     n    WR     PF        PnL
            ALL_MACD_RSI   221   79%  1.68 $     +321
           IDX_TREND_DAY   118   81%  1.98 $     +220
            ALL_BB_TIGHT   217   80%  1.81 $     +359
           IDX_3SOLDIERS   217   78%  1.66 $     +315
          ALL_ELDER_BEAR   183   80%  1.82 $     +298
            ALL_ROC_ZERO   193   75%  1.51 $     +251
              ALL_KC_BRK   231   74%  1.64 $     +394
           ALL_MACD_HIST   124   65%  1.77 $     +342
              IDX_KC_BRK   231   74%  1.64 $     +394

      Mois        PnL
   2025-04 $     +161
   2025-05 $      +80
   2025-06 $     +275
   2025-07 $     +131
   2025-08 $     +102
   2025-09 $     +420
   2025-10 $      +85
   2025-11 $     +405
   2025-12 $     +237
   2026-01 $     +340
   2026-02 $     +350
   2026-03 $     +274
   2026-04 $      +34

  Loading GER40.cash... 22867 bars, 302 days
------------------------------------------------------------------------------------------
  GER40.cash — 7 strats @ 0.01%
------------------------------------------------------------------------------------------
  Trades: 1,178 | PF: 1.54 | WR: 74% | DD: -0.1% | Rend: +2% | M+: 13/13
  Capital: $101,644

                   Strat     n    WR     PF        PnL
               ALL_MSTAR    52   71%  1.64 $      +96
             ALL_CCI_100   200   86%  2.12 $     +317
                ALL_TRIX   229   78%  1.63 $     +322
          ALL_KB_SQUEEZE   132   72%  1.43 $     +159
             IDX_RSI_REV   126   29%  1.20 $     +182
          ALL_ELDER_BULL   207   86%  2.21 $     +366
           ALL_3SOLDIERS   232   77%  1.38 $     +203

      Mois        PnL
   2025-04 $      +58
   2025-05 $     +163
   2025-06 $      +92
   2025-07 $     +207
   2025-08 $      +83
   2025-09 $      +89
   2025-10 $      +14
   2025-11 $     +165
   2025-12 $      +20
   2026-01 $      +60
   2026-02 $     +123
   2026-03 $     +527
   2026-04 $      +43

  Loading US500.cash... 23534 bars, 314 days
------------------------------------------------------------------------------------------
  US500.cash — 8 strats @ 0.01%
------------------------------------------------------------------------------------------
  Trades: 1,310 | PF: 1.59 | WR: 68% | DD: -0.2% | Rend: +2% | M+: 13/13
  Capital: $102,477

                   Strat     n    WR     PF        PnL
               ALL_MSTAR    75   73%  1.37 $      +76
                 TOK_BIG    94   55%  1.65 $     +277
             ALL_EMA_921   213   78%  2.01 $     +476
              IDX_ENGULF   174   71%  1.63 $     +324
             ALL_MTF_BRK   221   72%  1.62 $     +388
         ALL_CMO_14_ZERO   205   60%  1.66 $     +544
          ALL_ELDER_BULL   141   77%  1.35 $     +117
            ALL_MACD_ADX   187   57%  1.34 $     +276

      Mois        PnL
   2025-04 $     +143
   2025-05 $     +320
   2025-06 $     +125
   2025-07 $     +159
   2025-08 $      +87
   2025-09 $     +199
   2025-10 $     +291
   2025-11 $     +212
   2025-12 $     +159
   2026-01 $     +274
   2026-02 $     +150
   2026-03 $     +351
   2026-04 $       +7

  Loading US100.cash... 23535 bars, 314 days
------------------------------------------------------------------------------------------
  US100.cash — 8 strats @ 0.01%
------------------------------------------------------------------------------------------
  Trades: 1,303 | PF: 1.55 | WR: 72% | DD: -0.2% | Rend: +2% | M+: 11/13
  Capital: $102,048

                   Strat     n    WR     PF        PnL
                      D8    33   97%  2.67 $      +17
               ALL_MSTAR    75   87%  1.69 $      +69
                TOK_TRIX   128   68%  1.96 $     +395
             ALL_EMA_821   225   73%  1.57 $     +346
             ALL_ICHI_TK   183   70%  1.14 $      +76
            ALL_DC10_EMA   249   71%  1.48 $     +357
           IDX_3SOLDIERS   205   70%  1.58 $     +357
              ALL_RSI_50   205   66%  1.62 $     +430

      Mois        PnL
   2025-04 $      +98
   2025-05 $     +183
   2025-06 $     +170
   2025-07 $     +132
   2025-08 $      +42
   2025-09 $     -114
   2025-10 $     +331
   2025-11 $      -22
   2025-12 $     +413
   2026-01 $     +390
   2026-02 $     +282
   2026-03 $     +124
   2026-04 $      +20

  Loading US30.cash... 23530 bars, 314 days
------------------------------------------------------------------------------------------
  US30.cash — 4 strats @ 0.01%
------------------------------------------------------------------------------------------
  Trades: 596 | PF: 1.60 | WR: 70% | DD: -0.1% | Rend: +1% | M+: 13/13
  Capital: $101,071

                   Strat     n    WR     PF        PnL
                TOK_2BAR    53   96%  2.12 $      +23
          ALL_KB_SQUEEZE   158   61%  1.63 $     +389
                NY_ELDER   230   75%  1.52 $     +305
                TOK_TRIX   155   63%  1.61 $     +354

      Mois        PnL
   2025-04 $      +14
   2025-05 $      +32
   2025-06 $      +61
   2025-07 $      +25
   2025-08 $      +98
   2025-09 $     +270
   2025-10 $      +70
   2025-11 $      +93
   2025-12 $      +82
   2026-01 $      +22
   2026-02 $     +110
   2026-03 $     +190
   2026-04 $       +6

  Loading JP225.cash... 23543 bars, 314 days
