
==========================================================================================
  BACKTEST icm — $100,000
==========================================================================================

  Loading XAUUSD... 23561 bars, 313 days
------------------------------------------------------------------------------------------
  XAUUSD — 15 strats @ 0.01%
------------------------------------------------------------------------------------------
  Trades: 2,580 | PF: 1.53 | WR: 75% | DD: -0.1% | Rend: +3% | M+: 13/13
  Capital: $103,477

                   Strat     n    WR     PF        PnL
            ALL_MACD_RSI   207   79%  1.84 $     +371
           IDX_TREND_DAY   113   82%  2.13 $     +230
             IDX_PREV_HL   152   69%  1.92 $     +438
              ALL_KC_BRK   211   78%  1.58 $     +275
            ALL_PSAR_EMA   114   75%  1.36 $     +105
       ALL_MACD_FAST_SIG   176   85%  1.16 $      +41
               LON_STOCH   193   78%  1.39 $     +166
         IDX_VWAP_BOUNCE   131   64%  1.12 $      +58
              IDX_KC_BRK   211   78%  1.58 $     +275
           ALL_3SOLDIERS   216   67%  1.55 $     +400
          ALL_SUPERTREND   115   75%  1.38 $     +111
              ALL_CMO_14   154   82%  1.44 $     +124
           IDX_3SOLDIERS   219   66%  1.53 $     +405
               ALL_CMO_9   147   80%  1.41 $     +120
            ALL_FVG_BULL   221   71%  1.56 $     +356

      Mois        PnL
   2025-04 $     +150
   2025-05 $     +115
   2025-06 $     +317
   2025-07 $      +74
   2025-08 $     +137
   2025-09 $     +734
   2025-10 $       +9
   2025-11 $     +287
   2025-12 $     +299
   2026-01 $     +310
   2026-02 $     +412
   2026-03 $     +465
   2026-04 $     +167

  Loading US500... 23526 bars, 314 days
------------------------------------------------------------------------------------------
  US500 — 7 strats @ 0.01%
------------------------------------------------------------------------------------------
  Trades: 1,106 | PF: 1.72 | WR: 75% | DD: -0.2% | Rend: +2% | M+: 13/13
  Capital: $101,999

                   Strat     n    WR     PF        PnL
             ALL_EMA_921   246   81%  2.12 $     +529
                      D8    35   74%  2.29 $      +79
             ALL_EMA_821   242   81%  2.04 $     +490
          ALL_KB_SQUEEZE   143   78%  1.57 $     +179
           ALL_PIVOT_BRK   189   77%  1.57 $     +245
             ALL_FIB_618   128   66%  1.37 $     +163
                 TOK_BIG   123   54%  1.55 $     +314

      Mois        PnL
   2025-04 $      +87
   2025-05 $     +224
   2025-06 $      +71
   2025-07 $     +114
   2025-08 $     +206
   2025-09 $      +99
   2025-10 $     +189
   2025-11 $      +39
   2025-12 $      +66
   2026-01 $      +73
   2026-02 $     +312
   2026-03 $     +320
   2026-04 $     +199

  Loading USTEC... 23525 bars, 314 days
------------------------------------------------------------------------------------------
  USTEC — 5 strats @ 0.01%
------------------------------------------------------------------------------------------
  Trades: 748 | PF: 1.76 | WR: 83% | DD: -0.1% | Rend: +1% | M+: 13/13
  Capital: $100,987

                   Strat     n    WR     PF        PnL
                      D8    29   97%  2.33 $      +13
             ALL_EMA_921   229   80%  2.10 $     +497
             ALL_ICHI_TK   185   88%  1.78 $     +178
              ALL_ENGULF   228   78%  1.51 $     +254
               ALL_MSTAR    77   87%  1.45 $      +46

      Mois        PnL
   2025-04 $      +95
   2025-05 $      +69
   2025-06 $      +14
   2025-07 $      +21
   2025-08 $      +53
   2025-09 $      +16
   2025-10 $      +99
   2025-11 $      +40
   2025-12 $     +153
   2026-01 $     +131
   2026-02 $     +171
   2026-03 $      +87
   2026-04 $      +39

  Loading DE40... 22897 bars, 302 days
------------------------------------------------------------------------------------------
  DE40 — 6 strats @ 0.01%
------------------------------------------------------------------------------------------
  Trades: 1,024 | PF: 1.51 | WR: 65% | DD: -0.2% | Rend: +2% | M+: 12/13
  Capital: $101,832

                   Strat     n    WR     PF        PnL
               ALL_MSTAR    44   84%  2.71 $     +120
             ALL_CCI_100   187   81%  1.63 $     +223
                ALL_TRIX   240   78%  1.63 $     +329
          ALL_KB_SQUEEZE   135   72%  1.57 $     +219
              ALL_RSI_50   245   39%  1.44 $     +664
                 TOK_BIG   173   55%  1.36 $     +277

      Mois        PnL
   2025-04 $       -4
   2025-05 $     +199
   2025-06 $     +104
   2025-07 $      +18
   2025-08 $     +191
   2025-09 $     +142
   2025-10 $      +10
   2025-11 $      +43
   2025-12 $     +230
   2026-01 $     +102
   2026-02 $      +82
   2026-03 $     +693
   2026-04 $      +21

  Loading JP225... 23547 bars, 314 days
------------------------------------------------------------------------------------------
  JP225 — 3 strats @ 0.01%
------------------------------------------------------------------------------------------
  Trades: 473 | PF: 2.01 | WR: 79% | DD: -0.1% | Rend: +1% | M+: 13/13
  Capital: $101,017

                   Strat     n    WR     PF        PnL
            ALL_PSAR_EMA   174   78%  2.18 $     +452
         ALL_STOCH_PIVOT   120   83%  1.88 $     +176
          ALL_SUPERTREND   179   77%  1.92 $     +389

      Mois        PnL
   2025-04 $      +27
   2025-05 $     +100
   2025-06 $      +40
   2025-07 $      +66
   2025-08 $      +86
   2025-09 $     +168
   2025-10 $      +54
   2025-11 $      +12
   2025-12 $      +10
   2026-01 $      +77
   2026-02 $     +199
   2026-03 $     +142
   2026-04 $      +35

  Loading AUS200... 21560 bars, 307 days
------------------------------------------------------------------------------------------
  AUS200 — 8 strats @ 0.01%
------------------------------------------------------------------------------------------
  Trades: 1,369 | PF: 1.53 | WR: 78% | DD: -0.1% | Rend: +2% | M+: 13/13
  Capital: $101,561

                   Strat     n    WR     PF        PnL
                      D8    30   90%  3.43 $      +73
                TOK_2BAR    91   87%  3.26 $     +251
            ALL_FVG_BULL   234   76%  1.40 $     +219
             ALL_FIB_618   106   81%  1.73 $     +147
         ALL_CCI_20_ZERO   244   78%  1.38 $     +203
            ALL_MACD_ADX   239   79%  1.29 $     +145
            ALL_ADX_FAST   191   70%  1.60 $     +343
        ALL_MACD_STD_SIG   234   80%  1.39 $     +179

      Mois        PnL
   2025-04 $      +58
   2025-05 $     +154
   2025-06 $     +105
   2025-07 $      +95
   2025-08 $     +116
   2025-09 $      +75
   2025-10 $      +83
   2025-11 $      +34
   2025-12 $      +88
   2026-01 $     +185
   2026-02 $     +190
   2026-03 $     +192
   2026-04 $     +186

  Loading EURUSD... 24883 bars, 315 days
------------------------------------------------------------------------------------------
  EURUSD — 2 strats @ 0.01%
------------------------------------------------------------------------------------------
  Trades: 320 | PF: 1.78 | WR: 84% | DD: -0.0% | Rend: +0% | M+: 13/13
  Capital: $100,408

                   Strat     n    WR     PF        PnL
                      D8    42   83%  2.12 $      +78
            ALL_MACD_ADX   278   84%  1.73 $     +330

      Mois        PnL
   2025-04 $       +7
   2025-05 $      +61
   2025-06 $      +11
   2025-07 $      +25
   2025-08 $      +38
   2025-09 $      +35
   2025-10 $      +12
   2025-11 $      +46
   2025-12 $      +56
   2026-01 $       +4
   2026-02 $      +20
   2026-03 $      +72
   2026-04 $      +20

  Loading GBPUSD... 24883 bars, 315 days
------------------------------------------------------------------------------------------
  GBPUSD — 3 strats @ 0.01%
------------------------------------------------------------------------------------------
  Trades: 712 | PF: 1.60 | WR: 74% | DD: -0.1% | Rend: +1% | M+: 11/13
  Capital: $101,091

                   Strat     n    WR     PF        PnL
          ALL_CONSEC_REV   175   75%  1.71 $     +307
         ALL_AROON_CROSS   273   70%  1.51 $     +412
            ALL_FVG_BULL   264   78%  1.63 $     +371

      Mois        PnL
   2025-04 $      +37
   2025-05 $     +223
   2025-06 $     +222
   2025-07 $       +4
   2025-08 $     +132
   2025-09 $      +74
   2025-10 $     +161
   2025-11 $      -48
   2025-12 $      +38
   2026-01 $     +185
   2026-02 $      -30
   2026-03 $      +73
   2026-04 $      +18

  Loading AUDUSD... 24882 bars, 315 days
------------------------------------------------------------------------------------------
  AUDUSD — 4 strats @ 0.01%
------------------------------------------------------------------------------------------
  Trades: 980 | PF: 1.41 | WR: 74% | DD: -0.2% | Rend: +1% | M+: 12/13
  Capital: $101,056

                   Strat     n    WR     PF        PnL
                NY_ELDER   236   81%  1.65 $     +288
          ALL_CONSEC_REV   199   76%  1.38 $     +177
          ALL_ELDER_BULL   282   71%  1.44 $     +356
              ALL_CMO_14   263   68%  1.28 $     +235

      Mois        PnL
   2025-04 $      +25
   2025-05 $     +122
   2025-06 $      +14
   2025-07 $      +30
   2025-08 $       -6
   2025-09 $     +125
   2025-10 $      +90
   2025-11 $      +17
   2025-12 $      +63
   2026-01 $     +242
   2026-02 $     +199
   2026-03 $      +93
   2026-04 $      +43

  Loading USDCAD... 24883 bars, 315 days
------------------------------------------------------------------------------------------
  USDCAD — 2 strats @ 0.01%
------------------------------------------------------------------------------------------
  Trades: 326 | PF: 1.57 | WR: 70% | DD: -0.1% | Rend: +1% | M+: 12/13
  Capital: $100,553

                   Strat     n    WR     PF        PnL
            NY_HMA_CROSS   256   75%  1.64 $     +417
               ALL_MSTAR    70   54%  1.42 $     +136

      Mois        PnL
   2025-04 $      +40
   2025-05 $       +5
   2025-06 $      +98
   2025-07 $      +27
   2025-08 $      +41
   2025-09 $      +29
   2025-10 $      +69
   2025-11 $      +22
   2025-12 $      +78
   2026-01 $      +66
   2026-02 $      +85
   2026-03 $      +10
   2026-04 $      -18

  Loading USDCHF... 24883 bars, 315 days
------------------------------------------------------------------------------------------
  USDCHF — 6 strats @ 0.01%
------------------------------------------------------------------------------------------
  Trades: 1,192 | PF: 1.75 | WR: 78% | DD: -0.2% | Rend: +2% | M+: 13/13
  Capital: $101,989

                   Strat     n    WR     PF        PnL
                      D8    27   74%  2.92 $     +103
            IDX_GAP_CONT   234   78%  1.83 $     +436
           ALL_MACD_HIST   287   85%  1.75 $     +335
         ALL_RSI_EXTREME   126   49%  1.61 $     +392
             ALL_RSI_DIV   245   79%  1.75 $     +395
              IDX_BB_REV   273   84%  1.72 $     +328

      Mois        PnL
   2025-04 $     +142
   2025-05 $     +146
   2025-06 $     +142
   2025-07 $      +90
   2025-08 $      +39
   2025-09 $     +203
   2025-10 $      +94
   2025-11 $     +156
   2025-12 $     +167
   2026-01 $     +285
   2026-02 $     +110
   2026-03 $     +246
   2026-04 $     +167

  Loading USDJPY... 24883 bars, 315 days
------------------------------------------------------------------------------------------
  USDJPY — 3 strats @ 0.01%
------------------------------------------------------------------------------------------
  Trades: 501 | PF: 1.46 | WR: 76% | DD: -0.1% | Rend: +1% | M+: 11/13
  Capital: $100,549

                   Strat     n    WR     PF        PnL
                      D8    35   77%  1.69 $      +55
            ALL_ADX_FAST   278   74%  1.45 $     +319
           ALL_PIVOT_BRK   188   79%  1.45 $     +175

      Mois        PnL
   2025-04 $      +33
   2025-05 $      +26
   2025-06 $      +38
   2025-07 $     +104
   2025-08 $      +57
   2025-09 $     +100
   2025-10 $      -27
   2025-11 $      +77
   2025-12 $      +81
   2026-01 $      +12
   2026-02 $      +22
   2026-03 $      +49
   2026-04 $      -21

==========================================================================================
  AGREGE — 12 instruments — compte unique $100,000
==========================================================================================

      Mois  Trades   Wins    WR     PF        PnL      Capital  Rend cum  DD mois   MaxDD
  ---------------------------------------------------------------------------------------
   2025-04     523    401   77%  1.57 $     +700 $    100,659     +0.7%   -0.17%  -0.17%
   2025-05     994    741   75%  1.57 $   +1,463 $    102,252     +2.3%   -0.13%  -0.17%
   2025-06     963    731   76%  1.51 $   +1,204 $    103,356     +3.4%   -0.12%  -0.17%
   2025-07    1027    727   71%  1.22 $     +691 $    104,259     +4.3%   -0.15%  -0.17%
   2025-08     960    705   73%  1.43 $   +1,136 $    105,921     +5.9%   -0.11%  -0.17%
   2025-09     998    747   75%  1.71 $   +1,896 $    107,341     +7.3%   -0.14%  -0.17%
   2025-10     989    736   74%  1.33 $     +901 $    108,297     +8.3%   -0.25%  -0.25%
   2025-11     895    679   76%  1.33 $     +779 $    109,237     +9.2%   -0.23%  -0.25%
   2025-12     926    685   74%  1.55 $   +1,443 $    110,749    +10.7%   -0.21%  -0.25%
   2026-01     923    704   76%  1.76 $   +1,841 $    113,136    +13.1%   -0.19%  -0.25%
   2026-02     878    692   79%  1.94 $   +1,975 $    115,870    +15.9%   -0.14%  -0.25%
   2026-03     974    784   80%  2.26 $   +2,775 $    117,540    +17.5%   -0.10%  -0.25%
   2026-04     281    224   80%  2.56 $     +978 $    117,781    +17.8%   -0.09%  -0.25%
  -------------------------------------------------------------------------------------
  Trades: 11,331 | WR: 76% | PF: 1.60 | Max DD: -0.25% | Rend: +17.8% | M+: 13/13
  Capital: $100,000 -> $117,781 (+17.8%)

==========================================================================================
