======== xauusd ========

Saved data/ftmo/combo_results.json
==================================================================================================================================
======== ger40_cash ========

Saved data/ftmo/ger40_cash/combo_results.json
==================================================================================================================================
======== us500_cash ========

Saved data/ftmo/us500_cash/combo_results.json
==================================================================================================================================
======== us100_cash ========

Saved data/ftmo/us100_cash/combo_results.json
==================================================================================================================================
======== us30_cash ========

Saved data/ftmo/us30_cash/combo_results.json
==================================================================================================================================
======== uk100_cash ========

Saved data/ftmo/uk100_cash/combo_results.json
==================================================================================================================================
======== jp225_cash ========

Saved data/ftmo/jp225_cash/combo_results.json
==================================================================================================================================
DONE
