======== xauusd ========
    IDX_VWAP_BOUNCE        TRAIL SL=3.0 ACT=1.00 TR=0.30 PF=1.50 WR=64%
    ALL_DC10               TRAIL SL=3.0 ACT=0.50 TR=0.50 PF=1.72 WR=77%

Saved data/ftmo/combo_results.json
==================================================================================================================================

======== ger40_cash ========
    ALL_3SOLDIERS          TRAIL SL=3.0 ACT=0.30 TR=0.30 PF=1.57 WR=79%
    ALL_KB_SQUEEZE         TRAIL SL=3.0 ACT=0.30 TR=0.30 PF=1.54 WR=71%

Saved data/ftmo/ger40_cash/combo_results.json
==================================================================================================================================

======== us500_cash ========
    IDX_ENGULF             TRAIL SL=1.5 ACT=0.50 TR=0.50 PF=1.58 WR=71%
    ALL_MACD_ADX           TPSL  SL=3.0 TP=3.00          PF=1.44 WR=58%

Saved data/ftmo/us500_cash/combo_results.json
==================================================================================================================================

======== us100_cash ========
6. DETAIL DES MEILLEURES COMPOSITIONS
==================================================================================================================================

Saved data/ftmo/us100_cash/combo_results.json
==================================================================================================================================

======== us30_cash ========
6. DETAIL DES MEILLEURES COMPOSITIONS
==================================================================================================================================

Saved data/ftmo/us30_cash/combo_results.json
==================================================================================================================================

======== uk100_cash ========
6. DETAIL DES MEILLEURES COMPOSITIONS
==================================================================================================================================

Saved data/ftmo/uk100_cash/combo_results.json
==================================================================================================================================

======== jp225_cash ========
6. DETAIL DES MEILLEURES COMPOSITIONS
==================================================================================================================================

Saved data/ftmo/jp225_cash/combo_results.json
==================================================================================================================================

DONE
