======== xauusd 15m ========
    IDX_3SOLDIERS          TRAIL SL=3.0 ACT=0.50 TR=0.50 PF=1.51 WR=75%
    ALL_KC_BRK             TRAIL SL=3.0 ACT=1.00 TR=0.75 PF=1.86 WR=72%
    ALL_MACD_HIST          TRAIL SL=1.5 ACT=0.50 TR=0.50 PF=1.57 WR=59%
    ALL_TRIX               TRAIL SL=1.0 ACT=0.30 TR=0.30 PF=1.31 WR=63%
    IDX_VWAP_BOUNCE        TRAIL SL=3.0 ACT=1.00 TR=0.30 PF=1.50 WR=64%
    IDX_KC_BRK             TRAIL SL=3.0 ACT=1.00 TR=0.75 PF=1.86 WR=72%
    ALL_CCI_20_ZERO        TRAIL SL=2.0 ACT=0.50 TR=0.50 PF=1.31 WR=68%
    ALL_ADX_FAST           TPSL  SL=3.0 TP=0.75          PF=1.59 WR=82%
    IDX_PREV_HL            TRAIL SL=3.0 ACT=0.30 TR=0.30 PF=1.45 WR=77%
    ALL_BB_TIGHT           TRAIL SL=3.0 ACT=0.50 TR=0.50 PF=1.67 WR=79%
    ALL_ROC_ZERO           TRAIL SL=2.0 ACT=0.30 TR=0.30 PF=1.86 WR=74%
    ALL_MACD_ADX           TRAIL SL=2.0 ACT=0.50 TR=0.50 PF=1.29 WR=68%

==================================================================================================================================
Saved data/ftmo/optim_data.pkl

======== ger40_cash 15m ========
    IDX_GAP_CONT           TRAIL SL=3.0 ACT=1.00 TR=1.00 PF=1.34 WR=64%
    TOK_TRIX               TRAIL SL=3.0 ACT=0.50 TR=0.50 PF=1.56 WR=80%
    ALL_KB_SQUEEZE         TRAIL SL=3.0 ACT=0.30 TR=0.30 PF=1.54 WR=71%
    IDX_RSI_REV            TRAIL SL=0.5 ACT=0.50 TR=0.30 PF=1.54 WR=31%
    IDX_CONSEC_REV         TRAIL SL=1.5 ACT=1.00 TR=1.00 PF=1.28 WR=52%
    TOK_NR4                TRAIL SL=3.0 ACT=0.50 TR=0.30 PF=1.31 WR=76%
    ALL_PIVOT_BRK          TRAIL SL=3.0 ACT=0.30 TR=0.30 PF=1.37 WR=74%
    IDX_KC_BRK             TRAIL SL=3.0 ACT=1.00 TR=0.30 PF=1.38 WR=67%
    ALL_KC_BRK             TRAIL SL=3.0 ACT=1.00 TR=0.30 PF=1.38 WR=67%
    IDX_3SOLDIERS          TRAIL SL=3.0 ACT=0.30 TR=0.30 PF=1.58 WR=79%
    ALL_MTF_BRK            TPSL  SL=3.0 TP=2.00          PF=1.30 WR=62%
    ALL_ELDER_BULL         TRAIL SL=3.0 ACT=0.30 TR=0.30 PF=1.63 WR=83%

==================================================================================================================================
Saved data/ftmo/ger40_cash/optim_data.pkl

======== us500_cash 15m ========
    ALL_KB_SQUEEZE         TRAIL SL=3.0 ACT=0.30 TR=0.30 PF=1.39 WR=77%
    ALL_LR_BREAK           TRAIL SL=3.0 ACT=0.75 TR=0.75 PF=1.36 WR=77%
    TOK_BIG                TPSL  SL=1.5 TP=2.00          PF=1.54 WR=52%
    ALL_MACD_ADX           TPSL  SL=3.0 TP=3.00          PF=1.44 WR=58%
    ALL_EMA_821            TRAIL SL=3.0 ACT=0.75 TR=0.75 PF=1.43 WR=77%
    ALL_MTF_BRK            TRAIL SL=1.5 ACT=0.50 TR=0.30 PF=1.53 WR=68%
    ALL_HAMMER             TRAIL SL=0.5 ACT=0.75 TR=0.75 PF=1.50 WR=33%
    LON_STOCH              TRAIL SL=3.0 ACT=0.50 TR=0.50 PF=1.41 WR=77%
    ALL_ICHI_TK            TRAIL SL=1.5 ACT=0.50 TR=0.50 PF=1.25 WR=65%
    ALL_MSTAR              TPSL  SL=3.0 TP=1.50          PF=1.85 WR=77%
    ALL_PIVOT_BOUNCE       TRAIL SL=3.0 ACT=1.00 TR=1.00 PF=1.27 WR=71%
    ALL_PSAR_EMA           TPSL  SL=3.0 TP=3.00          PF=1.23 WR=53%

==================================================================================================================================
Saved data/ftmo/us500_cash/optim_data.pkl

======== us100_cash 15m ========
    ALL_PIVOT_BRK          TRAIL SL=1.0 ACT=0.30 TR=0.30 PF=1.79 WR=57%
    ALL_BB_TIGHT           TRAIL SL=3.0 ACT=1.00 TR=1.00 PF=1.38 WR=71%
    ALL_CMO_9              TRAIL SL=1.5 ACT=0.30 TR=1.00 PF=1.49 WR=46%
    TOK_TRIX               TRAIL SL=2.0 ACT=1.00 TR=1.00 PF=1.81 WR=66%
    ALL_FVG_BULL           TRAIL SL=3.0 ACT=0.75 TR=0.75 PF=1.35 WR=76%
    ALL_DC10_EMA           TRAIL SL=2.0 ACT=0.75 TR=0.50 PF=1.51 WR=69%
    ALL_TRIX               TRAIL SL=3.0 ACT=0.50 TR=0.30 PF=1.41 WR=81%
    LON_STOCH              TPSL  SL=3.0 TP=2.00          PF=1.27 WR=65%
    NY_HMA_CROSS           TRAIL SL=3.0 ACT=0.30 TR=0.30 PF=1.40 WR=75%
    ALL_EMA_921            TRAIL SL=3.0 ACT=0.30 TR=0.30 PF=1.48 WR=84%
    ALL_DC10               TRAIL SL=2.0 ACT=0.75 TR=0.50 PF=1.42 WR=69%
    ALL_DOJI_REV           TRAIL SL=3.0 ACT=1.00 TR=1.00 PF=1.25 WR=66%

==================================================================================================================================
Saved data/ftmo/us100_cash/optim_data.pkl

======== us30_cash 15m ========
    IDX_VWAP_BOUNCE        TRAIL SL=3.0 ACT=0.75 TR=0.75 PF=1.25 WR=67%
    ALL_INSIDE_BRK         TRAIL SL=1.5 ACT=0.75 TR=0.30 PF=1.34 WR=65%
    ALL_ELDER_BEAR         TRAIL SL=1.0 ACT=0.75 TR=0.75 PF=1.33 WR=49%
    NY_ELDER               TRAIL SL=3.0 ACT=0.50 TR=0.50 PF=1.64 WR=75%
    ALL_MACD_ADX           TRAIL SL=2.0 ACT=0.75 TR=0.75 PF=1.38 WR=63%
    ALL_TRIX               TRAIL SL=2.0 ACT=0.30 TR=0.30 PF=1.31 WR=77%
    TOK_TRIX               TRAIL SL=1.0 ACT=0.50 TR=0.50 PF=1.65 WR=62%
    ALL_RSI_50             TRAIL SL=2.0 ACT=0.50 TR=0.50 PF=1.43 WR=74%
    ALL_ADX_RSI50          TRAIL SL=2.0 ACT=0.50 TR=0.50 PF=1.31 WR=73%
    ALL_EMA_921            TRAIL SL=3.0 ACT=0.75 TR=0.75 PF=1.40 WR=74%
    TOK_NR4                TRAIL SL=3.0 ACT=1.00 TR=1.00 PF=1.43 WR=76%
    ALL_ELDER_BULL         TRAIL SL=2.0 ACT=0.30 TR=0.30 PF=1.41 WR=78%

==================================================================================================================================
Saved data/ftmo/us30_cash/optim_data.pkl

======== uk100_cash 15m ========
    ALL_ELDER_BULL         TPSL  SL=2.5 TP=0.50          PF=1.66 WR=88%
    ALL_DPO_14             TRAIL SL=3.0 ACT=0.50 TR=0.30 PF=1.33 WR=79%
    ALL_LR_BREAK           TRAIL SL=3.0 ACT=0.50 TR=0.50 PF=1.45 WR=79%
    ALL_3SOLDIERS          TRAIL SL=3.0 ACT=0.75 TR=0.30 PF=1.41 WR=74%
    ALL_AROON_CROSS        TRAIL SL=2.0 ACT=0.30 TR=0.30 PF=1.38 WR=75%
    ALL_TRIX               TRAIL SL=3.0 ACT=0.30 TR=0.30 PF=1.61 WR=81%
    ALL_CMO_14             TPSL  SL=2.5 TP=0.75          PF=1.38 WR=81%
    TOK_WILLR              TRAIL SL=3.0 ACT=0.75 TR=0.75 PF=1.33 WR=74%
    ALL_EMA_921            TRAIL SL=3.0 ACT=1.00 TR=1.00 PF=1.41 WR=70%
    ALL_PIVOT_BRK          TRAIL SL=3.0 ACT=0.50 TR=0.50 PF=1.35 WR=71%
    IDX_RSI_REV            TRAIL SL=2.0 ACT=0.50 TR=0.30 PF=1.44 WR=61%
    TOK_BIG                TRAIL SL=3.0 ACT=0.75 TR=0.75 PF=1.37 WR=71%

==================================================================================================================================
Saved data/ftmo/uk100_cash/optim_data.pkl

======== jp225_cash 15m ========
    ALL_PSAR_EMA           TRAIL SL=3.0 ACT=0.50 TR=0.30 PF=1.98 WR=80%
    ALL_3SOLDIERS          TPSL  SL=3.0 TP=0.75          PF=1.47 WR=84%
    ALL_EMA_821            TRAIL SL=3.0 ACT=0.75 TR=0.50 PF=1.29 WR=71%
    ALL_MSTAR              TRAIL SL=1.5 ACT=0.30 TR=0.30 PF=1.85 WR=75%
    ALL_INSIDE_BRK         TRAIL SL=2.0 ACT=1.00 TR=1.00 PF=1.48 WR=57%
    ALL_SUPERTREND         TRAIL SL=3.0 ACT=0.50 TR=0.30 PF=1.93 WR=79%
    ALL_EMA_921            TRAIL SL=3.0 ACT=0.50 TR=0.50 PF=1.33 WR=76%
    ALL_FVG_BULL           TRAIL SL=3.0 ACT=0.30 TR=0.30 PF=1.36 WR=79%
    ALL_EMA_513            TRAIL SL=1.0 ACT=0.50 TR=0.50 PF=1.26 WR=49%
    LON_ASIAN_BRK          TRAIL SL=3.0 ACT=0.75 TR=0.75 PF=1.32 WR=69%
    ALL_ICHI_TK            TRAIL SL=2.0 ACT=0.30 TR=0.30 PF=1.43 WR=74%
    IDX_3SOLDIERS          TPSL  SL=3.0 TP=0.75          PF=1.47 WR=84%

==================================================================================================================================
Saved data/ftmo/jp225_cash/optim_data.pkl

DONE
