=== aaveusd ===
  Start: CRYPTO_INV_HS
    n=109 PF=1.12 WR=90% DD=-3.4% Rend=+1% M+=16/25

  +CRYPTO_ATR_SPIKE       ( 2) n=  629 PF=1.28 WR=77% DD=-9.8% Rend=+51% M+=18/25 [TPSL SL=3.0 1.50/0.00]

==================================================================================================================================
RAPPORT FINAL
==================================================================================================================================

                 Combo   Trades     PF     WR     DD 1%       Rend 1%      M+
  --------------------  -------  -----  -----  --------  ------------  ------
              Greedy 2      629   1.28    77%     -9.8%          +51%  18/25

==================================================================================================================================
Saved data/crypto/aaveusd/optim_data.pkl
=== adausd ===
              Greedy 2      618   1.11    71%     -8.6%          +16%  17/25
              Greedy 3      688   1.13    70%    -10.5%          +24%  12/25
              Greedy 4      771   1.14    71%     -9.4%          +27%  14/25
              Greedy 5     1072   1.09    68%    -19.3%          +32%  13/25
              Greedy 6     1371   1.07    67%    -26.3%          +29%  14/25

  Composition Greedy 5:
    CRYPTO_RSI_DEEP_DIV    TPSL  SL=3.0 TP=0.75          PF=1.78 WR=81%
    CRYPTO_LVN_BRK         TRAIL SL=3.0 ACT=0.30 TR=0.30 PF=1.26 WR=69%
    CRYPTO_SUPERTREND_FLIP TPSL  SL=2.5 TP=2.00          PF=1.24 WR=64%
    CRYPTO_INV_HS          TRAIL SL=3.0 ACT=0.50 TR=0.30 PF=1.52 WR=74%
    CRYPTO_LIQ_SWEEP       TRAIL SL=3.0 ACT=1.00 TR=1.00 PF=1.25 WR=61%

==================================================================================================================================
Saved data/crypto/adausd/optim_data.pkl
=== algousd ===

  +CRYPTO_ATR_SPIKE       ( 4) n= 1027 PF=1.08 WR=71% DD=-15.2% Rend=+26% M+=15/25 [TRAIL SL=3.0 0.30/0.30]

==================================================================================================================================
RAPPORT FINAL
==================================================================================================================================

                 Combo   Trades     PF     WR     DD 1%       Rend 1%      M+
  --------------------  -------  -----  -----  --------  ------------  ------
              Greedy 2      145   1.21    66%     -5.4%          +12%  12/25
              Greedy 3      536   1.12    71%     -9.7%          +23%  15/25
              Greedy 4     1027   1.08    71%    -15.2%          +26%  15/25

==================================================================================================================================
Saved data/crypto/algousd/optim_data.pkl
=== avausd ===
  Start: CRYPTO_RSI_DEEP_DIV
    n=50 PF=1.41 WR=44% DD=-4.1% Rend=+9% M+=10/19

  +CRYPTO_KELTNER_MOMO    ( 2) n=  586 PF=1.47 WR=70% DD=-7.5% Rend=+78% M+=20/25 [TRAIL SL=3.0 0.30/0.30]

==================================================================================================================================
RAPPORT FINAL
==================================================================================================================================

                 Combo   Trades     PF     WR     DD 1%       Rend 1%      M+
  --------------------  -------  -----  -----  --------  ------------  ------
              Greedy 2      586   1.47    70%     -7.5%          +78%  20/25

==================================================================================================================================
Saved data/crypto/avausd/optim_data.pkl
=== bchusd ===
GREEDY COMBO BUILDER (1 strats)
==================================================================================================================================

  Start: CRYPTO_INV_HS
    n=104 PF=1.39 WR=75% DD=-5.4% Rend=+12% M+=15/25

==================================================================================================================================
RAPPORT FINAL
==================================================================================================================================

                 Combo   Trades     PF     WR     DD 1%       Rend 1%      M+
  --------------------  -------  -----  -----  --------  ------------  ------

==================================================================================================================================
Saved data/crypto/bchusd/optim_data.pkl
=== bnbusd ===
GREEDY COMBO BUILDER (1 strats)
==================================================================================================================================

  Start: CRYPTO_MACD_ZERO
    n=467 PF=1.17 WR=70% DD=-13.9% Rend=+26% M+=14/25

==================================================================================================================================
RAPPORT FINAL
==================================================================================================================================

                 Combo   Trades     PF     WR     DD 1%       Rend 1%      M+
  --------------------  -------  -----  -----  --------  ------------  ------

==================================================================================================================================
Saved data/crypto/bnbusd/optim_data.pkl
=== btcusd ===
  +CRYPTO_SUPERTREND_FLIP ( 2) n=  142 PF=1.58 WR=75% DD=-4.4% Rend=+25% M+=15/24 [TRAIL SL=3.0 0.75/0.30]

  +CRYPTO_INV_HS          ( 3) n=  244 PF=1.72 WR=79% DD=-6.6% Rend=+46% M+=19/24 [TRAIL SL=3.0 0.50/0.30]

==================================================================================================================================
RAPPORT FINAL
==================================================================================================================================

                 Combo   Trades     PF     WR     DD 1%       Rend 1%      M+
  --------------------  -------  -----  -----  --------  ------------  ------
              Greedy 2      142   1.58    75%     -4.4%          +25%  15/24
              Greedy 3      244   1.72    79%     -6.6%          +46%  19/24

==================================================================================================================================
Saved data/crypto/btcusd/optim_data.pkl
=== dogeusd ===
Construction arrays trades...

==================================================================================================================================
GREEDY COMBO BUILDER (1 strats)
==================================================================================================================================

==================================================================================================================================
RAPPORT FINAL
==================================================================================================================================

                 Combo   Trades     PF     WR     DD 1%       Rend 1%      M+
  --------------------  -------  -----  -----  --------  ------------  ------

==================================================================================================================================
Saved data/crypto/dogeusd/optim_data.pkl
=== dotusd ===
GREEDY COMBO BUILDER (2 strats)
==================================================================================================================================

  Start: CRYPTO_SUPERTREND_FLIP
    n=52 PF=1.28 WR=71% DD=-4.0% Rend=+5% M+=14/20

==================================================================================================================================
RAPPORT FINAL
==================================================================================================================================

                 Combo   Trades     PF     WR     DD 1%       Rend 1%      M+
  --------------------  -------  -----  -----  --------  ------------  ------

==================================================================================================================================
Saved data/crypto/dotusd/optim_data.pkl
=== etcusd ===
Construction arrays trades...

==================================================================================================================================
GREEDY COMBO BUILDER (1 strats)
==================================================================================================================================

==================================================================================================================================
RAPPORT FINAL
==================================================================================================================================

                 Combo   Trades     PF     WR     DD 1%       Rend 1%      M+
  --------------------  -------  -----  -----  --------  ------------  ------

==================================================================================================================================
Saved data/crypto/etcusd/optim_data.pkl
=== ethusd ===
  CRYPTO_DOUBLE_BOT_TOP  WR=53% RR=0.94 WRmin=51% marge=+1.5% SKIP
  CRYPTO_EMA_21_55_ADX   WR=77% RR=0.31 WRmin=77% marge=+0.9% SKIP
  CRYPTO_HMA_TRIPLE      WR=49% RR=1.09 WRmin=48% marge=+1.6% SKIP
  CRYPTO_ICHIMOKU_CROSS  WR=71% RR=0.42 WRmin=70% marge=+1.2% SKIP
  CRYPTO_NR7             WR=52% RR=1.00 WRmin=50% marge=+1.9% SKIP
  CRYPTO_OTE_618         WR=60% RR=0.70 WRmin=59% marge=+1.3% SKIP
  CRYPTO_SUPERTREND_FLIP WR=51% RR=1.09 WRmin=48% marge=+3.1% SKIP
  CRYPTO_WEEKLY_PIVOT    WR=69% RR=0.51 WRmin=66% marge=+3.0% SKIP

  0/11 strats safe (marge>5.0%)

Construction arrays trades...

Aucune strat safe. Arret.
Saved data/crypto/ethusd/optim_data.pkl (vide)
=== fetusd ===
GREEDY COMBO BUILDER (1 strats)
==================================================================================================================================

  Start: CRYPTO_LIQ_SWEEP
    n=436 PF=1.11 WR=44% DD=-25.6% Rend=+26% M+=12/24

==================================================================================================================================
RAPPORT FINAL
==================================================================================================================================

                 Combo   Trades     PF     WR     DD 1%       Rend 1%      M+
  --------------------  -------  -----  -----  --------  ------------  ------

==================================================================================================================================
Saved data/crypto/fetusd/optim_data.pkl
=== hypeusd ===
  +CRYPTO_STOCH_RSI_EXTREME ( 2) n=  475 PF=1.39 WR=77% DD=-8.3% Rend=+67% M+=10/11 [TPSL SL=2.5 1.00/0.00]

  +CRYPTO_WEEKLY_PIVOT    ( 3) n=  628 PF=1.27 WR=73% DD=-13.9% Rend=+75% M+=6/11 [TPSL SL=3.0 2.00/0.00]

==================================================================================================================================
RAPPORT FINAL
==================================================================================================================================

                 Combo   Trades     PF     WR     DD 1%       Rend 1%      M+
  --------------------  -------  -----  -----  --------  ------------  ------
              Greedy 2      475   1.39    77%     -8.3%          +67%  10/11
              Greedy 3      628   1.27    73%    -13.9%          +75%   6/11

==================================================================================================================================
Saved data/crypto/hypeusd/optim_data.pkl
=== lnkusd ===
GREEDY COMBO BUILDER (2 strats)
==================================================================================================================================

  +CRYPTO_SUPERTREND_FLIP ( 2) n=  113 PF=1.54 WR=58% DD=-12.2% Rend=+31% M+=12/25 [TRAIL SL=1.0 1.00/0.30]

==================================================================================================================================
RAPPORT FINAL
==================================================================================================================================

                 Combo   Trades     PF     WR     DD 1%       Rend 1%      M+
  --------------------  -------  -----  -----  --------  ------------  ------
              Greedy 2      113   1.54    58%    -12.2%          +31%  12/25

==================================================================================================================================
Saved data/crypto/lnkusd/optim_data.pkl
=== ltcusd ===
  Start: CRYPTO_SUPERTREND_FLIP
    n=73 PF=1.56 WR=67% DD=-5.4% Rend=+15% M+=13/22

  +CRYPTO_ORDER_BLOCK     ( 2) n=  307 PF=1.23 WR=79% DD=-6.1% Rend=+17% M+=14/25 [TPSL SL=2.5 0.75/0.00]

==================================================================================================================================
RAPPORT FINAL
==================================================================================================================================

                 Combo   Trades     PF     WR     DD 1%       Rend 1%      M+
  --------------------  -------  -----  -----  --------  ------------  ------
              Greedy 2      307   1.23    79%     -6.1%          +17%  14/25

==================================================================================================================================
Saved data/crypto/ltcusd/optim_data.pkl
=== nearusd ===
Construction arrays trades...

==================================================================================================================================
GREEDY COMBO BUILDER (1 strats)
==================================================================================================================================

==================================================================================================================================
RAPPORT FINAL
==================================================================================================================================

                 Combo   Trades     PF     WR     DD 1%       Rend 1%      M+
  --------------------  -------  -----  -----  --------  ------------  ------

==================================================================================================================================
Saved data/crypto/nearusd/optim_data.pkl
=== neousd ===
Construction arrays trades...

==================================================================================================================================
GREEDY COMBO BUILDER (2 strats)
==================================================================================================================================

==================================================================================================================================
RAPPORT FINAL
==================================================================================================================================

                 Combo   Trades     PF     WR     DD 1%       Rend 1%      M+
  --------------------  -------  -----  -----  --------  ------------  ------

==================================================================================================================================
Saved data/crypto/neousd/optim_data.pkl
=== pepeusd ===
Loading data (pepeusd) 15m HL...
Precalcul indicateurs crypto...
