2026-03-26 07:44:04 | MT5: Five Percent Online Ltd FivePercentOnline-Real bal=$96,148.66 eq=$96,148.66 trade=True
2026-03-26 07:44:04 |   XAUUSD: lot_min=0.01 step=0.01 max=100.0 digits=2 contract=100.0
2026-03-26 07:44:04 | === 5ers LIVE === 10 strats @ 0.1% === TOK_PREVEXT,LON_TOKEND,LON_PREV,TOK_BIG,PO3_SWEEP,LON_PIN,ALL_ADX_FAST,TOK_WILLR,ALL_KC_BRK,TOK_FADE
2026-03-26 07:44:04 |   TOK_PREVEXT magic=262760
2026-03-26 07:44:04 |   LON_TOKEND magic=265319
2026-03-26 07:44:04 |   LON_PREV magic=263394
2026-03-26 07:44:04 |   TOK_BIG magic=266457
2026-03-26 07:44:04 |   PO3_SWEEP magic=269531
2026-03-26 07:44:04 |   LON_PIN magic=269061
2026-03-26 07:44:04 |   ALL_ADX_FAST magic=265138
2026-03-26 07:44:04 |   TOK_WILLR magic=261613
2026-03-26 07:44:04 |   ALL_KC_BRK magic=268426
2026-03-26 07:44:04 |   TOK_FADE magic=264296
2026-03-26 07:44:04 | MT5 positions: 0 | Balance: $96,148.66
2026-03-26 07:44:04 | Calage: 2026-03-26 00:35:00+00:00
2026-03-26 07:44:04 | ATR 2026-03-26: 9.34
2026-03-26 07:44:04 | Reset triggers 2026-03-26
2026-03-26 07:45:01 | ~ 00:40 | C=4527.61 | ATR=9.34 | 0pos | $96,149
2026-03-26 07:50:01 | ~ 00:45 | C=4534.53 | ATR=9.34 | 0pos | $96,149
2026-03-26 07:50:01 | >>> BUY ALL_KC_BRK LONG 0.02lots @ 4535.32 SL=4507.30 TP=0.00 magic=268426 <<<
2026-03-26 07:50:01 |     ECHEC: 10027 AutoTrading disabled by client
2026-03-26 07:55:01 | ~ 00:50 | C=4528.17 | ATR=9.34 | 0pos | $96,149
2026-03-26 07:55:01 | >>> SELL TOK_WILLR SHORT 0.03lots @ 4528.01 SL=4546.69 TP=0.00 magic=261613 <<<
2026-03-26 07:55:02 |     OK #527606952 fill=4527.91
2026-03-26 07:55:02 |     Cap=$96,149 Risk=$48 (0.1%) Spread=0.520
2026-03-26 08:00:00 | ~ 00:55 | C=4535.68 | ATR=9.34 | 1pos | $96,149
2026-03-26 08:05:01 | ~ 01:00 | C=4537.80 | ATR=9.34 | 1pos | $96,149
2026-03-26 08:10:01 | ~ 01:05 | C=4537.30 | ATR=9.34 | 1pos | $96,149
2026-03-26 08:15:01 | ~ 01:10 | C=4538.32 | ATR=9.34 | 1pos | $96,149
2026-03-26 08:20:01 | ~ 01:15 | C=4530.10 | ATR=9.34 | 1pos | $96,149
2026-03-26 08:25:03 | ~ 01:20 | C=4531.02 | ATR=9.34 | 1pos | $96,149
2026-03-26 08:30:02 | ~ 01:25 | C=4533.95 | ATR=9.34 | 1pos | $96,149
2026-03-26 08:35:01 | ~ 01:30 | C=4530.26 | ATR=9.34 | 1pos | $96,149
2026-03-26 08:35:01 | SKIP ALL_ADX_FAST — conflit short
2026-03-26 08:40:01 | ~ 01:35 | C=4530.89 | ATR=9.34 | 1pos | $96,149
2026-03-26 08:45:01 | ~ 01:40 | C=4530.40 | ATR=9.34 | 1pos | $96,149
2026-03-26 08:50:00 | ~ 01:45 | C=4524.81 | ATR=9.34 | 1pos | $96,149
2026-03-26 08:55:01 | ~ 01:50 | C=4529.94 | ATR=9.34 | 1pos | $96,149
2026-03-26 09:00:01 | ~ 01:55 | C=4535.74 | ATR=9.34 | 1pos | $96,149
2026-03-26 09:05:00 | ~ 02:00 | C=4532.80 | ATR=9.34 | 1pos | $96,149
2026-03-26 09:10:02 | ~ 02:05 | C=4529.40 | ATR=9.34 | 1pos | $96,149
2026-03-26 09:15:01 | ~ 02:10 | C=4531.44 | ATR=9.34 | 1pos | $96,149
2026-03-26 09:20:01 | ~ 02:15 | C=4528.35 | ATR=9.34 | 1pos | $96,149
2026-03-26 09:25:02 | ~ 02:20 | C=4525.30 | ATR=9.34 | 1pos | $96,149
2026-03-26 09:30:01 | ~ 02:25 | C=4528.13 | ATR=9.34 | 1pos | $96,149
2026-03-26 09:35:01 | ~ 02:30 | C=4523.55 | ATR=9.34 | 1pos | $96,149
2026-03-26 09:40:01 | ~ 02:35 | C=4514.49 | ATR=9.34 | 1pos | $96,149
2026-03-26 09:40:01 | TRAIL ACTIVE TOK_WILLR short best=4514.49 fav=13.4
2026-03-26 09:40:01 | TRAIL TOK_WILLR SL 4546.69->4517.29 (best=4514.49)
2026-03-26 09:45:01 | ~ 02:40 | C=4519.35 | ATR=9.34 | 0pos | $96,180
2026-03-26 09:45:01 | TRAIL cleanup #527606952 TOK_WILLR (position fermee)
2026-03-26 09:50:01 | ~ 02:45 | C=4516.41 | ATR=9.34 | 0pos | $96,180
2026-03-26 09:55:00 | ~ 02:50 | C=4515.56 | ATR=9.34 | 0pos | $96,180
2026-03-26 10:00:01 | ~ 02:55 | C=4509.21 | ATR=9.34 | 0pos | $96,180
2026-03-26 10:05:01 | ~ 03:00 | C=4504.52 | ATR=9.34 | 0pos | $96,180
2026-03-26 10:10:01 | ~ 03:05 | C=4504.35 | ATR=9.34 | 0pos | $96,180
2026-03-26 10:15:01 | ~ 03:10 | C=4511.43 | ATR=9.34 | 0pos | $96,180
2026-03-26 10:20:00 | ~ 03:15 | C=4507.53 | ATR=9.34 | 0pos | $96,180
2026-03-26 10:25:01 | ~ 03:20 | C=4504.49 | ATR=9.34 | 0pos | $96,180
2026-03-26 10:30:00 | ~ 03:25 | C=4506.60 | ATR=9.34 | 0pos | $96,180
2026-03-26 10:35:00 | ~ 03:30 | C=4515.93 | ATR=9.34 | 0pos | $96,180
2026-03-26 10:40:00 | ~ 03:35 | C=4517.48 | ATR=9.34 | 0pos | $96,180
2026-03-26 10:45:01 | ~ 03:40 | C=4515.40 | ATR=9.34 | 0pos | $96,180
2026-03-26 10:50:01 | ~ 03:45 | C=4515.43 | ATR=9.34 | 0pos | $96,180
2026-03-26 10:55:01 | ~ 03:50 | C=4510.88 | ATR=9.34 | 0pos | $96,180
2026-03-26 11:00:01 | ~ 03:55 | C=4516.72 | ATR=9.34 | 0pos | $96,180
2026-03-26 11:05:00 | ~ 04:00 | C=4512.85 | ATR=9.34 | 0pos | $96,180
2026-03-26 11:10:01 | ~ 04:05 | C=4516.75 | ATR=9.34 | 0pos | $96,180
2026-03-26 11:15:00 | ~ 04:10 | C=4518.30 | ATR=9.34 | 0pos | $96,180
2026-03-26 11:20:00 | ~ 04:15 | C=4516.94 | ATR=9.34 | 0pos | $96,180
2026-03-26 11:25:02 | ~ 04:20 | C=4518.57 | ATR=9.34 | 0pos | $96,180
2026-03-26 11:30:01 | ~ 04:25 | C=4520.55 | ATR=9.34 | 0pos | $96,180
2026-03-26 11:35:02 | ~ 04:30 | C=4519.87 | ATR=9.34 | 0pos | $96,180
2026-03-26 11:40:01 | ~ 04:35 | C=4517.45 | ATR=9.34 | 0pos | $96,180
2026-03-26 11:45:01 | ~ 04:40 | C=4517.69 | ATR=9.34 | 0pos | $96,180
2026-03-26 11:50:00 | ~ 04:45 | C=4521.76 | ATR=9.34 | 0pos | $96,180
2026-03-26 11:55:01 | ~ 04:50 | C=4520.14 | ATR=9.34 | 0pos | $96,180
2026-03-26 12:00:01 | ~ 04:55 | C=4520.21 | ATR=9.34 | 0pos | $96,180
2026-03-26 12:05:00 | ~ 05:00 | C=4518.16 | ATR=9.34 | 0pos | $96,180
2026-03-26 12:10:01 | ~ 05:05 | C=4511.54 | ATR=9.34 | 0pos | $96,180
2026-03-26 12:15:01 | ~ 05:10 | C=4508.91 | ATR=9.34 | 0pos | $96,180
2026-03-26 12:20:01 | ~ 05:15 | C=4510.24 | ATR=9.34 | 0pos | $96,180
2026-03-26 12:25:01 | ~ 05:20 | C=4504.48 | ATR=9.34 | 0pos | $96,180
2026-03-26 12:30:01 | ~ 05:25 | C=4493.55 | ATR=9.34 | 0pos | $96,180
2026-03-26 12:30:01 | >>> SELL TOK_BIG SHORT 0.02lots @ 4492.43 SL=4520.45 TP=0.00 magic=266457 <<<
2026-03-26 12:30:02 |     OK #527697105 fill=4493.44
2026-03-26 12:30:02 |     Cap=$96,180 Risk=$48 (0.1%) Spread=0.550
2026-03-26 12:35:00 | ~ 05:30 | C=4493.77 | ATR=9.34 | 1pos | $96,180
2026-03-26 12:40:01 | ~ 05:35 | C=4490.82 | ATR=9.34 | 1pos | $96,180
2026-03-26 12:45:01 | ~ 05:40 | C=4482.84 | ATR=9.34 | 1pos | $96,180
2026-03-26 12:45:01 | TRAIL ACTIVE TOK_BIG short best=4482.84 fav=10.6
2026-03-26 12:45:01 | TRAIL TOK_BIG SL 4520.45->4485.64 (best=4482.84)
2026-03-26 12:50:01 | ~ 05:45 | C=4472.11 | ATR=9.34 | 1pos | $96,180
2026-03-26 12:50:01 | TRAIL TOK_BIG SL 4485.64->4474.91 (best=4472.11)
2026-03-26 12:55:01 | ~ 05:50 | C=4462.55 | ATR=9.34 | 0pos | $96,217
2026-03-26 12:55:01 | TRAIL cleanup #527697105 TOK_BIG (position fermee)
2026-03-26 13:00:01 | ~ 05:55 | C=4438.49 | ATR=9.34 | 0pos | $96,217
2026-03-26 13:05:01 | ~ 06:00 | C=4442.00 | ATR=9.34 | 0pos | $96,217
2026-03-26 13:10:01 | ~ 06:05 | C=4437.96 | ATR=9.34 | 0pos | $96,217
2026-03-26 13:15:00 | ~ 06:10 | C=4420.68 | ATR=9.34 | 0pos | $96,217
2026-03-26 13:20:01 | ~ 06:15 | C=4430.14 | ATR=9.34 | 0pos | $96,217
2026-03-26 13:25:01 | ~ 06:20 | C=4431.87 | ATR=9.34 | 0pos | $96,217
2026-03-26 13:30:01 | ~ 06:25 | C=4439.60 | ATR=9.34 | 0pos | $96,217
2026-03-26 13:35:01 | ~ 06:30 | C=4436.53 | ATR=9.34 | 0pos | $96,217
2026-03-26 13:40:01 | ~ 06:35 | C=4442.48 | ATR=9.34 | 0pos | $96,217
2026-03-26 13:45:02 | ~ 06:40 | C=4446.95 | ATR=9.34 | 0pos | $96,217
2026-03-26 13:50:01 | ~ 06:45 | C=4449.36 | ATR=9.34 | 0pos | $96,217
2026-03-26 13:55:02 | ~ 06:50 | C=4453.52 | ATR=9.34 | 0pos | $96,217
2026-03-26 14:00:01 | ~ 06:55 | C=4456.06 | ATR=9.34 | 0pos | $96,217
2026-03-26 14:05:02 | ~ 07:00 | C=4455.01 | ATR=9.34 | 0pos | $96,217
2026-03-26 14:10:01 | ~ 07:05 | C=4450.30 | ATR=9.34 | 0pos | $96,217
2026-03-26 14:15:02 | ~ 07:10 | C=4447.31 | ATR=9.34 | 0pos | $96,217
2026-03-26 14:20:00 | ~ 07:15 | C=4448.21 | ATR=9.34 | 0pos | $96,217
2026-03-26 14:25:01 | ~ 07:20 | C=4446.45 | ATR=9.34 | 0pos | $96,217
2026-03-26 14:30:01 | ~ 07:25 | C=4448.25 | ATR=9.34 | 0pos | $96,217
2026-03-26 14:35:01 | ~ 07:30 | C=4457.24 | ATR=9.34 | 0pos | $96,217
2026-03-26 14:40:01 | ~ 07:35 | C=4458.25 | ATR=9.34 | 0pos | $96,217
2026-03-26 14:45:01 | ~ 07:40 | C=4460.22 | ATR=9.34 | 0pos | $96,217
2026-03-26 14:50:01 | ~ 07:45 | C=4458.27 | ATR=9.34 | 0pos | $96,217
2026-03-26 14:55:01 | ~ 07:50 | C=4453.76 | ATR=9.34 | 0pos | $96,217
2026-03-26 15:00:00 | >>> SELL LON_TOKEND SHORT 0.02lots @ 4452.30 SL=4480.32 TP=0.00 magic=265319 <<<
2026-03-26 15:00:01 |     OK #527804031 fill=4451.27
2026-03-26 15:00:01 |     Cap=$96,217 Risk=$48 (0.1%) Spread=0.520
2026-03-26 15:00:01 | >>> SELL LON_PREV SHORT 0.03lots @ 4451.27 SL=4469.95 TP=0.00 magic=263394 <<<
2026-03-26 15:00:02 |     OK #527804216 fill=4451.54
2026-03-26 15:00:02 |     Cap=$96,216 Risk=$48 (0.1%) Spread=0.530
2026-03-26 15:00:03 | ~ 07:55 | C=4452.30 | ATR=9.34 | 2pos | $96,216
2026-03-26 15:05:00 | ~ 08:00 | C=4454.45 | ATR=9.34 | 2pos | $96,216
2026-03-26 15:10:02 | ~ 08:05 | C=4452.78 | ATR=9.34 | 2pos | $96,216
2026-03-26 15:15:01 | ~ 08:10 | C=4444.89 | ATR=9.34 | 2pos | $96,216
2026-03-26 15:15:01 | TRAIL ACTIVE LON_TOKEND short best=4444.89 fav=6.4
2026-03-26 15:15:01 | TRAIL LON_TOKEND SL 4480.32->4447.69 (best=4444.89)
2026-03-26 15:20:01 | ~ 08:15 | C=4445.51 | ATR=9.34 | 1pos | $96,223
2026-03-26 15:20:01 | TRAIL cleanup #527804031 LON_TOKEND (position fermee)
2026-03-26 15:20:01 | SKIP PO3_SWEEP — conflit short
2026-03-26 15:25:01 | ~ 08:20 | C=4431.69 | ATR=9.34 | 1pos | $96,223
2026-03-26 15:25:01 | TRAIL ACTIVE LON_PREV short best=4431.69 fav=19.9
2026-03-26 15:25:01 | TRAIL LON_PREV SL 4469.95->4438.70 (best=4431.69)
2026-03-26 15:30:02 | ~ 08:25 | C=4428.49 | ATR=9.34 | 0pos | $96,261
2026-03-26 15:30:02 | TRAIL cleanup #527804216 LON_PREV (position fermee)
2026-03-26 15:35:02 | ~ 08:30 | C=4438.07 | ATR=9.34 | 0pos | $96,261
2026-03-26 15:35:02 | >>> BUY LON_PIN LONG 0.02lots @ 4436.39 SL=4413.04 TP=4445.73 magic=269061 <<<
2026-03-26 15:35:02 |     OK #527832875 fill=4436.43
2026-03-26 15:35:02 |     Cap=$96,261 Risk=$48 (0.1%) Spread=0.520
2026-03-26 15:40:01 | ~ 08:35 | C=4433.20 | ATR=9.34 | 1pos | $96,261
2026-03-26 15:45:00 | ~ 08:40 | C=4419.72 | ATR=9.34 | 0pos | $96,213
2026-03-26 15:50:00 | ~ 08:45 | C=4424.33 | ATR=9.34 | 0pos | $96,213
2026-03-26 15:55:00 | ~ 08:50 | C=4436.37 | ATR=9.34 | 0pos | $96,213
2026-03-26 16:00:01 | ~ 08:55 | C=4427.88 | ATR=9.34 | 0pos | $96,213
2026-03-26 16:05:01 | ~ 09:00 | C=4423.42 | ATR=9.34 | 0pos | $96,213
2026-03-26 16:10:01 | ~ 09:05 | C=4427.42 | ATR=9.34 | 0pos | $96,213
2026-03-26 16:14:27 | Arret.
