2026-03-23 17:55:19 | RESET — $1,000.00
2026-03-23 17:55:44 | Demarrage — 12 strats: PO3_SWEEP,LON_PREV,TOK_2BAR,LON_KZ,ALL_KC_BRK,ALL_3SOLDIERS,ALL_FVG_BULL,LON_BIGGAP,ALL_MACD_RSI,TOK_BIG,TOK_PREVEXT,LON_TOKEND
2026-03-23 17:55:44 | Capital: $1,000.00 | Trades: 0 | Positions: 0
2026-03-23 17:55:44 | Calage: 2026-03-23 10:50:00+00:00
2026-03-23 17:55:44 | Cache journalier 2026-03-23...
2026-03-23 17:55:46 |   ATR=15.13 spread_rt=0.201
2026-03-23 17:55:46 | Reset triggered pour 2026-03-23
2026-03-23 18:00:00 | CANDLE 2026-03-23 10:55 | close=4269.08 | ATR=15.13 | pos=0
2026-03-23 18:05:02 | CANDLE 2026-03-23 11:00 | close=4282.48 | ATR=15.13 | pos=0
2026-03-23 18:05:46 | Arret.
2026-03-23 18:05:46 | Capital final: $1,000.00
2026-03-23 18:05:47 | Demarrage — 12 strats: PO3_SWEEP,LON_PREV,TOK_2BAR,LON_KZ,ALL_KC_BRK,ALL_3SOLDIERS,ALL_FVG_BULL,LON_BIGGAP,ALL_MACD_RSI,TOK_BIG,TOK_PREVEXT,LON_TOKEND
2026-03-23 18:05:47 | Capital: $1,000.00 | Trades: 0 | Positions: 0
2026-03-23 18:10:01 | ~ 11:05 | O=4283.64 H=4421.72 L=4281.55 C=4406.58 | ATR=15.13 | 7/12 trig | 0pos
2026-03-23 18:15:00 | ~ 11:10 | O=4406.59 H=4462.69 L=4395.88 C=4457.17 | ATR=15.13 | 7/12 trig | 0pos
2026-03-23 18:20:00 | ~ 11:15 | O=4457.51 H=4461.32 L=4380.20 C=4395.04 | ATR=15.13 | 8/12 trig | 0pos
2026-03-23 18:25:01 | ~ 11:20 | O=4396.05 H=4406.39 L=4355.18 C=4376.50 | ATR=15.13 | 8/12 trig | 0pos
2026-03-23 18:30:01 | ~ 11:25 | O=4376.54 H=4403.52 L=4372.82 C=4399.43 | ATR=15.13 | 8/12 trig | 0pos
2026-03-23 18:35:01 | ~ 11:30 | O=4399.82 H=4425.80 L=4395.62 C=4421.44 | ATR=15.13 | 8/12 trig | 0pos
2026-03-23 18:40:00 | ~ 11:35 | O=4421.66 H=4432.34 L=4392.52 C=4405.22 | ATR=15.13 | 8/12 trig | 0pos
2026-03-23 18:45:01 | ~ 11:40 | O=4405.61 H=4415.20 L=4383.47 C=4412.18 | ATR=15.13 | 8/12 trig | 0pos
2026-03-23 18:50:01 | ~ 11:45 | O=4411.84 H=4417.22 L=4375.55 C=4393.83 | ATR=15.13 | 8/12 trig | 0pos
2026-03-23 18:55:01 | ~ 11:50 | O=4393.86 H=4415.13 L=4378.94 C=4404.01 | ATR=15.13 | 8/12 trig | 0pos
2026-03-23 19:00:00 | ~ 11:55 | O=4403.71 H=4403.71 L=4361.78 C=4378.89 | ATR=15.13 | 8/12 trig | 0pos
2026-03-23 19:05:01 | ~ 12:00 | O=4378.44 H=4380.67 L=4351.26 C=4356.86 | ATR=15.13 | 8/12 trig | 0pos
2026-03-23 19:10:01 | ~ 12:05 | O=4357.41 H=4369.09 L=4337.14 C=4369.09 | ATR=15.13 | 8/12 trig | 0pos
2026-03-23 19:15:01 | ~ 12:10 | O=4369.43 H=4375.40 L=4350.70 C=4352.86 | ATR=15.13 | 8/12 trig | 0pos
2026-03-23 19:20:02 | ~ 12:15 | O=4353.36 H=4399.52 L=4352.26 C=4399.52 | ATR=15.13 | 8/12 trig | 0pos
2026-03-23 19:25:01 | ~ 12:20 | O=4398.84 H=4405.30 L=4388.73 C=4389.84 | ATR=15.13 | 8/12 trig | 0pos
2026-03-23 19:30:01 | ~ 12:25 | O=4389.43 H=4400.55 L=4387.40 C=4390.36 | ATR=15.13 | 8/12 trig | 0pos
2026-03-23 19:35:01 | ~ 12:30 | O=4389.90 H=4410.72 L=4374.56 C=4407.08 | ATR=15.13 | 8/12 trig | 0pos
2026-03-23 19:40:02 | ~ 12:35 | O=4407.10 H=4416.21 L=4401.33 C=4410.05 | ATR=15.13 | 8/12 trig | 0pos
2026-03-23 19:45:01 | ~ 12:40 | O=4410.08 H=4442.07 L=4403.74 C=4441.85 | ATR=15.13 | 8/12 trig | 0pos
2026-03-23 19:50:01 | ~ 12:45 | O=4441.96 H=4463.12 L=4433.38 C=4461.17 | ATR=15.13 | 8/12 trig | 0pos
2026-03-23 19:55:01 | ~ 12:50 | O=4461.34 H=4482.39 L=4459.31 C=4467.58 | ATR=15.13 | 8/12 trig | 0pos
2026-03-23 20:00:02 | ~ 12:55 | O=4467.63 H=4492.52 L=4464.24 C=4478.66 | ATR=15.13 | 8/12 trig | 0pos
2026-03-23 20:05:00 | ~ 13:00 | O=4478.73 H=4485.82 L=4438.73 C=4453.88 | ATR=15.13 | 8/12 trig | 0pos
2026-03-23 20:10:00 | ~ 13:05 | O=4454.03 H=4456.06 L=4431.62 C=4447.30 | ATR=15.13 | 8/12 trig | 0pos
2026-03-23 20:15:01 | ~ 13:10 | O=4447.26 H=4460.02 L=4440.40 C=4446.50 | ATR=15.13 | 8/12 trig | 0pos
2026-03-23 20:20:01 | ~ 13:15 | O=4446.91 H=4452.77 L=4423.42 C=4423.56 | ATR=15.13 | 8/12 trig | 0pos
2026-03-23 20:25:01 | ~ 13:20 | O=4423.61 H=4435.50 L=4415.80 C=4418.94 | ATR=15.13 | 8/12 trig | 0pos
2026-03-23 20:30:01 | ~ 13:25 | O=4418.29 H=4426.06 L=4405.07 C=4409.60 | ATR=15.13 | 8/12 trig | 0pos
2026-03-23 20:35:01 | ~ 13:30 | O=4409.64 H=4421.71 L=4402.09 C=4417.60 | ATR=15.13 | 8/12 trig | 0pos
2026-03-23 20:40:01 | ~ 13:35 | O=4417.37 H=4440.71 L=4416.05 C=4431.95 | ATR=15.13 | 8/12 trig | 0pos
2026-03-23 20:45:01 | ~ 13:40 | O=4431.54 H=4450.08 L=4422.52 C=4422.78 | ATR=15.13 | 8/12 trig | 0pos
2026-03-23 20:50:00 | ~ 13:45 | O=4422.15 H=4449.52 L=4419.88 C=4442.69 | ATR=15.13 | 8/12 trig | 0pos
2026-03-23 20:55:01 | ~ 13:50 | O=4442.76 H=4466.88 L=4440.46 C=4451.03 | ATR=15.13 | 8/12 trig | 0pos
2026-03-23 21:00:02 | ~ 13:55 | O=4451.36 H=4455.33 L=4438.21 C=4454.24 | ATR=15.13 | 8/12 trig | 0pos
2026-03-23 21:05:01 | ~ 14:00 | O=4454.86 H=4479.34 L=4454.26 C=4464.34 | ATR=15.13 | 8/12 trig | 0pos
2026-03-23 21:10:01 | ~ 14:05 | O=4464.34 H=4470.72 L=4453.87 C=4461.53 | ATR=15.13 | 8/12 trig | 0pos
2026-03-23 21:15:01 | ~ 14:10 | O=4461.69 H=4471.47 L=4453.30 C=4464.33 | ATR=15.13 | 8/12 trig | 0pos
2026-03-23 21:20:01 | ~ 14:15 | O=4464.40 H=4495.54 L=4461.53 C=4490.32 | ATR=15.13 | 8/12 trig | 0pos
2026-03-23 21:25:01 | ~ 14:20 | O=4490.37 H=4504.80 L=4485.47 C=4503.92 | ATR=15.13 | 8/12 trig | 0pos
2026-03-23 21:30:01 | ~ 14:25 | O=4504.12 H=4512.74 L=4482.26 C=4486.57 | ATR=15.13 | 12/12 trig | 0pos
2026-03-23 21:35:00 | ~ 14:30 | O=4486.01 H=4504.33 L=4474.17 C=4493.07 | ATR=15.13 | 12/12 trig | 0pos
2026-03-23 21:40:01 | ~ 14:35 | O=4493.72 H=4501.69 L=4477.27 C=4481.16 | ATR=15.13 | 12/12 trig | 0pos
2026-03-23 21:45:01 | ~ 14:40 | O=4480.51 H=4486.93 L=4470.12 C=4480.16 | ATR=15.13 | 12/12 trig | 0pos
2026-03-23 21:50:01 | ~ 14:45 | O=4480.06 H=4486.14 L=4468.52 C=4479.14 | ATR=15.13 | 12/12 trig | 0pos
2026-03-23 21:55:01 | ~ 14:50 | O=4479.34 H=4479.55 L=4456.90 C=4464.18 | ATR=15.13 | 12/12 trig | 0pos
2026-03-23 22:00:01 | ~ 14:55 | O=4464.00 H=4476.47 L=4461.46 C=4461.82 | ATR=15.13 | 12/12 trig | 0pos
2026-03-23 22:05:01 | ~ 15:00 | O=4462.13 H=4477.80 L=4455.15 C=4469.81 | ATR=15.13 | 12/12 trig | 0pos
2026-03-23 22:10:01 | ~ 15:05 | O=4469.75 H=4487.01 L=4469.73 C=4485.85 | ATR=15.13 | 12/12 trig | 0pos
2026-03-23 22:15:01 | ~ 15:10 | O=4485.69 H=4485.69 L=4462.04 C=4465.20 | ATR=15.13 | 12/12 trig | 0pos
2026-03-23 22:20:00 | ~ 15:15 | O=4465.05 H=4468.33 L=4427.91 C=4441.20 | ATR=15.13 | 12/12 trig | 0pos
2026-03-23 22:25:01 | ~ 15:20 | O=4440.68 H=4459.73 L=4431.62 C=4456.49 | ATR=15.13 | 12/12 trig | 0pos
2026-03-23 22:30:01 | ~ 15:25 | O=4456.96 H=4457.75 L=4440.28 C=4447.55 | ATR=15.13 | 12/12 trig | 0pos
2026-03-23 22:35:02 | ~ 15:30 | O=4446.81 H=4456.04 L=4431.48 C=4433.28 | ATR=15.13 | 12/12 trig | 0pos
2026-03-23 22:40:00 | ~ 15:35 | O=4433.16 H=4433.16 L=4416.22 C=4420.26 | ATR=15.13 | 12/12 trig | 0pos
2026-03-23 22:45:01 | ~ 15:40 | O=4420.14 H=4422.99 L=4405.98 C=4407.90 | ATR=15.13 | 12/12 trig | 0pos
2026-03-23 22:50:01 | ~ 15:45 | O=4407.44 H=4413.98 L=4395.48 C=4402.46 | ATR=15.13 | 12/12 trig | 0pos
2026-03-23 22:55:01 | ~ 15:50 | O=4401.84 H=4406.50 L=4384.90 C=4396.60 | ATR=15.13 | 12/12 trig | 0pos
2026-03-23 23:00:01 | ~ 15:55 | O=4396.63 H=4398.20 L=4351.12 C=4363.88 | ATR=15.13 | 12/12 trig | 0pos
2026-03-23 23:05:01 | ~ 16:00 | O=4363.51 H=4380.30 L=4359.39 C=4362.75 | ATR=15.13 | 12/12 trig | 0pos
2026-03-23 23:10:01 | ~ 16:05 | O=4362.78 H=4379.60 L=4352.85 C=4373.70 | ATR=15.13 | 12/12 trig | 0pos
2026-03-23 23:15:00 | ~ 16:10 | O=4372.44 H=4390.26 L=4366.74 C=4384.22 | ATR=15.13 | 12/12 trig | 0pos
2026-03-23 23:20:01 | ~ 16:15 | O=4383.34 H=4389.64 L=4365.68 C=4370.52 | ATR=15.13 | 12/12 trig | 0pos
2026-03-23 23:25:00 | ~ 16:20 | O=4370.49 H=4381.26 L=4360.78 C=4372.08 | ATR=15.13 | 12/12 trig | 0pos
2026-03-23 23:30:01 | ~ 16:25 | O=4372.18 H=4372.22 L=4352.58 C=4355.00 | ATR=15.13 | 12/12 trig | 0pos
2026-03-23 23:35:01 | ~ 16:30 | O=4355.27 H=4377.01 L=4353.76 C=4375.92 | ATR=15.13 | 12/12 trig | 0pos
2026-03-23 23:40:01 | ~ 16:35 | O=4375.80 H=4387.78 L=4374.81 C=4376.05 | ATR=15.13 | 12/12 trig | 0pos
2026-03-23 23:45:01 | ~ 16:40 | O=4375.56 H=4387.31 L=4372.56 C=4386.45 | ATR=15.13 | 12/12 trig | 0pos
2026-03-23 23:50:01 | ~ 16:45 | O=4385.96 H=4391.22 L=4373.59 C=4384.16 | ATR=15.13 | 12/12 trig | 0pos
2026-03-23 23:55:01 | ~ 16:50 | O=4384.10 H=4391.59 L=4378.59 C=4388.20 | ATR=15.13 | 12/12 trig | 0pos
2026-03-24 00:00:00 | ~ 16:55 | O=4388.27 H=4389.66 L=4371.45 C=4375.67 | ATR=15.13 | 12/12 trig | 0pos
2026-03-24 00:05:00 | ~ 17:00 | O=4376.84 H=4386.91 L=4374.30 C=4376.16 | ATR=15.13 | 12/12 trig | 0pos
2026-03-24 00:10:01 | ~ 17:05 | O=4376.46 H=4402.61 L=4370.95 C=4396.35 | ATR=15.13 | 12/12 trig | 0pos
2026-03-24 00:15:02 | ~ 17:10 | O=4396.19 H=4405.50 L=4393.72 C=4397.26 | ATR=15.13 | 12/12 trig | 0pos
2026-03-24 00:20:00 | ~ 17:15 | O=4397.94 H=4400.76 L=4389.10 C=4398.12 | ATR=15.13 | 12/12 trig | 0pos
2026-03-24 00:25:00 | ~ 17:20 | O=4397.99 H=4402.62 L=4388.66 C=4399.24 | ATR=15.13 | 12/12 trig | 0pos
2026-03-24 00:30:02 | ~ 17:25 | O=4399.04 H=4414.00 L=4398.60 C=4405.53 | ATR=15.13 | 12/12 trig | 0pos
2026-03-24 00:35:01 | ~ 17:30 | O=4405.39 H=4431.04 L=4404.20 C=4428.76 | ATR=15.13 | 12/12 trig | 0pos
2026-03-24 00:40:00 | ~ 17:35 | O=4428.73 H=4438.92 L=4428.09 C=4431.23 | ATR=15.13 | 12/12 trig | 0pos
2026-03-24 00:45:01 | ~ 17:40 | O=4431.07 H=4431.22 L=4419.02 C=4420.42 | ATR=15.13 | 12/12 trig | 0pos
2026-03-24 00:50:01 | ~ 17:45 | O=4419.96 H=4422.25 L=4404.67 C=4408.64 | ATR=15.13 | 12/12 trig | 0pos
2026-03-24 00:55:01 | ~ 17:50 | O=4408.40 H=4424.96 L=4406.94 C=4424.54 | ATR=15.13 | 12/12 trig | 0pos
2026-03-24 01:00:01 | ~ 17:55 | O=4424.44 H=4429.83 L=4419.82 C=4426.47 | ATR=15.13 | 12/12 trig | 0pos
2026-03-24 01:05:00 | ~ 18:00 | O=4426.43 H=4427.24 L=4418.14 C=4423.66 | ATR=15.13 | 12/12 trig | 0pos
2026-03-24 01:10:01 | ~ 18:05 | O=4424.26 H=4429.13 L=4402.44 C=4417.68 | ATR=15.13 | 12/12 trig | 0pos
2026-03-24 01:15:01 | ~ 18:10 | O=4417.39 H=4429.15 L=4417.13 C=4421.43 | ATR=15.13 | 12/12 trig | 0pos
2026-03-24 01:20:01 | ~ 18:15 | O=4421.33 H=4421.94 L=4409.74 C=4415.08 | ATR=15.13 | 12/12 trig | 0pos
2026-03-24 01:25:01 | ~ 18:20 | O=4415.11 H=4417.07 L=4410.29 C=4414.58 | ATR=15.13 | 12/12 trig | 0pos
2026-03-24 01:30:01 | ~ 18:25 | O=4414.56 H=4430.82 L=4414.52 C=4426.09 | ATR=15.13 | 12/12 trig | 0pos
2026-03-24 01:35:01 | ~ 18:30 | O=4425.78 H=4444.57 L=4425.60 C=4444.08 | ATR=15.13 | 12/12 trig | 0pos
2026-03-24 01:40:01 | ~ 18:35 | O=4444.17 H=4454.74 L=4442.20 C=4447.91 | ATR=15.13 | 12/12 trig | 0pos
2026-03-24 01:45:00 | ~ 18:40 | O=4447.68 H=4462.13 L=4446.23 C=4461.91 | ATR=15.13 | 12/12 trig | 0pos
2026-03-24 01:50:01 | ~ 18:45 | O=4461.65 H=4467.06 L=4457.05 C=4466.52 | ATR=15.13 | 12/12 trig | 0pos
2026-03-24 01:55:00 | ~ 18:50 | O=4466.51 H=4466.51 L=4446.54 C=4454.65 | ATR=15.13 | 12/12 trig | 0pos
2026-03-24 02:00:01 | ~ 18:55 | O=4454.81 H=4457.21 L=4448.52 C=4449.12 | ATR=15.13 | 12/12 trig | 0pos
2026-03-24 02:05:01 | ~ 19:00 | O=4448.68 H=4450.65 L=4435.94 C=4436.52 | ATR=15.13 | 12/12 trig | 0pos
2026-03-24 02:10:01 | ~ 19:05 | O=4436.56 H=4440.11 L=4429.70 C=4437.71 | ATR=15.13 | 12/12 trig | 0pos
2026-03-24 02:15:01 | ~ 19:10 | O=4437.86 H=4437.96 L=4403.01 C=4406.98 | ATR=15.13 | 12/12 trig | 0pos
2026-03-24 02:20:01 | ~ 19:15 | O=4406.94 H=4411.42 L=4396.60 C=4405.10 | ATR=15.13 | 12/12 trig | 0pos
2026-03-24 02:25:01 | ~ 19:20 | O=4404.56 H=4405.18 L=4393.12 C=4402.56 | ATR=15.13 | 12/12 trig | 0pos
2026-03-24 02:30:02 | ~ 19:25 | O=4402.55 H=4414.85 L=4400.09 C=4410.61 | ATR=15.13 | 12/12 trig | 0pos
2026-03-24 02:35:00 | ~ 19:30 | O=4410.43 H=4415.44 L=4403.28 C=4409.89 | ATR=15.13 | 12/12 trig | 0pos
2026-03-24 02:40:00 | ~ 19:35 | O=4409.89 H=4413.92 L=4404.99 C=4409.63 | ATR=15.13 | 12/12 trig | 0pos
2026-03-24 02:45:01 | ~ 19:40 | O=4410.15 H=4416.58 L=4402.46 C=4416.58 | ATR=15.13 | 12/12 trig | 0pos
2026-03-24 02:50:01 | ~ 19:45 | O=4417.08 H=4427.47 L=4415.35 C=4418.60 | ATR=15.13 | 12/12 trig | 0pos
2026-03-24 02:55:01 | ~ 19:50 | O=4419.17 H=4419.17 L=4403.64 C=4409.21 | ATR=15.13 | 12/12 trig | 0pos
2026-03-24 03:00:01 | ~ 19:55 | O=4409.38 H=4409.38 L=4397.23 C=4398.28 | ATR=15.13 | 12/12 trig | 0pos
2026-03-24 03:05:01 | ~ 20:00 | O=4399.35 H=4400.45 L=4383.01 C=4392.85 | ATR=15.13 | 12/12 trig | 0pos
2026-03-24 03:10:01 | ~ 20:05 | O=4392.47 H=4399.55 L=4390.90 C=4399.50 | ATR=15.13 | 12/12 trig | 0pos
2026-03-24 03:15:02 | ~ 20:10 | O=4399.39 H=4408.50 L=4397.15 C=4403.88 | ATR=15.13 | 12/12 trig | 0pos
2026-03-24 03:20:01 | ~ 20:15 | O=4403.91 H=4413.12 L=4403.87 C=4405.29 | ATR=15.13 | 12/12 trig | 0pos
2026-03-24 03:25:01 | ~ 20:20 | O=4405.76 H=4409.43 L=4405.38 C=4408.28 | ATR=15.13 | 12/12 trig | 0pos
2026-03-24 03:30:01 | ~ 20:25 | O=4408.29 H=4409.70 L=4403.76 C=4407.21 | ATR=15.13 | 12/12 trig | 0pos
2026-03-24 03:35:00 | ~ 20:30 | O=4407.19 H=4407.58 L=4401.30 C=4403.46 | ATR=15.13 | 12/12 trig | 0pos
2026-03-24 03:40:01 | ~ 20:35 | O=4403.46 H=4406.56 L=4396.20 C=4405.01 | ATR=15.13 | 12/12 trig | 0pos
2026-03-24 03:45:01 | ~ 20:40 | O=4404.84 H=4411.20 L=4400.88 C=4410.79 | ATR=15.13 | 12/12 trig | 0pos
2026-03-24 03:50:01 | ~ 20:45 | O=4410.88 H=4412.82 L=4410.22 C=4412.40 | ATR=15.13 | 12/12 trig | 0pos
2026-03-24 03:55:01 | ~ 20:50 | O=4412.48 H=4412.88 L=4405.90 C=4408.04 | ATR=15.13 | 12/12 trig | 0pos
2026-03-24 04:00:01 | ~ 20:55 | O=4408.08 H=4408.10 L=4405.24 C=4406.68 | ATR=15.13 | 12/12 trig | 0pos
2026-03-24 05:05:01 | ~ 22:00 | O=4413.77 H=4420.78 L=4380.31 C=4380.31 | ATR=15.13 | 12/12 trig | 0pos
2026-03-24 05:10:01 | ~ 22:05 | O=4380.73 H=4386.19 L=4361.11 C=4384.30 | ATR=15.13 | 12/12 trig | 0pos
2026-03-24 05:15:02 | ~ 22:10 | O=4384.41 H=4403.01 L=4377.99 C=4398.36 | ATR=15.13 | 12/12 trig | 0pos
2026-03-24 05:20:01 | ~ 22:15 | O=4396.05 H=4404.52 L=4389.50 C=4403.30 | ATR=15.13 | 12/12 trig | 0pos
2026-03-24 05:25:01 | ~ 22:20 | O=4403.27 H=4408.47 L=4396.60 C=4398.97 | ATR=15.13 | 12/12 trig | 0pos
2026-03-24 05:30:00 | ~ 22:25 | O=4399.13 H=4415.32 L=4398.45 C=4414.48 | ATR=15.13 | 12/12 trig | 0pos
2026-03-24 05:35:00 | ~ 22:30 | O=4414.45 H=4415.71 L=4398.62 C=4403.50 | ATR=15.13 | 12/12 trig | 0pos
2026-03-24 05:40:01 | ~ 22:35 | O=4403.29 H=4416.80 L=4403.29 C=4412.43 | ATR=15.13 | 12/12 trig | 0pos
2026-03-24 05:45:01 | ~ 22:40 | O=4412.25 H=4412.25 L=4405.88 C=4409.03 | ATR=15.13 | 12/12 trig | 0pos
2026-03-24 05:50:01 | ~ 22:45 | O=4408.95 H=4414.10 L=4406.48 C=4413.75 | ATR=15.13 | 12/12 trig | 0pos
2026-03-24 05:55:01 | ~ 22:50 | O=4413.76 H=4431.36 L=4412.52 C=4429.65 | ATR=15.13 | 12/12 trig | 0pos
2026-03-24 06:00:02 | ~ 22:55 | O=4429.63 H=4430.06 L=4421.25 C=4427.02 | ATR=15.13 | 12/12 trig | 0pos
2026-03-24 06:05:00 | ~ 23:00 | O=4426.36 H=4429.78 L=4423.68 C=4426.58 | ATR=15.13 | 12/12 trig | 0pos
2026-03-24 06:10:01 | ~ 23:05 | O=4426.73 H=4437.39 L=4425.50 C=4433.01 | ATR=15.13 | 12/12 trig | 0pos
2026-03-24 06:15:01 | ~ 23:10 | O=4432.97 H=4437.64 L=4430.12 C=4435.98 | ATR=15.13 | 12/12 trig | 0pos
2026-03-24 06:20:01 | ~ 23:15 | O=4435.92 H=4444.61 L=4435.53 C=4437.04 | ATR=15.13 | 12/12 trig | 0pos
2026-03-24 06:25:00 | ~ 23:20 | O=4437.00 H=4444.31 L=4433.78 C=4444.10 | ATR=15.13 | 12/12 trig | 0pos
2026-03-24 06:30:01 | ~ 23:25 | O=4444.11 H=4448.30 L=4440.69 C=4441.91 | ATR=15.13 | 12/12 trig | 0pos
2026-03-24 06:35:02 | ~ 23:30 | O=4441.92 H=4444.43 L=4437.53 C=4444.01 | ATR=15.13 | 12/12 trig | 0pos
2026-03-24 06:40:01 | ~ 23:35 | O=4443.99 H=4444.56 L=4426.79 C=4428.35 | ATR=15.13 | 12/12 trig | 0pos
2026-03-24 06:45:02 | ~ 23:40 | O=4428.37 H=4432.19 L=4421.98 C=4430.87 | ATR=15.13 | 12/12 trig | 0pos
2026-03-24 06:50:01 | ~ 23:45 | O=4430.77 H=4440.16 L=4422.08 C=4439.23 | ATR=15.13 | 12/12 trig | 0pos
2026-03-24 06:55:00 | ~ 23:50 | O=4439.69 H=4446.18 L=4438.28 C=4444.02 | ATR=15.13 | 12/12 trig | 0pos
2026-03-24 07:00:01 | ~ 23:55 | O=4444.40 H=4444.41 L=4434.98 C=4441.27 | ATR=15.13 | 12/12 trig | 0pos
2026-03-24 07:05:01 | Cache journalier 2026-03-24...
2026-03-24 07:05:02 |   ATR=11.19 spread_rt=0.200
2026-03-24 07:05:02 | Reset triggered pour 2026-03-24
2026-03-24 07:05:02 | ~ 00:00 | O=4440.98 H=4446.69 L=4427.45 C=4430.62 | ATR=11.19 | 1/12 trig | 0pos
2026-03-24 07:10:01 | ~ 00:05 | O=4430.48 H=4436.39 L=4428.21 C=4433.54 | ATR=11.19 | 1/12 trig | 0pos
2026-03-24 07:15:01 | ~ 00:10 | O=4433.53 H=4436.44 L=4420.36 C=4422.24 | ATR=11.19 | 2/12 trig | 0pos
2026-03-24 07:20:01 | ~ 00:15 | O=4422.64 H=4423.55 L=4401.78 C=4412.29 | ATR=11.19 | 2/12 trig | 0pos
2026-03-24 07:25:00 | ~ 00:20 | O=4411.87 H=4412.09 L=4403.41 C=4406.25 | ATR=11.19 | 4/12 trig | 0pos
2026-03-24 07:30:01 | ~ 00:25 | O=4406.17 H=4409.19 L=4368.70 C=4378.00 | ATR=11.19 | 4/12 trig | 0pos
2026-03-24 07:35:01 | ~ 00:30 | O=4378.06 H=4387.35 L=4355.71 C=4371.24 | ATR=11.19 | 4/12 trig | 0pos
2026-03-24 07:40:00 | ~ 00:35 | O=4371.86 H=4377.05 L=4333.90 C=4349.15 | ATR=11.19 | 4/12 trig | 0pos
2026-03-24 07:45:01 | ~ 00:40 | O=4353.52 H=4353.52 L=4330.05 C=4344.36 | ATR=11.19 | 4/12 trig | 0pos
2026-03-24 07:50:00 | ~ 00:45 | O=4344.45 H=4370.30 L=4343.28 C=4366.63 | ATR=11.19 | 6/12 trig | 0pos
2026-03-24 07:54:46 | Arret.
2026-03-24 07:54:46 | Capital final: $1,000.00
2026-03-24 07:54:48 | RESET — $1,000.00
2026-03-24 07:54:50 | Demarrage — 12 strats: PO3_SWEEP,LON_PREV,TOK_2BAR,LON_KZ,ALL_KC_BRK,ALL_3SOLDIERS,ALL_FVG_BULL,LON_BIGGAP,ALL_MACD_RSI,TOK_BIG,TOK_PREVEXT,LON_TOKEND
2026-03-24 07:54:50 | Capital: $1,000.00 | Trades: 0 | Positions: 0
2026-03-24 07:54:50 | Calage: 2026-03-24 00:45:00+00:00
2026-03-24 07:54:50 | Cache journalier 2026-03-24...
2026-03-24 07:54:51 |   ATR=11.19 spread_rt=0.200
2026-03-24 07:54:51 | Reset triggered pour 2026-03-24
2026-03-24 07:55:01 | ~ 00:50 | O=4366.40 H=4386.60 L=4365.45 C=4381.92 | ATR=11.19 | 0/12 trig | 0pos
2026-03-24 07:55:01 | >>> TRADE TOK_BIG LONG <<<
2026-03-24 07:55:01 |     Entry=4381.92 (bid=4381.87 ask=4381.92 spread=0.050)
2026-03-24 07:55:01 |     SL=4348.34 (33.6$ / 3.0x ATR) | ACT=0.30 TRAIL=0.30 | TRAIL
2026-03-24 07:55:01 |     Size=0.2978oz (0.003lots) | Risk=$10.00 (1.0%) | Cap=$1,000.00
2026-03-24 08:00:01 | Arret.
2026-03-24 08:00:01 | Capital final: $1,000.00
2026-03-24 08:00:02 | RESET — $1,000.00
2026-03-24 08:00:03 | Demarrage — 12 strats: PO3_SWEEP,LON_PREV,TOK_2BAR,LON_KZ,ALL_KC_BRK,ALL_3SOLDIERS,ALL_FVG_BULL,LON_BIGGAP,ALL_MACD_RSI,TOK_BIG,TOK_PREVEXT,LON_TOKEND
2026-03-24 08:00:03 | Capital: $1,000.00 | Trades: 0 | Positions: 0
2026-03-24 08:00:03 | Calage: 2026-03-24 00:55:00+00:00 (on ne triggera qu'a partir de la prochaine bougie)
2026-03-24 08:00:03 | Cache journalier 2026-03-24...
2026-03-24 08:00:04 |   ATR=11.19 spread_rt=0.200
2026-03-24 08:00:04 | Reset triggered pour 2026-03-24
2026-03-24 08:05:00 | ~ 01:00 | O=4363.48 H=4374.19 L=4354.24 C=4357.38 | ATR=11.19 | 0/12 trig | 0pos
2026-03-24 08:05:00 | >>> TRADE ALL_KC_BRK SHORT <<<
2026-03-24 08:05:00 |     Entry=4357.30 (bid=4357.30 ask=4357.42 spread=0.120)
2026-03-24 08:05:00 |     SL=4390.88 (33.6$ / 3.0x ATR) | ACT=1.00 TRAIL=0.75 | TRAIL
2026-03-24 08:05:00 |     Size=0.2978oz (0.003lots) | Risk=$10.00 (1.0%) | Cap=$1,000.00
2026-03-24 08:10:02 | ~ 01:05 | O=4355.63 H=4364.64 L=4342.48 C=4343.37 | ATR=11.19 | 1/12 trig | 1pos | unr=$+4.17
2026-03-24 08:10:02 | >>> TRADE TOK_BIG SHORT <<<
2026-03-24 08:10:02 |     Entry=4343.18 (bid=4343.18 ask=4343.30 spread=0.120)
2026-03-24 08:10:02 |     SL=4376.76 (33.6$ / 3.0x ATR) | ACT=0.30 TRAIL=0.30 | TRAIL
2026-03-24 08:10:02 |     Size=0.2978oz (0.003lots) | Risk=$10.00 (1.0%) | Cap=$1,000.00
2026-03-24 08:10:02 | >>> TRADE ALL_3SOLDIERS SHORT <<<
2026-03-24 08:10:02 |     Entry=4343.18 (bid=4343.18 ask=4343.30 spread=0.120)
2026-03-24 08:10:02 |     SL=4376.76 (33.6$ / 3.0x ATR) | TP=4320.79 (22.4$, RR=0.7) | TPSL
2026-03-24 08:10:02 |     Size=0.2978oz (0.003lots) | Risk=$10.00 (1.0%) | Cap=$1,000.00
2026-03-24 08:10:40 | STOP_RT ALL_KC_BRK short | 4357.30->4351.80 | $+1.64 | Cap=$1,001.64
2026-03-24 08:12:00 | Arret.
2026-03-24 08:12:00 | Capital final: $1,001.64
2026-03-24 08:12:03 | RESET — $1,000.00
2026-03-24 08:12:04 | Demarrage — 12 strats: PO3_SWEEP,LON_PREV,TOK_2BAR,LON_KZ,ALL_KC_BRK,ALL_3SOLDIERS,ALL_FVG_BULL,LON_BIGGAP,ALL_MACD_RSI,TOK_BIG,TOK_PREVEXT,LON_TOKEND
2026-03-24 08:12:04 | Capital: $1,000.00 | Trades: 0 | Positions: 0
2026-03-24 08:12:04 | Calage: 2026-03-24 01:05:00+00:00 (on ne triggera qu'a partir de la prochaine bougie)
2026-03-24 08:12:04 | Cache journalier 2026-03-24...
2026-03-24 08:12:05 |   ATR=11.19 spread_rt=0.200
2026-03-24 08:12:05 | Reset triggered pour 2026-03-24
2026-03-24 08:15:01 | ~ 01:10 | O=4343.26 H=4362.66 L=4328.71 C=4331.48 | ATR=11.19 | trig 2/5o 0/7c | 0pos
2026-03-24 08:15:01 | >>> TRADE TOK_BIG SHORT <<<
2026-03-24 08:15:01 |     Entry=4331.21 (bid=4331.21 ask=4331.30 spread=0.090)
2026-03-24 08:15:01 |     SL=4364.79 (33.6$ / 3.0x ATR) | ACT=0.30 TRAIL=0.30 | TRAIL
2026-03-24 08:15:01 |     Size=0.2978oz (0.003lots) | Risk=$10.00 (1.0%) | Cap=$1,000.00
2026-03-24 08:15:01 | >>> TRADE ALL_3SOLDIERS SHORT <<<
2026-03-24 08:15:01 |     Entry=4331.21 (bid=4331.21 ask=4331.30 spread=0.090)
2026-03-24 08:15:01 |     SL=4364.79 (33.6$ / 3.0x ATR) | TP=4308.82 (22.4$, RR=0.7) | TPSL
2026-03-24 08:15:01 |     Size=0.2978oz (0.003lots) | Risk=$10.00 (1.0%) | Cap=$1,000.00
2026-03-24 08:20:01 | ~ 01:15 | O=4331.48 H=4348.84 L=4331.17 C=4346.72 | ATR=11.19 | trig 3/5o 2/7c | 2pos | unr=$-9.27
2026-03-24 08:20:01 | SKIP TOK_2BAR — conflit short
2026-03-24 08:25:01 | ~ 01:20 | O=4346.68 H=4362.39 L=4346.60 C=4360.56 | ATR=11.19 | trig 3/5o 3/7c | 2pos | unr=$-17.85
2026-03-24 08:25:09 | STOP_RT TOK_BIG short | 4331.21->4365.38 | $-10.17 | Cap=$989.83
2026-03-24 08:25:09 | STOP_RT ALL_3SOLDIERS short | 4331.21->4365.38 | $-10.17 | Cap=$979.65
2026-03-24 08:30:01 | ~ 01:25 | O=4360.67 H=4369.01 L=4353.18 C=4354.69 | ATR=11.19 | trig 3/5o 3/7c | 0pos
2026-03-24 08:35:01 | ~ 01:30 | O=4354.52 H=4361.66 L=4350.10 C=4360.73 | ATR=11.19 | trig 4/5o 3/7c | 0pos
2026-03-24 08:35:01 | >>> TRADE ALL_FVG_BULL LONG <<<
2026-03-24 08:35:01 |     Entry=4360.73 (bid=4360.62 ask=4360.73 spread=0.110)
2026-03-24 08:35:01 |     SL=4327.15 (33.6$ / 3.0x ATR) | ACT=1.00 TRAIL=0.75 | TRAIL
2026-03-24 08:35:01 |     Size=0.2917oz (0.003lots) | Risk=$9.80 (1.0%) | Cap=$979.65
2026-03-24 08:40:01 | ~ 01:35 | O=4360.62 H=4368.38 L=4350.30 C=4351.16 | ATR=11.19 | trig 4/5o 4/7c | 1pos | unr=$-2.79
2026-03-24 08:43:23 | STOP_RT ALL_FVG_BULL long | 4360.73->4326.88 | $-9.87 | Cap=$969.78
2026-03-24 08:45:01 | ~ 01:40 | O=4351.17 H=4353.04 L=4322.09 C=4322.09 | ATR=11.19 | trig 5/5o 4/7c | 0pos
2026-03-24 08:45:01 | >>> TRADE ALL_KC_BRK SHORT <<<
2026-03-24 08:45:01 |     Entry=4321.82 (bid=4321.82 ask=4321.94 spread=0.120)
2026-03-24 08:45:01 |     SL=4355.40 (33.6$ / 3.0x ATR) | ACT=1.00 TRAIL=0.75 | TRAIL
2026-03-24 08:45:01 |     Size=0.2888oz (0.003lots) | Risk=$9.70 (1.0%) | Cap=$969.78
2026-03-24 08:50:00 | ~ 01:45 | O=4321.74 H=4328.09 L=4307.95 C=4314.32 | ATR=11.19 | trig 6/5o 5/7c | 1pos | unr=$+2.15
2026-03-24 08:50:00 | >>> TRADE ALL_MACD_RSI SHORT <<<
2026-03-24 08:50:00 |     Entry=4314.28 (bid=4314.28 ask=4314.36 spread=0.080)
2026-03-24 08:50:00 |     SL=4331.07 (16.8$ / 1.5x ATR) | ACT=0.50 TRAIL=0.50 | TRAIL
2026-03-24 08:50:00 |     Size=0.5775oz (0.006lots) | Risk=$9.70 (1.0%) | Cap=$969.78
2026-03-24 08:52:42 | STOP_RT ALL_MACD_RSI short | 4314.28->4331.32 | $-9.84 | Cap=$959.93
2026-03-24 08:55:00 | ~ 01:50 | O=4314.59 H=4332.13 L=4314.02 C=4326.80 | ATR=11.19 | trig 6/5o 6/7c | 1pos | unr=$-1.32
2026-03-24 09:00:00 | ~ 01:55 | O=4326.25 H=4331.46 L=4319.96 C=4322.17 | ATR=11.19 | trig 6/5o 6/7c | 1pos | unr=$-0.16
2026-03-24 09:05:01 | ~ 02:00 | O=4322.17 H=4336.93 L=4314.12 C=4333.11 | ATR=11.19 | trig 6/5o 6/7c | 1pos | unr=$-3.27
2026-03-24 09:07:59 | Arret.
2026-03-24 09:07:59 | Capital final: $959.93
2026-03-24 09:08:00 | Demarrage — 12 strats: PO3_SWEEP,LON_PREV,TOK_2BAR,LON_KZ,ALL_KC_BRK,ALL_3SOLDIERS,ALL_FVG_BULL,LON_BIGGAP,ALL_MACD_RSI,TOK_BIG,TOK_PREVEXT,LON_TOKEND
2026-03-24 09:08:00 | Capital: $959.93 | Trades: 4 | Positions: 1
2026-03-24 09:08:00 | Calage: 2026-03-24 02:00:00+00:00 (on ne triggera qu'a partir de la prochaine bougie)
2026-03-24 09:10:01 | ~ 02:05 | O=4333.05 H=4333.05 L=4318.99 C=4322.17 | ATR=11.19 | trig 6/5o 6/7c | 1pos | unr=$-0.14
2026-03-24 09:15:01 | ~ 02:10 | O=4321.99 H=4323.42 L=4306.12 C=4312.16 | ATR=11.19 | trig 6/5o 6/7c | 1pos | unr=$+2.78
2026-03-24 09:20:01 | ~ 02:15 | O=4312.14 H=4320.93 L=4309.72 C=4314.04 | ATR=11.19 | trig 6/5o 6/7c | 1pos | unr=$+2.11
2026-03-24 09:25:02 | ~ 02:20 | O=4314.17 H=4349.54 L=4312.72 C=4336.17 | ATR=11.19 | trig 6/5o 6/7c | 1pos | unr=$-4.45
2026-03-24 09:30:01 | ~ 02:25 | O=4336.20 H=4353.81 L=4334.61 C=4352.07 | ATR=11.19 | trig 6/5o 6/7c | 1pos | unr=$-8.77
2026-03-24 09:30:34 | STOP_RT ALL_KC_BRK short | 4321.82->4356.46 | $-10.00 | Cap=$949.93
2026-03-24 09:35:02 | ~ 02:30 | O=4352.32 H=4371.38 L=4344.74 C=4370.32 | ATR=11.19 | trig 6/5o 6/7c | 0pos
2026-03-24 09:40:01 | ~ 02:35 | O=4370.36 H=4373.42 L=4359.72 C=4361.43 | ATR=11.19 | trig 6/5o 6/7c | 0pos
2026-03-24 09:45:01 | ~ 02:40 | O=4361.45 H=4369.57 L=4352.98 C=4366.88 | ATR=11.19 | trig 6/5o 6/7c | 0pos
2026-03-24 09:50:01 | ~ 02:45 | O=4366.82 H=4379.30 L=4363.35 C=4363.84 | ATR=11.19 | trig 6/5o 6/7c | 0pos
2026-03-24 09:55:00 | ~ 02:50 | O=4363.80 H=4363.88 L=4352.33 C=4359.50 | ATR=11.19 | trig 6/5o 6/7c | 0pos
2026-03-24 10:00:00 | ~ 02:55 | O=4359.53 H=4366.93 L=4356.26 C=4365.93 | ATR=11.19 | trig 6/5o 6/7c | 0pos
2026-03-24 10:05:00 | ~ 03:00 | O=4366.18 H=4368.16 L=4350.21 C=4352.18 | ATR=11.19 | trig 6/5o 6/7c | 0pos
2026-03-24 10:10:00 | ~ 03:05 | O=4351.84 H=4361.70 L=4350.36 C=4352.33 | ATR=11.19 | trig 6/5o 6/7c | 0pos
2026-03-24 10:15:01 | ~ 03:10 | O=4352.35 H=4361.64 L=4352.08 C=4358.05 | ATR=11.19 | trig 6/5o 6/7c | 0pos
2026-03-24 10:20:00 | ~ 03:15 | O=4358.48 H=4366.11 L=4357.96 C=4358.45 | ATR=11.19 | trig 6/5o 6/7c | 0pos
2026-03-24 10:25:02 | ~ 03:20 | O=4358.66 H=4368.32 L=4358.12 C=4362.24 | ATR=11.19 | trig 6/5o 6/7c | 0pos
2026-03-24 10:30:01 | ~ 03:25 | O=4362.47 H=4367.26 L=4355.68 C=4364.87 | ATR=11.19 | trig 6/5o 6/7c | 0pos
2026-03-24 10:35:00 | ~ 03:30 | O=4364.65 H=4365.02 L=4346.72 C=4346.91 | ATR=11.19 | trig 6/5o 6/7c | 0pos
2026-03-24 10:40:01 | ~ 03:35 | O=4346.85 H=4351.96 L=4338.64 C=4342.14 | ATR=11.19 | trig 6/5o 6/7c | 0pos
2026-03-24 10:45:01 | ~ 03:40 | O=4342.15 H=4346.63 L=4338.64 C=4341.88 | ATR=11.19 | trig 6/5o 6/7c | 0pos
2026-03-24 10:50:01 | ~ 03:45 | O=4341.07 H=4343.45 L=4335.12 C=4340.17 | ATR=11.19 | trig 6/5o 6/7c | 0pos
2026-03-24 10:55:01 | ~ 03:50 | O=4340.20 H=4344.10 L=4336.96 C=4341.64 | ATR=11.19 | trig 6/5o 6/7c | 0pos
2026-03-24 11:00:01 | ~ 03:55 | O=4341.65 H=4349.66 L=4337.40 C=4347.20 | ATR=11.19 | trig 6/5o 6/7c | 0pos
2026-03-24 11:05:01 | ~ 04:00 | O=4347.07 H=4353.50 L=4346.40 C=4352.59 | ATR=11.19 | trig 6/5o 6/7c | 0pos
2026-03-24 11:10:01 | ~ 04:05 | O=4352.82 H=4357.21 L=4347.65 C=4352.09 | ATR=11.19 | trig 6/5o 6/7c | 0pos
2026-03-24 11:15:01 | ~ 04:10 | O=4352.08 H=4353.06 L=4347.81 C=4350.11 | ATR=11.19 | trig 6/5o 6/7c | 0pos
2026-03-24 11:20:01 | ~ 04:15 | O=4350.11 H=4350.55 L=4330.40 C=4330.42 | ATR=11.19 | trig 6/5o 6/7c | 0pos
2026-03-24 11:25:01 | ~ 04:20 | O=4330.32 H=4335.31 L=4326.70 C=4332.05 | ATR=11.19 | trig 6/5o 6/7c | 0pos
2026-03-24 11:30:01 | ~ 04:25 | O=4332.06 H=4341.82 L=4331.28 C=4339.58 | ATR=11.19 | trig 6/5o 6/7c | 0pos
2026-03-24 11:35:01 | ~ 04:30 | O=4339.55 H=4343.98 L=4336.02 C=4342.90 | ATR=11.19 | trig 6/5o 6/7c | 0pos
2026-03-24 11:40:01 | ~ 04:35 | O=4343.06 H=4345.77 L=4338.76 C=4343.40 | ATR=11.19 | trig 6/5o 6/7c | 0pos
2026-03-24 11:45:01 | ~ 04:40 | O=4343.47 H=4348.15 L=4340.88 C=4340.98 | ATR=11.19 | trig 6/5o 6/7c | 0pos
2026-03-24 11:50:00 | ~ 04:45 | O=4341.01 H=4349.32 L=4339.99 C=4346.46 | ATR=11.19 | trig 6/5o 6/7c | 0pos
2026-03-24 11:55:01 | ~ 04:50 | O=4346.38 H=4348.49 L=4343.70 C=4348.23 | ATR=11.19 | trig 6/5o 6/7c | 0pos
2026-03-24 12:00:00 | ~ 04:55 | O=4348.18 H=4348.21 L=4332.06 C=4333.49 | ATR=11.19 | trig 6/5o 6/7c | 0pos
2026-03-24 12:05:00 | ~ 05:00 | O=4333.43 H=4338.04 L=4328.00 C=4328.22 | ATR=11.19 | trig 6/5o 6/7c | 0pos
2026-03-24 12:10:00 | ~ 05:05 | O=4328.02 H=4328.02 L=4319.88 C=4326.21 | ATR=11.19 | trig 6/5o 6/7c | 0pos
2026-03-24 12:15:00 | ~ 05:10 | O=4325.91 H=4345.54 L=4324.39 C=4335.35 | ATR=11.19 | trig 6/5o 6/7c | 0pos
2026-03-24 12:20:02 | ~ 05:15 | O=4335.43 H=4346.82 L=4334.87 C=4342.28 | ATR=11.19 | trig 6/5o 6/7c | 0pos
2026-03-24 12:25:02 | ~ 05:20 | O=4342.18 H=4346.44 L=4339.34 C=4339.88 | ATR=11.19 | trig 6/5o 6/7c | 0pos
2026-03-24 12:30:01 | ~ 05:25 | O=4339.87 H=4342.81 L=4334.14 C=4335.42 | ATR=11.19 | trig 6/5o 6/7c | 0pos
2026-03-24 12:35:01 | ~ 05:30 | O=4334.98 H=4336.42 L=4321.15 C=4332.82 | ATR=11.19 | trig 6/5o 6/7c | 0pos
2026-03-24 12:40:01 | ~ 05:35 | O=4332.73 H=4344.91 L=4331.00 C=4338.66 | ATR=11.19 | trig 6/5o 6/7c | 0pos
2026-03-24 12:45:00 | ~ 05:40 | O=4338.33 H=4374.28 L=4338.18 C=4358.35 | ATR=11.19 | trig 7/5o 6/7c | 0pos
2026-03-24 12:50:01 | ~ 05:45 | O=4358.52 H=4368.92 L=4354.08 C=4363.40 | ATR=11.19 | trig 7/5o 7/7c | 0pos
2026-03-24 12:55:01 | ~ 05:50 | O=4363.37 H=4369.06 L=4352.38 C=4352.48 | ATR=11.19 | trig 7/5o 7/7c | 0pos
2026-03-24 13:00:01 | ~ 05:55 | O=4351.73 H=4355.69 L=4343.85 C=4347.42 | ATR=11.19 | trig 7/5o 7/7c | 0pos
2026-03-24 13:05:01 | ~ 06:00 | O=4347.54 H=4361.83 L=4343.06 C=4357.68 | ATR=11.19 | trig 7/5o 7/7c | 0pos
2026-03-24 13:10:00 | ~ 06:05 | O=4357.91 H=4370.75 L=4354.38 C=4368.94 | ATR=11.19 | trig 7/5o 7/7c | 0pos
2026-03-24 13:15:01 | ~ 06:10 | O=4369.12 H=4375.66 L=4362.90 C=4366.82 | ATR=11.19 | trig 7/5o 7/7c | 0pos
2026-03-24 13:20:01 | ~ 06:15 | O=4366.64 H=4375.45 L=4359.25 C=4373.76 | ATR=11.19 | trig 7/5o 7/7c | 0pos
2026-03-24 13:25:01 | ~ 06:20 | O=4373.77 H=4391.72 L=4366.32 C=4386.34 | ATR=11.19 | trig 7/5o 7/7c | 0pos
2026-03-24 13:30:01 | ~ 06:25 | O=4385.31 H=4396.82 L=4382.61 C=4387.48 | ATR=11.19 | trig 7/5o 7/7c | 0pos
2026-03-24 13:35:00 | ~ 06:30 | O=4386.38 H=4393.45 L=4381.82 C=4385.46 | ATR=11.19 | trig 7/5o 7/7c | 0pos
2026-03-24 13:40:01 | ~ 06:35 | O=4385.32 H=4392.21 L=4378.74 C=4392.21 | ATR=11.19 | trig 7/5o 7/7c | 0pos
2026-03-24 13:45:01 | ~ 06:40 | O=4392.20 H=4397.30 L=4374.96 C=4376.75 | ATR=11.19 | trig 7/5o 7/7c | 0pos
2026-03-24 13:50:02 | ~ 06:45 | O=4377.64 H=4381.48 L=4373.26 C=4378.02 | ATR=11.19 | trig 7/5o 7/7c | 0pos
2026-03-24 13:55:01 | ~ 06:50 | O=4378.04 H=4391.34 L=4377.20 C=4390.04 | ATR=11.19 | trig 7/5o 7/7c | 0pos
2026-03-24 14:00:01 | ~ 06:55 | O=4390.10 H=4405.06 L=4388.36 C=4402.24 | ATR=11.19 | trig 7/5o 7/7c | 0pos
2026-03-24 14:05:01 | ~ 07:00 | O=4401.28 H=4415.06 L=4399.75 C=4408.46 | ATR=11.19 | trig 7/5o 7/7c | 0pos
2026-03-24 14:10:01 | ~ 07:05 | O=4408.48 H=4415.62 L=4406.89 C=4415.40 | ATR=11.19 | trig 7/5o 7/7c | 0pos
2026-03-24 14:15:02 | ~ 07:10 | O=4415.18 H=4425.42 L=4415.15 C=4424.73 | ATR=11.19 | trig 7/5o 7/7c | 0pos
2026-03-24 14:20:01 | ~ 07:15 | O=4424.67 H=4425.23 L=4419.80 C=4422.77 | ATR=11.19 | trig 7/5o 7/7c | 0pos
2026-03-24 14:25:01 | ~ 07:20 | O=4422.75 H=4424.39 L=4408.68 C=4412.38 | ATR=11.19 | trig 7/5o 7/7c | 0pos
2026-03-24 14:30:02 | ~ 07:25 | O=4412.10 H=4416.44 L=4406.16 C=4412.61 | ATR=11.19 | trig 7/5o 7/7c | 0pos
2026-03-24 14:35:01 | ~ 07:30 | O=4412.22 H=4412.51 L=4402.11 C=4409.92 | ATR=11.19 | trig 7/5o 7/7c | 0pos
2026-03-24 14:40:01 | ~ 07:35 | O=4410.07 H=4411.74 L=4401.41 C=4408.93 | ATR=11.19 | trig 7/5o 7/7c | 0pos
2026-03-24 14:45:01 | ~ 07:40 | O=4409.04 H=4411.32 L=4400.15 C=4409.10 | ATR=11.19 | trig 7/5o 7/7c | 0pos
2026-03-24 14:50:01 | ~ 07:45 | O=4408.21 H=4424.75 L=4401.80 C=4422.35 | ATR=11.19 | trig 7/5o 7/7c | 0pos
2026-03-24 14:55:01 | ~ 07:50 | O=4422.22 H=4433.21 L=4419.76 C=4421.18 | ATR=11.19 | trig 7/5o 7/7c | 0pos
2026-03-24 15:00:01 | RISK LON_BIGGAP 3.5% > cible 1.0% (min lot)
2026-03-24 15:00:01 | >>> TRADE LON_BIGGAP LONG <<<
2026-03-24 15:00:01 |     Entry=4417.47 (bid=4417.39 ask=4417.47 spread=0.080)
2026-03-24 15:00:01 |     SL=4383.89 (33.6$ / 3.0x ATR) | ACT=0.75 TRAIL=0.50 | TRAIL
2026-03-24 15:00:01 |     Size=1.0000oz (0.010lots) | Risk=$9.50 (1.0%) | Cap=$949.93
2026-03-24 15:00:01 | SKIP LON_PREV — conflit long
2026-03-24 15:00:02 | ~ 07:55 | O=4421.12 H=4425.58 L=4414.97 C=4417.64 | ATR=11.19 | trig 10/5o 7/7c | 1pos | unr=$-1.65
2026-03-24 15:05:00 | ~ 08:00 | O=4417.28 H=4417.41 L=4402.27 C=4407.55 | ATR=11.19 | trig 10/5o 7/7c | 1pos | unr=$-9.50
2026-03-24 15:10:01 | ~ 08:05 | O=4407.38 H=4418.19 L=4406.42 C=4412.34 | ATR=11.19 | trig 10/5o 10/7c | 1pos | unr=$-5.13
2026-03-24 15:15:02 | ~ 08:10 | O=4412.41 H=4421.05 L=4409.69 C=4414.58 | ATR=11.19 | trig 10/5o 10/7c | 1pos | unr=$-3.31
2026-03-24 15:20:01 | ~ 08:15 | O=4414.30 H=4417.82 L=4402.09 C=4405.17 | ATR=11.19 | trig 10/5o 10/7c | 1pos | unr=$-11.84
2026-03-24 15:25:01 | ~ 08:20 | O=4405.22 H=4406.76 L=4394.01 C=4394.71 | ATR=11.19 | trig 11/5o 10/7c | 1pos | unr=$-22.90
2026-03-24 15:30:01 | ~ 08:25 | O=4394.70 H=4398.13 L=4391.30 C=4396.57 | ATR=11.19 | trig 11/5o 11/7c | 1pos | unr=$-20.90
2026-03-24 15:35:01 | ~ 08:30 | O=4396.17 H=4404.65 L=4391.80 C=4398.62 | ATR=11.19 | trig 11/5o 11/7c | 1pos | unr=$-18.86
2026-03-24 15:40:00 | ~ 08:35 | O=4398.62 H=4405.00 L=4396.92 C=4397.65 | ATR=11.19 | trig 11/5o 11/7c | 1pos | unr=$-19.98
2026-03-24 15:45:01 | ~ 08:40 | O=4397.50 H=4405.72 L=4396.37 C=4400.47 | ATR=11.19 | trig 11/5o 11/7c | 1pos | unr=$-17.00
2026-03-24 15:50:02 | ~ 08:45 | O=4400.31 H=4410.95 L=4398.68 C=4409.39 | ATR=11.19 | trig 11/5o 11/7c | 1pos | unr=$-7.89
2026-03-24 15:55:01 | ~ 08:50 | O=4409.58 H=4414.19 L=4400.58 C=4411.91 | ATR=11.19 | trig 11/5o 11/7c | 1pos | unr=$-5.60
2026-03-24 16:00:00 | ~ 08:55 | O=4412.22 H=4414.67 L=4403.67 C=4411.75 | ATR=11.19 | trig 11/5o 11/7c | 1pos | unr=$-5.78
2026-03-24 16:05:00 | ~ 09:00 | O=4412.44 H=4419.19 L=4407.93 C=4413.09 | ATR=11.19 | trig 11/5o 11/7c | 1pos | unr=$-4.35
2026-03-24 16:10:01 | ~ 09:05 | O=4413.07 H=4414.51 L=4402.53 C=4404.81 | ATR=11.19 | trig 11/5o 11/7c | 1pos | unr=$-12.66
2026-03-24 16:15:01 | ~ 09:10 | O=4404.82 H=4408.65 L=4397.54 C=4399.01 | ATR=11.19 | trig 11/5o 11/7c | 1pos | unr=$-18.40
2026-03-24 16:20:01 | ~ 09:15 | O=4399.00 H=4415.17 L=4396.02 C=4413.90 | ATR=11.19 | trig 11/5o 11/7c | 1pos | unr=$-3.73
2026-03-24 16:25:01 | ~ 09:20 | O=4413.80 H=4415.25 L=4408.52 C=4409.76 | ATR=11.19 | trig 11/5o 11/7c | 1pos | unr=$-7.82
2026-03-24 16:30:01 | ~ 09:25 | O=4409.57 H=4410.79 L=4406.23 C=4407.52 | ATR=11.19 | trig 11/5o 11/7c | 1pos | unr=$-10.27
2026-03-24 16:35:01 | ~ 09:30 | O=4407.04 H=4412.80 L=4405.01 C=4411.28 | ATR=11.19 | trig 11/5o 11/7c | 1pos | unr=$-6.19
2026-03-24 16:40:00 | ~ 09:35 | O=4411.19 H=4417.87 L=4410.22 C=4417.80 | ATR=11.19 | trig 11/5o 11/7c | 1pos | unr=$+0.64
2026-03-24 16:45:01 | ~ 09:40 | O=4418.16 H=4421.24 L=4415.26 C=4416.33 | ATR=11.19 | trig 11/5o 11/7c | 1pos | unr=$-1.49
2026-03-24 16:50:01 | ~ 09:45 | O=4416.03 H=4420.47 L=4414.94 C=4417.30 | ATR=11.19 | trig 11/5o 11/7c | 1pos | unr=$-0.27
2026-03-24 16:55:02 | ~ 09:50 | O=4417.32 H=4418.43 L=4412.24 C=4417.48 | ATR=11.19 | trig 11/5o 11/7c | 1pos | unr=$+0.25
2026-03-24 17:00:01 | SKIP LON_KZ — conflit long
2026-03-24 17:00:01 | ~ 09:55 | O=4417.71 H=4431.09 L=4417.10 C=4426.43 | ATR=11.19 | trig 12/5o 11/7c | 1pos | unr=$+9.00
2026-03-24 17:02:25 | STOP_RT LON_BIGGAP long | 4417.47->4420.37 | $+2.90 | Cap=$952.83
2026-03-24 17:05:00 | ~ 10:00 | O=4426.76 H=4428.60 L=4415.21 C=4422.04 | ATR=11.19 | trig 12/5o 11/7c | 0pos
2026-03-24 17:10:01 | ~ 10:05 | O=4421.95 H=4429.29 L=4418.38 C=4428.17 | ATR=11.19 | trig 12/5o 12/7c | 0pos
2026-03-24 17:15:00 | ~ 10:10 | O=4428.13 H=4431.21 L=4423.55 C=4426.18 | ATR=11.19 | trig 12/5o 12/7c | 0pos
2026-03-24 17:20:01 | ~ 10:15 | O=4426.10 H=4432.88 L=4425.56 C=4429.69 | ATR=11.19 | trig 12/5o 12/7c | 0pos
2026-03-24 17:25:01 | ~ 10:20 | O=4429.78 H=4431.94 L=4424.34 C=4426.29 | ATR=11.19 | trig 12/5o 12/7c | 0pos
2026-03-24 17:30:01 | ~ 10:25 | O=4426.32 H=4427.03 L=4421.34 C=4422.34 | ATR=11.19 | trig 12/5o 12/7c | 0pos
2026-03-24 17:35:01 | ~ 10:30 | O=4421.89 H=4422.25 L=4415.22 C=4416.79 | ATR=11.19 | trig 12/5o 12/7c | 0pos
2026-03-24 17:40:01 | ~ 10:35 | O=4416.72 H=4425.78 L=4414.78 C=4424.86 | ATR=11.19 | trig 12/5o 12/7c | 0pos
2026-03-24 17:45:00 | ~ 10:40 | O=4424.53 H=4428.02 L=4421.84 C=4427.49 | ATR=11.19 | trig 12/5o 12/7c | 0pos
2026-03-24 17:50:01 | ~ 10:45 | O=4427.76 H=4429.43 L=4418.76 C=4419.46 | ATR=11.19 | trig 12/5o 12/7c | 0pos
2026-03-24 17:55:01 | ~ 10:50 | O=4419.73 H=4432.31 L=4419.32 C=4429.13 | ATR=11.19 | trig 12/5o 12/7c | 0pos
2026-03-24 18:00:01 | ~ 10:55 | O=4429.20 H=4441.72 L=4425.89 C=4438.52 | ATR=11.19 | trig 12/5o 12/7c | 0pos
2026-03-24 18:05:01 | ~ 11:00 | O=4438.67 H=4442.02 L=4375.72 C=4409.74 | ATR=11.19 | trig 12/5o 12/7c | 0pos
2026-03-24 18:10:00 | ~ 11:05 | O=4409.12 H=4418.51 L=4400.10 C=4413.46 | ATR=11.19 | trig 12/5o 12/7c | 0pos
2026-03-24 18:15:00 | ~ 11:10 | O=4413.42 H=4421.76 L=4406.78 C=4420.22 | ATR=11.19 | trig 12/5o 12/7c | 0pos
2026-03-24 18:20:00 | ~ 11:15 | O=4419.33 H=4420.62 L=4403.51 C=4415.11 | ATR=11.19 | trig 12/5o 12/7c | 0pos
2026-03-24 18:25:00 | ~ 11:20 | O=4415.66 H=4420.67 L=4412.21 C=4415.30 | ATR=11.19 | trig 12/5o 12/7c | 0pos
2026-03-24 18:30:01 | ~ 11:25 | O=4416.00 H=4416.04 L=4407.81 C=4413.33 | ATR=11.19 | trig 12/5o 12/7c | 0pos
2026-03-24 18:35:01 | ~ 11:30 | O=4413.15 H=4427.93 L=4411.54 C=4427.93 | ATR=11.19 | trig 12/5o 12/7c | 0pos
2026-03-24 18:40:01 | ~ 11:35 | O=4427.90 H=4431.64 L=4423.03 C=4425.05 | ATR=11.19 | trig 12/5o 12/7c | 0pos
2026-03-24 18:45:01 | ~ 11:40 | O=4424.81 H=4426.86 L=4421.19 C=4422.56 | ATR=11.19 | trig 12/5o 12/7c | 0pos
2026-03-24 18:50:01 | ~ 11:45 | O=4422.12 H=4427.71 L=4418.81 C=4424.60 | ATR=11.19 | trig 12/5o 12/7c | 0pos
2026-03-24 18:55:00 | ~ 11:50 | O=4424.58 H=4424.75 L=4390.70 C=4400.50 | ATR=11.19 | trig 12/5o 12/7c | 0pos
2026-03-24 19:00:00 | ~ 11:55 | O=4400.70 H=4409.26 L=4397.18 C=4408.83 | ATR=11.19 | trig 12/5o 12/7c | 0pos
2026-03-24 19:05:00 | ~ 12:00 | O=4408.38 H=4417.28 L=4405.02 C=4407.13 | ATR=11.19 | trig 12/5o 12/7c | 0pos
2026-03-24 19:10:00 | ~ 12:05 | O=4406.83 H=4413.29 L=4404.44 C=4412.76 | ATR=11.19 | trig 12/5o 12/7c | 0pos
2026-03-24 19:15:02 | ~ 12:10 | O=4412.67 H=4422.66 L=4408.79 C=4420.62 | ATR=11.19 | trig 12/5o 12/7c | 0pos
2026-03-24 19:20:01 | ~ 12:15 | O=4420.56 H=4427.45 L=4417.64 C=4425.15 | ATR=11.19 | trig 12/5o 12/7c | 0pos
2026-03-24 19:25:01 | ~ 12:20 | O=4425.04 H=4425.04 L=4398.49 C=4400.93 | ATR=11.19 | trig 12/5o 12/7c | 0pos
2026-03-24 19:30:01 | ~ 12:25 | O=4400.81 H=4409.23 L=4395.89 C=4402.30 | ATR=11.19 | trig 12/5o 12/7c | 0pos
2026-03-24 19:35:00 | ~ 12:30 | O=4402.35 H=4406.42 L=4374.32 C=4382.04 | ATR=11.19 | trig 12/5o 12/7c | 0pos
2026-03-24 19:40:01 | ~ 12:35 | O=4383.02 H=4389.65 L=4363.02 C=4366.12 | ATR=11.19 | trig 12/5o 12/7c | 0pos
2026-03-24 19:45:01 | ~ 12:40 | O=4365.18 H=4375.66 L=4362.28 C=4369.10 | ATR=11.19 | trig 12/5o 12/7c | 0pos
2026-03-24 19:50:01 | ~ 12:45 | O=4369.28 H=4387.23 L=4369.00 C=4383.68 | ATR=11.19 | trig 12/5o 12/7c | 0pos
2026-03-24 19:55:00 | ~ 12:50 | O=4383.34 H=4390.66 L=4376.86 C=4382.66 | ATR=11.19 | trig 12/5o 12/7c | 0pos
2026-03-24 20:00:00 | ~ 12:55 | O=4383.31 H=4389.08 L=4378.14 C=4379.46 | ATR=11.19 | trig 12/5o 12/7c | 0pos
2026-03-24 20:05:00 | ~ 13:00 | O=4378.63 H=4389.90 L=4370.26 C=4382.76 | ATR=11.19 | trig 12/5o 12/7c | 0pos
2026-03-24 20:10:01 | ~ 13:05 | O=4382.39 H=4384.99 L=4364.54 C=4370.06 | ATR=11.19 | trig 12/5o 12/7c | 0pos
2026-03-24 20:15:01 | ~ 13:10 | O=4368.38 H=4382.23 L=4363.98 C=4378.39 | ATR=11.19 | trig 12/5o 12/7c | 0pos
2026-03-24 20:20:01 | ~ 13:15 | O=4378.43 H=4384.28 L=4370.25 C=4373.34 | ATR=11.19 | trig 12/5o 12/7c | 0pos
2026-03-24 20:25:00 | ~ 13:20 | O=4373.04 H=4379.55 L=4370.66 C=4372.58 | ATR=11.19 | trig 12/5o 12/7c | 0pos
2026-03-24 20:30:01 | ~ 13:25 | O=4372.32 H=4378.73 L=4357.64 C=4357.64 | ATR=11.19 | trig 12/5o 12/7c | 0pos
2026-03-24 20:35:00 | ~ 13:30 | O=4354.90 H=4370.57 L=4353.29 C=4360.25 | ATR=11.19 | trig 12/5o 12/7c | 0pos
2026-03-24 20:40:01 | ~ 13:35 | O=4359.97 H=4364.28 L=4351.85 C=4355.71 | ATR=11.19 | trig 12/5o 12/7c | 0pos
2026-03-24 20:45:01 | ~ 13:40 | O=4355.83 H=4362.53 L=4350.27 C=4357.14 | ATR=11.19 | trig 12/5o 12/7c | 0pos
2026-03-24 20:50:00 | ~ 13:45 | O=4357.09 H=4366.03 L=4351.35 C=4356.09 | ATR=11.19 | trig 12/5o 12/7c | 0pos
2026-03-24 20:55:01 | ~ 13:50 | O=4354.73 H=4378.61 L=4353.87 C=4366.44 | ATR=11.19 | trig 12/5o 12/7c | 0pos
2026-03-24 21:00:01 | ~ 13:55 | O=4367.06 H=4383.55 L=4367.06 C=4381.94 | ATR=11.19 | trig 12/5o 12/7c | 0pos
2026-03-24 21:05:01 | ~ 14:00 | O=4381.35 H=4396.38 L=4380.92 C=4396.26 | ATR=11.19 | trig 12/5o 12/7c | 0pos
2026-03-24 21:10:01 | ~ 14:05 | O=4396.96 H=4397.20 L=4385.94 C=4396.57 | ATR=11.19 | trig 12/5o 12/7c | 0pos
2026-03-24 21:15:01 | ~ 14:10 | O=4397.67 H=4404.72 L=4384.52 C=4395.14 | ATR=11.19 | trig 12/5o 12/7c | 0pos
2026-03-24 21:20:01 | ~ 14:15 | O=4396.05 H=4400.48 L=4389.01 C=4398.31 | ATR=11.19 | trig 12/5o 12/7c | 0pos
2026-03-24 21:25:01 | ~ 14:20 | O=4398.53 H=4408.68 L=4397.52 C=4407.42 | ATR=11.19 | trig 12/5o 12/7c | 0pos
2026-03-24 21:30:01 | ~ 14:25 | O=4407.29 H=4414.86 L=4402.02 C=4409.01 | ATR=11.19 | trig 16/5o 12/7c | 0pos
2026-03-24 21:35:00 | ~ 14:30 | O=4409.15 H=4417.14 L=4400.48 C=4415.74 | ATR=11.19 | trig 16/5o 12/7c | 0pos
2026-03-24 21:40:02 | ~ 14:35 | O=4415.46 H=4417.42 L=4404.38 C=4407.68 | ATR=11.19 | trig 16/5o 15/7c | 0pos
2026-03-24 21:45:01 | ~ 14:40 | O=4407.58 H=4420.52 L=4406.48 C=4411.94 | ATR=11.19 | trig 16/5o 16/7c | 0pos
2026-03-24 21:50:01 | ~ 14:45 | O=4412.48 H=4420.54 L=4403.82 C=4403.82 | ATR=11.19 | trig 16/5o 16/7c | 0pos
2026-03-24 21:55:00 | ~ 14:50 | O=4404.86 H=4433.80 L=4401.34 C=4425.48 | ATR=11.19 | trig 16/5o 16/7c | 0pos
2026-03-24 22:00:00 | ~ 14:55 | O=4425.94 H=4428.88 L=4405.69 C=4415.34 | ATR=11.19 | trig 16/5o 16/7c | 0pos
2026-03-24 22:05:00 | ~ 15:00 | O=4415.34 H=4420.54 L=4404.22 C=4411.04 | ATR=11.19 | trig 16/5o 16/7c | 0pos
2026-03-24 22:10:01 | ~ 15:05 | O=4411.25 H=4414.13 L=4401.82 C=4402.92 | ATR=11.19 | trig 16/5o 16/7c | 0pos
2026-03-24 22:15:01 | ~ 15:10 | O=4402.98 H=4412.57 L=4396.34 C=4411.58 | ATR=11.19 | trig 16/5o 16/7c | 0pos
2026-03-24 22:20:01 | ~ 15:15 | O=4411.36 H=4415.04 L=4405.94 C=4409.17 | ATR=11.19 | trig 16/5o 16/7c | 0pos
2026-03-24 22:25:01 | ~ 15:20 | O=4408.86 H=4415.07 L=4403.34 C=4414.53 | ATR=11.19 | trig 16/5o 16/7c | 0pos
2026-03-24 23:33:31 | ~ 15:25 | O=4414.49 H=4420.45 L=4412.53 C=4413.02 | ATR=11.19 | trig 16/5o 16/7c | 0pos
2026-03-24 23:33:32 | ~ 15:30 | O=4412.86 H=4418.83 L=4410.05 C=4414.18 | ATR=11.19 | trig 16/5o 16/7c | 0pos
2026-03-25 01:34:31 | ~ 16:30 | O=4421.16 H=4424.20 L=4416.74 C=4417.28 | ATR=11.19 | trig 16/5o 16/7c | 0pos
2026-03-25 06:45:16 | ~ 23:40 | O=4546.12 H=4546.33 L=4531.88 C=4539.89 | ATR=11.19 | trig 16/5o 16/7c | 0pos
2026-03-25 06:45:21 | Arret.
2026-03-25 06:45:21 | Capital final: $952.83
2026-03-25 06:45:25 | RESET — $1,000.00
2026-03-25 06:45:27 | Demarrage — 12 strats: PO3_SWEEP,LON_PREV,TOK_2BAR,LON_KZ,ALL_KC_BRK,ALL_3SOLDIERS,ALL_FVG_BULL,LON_BIGGAP,ALL_MACD_RSI,TOK_BIG,TOK_PREVEXT,LON_TOKEND
2026-03-25 06:45:27 | Capital: $1,000.00 | Trades: 0 | Positions: 0
2026-03-25 06:45:27 | Calage: 2026-03-24 23:40:00+00:00 (on ne triggera qu'a partir de la prochaine bougie)
2026-03-25 06:45:27 | Cache journalier 2026-03-24...
2026-03-25 06:45:28 |   ATR=11.19 spread_rt=0.201
2026-03-25 06:45:28 | Reset triggered pour 2026-03-24
2026-03-25 06:50:01 | ~ 23:45 | O=4539.60 H=4549.64 L=4532.28 C=4549.40 | ATR=11.19 | trig 1/5o 0/7c | 0pos
2026-03-25 06:50:01 | RISK ALL_FVG_BULL 3.4% > cible 1.0% (min lot)
2026-03-25 06:50:01 | >>> TRADE ALL_FVG_BULL LONG <<<
2026-03-25 06:50:01 |     Entry=4549.48 (bid=4549.43 ask=4549.48 spread=0.050)
2026-03-25 06:50:01 |     SL=4515.90 (33.6$ / 3.0x ATR) | ACT=1.00 TRAIL=0.75 | TRAIL
2026-03-25 06:50:01 |     Size=1.0000oz (0.010lots) | Risk=$10.00 (1.0%) | Cap=$1,000.00
2026-03-25 06:55:01 | ~ 23:50 | O=4549.97 H=4551.57 L=4536.61 C=4543.97 | ATR=11.19 | trig 1/5o 1/7c | 1pos | unr=$-5.50
2026-03-25 07:00:00 | ~ 23:55 | O=4543.97 H=4550.87 L=4542.77 C=4546.11 | ATR=11.19 | trig 2/5o 1/7c | 1pos | unr=$-3.44
2026-03-25 07:05:01 | Cache journalier 2026-03-25...
2026-03-25 07:05:02 |   ATR=13.80 spread_rt=0.201
2026-03-25 07:05:02 | Reset triggered pour 2026-03-25
2026-03-25 07:05:02 | RISK TOK_PREVEXT 2.1% > cible 1.0% (min lot)
2026-03-25 07:05:02 | >>> TRADE TOK_PREVEXT LONG <<<
2026-03-25 07:05:02 |     Entry=4553.89 (bid=4553.82 ask=4553.89 spread=0.070)
2026-03-25 07:05:02 |     SL=4533.19 (20.7$ / 1.5x ATR) | ACT=0.75 TRAIL=1.00 | TRAIL
2026-03-25 07:05:02 |     Size=1.0000oz (0.010lots) | Risk=$10.00 (1.0%) | Cap=$1,000.00
2026-03-25 07:05:02 | ~ 00:00 | O=4546.86 H=4553.93 L=4537.34 C=4553.28 | ATR=13.80 | trig 2/5o 0/7c | 2pos | unr=$+4.27
2026-03-25 07:10:01 | ~ 00:05 | O=4553.52 H=4554.78 L=4541.56 C=4548.66 | ATR=13.80 | trig 2/5o 2/7c | 2pos | unr=$-5.79
2026-03-25 07:15:00 | ~ 00:10 | O=4548.94 H=4555.00 L=4548.32 C=4550.46 | ATR=13.80 | trig 2/5o 2/7c | 2pos | unr=$-2.45
2026-03-25 07:20:01 | ~ 00:15 | O=4550.41 H=4551.62 L=4538.11 C=4546.36 | ATR=13.80 | trig 2/5o 2/7c | 2pos | unr=$-10.65
2026-03-25 07:25:01 | ~ 00:20 | O=4546.01 H=4547.94 L=4540.67 C=4542.74 | ATR=13.80 | trig 2/5o 2/7c | 2pos | unr=$-17.89
2026-03-25 07:30:01 | ~ 00:25 | O=4542.76 H=4556.98 L=4542.00 C=4553.93 | ATR=13.80 | trig 2/5o 2/7c | 2pos | unr=$+4.51
2026-03-25 07:35:01 | ~ 00:30 | O=4553.87 H=4561.28 L=4546.25 C=4560.02 | ATR=13.80 | trig 2/5o 2/7c | 2pos | unr=$+15.85
2026-03-25 07:40:01 | ~ 00:35 | O=4560.11 H=4567.38 L=4559.42 C=4566.51 | ATR=13.80 | trig 4/5o 2/7c | 2pos | unr=$+28.75
2026-03-25 07:40:01 | RISK ALL_FVG_BULL 4.1% > cible 1.0% (min lot)
2026-03-25 07:40:01 | >>> TRADE ALL_FVG_BULL LONG <<<
2026-03-25 07:40:01 |     Entry=4566.16 (bid=4566.06 ask=4566.16 spread=0.100)
2026-03-25 07:40:01 |     SL=4524.77 (41.4$ / 3.0x ATR) | ACT=1.00 TRAIL=0.75 | TRAIL
2026-03-25 07:40:01 |     Size=1.0000oz (0.010lots) | Risk=$10.00 (1.0%) | Cap=$1,000.00
2026-03-25 07:40:01 | RISK ALL_3SOLDIERS 4.1% > cible 1.0% (min lot)
2026-03-25 07:40:01 | >>> TRADE ALL_3SOLDIERS LONG <<<
2026-03-25 07:40:01 |     Entry=4566.16 (bid=4566.06 ask=4566.16 spread=0.100)
2026-03-25 07:40:01 |     SL=4524.77 (41.4$ / 3.0x ATR) | TP=4593.76 (27.6$, RR=0.7) | TPSL
2026-03-25 07:40:01 |     Size=1.0000oz (0.010lots) | Risk=$10.00 (1.0%) | Cap=$1,000.00
2026-03-25 07:45:01 | ~ 00:40 | O=4566.42 H=4570.17 L=4564.76 C=4567.85 | ATR=13.80 | trig 4/5o 4/7c | 4pos | unr=$+35.71
2026-03-25 07:50:00 | ~ 00:45 | O=4567.84 H=4572.05 L=4563.78 C=4564.30 | ATR=13.80 | trig 4/5o 4/7c | 4pos | unr=$+21.51
2026-03-25 07:55:01 | ~ 00:50 | O=4565.74 H=4570.00 L=4562.09 C=4569.46 | ATR=13.80 | trig 4/5o 4/7c | 4pos | unr=$+42.15
2026-03-25 08:00:01 | ~ 00:55 | O=4569.34 H=4569.34 L=4562.25 C=4563.28 | ATR=13.80 | trig 4/5o 4/7c | 4pos | unr=$+18.43
2026-03-25 08:00:07 | STOP_RT ALL_FVG_BULL long | 4549.48->4559.30 | $+9.82 | Cap=$1,009.82
2026-03-25 08:02:26 | STOP_RT TOK_PREVEXT long | 4553.89->4554.71 | $+0.82 | Cap=$1,010.64
2026-03-25 08:05:01 | ~ 01:00 | O=4563.78 H=4570.48 L=4552.58 C=4564.37 | ATR=13.80 | trig 4/5o 4/7c | 2pos | unr=$-3.70
2026-03-25 08:10:01 | ~ 01:05 | O=4563.79 H=4576.36 L=4563.48 C=4576.26 | ATR=13.80 | trig 4/5o 4/7c | 2pos | unr=$+20.14
2026-03-25 08:15:00 | ~ 01:10 | O=4576.22 H=4578.65 L=4569.90 C=4570.62 | ATR=13.80 | trig 4/5o 4/7c | 2pos | unr=$+8.32
2026-03-25 08:20:02 | ~ 01:15 | O=4570.66 H=4575.71 L=4568.24 C=4575.53 | ATR=13.80 | trig 4/5o 4/7c | 2pos | unr=$+18.80
2026-03-25 08:25:01 | ~ 01:20 | O=4575.61 H=4578.61 L=4571.93 C=4575.10 | ATR=13.80 | trig 4/5o 4/7c | 2pos | unr=$+17.88
2026-03-25 08:30:01 | ~ 01:25 | O=4574.54 H=4578.28 L=4573.02 C=4575.76 | ATR=13.80 | trig 4/5o 4/7c | 2pos | unr=$+19.02
2026-03-25 08:35:00 | ~ 01:30 | O=4575.59 H=4585.41 L=4574.30 C=4584.86 | ATR=13.80 | trig 4/5o 4/7c | 2pos | unr=$+37.34
2026-03-25 08:40:01 | ~ 01:35 | O=4584.73 H=4590.09 L=4584.03 C=4588.45 | ATR=13.80 | trig 4/5o 4/7c | 2pos | unr=$+44.58
2026-03-25 08:45:01 | ~ 01:40 | O=4588.49 H=4591.22 L=4584.18 C=4585.56 | ATR=13.80 | trig 4/5o 4/7c | 2pos | unr=$+38.80
2026-03-25 08:47:57 | TP_RT ALL_3SOLDIERS long | 4566.16->4593.83 | $+27.67 | Cap=$1,038.31
2026-03-25 08:50:01 | ~ 01:45 | O=4584.82 H=4597.10 L=4583.76 C=4596.40 | ATR=13.80 | trig 5/5o 4/7c | 1pos | unr=$+30.24
2026-03-25 08:50:01 | RISK ALL_MACD_RSI 2.0% > cible 1.0% (min lot)
2026-03-25 08:50:01 | >>> TRADE ALL_MACD_RSI LONG <<<
2026-03-25 08:50:01 |     Entry=4596.45 (bid=4596.40 ask=4596.45 spread=0.050)
2026-03-25 08:50:01 |     SL=4575.75 (20.7$ / 1.5x ATR) | ACT=0.50 TRAIL=0.50 | TRAIL
2026-03-25 08:50:01 |     Size=1.0000oz (0.010lots) | Risk=$10.38 (1.0%) | Cap=$1,038.31
2026-03-25 08:55:01 | ~ 01:50 | O=4596.28 H=4601.06 L=4593.89 C=4598.79 | ATR=13.80 | trig 5/5o 5/7c | 2pos | unr=$+34.75
2026-03-25 09:00:00 | ~ 01:55 | O=4598.35 H=4600.59 L=4594.44 C=4594.89 | ATR=13.80 | trig 5/5o 5/7c | 2pos | unr=$+27.23
2026-03-25 09:00:51 | STOP_RT ALL_FVG_BULL long | 4566.16->4587.97 | $+21.81 | Cap=$1,060.12
2026-03-25 09:05:00 | ~ 02:00 | O=4595.01 H=4596.28 L=4585.90 C=4590.32 | ATR=13.80 | trig 5/5o 5/7c | 1pos | unr=$-6.51
2026-03-25 09:10:00 | ~ 02:05 | O=4589.16 H=4592.95 L=4581.84 C=4582.09 | ATR=13.80 | trig 5/5o 5/7c | 1pos | unr=$-14.30
2026-03-25 09:15:01 | ~ 02:10 | O=4581.82 H=4587.98 L=4580.11 C=4586.65 | ATR=13.80 | trig 5/5o 5/7c | 1pos | unr=$-10.13
2026-03-25 09:20:00 | ~ 02:15 | O=4585.61 H=4588.37 L=4584.73 C=4587.53 | ATR=13.80 | trig 5/5o 5/7c | 1pos | unr=$-8.91
2026-03-25 09:25:01 | ~ 02:20 | O=4587.44 H=4591.84 L=4585.20 C=4587.06 | ATR=13.80 | trig 5/5o 5/7c | 1pos | unr=$-9.39
2026-03-25 09:30:01 | ~ 02:25 | O=4586.72 H=4592.66 L=4585.48 C=4587.24 | ATR=13.80 | trig 5/5o 5/7c | 1pos | unr=$-9.20
2026-03-25 09:35:01 | ~ 02:30 | O=4587.40 H=4588.26 L=4581.46 C=4586.93 | ATR=13.80 | trig 5/5o 5/7c | 1pos | unr=$-9.52
2026-03-25 09:40:00 | ~ 02:35 | O=4587.15 H=4597.12 L=4586.04 C=4592.19 | ATR=13.80 | trig 5/5o 5/7c | 1pos | unr=$-4.27
2026-03-25 09:45:00 | ~ 02:40 | O=4592.32 H=4597.32 L=4590.94 C=4593.74 | ATR=13.80 | trig 5/5o 5/7c | 1pos | unr=$-2.69
2026-03-25 09:50:01 | ~ 02:45 | O=4593.56 H=4602.50 L=4589.76 C=4590.98 | ATR=13.80 | trig 5/5o 5/7c | 1pos | unr=$-5.73
2026-03-25 09:55:00 | ~ 02:50 | O=4590.44 H=4592.97 L=4584.23 C=4585.03 | ATR=13.80 | trig 5/5o 5/7c | 1pos | unr=$-10.54
2026-03-25 10:00:01 | ~ 02:55 | O=4586.52 H=4587.05 L=4581.64 C=4583.62 | ATR=13.80 | trig 5/5o 5/7c | 1pos | unr=$-12.83
2026-03-25 10:03:58 | STOP_RT ALL_MACD_RSI long | 4596.45->4574.46 | $-21.99 | Cap=$1,038.13
2026-03-25 10:05:00 | ~ 03:00 | O=4583.74 H=4586.27 L=4573.66 C=4576.28 | ATR=13.80 | trig 5/5o 5/7c | 0pos
2026-03-25 10:10:01 | ~ 03:05 | O=4575.78 H=4582.66 L=4574.38 C=4575.43 | ATR=13.80 | trig 5/5o 5/7c | 0pos
2026-03-25 10:15:01 | ~ 03:10 | O=4575.53 H=4580.54 L=4573.50 C=4577.11 | ATR=13.80 | trig 5/5o 5/7c | 0pos
2026-03-25 10:20:00 | ~ 03:15 | O=4576.66 H=4578.63 L=4571.98 C=4576.28 | ATR=13.80 | trig 5/5o 5/7c | 0pos
2026-03-25 10:23:54 | Arret.
2026-03-25 10:23:54 | Capital final: $1,038.13
2026-03-25 10:23:56 | Demarrage — 12 strats: PO3_SWEEP,LON_PREV,TOK_2BAR,LON_KZ,ALL_KC_BRK,ALL_3SOLDIERS,ALL_FVG_BULL,LON_BIGGAP,ALL_MACD_RSI,TOK_BIG,TOK_PREVEXT,LON_TOKEND
2026-03-25 10:23:56 | Capital: $1,038.13 | Trades: 5 | Positions: 0
2026-03-25 10:23:56 | Calage: 2026-03-25 03:15:00+00:00 (on ne triggera qu'a partir de la prochaine bougie)
2026-03-25 10:25:00 | ~ 03:20 | O=4576.23 H=4577.51 L=4572.94 C=4577.20 | ATR=13.80 | trig 5/5o 5/7c | 0pos
2026-03-25 10:30:01 | ~ 03:25 | O=4577.21 H=4579.51 L=4575.08 C=4575.28 | ATR=13.80 | trig 5/5o 5/7c | 0pos
2026-03-25 10:35:00 | ~ 03:30 | O=4575.38 H=4576.70 L=4571.06 C=4573.65 | ATR=13.80 | trig 5/5o 5/7c | 0pos
2026-03-25 10:40:01 | ~ 03:35 | O=4573.50 H=4577.84 L=4571.81 C=4573.87 | ATR=13.80 | trig 5/5o 5/7c | 0pos
2026-03-25 10:45:01 | ~ 03:40 | O=4573.84 H=4573.90 L=4569.77 C=4569.96 | ATR=13.80 | trig 5/5o 5/7c | 0pos
2026-03-25 10:50:00 | ~ 03:45 | O=4569.93 H=4573.68 L=4568.22 C=4569.62 | ATR=13.80 | trig 5/5o 5/7c | 0pos
2026-03-25 10:55:01 | ~ 03:50 | O=4569.41 H=4574.16 L=4567.72 C=4573.14 | ATR=13.80 | trig 5/5o 5/7c | 0pos
2026-03-25 11:00:01 | ~ 03:55 | O=4573.15 H=4573.64 L=4567.85 C=4570.41 | ATR=13.80 | trig 5/5o 5/7c | 0pos
2026-03-25 11:05:00 | ~ 04:00 | O=4570.12 H=4574.17 L=4565.84 C=4573.81 | ATR=13.80 | trig 5/5o 5/7c | 0pos
2026-03-25 11:10:00 | ~ 04:05 | O=4573.44 H=4574.24 L=4568.50 C=4571.55 | ATR=13.80 | trig 5/5o 5/7c | 0pos
2026-03-25 11:15:01 | ~ 04:10 | O=4571.51 H=4574.23 L=4569.58 C=4573.82 | ATR=13.80 | trig 5/5o 5/7c | 0pos
2026-03-25 11:20:01 | ~ 04:15 | O=4574.20 H=4574.48 L=4573.03 C=4574.02 | ATR=13.80 | trig 5/5o 5/7c | 0pos
2026-03-25 11:25:00 | ~ 04:20 | O=4574.03 H=4574.56 L=4571.06 C=4572.59 | ATR=13.80 | trig 5/5o 5/7c | 0pos
2026-03-25 11:30:02 | ~ 04:25 | O=4572.60 H=4574.36 L=4572.35 C=4574.25 | ATR=13.80 | trig 5/5o 5/7c | 0pos
2026-03-25 11:35:00 | ~ 04:30 | O=4574.19 H=4574.46 L=4571.19 C=4571.33 | ATR=13.80 | trig 5/5o 5/7c | 0pos
2026-03-25 11:40:00 | ~ 04:35 | O=4571.43 H=4574.36 L=4566.25 C=4571.98 | ATR=13.80 | trig 5/5o 5/7c | 0pos
2026-03-25 11:45:00 | ~ 04:40 | O=4571.98 H=4573.30 L=4569.41 C=4569.50 | ATR=13.80 | trig 5/5o 5/7c | 0pos
2026-03-25 11:50:01 | ~ 04:45 | O=4569.58 H=4571.13 L=4568.14 C=4570.43 | ATR=13.80 | trig 5/5o 5/7c | 0pos
2026-03-25 11:55:00 | ~ 04:50 | O=4570.32 H=4571.94 L=4569.42 C=4570.15 | ATR=13.80 | trig 5/5o 5/7c | 0pos
2026-03-25 12:00:01 | ~ 04:55 | O=4570.27 H=4573.92 L=4570.27 C=4572.55 | ATR=13.80 | trig 5/5o 5/7c | 0pos
2026-03-25 12:05:00 | ~ 05:00 | O=4572.94 H=4573.08 L=4567.66 C=4569.24 | ATR=13.80 | trig 5/5o 5/7c | 0pos
2026-03-25 12:10:01 | ~ 05:05 | O=4569.34 H=4573.42 L=4566.82 C=4572.23 | ATR=13.80 | trig 5/5o 5/7c | 0pos
2026-03-25 12:15:01 | ~ 05:10 | O=4571.88 H=4572.18 L=4568.38 C=4571.61 | ATR=13.80 | trig 5/5o 5/7c | 0pos
2026-03-25 12:20:00 | ~ 05:15 | O=4571.61 H=4571.79 L=4564.04 C=4564.69 | ATR=13.80 | trig 5/5o 5/7c | 0pos
2026-03-25 12:25:02 | ~ 05:20 | O=4564.61 H=4565.37 L=4560.78 C=4562.11 | ATR=13.80 | trig 5/5o 5/7c | 0pos
2026-03-25 12:25:02 | RISK ALL_KC_BRK 4.0% > cible 1.0% (min lot)
2026-03-25 12:25:02 | >>> TRADE ALL_KC_BRK SHORT <<<
2026-03-25 12:25:02 |     Entry=4562.09 (bid=4562.09 ask=4562.14 spread=0.050)
2026-03-25 12:25:02 |     SL=4603.48 (41.4$ / 3.0x ATR) | ACT=1.00 TRAIL=0.75 | TRAIL
2026-03-25 12:25:02 |     Size=1.0000oz (0.010lots) | Risk=$10.38 (1.0%) | Cap=$1,038.13
2026-03-25 12:30:01 | ~ 05:25 | O=4563.11 H=4563.11 L=4554.18 C=4555.34 | ATR=13.80 | trig 6/5o 6/7c | 1pos | unr=$+6.64
2026-03-25 12:35:02 | ~ 05:30 | O=4554.64 H=4558.96 L=4549.58 C=4553.96 | ATR=13.80 | trig 6/5o 6/7c | 1pos | unr=$+8.10
2026-03-25 12:40:00 | ~ 05:35 | O=4553.16 H=4559.96 L=4551.63 C=4558.38 | ATR=13.80 | trig 6/5o 6/7c | 1pos | unr=$+3.74
2026-03-25 12:45:02 | ~ 05:40 | O=4559.04 H=4566.87 L=4557.21 C=4566.80 | ATR=13.80 | trig 7/5o 7/7c | 1pos | unr=$-4.76
2026-03-25 12:50:01 | ~ 05:45 | O=4566.60 H=4566.87 L=4559.71 C=4560.09 | ATR=13.80 | trig 7/5o 7/7c | 1pos | unr=$+2.16
2026-03-25 12:55:01 | ~ 05:50 | O=4559.36 H=4564.65 L=4555.64 C=4559.17 | ATR=13.80 | trig 7/5o 7/7c | 1pos | unr=$+2.87
2026-03-25 13:00:01 | ~ 05:55 | O=4559.09 H=4559.09 L=4553.80 C=4555.64 | ATR=13.80 | trig 7/5o 7/7c | 1pos | unr=$+6.36
2026-03-25 13:05:01 | ~ 06:00 | O=4555.77 H=4556.97 L=4546.50 C=4550.44 | ATR=13.80 | trig 7/5o 7/7c | 1pos | unr=$+11.60
2026-03-25 13:10:00 | ~ 06:05 | O=4550.27 H=4551.76 L=4539.24 C=4541.16 | ATR=13.80 | trig 7/5o 7/7c | 1pos | unr=$+21.74
2026-03-25 13:15:00 | ~ 06:10 | O=4540.80 H=4546.92 L=4533.18 C=4534.44 | ATR=13.80 | trig 7/5o 7/7c | 1pos | unr=$+27.33
2026-03-25 13:17:25 | STOP_RT ALL_KC_BRK short | 4562.09->4544.99 | $+17.10 | Cap=$1,055.23
2026-03-25 13:20:01 | ~ 06:15 | O=4534.59 H=4550.16 L=4534.59 C=4548.97 | ATR=13.80 | trig 7/5o 7/7c | 0pos
2026-03-25 13:25:01 | ~ 06:20 | O=4549.30 H=4552.76 L=4547.64 C=4550.95 | ATR=13.80 | trig 7/5o 7/7c | 0pos
2026-03-25 13:30:00 | ~ 06:25 | O=4551.67 H=4552.40 L=4548.13 C=4550.31 | ATR=13.80 | trig 7/5o 7/7c | 0pos
2026-03-25 13:35:00 | ~ 06:30 | O=4550.64 H=4556.80 L=4550.27 C=4553.75 | ATR=13.80 | trig 7/5o 7/7c | 0pos
2026-03-25 13:40:01 | ~ 06:35 | O=4553.62 H=4553.74 L=4546.65 C=4546.65 | ATR=13.80 | trig 7/5o 7/7c | 0pos
2026-03-25 13:45:01 | ~ 06:40 | O=4546.59 H=4548.96 L=4544.33 C=4546.81 | ATR=13.80 | trig 7/5o 7/7c | 0pos
2026-03-25 13:50:02 | ~ 06:45 | O=4546.82 H=4550.75 L=4543.87 C=4547.61 | ATR=13.80 | trig 7/5o 7/7c | 0pos
2026-03-25 13:55:00 | ~ 06:50 | O=4547.86 H=4550.08 L=4546.37 C=4548.64 | ATR=13.80 | trig 7/5o 7/7c | 0pos
2026-03-25 14:00:01 | ~ 06:55 | O=4548.24 H=4549.57 L=4543.32 C=4545.63 | ATR=13.80 | trig 7/5o 7/7c | 0pos
2026-03-25 14:05:01 | ~ 07:00 | O=4544.90 H=4550.40 L=4544.82 C=4548.77 | ATR=13.80 | trig 7/5o 7/7c | 0pos
2026-03-25 14:10:02 | ~ 07:05 | O=4548.81 H=4552.35 L=4548.09 C=4550.89 | ATR=13.80 | trig 7/5o 7/7c | 0pos
2026-03-25 14:15:01 | ~ 07:10 | O=4551.09 H=4559.00 L=4549.75 C=4556.80 | ATR=13.80 | trig 7/5o 7/7c | 0pos
2026-03-25 14:20:02 | ~ 07:15 | O=4556.92 H=4562.56 L=4556.64 C=4562.28 | ATR=13.80 | trig 7/5o 7/7c | 0pos
2026-03-25 14:25:01 | ~ 07:20 | O=4562.24 H=4563.31 L=4555.94 C=4556.76 | ATR=13.80 | trig 7/5o 7/7c | 0pos
2026-03-25 14:30:01 | ~ 07:25 | O=4557.05 H=4562.72 L=4556.48 C=4560.82 | ATR=13.80 | trig 7/5o 7/7c | 0pos
2026-03-25 14:35:01 | ~ 07:30 | O=4561.06 H=4561.06 L=4553.80 C=4555.27 | ATR=13.80 | trig 7/5o 7/7c | 0pos
2026-03-25 14:40:01 | ~ 07:35 | O=4555.15 H=4555.15 L=4542.80 C=4546.35 | ATR=13.80 | trig 7/5o 7/7c | 0pos
2026-03-25 14:45:01 | ~ 07:40 | O=4546.90 H=4552.48 L=4545.73 C=4546.83 | ATR=13.80 | trig 7/5o 7/7c | 0pos
2026-03-25 14:50:01 | ~ 07:45 | O=4546.99 H=4550.11 L=4539.70 C=4544.80 | ATR=13.80 | trig 7/5o 7/7c | 0pos
2026-03-25 14:55:02 | ~ 07:50 | O=4544.68 H=4546.32 L=4542.52 C=4544.65 | ATR=13.80 | trig 7/5o 7/7c | 0pos
2026-03-25 15:00:00 | RISK LON_PREV 2.6% > cible 1.0% (min lot)
2026-03-25 15:00:00 | >>> TRADE LON_PREV LONG <<<
2026-03-25 15:00:00 |     Entry=4539.30 (bid=4539.21 ask=4539.30 spread=0.090)
2026-03-25 15:00:00 |     SL=4511.70 (27.6$ / 2.0x ATR) | ACT=0.75 TRAIL=0.75 | TRAIL
2026-03-25 15:00:00 |     Size=1.0000oz (0.010lots) | Risk=$10.55 (1.0%) | Cap=$1,055.23
2026-03-25 15:00:01 | ~ 07:55 | O=4544.70 H=4545.13 L=4537.14 C=4539.21 | ATR=13.80 | trig 9/5o 7/7c | 1pos | unr=$+0.15
2026-03-25 15:05:02 | ~ 08:00 | O=4539.67 H=4549.70 L=4535.94 C=4545.53 | ATR=13.80 | trig 9/5o 7/7c | 1pos | unr=$+6.39
2026-03-25 15:05:02 | RISK PO3_SWEEP 3.9% > cible 1.0% (min lot)
2026-03-25 15:05:02 | >>> TRADE PO3_SWEEP LONG <<<
2026-03-25 15:05:02 |     Entry=4545.79 (bid=4545.69 ask=4545.79 spread=0.100)
2026-03-25 15:05:02 |     SL=4504.40 (41.4$ / 3.0x ATR) | ACT=0.75 TRAIL=0.75 | TRAIL
2026-03-25 15:05:02 |     Size=1.0000oz (0.010lots) | Risk=$10.55 (1.0%) | Cap=$1,055.23
2026-03-25 15:10:00 | ~ 08:05 | O=4545.68 H=4554.98 L=4543.96 C=4551.79 | ATR=13.80 | trig 10/5o 11/7c | 2pos | unr=$+18.49
2026-03-25 15:15:01 | ~ 08:10 | O=4551.78 H=4559.22 L=4550.42 C=4558.51 | ATR=13.80 | trig 10/5o 11/7c | 2pos | unr=$+31.93
2026-03-25 15:20:01 | ~ 08:15 | O=4558.53 H=4564.59 L=4557.24 C=4563.36 | ATR=13.80 | trig 12/5o 13/7c | 2pos | unr=$+41.63
2026-03-25 15:25:00 | ~ 08:20 | O=4563.36 H=4567.70 L=4562.12 C=4562.57 | ATR=13.80 | trig 12/5o 13/7c | 2pos | unr=$+40.05
2026-03-25 15:30:01 | ~ 08:25 | O=4562.62 H=4567.27 L=4561.34 C=4565.59 | ATR=13.80 | trig 12/5o 13/7c | 2pos | unr=$+46.09
2026-03-25 15:35:01 | ~ 08:30 | O=4565.60 H=4567.29 L=4563.20 C=4566.32 | ATR=13.80 | trig 12/5o 13/7c | 2pos | unr=$+47.55
2026-03-25 15:36:36 | STOP_RT LON_PREV long | 4539.30->4554.92 | $+15.62 | Cap=$1,070.85
2026-03-25 15:36:36 | STOP_RT PO3_SWEEP long | 4545.79->4554.92 | $+9.13 | Cap=$1,079.98
2026-03-25 15:40:02 | ~ 08:35 | O=4566.32 H=4566.33 L=4553.28 C=4563.53 | ATR=13.80 | trig 12/5o 13/7c | 0pos
2026-03-25 15:45:00 | ~ 08:40 | O=4563.53 H=4567.53 L=4562.68 C=4565.32 | ATR=13.80 | trig 12/5o 13/7c | 0pos
2026-03-25 15:50:02 | ~ 08:45 | O=4565.36 H=4567.10 L=4562.12 C=4565.02 | ATR=13.80 | trig 12/5o 13/7c | 0pos
2026-03-25 15:55:01 | ~ 08:50 | O=4564.95 H=4567.05 L=4558.85 C=4559.16 | ATR=13.80 | trig 12/5o 13/7c | 0pos
2026-03-25 16:00:01 | ~ 08:55 | O=4559.30 H=4561.45 L=4555.17 C=4556.18 | ATR=13.80 | trig 12/5o 13/7c | 0pos
2026-03-25 16:05:00 | ~ 09:00 | O=4556.15 H=4565.26 L=4554.35 C=4563.12 | ATR=13.80 | trig 12/5o 13/7c | 0pos
2026-03-25 16:10:01 | ~ 09:05 | O=4563.13 H=4567.52 L=4560.69 C=4562.55 | ATR=13.80 | trig 12/5o 13/7c | 0pos
2026-03-25 16:15:01 | ~ 09:10 | O=4562.55 H=4566.15 L=4559.06 C=4562.24 | ATR=13.80 | trig 12/5o 13/7c | 0pos
2026-03-25 16:20:01 | ~ 09:15 | O=4562.03 H=4565.52 L=4561.67 C=4563.69 | ATR=13.80 | trig 12/5o 13/7c | 0pos
2026-03-25 16:36:20 | Arret.
2026-03-25 16:36:20 | Capital final: $1,079.98
